[1.041s] Invoking command in '/home/wilsonlo/dev_ws/src/twist_stamper': DEBUGINFOD_URLS=https://debuginfod.ubuntu.com PYTHONPATH=/home/wilsonlo/dev_ws/build/twist_stamper/prefix_override:/usr/lib/python3/dist-packages/colcon_core/task/python/colcon_distutils_commands:/home/wilsonlo/dev_ws/install/twist_stamper/lib/python3.12/site-packages:${PYTHONPATH} /usr/bin/python3 -W ignore:setup.py install is deprecated -W ignore:easy_install command is deprecated setup.py egg_info --egg-base ../../build/twist_stamper build --build-base /home/wilsonlo/dev_ws/build/twist_stamper/build install --record /home/wilsonlo/dev_ws/build/twist_stamper/install.log --single-version-externally-managed install_data
[1.336s] running egg_info
[1.336s] creating ../../build/twist_stamper/twist_stamper.egg-info
[1.359s] writing ../../build/twist_stamper/twist_stamper.egg-info/PKG-INFO
[1.359s] writing dependency_links to ../../build/twist_stamper/twist_stamper.egg-info/dependency_links.txt
[1.359s] writing entry points to ../../build/twist_stamper/twist_stamper.egg-info/entry_points.txt
[1.360s] writing requirements to ../../build/twist_stamper/twist_stamper.egg-info/requires.txt
[1.360s] writing top-level names to ../../build/twist_stamper/twist_stamper.egg-info/top_level.txt
[1.360s] writing manifest file '../../build/twist_stamper/twist_stamper.egg-info/SOURCES.txt'
[1.406s] reading manifest file '../../build/twist_stamper/twist_stamper.egg-info/SOURCES.txt'
[1.407s] adding license file 'LICENSE'
[1.407s] writing manifest file '../../build/twist_stamper/twist_stamper.egg-info/SOURCES.txt'
[1.407s] running build
[1.407s] running build_py
[1.407s] creating /home/wilsonlo/dev_ws/build/twist_stamper/build
[1.408s] creating /home/wilsonlo/dev_ws/build/twist_stamper/build/lib
[1.408s] creating /home/wilsonlo/dev_ws/build/twist_stamper/build/lib/twist_stamper
[1.408s] copying twist_stamper/twist_unstamper.py -> /home/wilsonlo/dev_ws/build/twist_stamper/build/lib/twist_stamper
[1.408s] copying twist_stamper/__init__.py -> /home/wilsonlo/dev_ws/build/twist_stamper/build/lib/twist_stamper
[1.408s] copying twist_stamper/twist_stamper.py -> /home/wilsonlo/dev_ws/build/twist_stamper/build/lib/twist_stamper
[1.408s] running install
[1.414s] running install_lib
[1.438s] creating /home/wilsonlo/dev_ws/install/twist_stamper/lib/python3.12/site-packages/twist_stamper
[1.438s] copying /home/wilsonlo/dev_ws/build/twist_stamper/build/lib/twist_stamper/twist_unstamper.py -> /home/wilsonlo/dev_ws/install/twist_stamper/lib/python3.12/site-packages/twist_stamper
[1.438s] copying /home/wilsonlo/dev_ws/build/twist_stamper/build/lib/twist_stamper/__init__.py -> /home/wilsonlo/dev_ws/install/twist_stamper/lib/python3.12/site-packages/twist_stamper
[1.439s] copying /home/wilsonlo/dev_ws/build/twist_stamper/build/lib/twist_stamper/twist_stamper.py -> /home/wilsonlo/dev_ws/install/twist_stamper/lib/python3.12/site-packages/twist_stamper
[1.439s] byte-compiling /home/wilsonlo/dev_ws/install/twist_stamper/lib/python3.12/site-packages/twist_stamper/twist_unstamper.py to twist_unstamper.cpython-312.pyc
[1.439s] byte-compiling /home/wilsonlo/dev_ws/install/twist_stamper/lib/python3.12/site-packages/twist_stamper/__init__.py to __init__.cpython-312.pyc
[1.440s] byte-compiling /home/wilsonlo/dev_ws/install/twist_stamper/lib/python3.12/site-packages/twist_stamper/twist_stamper.py to twist_stamper.cpython-312.pyc
[1.440s] running install_data
[1.440s] creating /home/wilsonlo/dev_ws/install/twist_stamper/share/ament_index
[1.440s] creating /home/wilsonlo/dev_ws/install/twist_stamper/share/ament_index/resource_index
[1.441s] creating /home/wilsonlo/dev_ws/install/twist_stamper/share/ament_index/resource_index/packages
[1.441s] copying resource/twist_stamper -> /home/wilsonlo/dev_ws/install/twist_stamper/share/ament_index/resource_index/packages
[1.441s] copying package.xml -> /home/wilsonlo/dev_ws/install/twist_stamper/share/twist_stamper
[1.441s] running install_egg_info
[1.465s] Copying ../../build/twist_stamper/twist_stamper.egg-info to /home/wilsonlo/dev_ws/install/twist_stamper/lib/python3.12/site-packages/twist_stamper-0.0.5-py3.12.egg-info
[1.466s] running install_scripts
[1.616s] Installing twist_stamper script to /home/wilsonlo/dev_ws/install/twist_stamper/lib/twist_stamper
[1.616s] Installing twist_unstamper script to /home/wilsonlo/dev_ws/install/twist_stamper/lib/twist_stamper
[1.616s] writing list of installed files to '/home/wilsonlo/dev_ws/build/twist_stamper/install.log'
[1.647s] Invoked command in '/home/wilsonlo/dev_ws/src/twist_stamper' returned '0': DEBUGINFOD_URLS=https://debuginfod.ubuntu.com PYTHONPATH=/home/wilsonlo/dev_ws/build/twist_stamper/prefix_override:/usr/lib/python3/dist-packages/colcon_core/task/python/colcon_distutils_commands:/home/wilsonlo/dev_ws/install/twist_stamper/lib/python3.12/site-packages:${PYTHONPATH} /usr/bin/python3 -W ignore:setup.py install is deprecated -W ignore:easy_install command is deprecated setup.py egg_info --egg-base ../../build/twist_stamper build --build-base /home/wilsonlo/dev_ws/build/twist_stamper/build install --record /home/wilsonlo/dev_ws/build/twist_stamper/install.log --single-version-externally-managed install_data
