[0.010s] Invoking command in '/home/wilsonlo/dev_ws/build/articubot_one': CMAKE_PREFIX_PATH=${CMAKE_PREFIX_PATH}:/home/wilsonlo/dev_ws/install/serial_motor_demo:/opt/ros/jazzy DEBUGINFOD_URLS=https://debuginfod.ubuntu.com /usr/bin/cmake /home/wilsonlo/dev_ws/src/articubot_one -DCMAKE_INSTALL_PREFIX=/home/wilsonlo/dev_ws/install/articubot_one
[2.769s] -- The C compiler identification is GNU 13.3.0
[4.081s] -- The CXX compiler identification is GNU 13.3.0
[4.115s] -- Detecting C compiler ABI info
[4.425s] -- Detecting C compiler ABI info - done
[4.435s] -- Check for working C compiler: /usr/bin/cc - skipped
[4.435s] -- Detecting C compile features
[4.470s] -- Detecting C compile features - done
[4.481s] -- Detecting CXX compiler ABI info
[4.672s] -- Detecting CXX compiler ABI info - done
[4.681s] -- Check for working CXX compiler: /usr/bin/c++ - skipped
[4.682s] -- Detecting CXX compile features
[4.682s] -- Detecting CXX compile features - done
[4.809s] -- Found ament_cmake: 2.5.4 (/opt/ros/jazzy/share/ament_cmake/cmake)
[4.984s] -- Found Python3: /usr/bin/python3 (found version "3.12.3") found components: Interpreter 
[5.162s] -- Found ament_lint_auto: 0.17.2 (/opt/ros/jazzy/share/ament_lint_auto/cmake)
[5.296s] -- Added test 'copyright' to check source files copyright and LICENSE
[5.299s] -- Added test 'flake8' to check Python code syntax and style conventions
[5.299s] -- Configured 'flake8' exclude dirs and/or files: 
[5.300s] -- Added test 'lint_cmake' to check CMake code style
[5.301s] -- Added test 'pep257' to check Python code against some of the docstring style conventions in PEP 257
[5.303s] -- Added test 'xmllint' to check XML markup files
[5.304s] -- Configuring done (5.3s)
[5.307s] -- Generating done (0.0s)
[5.308s] -- Build files have been written to: /home/wilsonlo/dev_ws/build/articubot_one
[5.313s] Invoked command in '/home/wilsonlo/dev_ws/build/articubot_one' returned '0': CMAKE_PREFIX_PATH=${CMAKE_PREFIX_PATH}:/home/wilsonlo/dev_ws/install/serial_motor_demo:/opt/ros/jazzy DEBUGINFOD_URLS=https://debuginfod.ubuntu.com /usr/bin/cmake /home/wilsonlo/dev_ws/src/articubot_one -DCMAKE_INSTALL_PREFIX=/home/wilsonlo/dev_ws/install/articubot_one
[5.314s] Invoking command in '/home/wilsonlo/dev_ws/build/articubot_one': CMAKE_PREFIX_PATH=${CMAKE_PREFIX_PATH}:/home/wilsonlo/dev_ws/install/serial_motor_demo:/opt/ros/jazzy DEBUGINFOD_URLS=https://debuginfod.ubuntu.com /usr/bin/cmake --build /home/wilsonlo/dev_ws/build/articubot_one -- -j8 -l8
[5.347s] Invoked command in '/home/wilsonlo/dev_ws/build/articubot_one' returned '0': CMAKE_PREFIX_PATH=${CMAKE_PREFIX_PATH}:/home/wilsonlo/dev_ws/install/serial_motor_demo:/opt/ros/jazzy DEBUGINFOD_URLS=https://debuginfod.ubuntu.com /usr/bin/cmake --build /home/wilsonlo/dev_ws/build/articubot_one -- -j8 -l8
[5.356s] Invoking command in '/home/wilsonlo/dev_ws/build/articubot_one': CMAKE_PREFIX_PATH=${CMAKE_PREFIX_PATH}:/home/wilsonlo/dev_ws/install/serial_motor_demo:/opt/ros/jazzy DEBUGINFOD_URLS=https://debuginfod.ubuntu.com /usr/bin/cmake --install /home/wilsonlo/dev_ws/build/articubot_one
[5.363s] -- Install configuration: ""
[5.363s] -- Installing: /home/wilsonlo/dev_ws/install/articubot_one/share/articubot_one/config
[5.364s] -- Installing: /home/wilsonlo/dev_ws/install/articubot_one/share/articubot_one/config/nav2_params.yaml
[5.364s] -- Installing: /home/wilsonlo/dev_ws/install/articubot_one/share/articubot_one/config/joystick.yaml
[5.364s] -- Installing: /home/wilsonlo/dev_ws/install/articubot_one/share/articubot_one/config/ball_tracker_params_robot.yaml
[5.364s] -- Installing: /home/wilsonlo/dev_ws/install/articubot_one/share/articubot_one/config/gaz_ros2_ctl_use_sim.yaml
[5.364s] -- Installing: /home/wilsonlo/dev_ws/install/articubot_one/share/articubot_one/config/my_controllers.yaml
[5.364s] -- Installing: /home/wilsonlo/dev_ws/install/articubot_one/share/articubot_one/config/view_bot.rviz
[5.364s] -- Installing: /home/wilsonlo/dev_ws/install/articubot_one/share/articubot_one/config/main.rviz
[5.364s] -- Installing: /home/wilsonlo/dev_ws/install/articubot_one/share/articubot_one/config/empty.yaml
[5.364s] -- Installing: /home/wilsonlo/dev_ws/install/articubot_one/share/articubot_one/config/map.rviz
[5.364s] -- Installing: /home/wilsonlo/dev_ws/install/articubot_one/share/articubot_one/config/gz_bridge.yaml
[5.365s] -- Installing: /home/wilsonlo/dev_ws/install/articubot_one/share/articubot_one/config/mapper_params_online_async.yaml
[5.365s] -- Installing: /home/wilsonlo/dev_ws/install/articubot_one/share/articubot_one/config/ball_tracker_params_sim.yaml
[5.365s] -- Installing: /home/wilsonlo/dev_ws/install/articubot_one/share/articubot_one/config/twist_mux.yaml
[5.365s] -- Installing: /home/wilsonlo/dev_ws/install/articubot_one/share/articubot_one/config/drive_bot.rviz
[5.365s] -- Installing: /home/wilsonlo/dev_ws/install/articubot_one/share/articubot_one/description
[5.365s] -- Installing: /home/wilsonlo/dev_ws/install/articubot_one/share/articubot_one/description/depth_camera.xacro
[5.365s] -- Installing: /home/wilsonlo/dev_ws/install/articubot_one/share/articubot_one/description/inertial_macros.xacro
[5.365s] -- Installing: /home/wilsonlo/dev_ws/install/articubot_one/share/articubot_one/description/gazebo_control.xacro
[5.365s] -- Installing: /home/wilsonlo/dev_ws/install/articubot_one/share/articubot_one/description/face.xacro
[5.365s] -- Installing: /home/wilsonlo/dev_ws/install/articubot_one/share/articubot_one/description/lidar.xacro
[5.365s] -- Installing: /home/wilsonlo/dev_ws/install/articubot_one/share/articubot_one/description/camera.xacro
[5.366s] -- Installing: /home/wilsonlo/dev_ws/install/articubot_one/share/articubot_one/description/robot.urdf.xacro
[5.366s] -- Installing: /home/wilsonlo/dev_ws/install/articubot_one/share/articubot_one/description/robot_core.xacro
[5.368s] -- Installing: /home/wilsonlo/dev_ws/install/articubot_one/share/articubot_one/description/ros2_control.xacro
[5.369s] -- Installing: /home/wilsonlo/dev_ws/install/articubot_one/share/articubot_one/launch
[5.369s] -- Installing: /home/wilsonlo/dev_ws/install/articubot_one/share/articubot_one/launch/rsp.launch.py
[5.369s] -- Installing: /home/wilsonlo/dev_ws/install/articubot_one/share/articubot_one/launch/joystick.launch.py
[5.369s] -- Installing: /home/wilsonlo/dev_ws/install/articubot_one/share/articubot_one/launch/ball_tracker.launch.py
[5.369s] -- Installing: /home/wilsonlo/dev_ws/install/articubot_one/share/articubot_one/launch/launch_robot.launch.py
[5.369s] -- Installing: /home/wilsonlo/dev_ws/install/articubot_one/share/articubot_one/launch/online_async_launch.py
[5.369s] -- Installing: /home/wilsonlo/dev_ws/install/articubot_one/share/articubot_one/launch/launch_sim.launch.py
[5.369s] -- Installing: /home/wilsonlo/dev_ws/install/articubot_one/share/articubot_one/launch/camera.launch.py
[5.369s] -- Installing: /home/wilsonlo/dev_ws/install/articubot_one/share/articubot_one/launch/rplidar.launch.py
[5.369s] -- Installing: /home/wilsonlo/dev_ws/install/articubot_one/share/articubot_one/launch/localization_launch.py
[5.369s] -- Installing: /home/wilsonlo/dev_ws/install/articubot_one/share/articubot_one/launch/navigation_launch.py
[5.369s] -- Installing: /home/wilsonlo/dev_ws/install/articubot_one/share/articubot_one/worlds
[5.370s] -- Installing: /home/wilsonlo/dev_ws/install/articubot_one/share/articubot_one/worlds/obstacles.world
[5.370s] -- Installing: /home/wilsonlo/dev_ws/install/articubot_one/share/articubot_one/worlds/empty.world
[5.370s] -- Installing: /home/wilsonlo/dev_ws/install/articubot_one/share/ament_index/resource_index/package_run_dependencies/articubot_one
[5.370s] -- Installing: /home/wilsonlo/dev_ws/install/articubot_one/share/ament_index/resource_index/parent_prefix_path/articubot_one
[5.370s] -- Installing: /home/wilsonlo/dev_ws/install/articubot_one/share/articubot_one/environment/ament_prefix_path.sh
[5.370s] -- Installing: /home/wilsonlo/dev_ws/install/articubot_one/share/articubot_one/environment/ament_prefix_path.dsv
[5.370s] -- Installing: /home/wilsonlo/dev_ws/install/articubot_one/share/articubot_one/environment/path.sh
[5.370s] -- Installing: /home/wilsonlo/dev_ws/install/articubot_one/share/articubot_one/environment/path.dsv
[5.370s] -- Installing: /home/wilsonlo/dev_ws/install/articubot_one/share/articubot_one/local_setup.bash
[5.370s] -- Installing: /home/wilsonlo/dev_ws/install/articubot_one/share/articubot_one/local_setup.sh
[5.370s] -- Installing: /home/wilsonlo/dev_ws/install/articubot_one/share/articubot_one/local_setup.zsh
[5.371s] -- Installing: /home/wilsonlo/dev_ws/install/articubot_one/share/articubot_one/local_setup.dsv
[5.371s] -- Installing: /home/wilsonlo/dev_ws/install/articubot_one/share/articubot_one/package.dsv
[5.371s] -- Installing: /home/wilsonlo/dev_ws/install/articubot_one/share/ament_index/resource_index/packages/articubot_one
[5.371s] -- Installing: /home/wilsonlo/dev_ws/install/articubot_one/share/articubot_one/cmake/articubot_oneConfig.cmake
[5.371s] -- Installing: /home/wilsonlo/dev_ws/install/articubot_one/share/articubot_one/cmake/articubot_oneConfig-version.cmake
[5.371s] -- Installing: /home/wilsonlo/dev_ws/install/articubot_one/share/articubot_one/package.xml
[5.385s] Invoked command in '/home/wilsonlo/dev_ws/build/articubot_one' returned '0': CMAKE_PREFIX_PATH=${CMAKE_PREFIX_PATH}:/home/wilsonlo/dev_ws/install/serial_motor_demo:/opt/ros/jazzy DEBUGINFOD_URLS=https://debuginfod.ubuntu.com /usr/bin/cmake --install /home/wilsonlo/dev_ws/build/articubot_one
