[0.024s] Invoking command in '/home/wilsonlo/dev_ws/build/urdf_example': CMAKE_PREFIX_PATH=${CMAKE_PREFIX_PATH}:/opt/ros/jazzy DEBUGINFOD_URLS=https://debuginfod.ubuntu.com /usr/bin/cmake /home/wilsonlo/dev_ws/src/urdf_example -DAMENT_CMAKE_SYMLINK_INSTALL=1 -DCMAKE_INSTALL_PREFIX=/home/wilsonlo/dev_ws/install/urdf_example
[0.040s] -- Found ament_cmake: 2.5.3 (/opt/ros/jazzy/share/ament_cmake/cmake)
[0.254s] -- Override CMake install command with custom implementation using symlinks instead of copying resources
[0.265s] -- Found ament_lint_auto: 0.17.1 (/opt/ros/jazzy/share/ament_lint_auto/cmake)
[0.374s] -- Added test 'copyright' to check source files copyright and LICENSE
[0.379s] -- Added test 'flake8' to check Python code syntax and style conventions
[0.379s] -- Configured 'flake8' exclude dirs and/or files: 
[0.380s] -- Added test 'lint_cmake' to check CMake code style
[0.380s] -- Added test 'pep257' to check Python code against some of the docstring style conventions in PEP 257
[0.383s] -- Added test 'xmllint' to check XML markup files
[0.384s] -- Configuring done (0.3s)
[0.430s] -- Generating done (0.0s)
[0.442s] -- Build files have been written to: /home/wilsonlo/dev_ws/build/urdf_example
[0.451s] Invoked command in '/home/wilsonlo/dev_ws/build/urdf_example' returned '0': CMAKE_PREFIX_PATH=${CMAKE_PREFIX_PATH}:/opt/ros/jazzy DEBUGINFOD_URLS=https://debuginfod.ubuntu.com /usr/bin/cmake /home/wilsonlo/dev_ws/src/urdf_example -DAMENT_CMAKE_SYMLINK_INSTALL=1 -DCMAKE_INSTALL_PREFIX=/home/wilsonlo/dev_ws/install/urdf_example
[0.451s] Invoking command in '/home/wilsonlo/dev_ws/build/urdf_example': CMAKE_PREFIX_PATH=${CMAKE_PREFIX_PATH}:/opt/ros/jazzy DEBUGINFOD_URLS=https://debuginfod.ubuntu.com /usr/bin/cmake --build /home/wilsonlo/dev_ws/build/urdf_example -- -j8 -l8
[0.515s] Invoked command in '/home/wilsonlo/dev_ws/build/urdf_example' returned '0': CMAKE_PREFIX_PATH=${CMAKE_PREFIX_PATH}:/opt/ros/jazzy DEBUGINFOD_URLS=https://debuginfod.ubuntu.com /usr/bin/cmake --build /home/wilsonlo/dev_ws/build/urdf_example -- -j8 -l8
[0.516s] Invoking command in '/home/wilsonlo/dev_ws/build/urdf_example': CMAKE_PREFIX_PATH=${CMAKE_PREFIX_PATH}:/opt/ros/jazzy DEBUGINFOD_URLS=https://debuginfod.ubuntu.com /usr/bin/cmake --install /home/wilsonlo/dev_ws/build/urdf_example
[0.524s] -- Install configuration: ""
[0.524s] -- Execute custom install script
[0.525s] -- Up-to-date symlink: /home/wilsonlo/dev_ws/install/urdf_example/share/urdf_example/description/example_gazebo.xacro
[0.525s] -- Up-to-date symlink: /home/wilsonlo/dev_ws/install/urdf_example/share/urdf_example/description/example_include.xacro
[0.525s] -- Up-to-date symlink: /home/wilsonlo/dev_ws/install/urdf_example/share/urdf_example/description/example_robot.urdf.xacro
[0.525s] -- Up-to-date symlink: /home/wilsonlo/dev_ws/install/urdf_example/share/urdf_example/launch/rsp.launch.py
[0.525s] -- Up-to-date symlink: /home/wilsonlo/dev_ws/install/urdf_example/share/urdf_example/launch/rsp_sim.launch.py
[0.525s] -- Up-to-date symlink: /home/wilsonlo/dev_ws/install/urdf_example/share/urdf_example/worlds/test_world.world
[0.526s] -- Up-to-date symlink: /home/wilsonlo/dev_ws/install/urdf_example/share/ament_index/resource_index/package_run_dependencies/urdf_example
[0.526s] -- Up-to-date symlink: /home/wilsonlo/dev_ws/install/urdf_example/share/ament_index/resource_index/parent_prefix_path/urdf_example
[0.526s] -- Up-to-date symlink: /home/wilsonlo/dev_ws/install/urdf_example/share/urdf_example/environment/ament_prefix_path.sh
[0.526s] -- Up-to-date symlink: /home/wilsonlo/dev_ws/install/urdf_example/share/urdf_example/environment/ament_prefix_path.dsv
[0.526s] -- Up-to-date symlink: /home/wilsonlo/dev_ws/install/urdf_example/share/urdf_example/environment/path.sh
[0.526s] -- Up-to-date symlink: /home/wilsonlo/dev_ws/install/urdf_example/share/urdf_example/environment/path.dsv
[0.527s] -- Up-to-date symlink: /home/wilsonlo/dev_ws/install/urdf_example/share/urdf_example/local_setup.bash
[0.527s] -- Up-to-date symlink: /home/wilsonlo/dev_ws/install/urdf_example/share/urdf_example/local_setup.sh
[0.527s] -- Up-to-date symlink: /home/wilsonlo/dev_ws/install/urdf_example/share/urdf_example/local_setup.zsh
[0.527s] -- Up-to-date symlink: /home/wilsonlo/dev_ws/install/urdf_example/share/urdf_example/local_setup.dsv
[0.528s] -- Symlinking: /home/wilsonlo/dev_ws/install/urdf_example/share/urdf_example/package.dsv
[0.537s] -- Up-to-date symlink: /home/wilsonlo/dev_ws/install/urdf_example/share/ament_index/resource_index/packages/urdf_example
[0.537s] -- Up-to-date symlink: /home/wilsonlo/dev_ws/install/urdf_example/share/urdf_example/cmake/urdf_exampleConfig.cmake
[0.537s] -- Up-to-date symlink: /home/wilsonlo/dev_ws/install/urdf_example/share/urdf_example/cmake/urdf_exampleConfig-version.cmake
[0.537s] -- Up-to-date symlink: /home/wilsonlo/dev_ws/install/urdf_example/share/urdf_example/package.xml
[0.539s] Invoked command in '/home/wilsonlo/dev_ws/build/urdf_example' returned '0': CMAKE_PREFIX_PATH=${CMAKE_PREFIX_PATH}:/opt/ros/jazzy DEBUGINFOD_URLS=https://debuginfod.ubuntu.com /usr/bin/cmake --install /home/wilsonlo/dev_ws/build/urdf_example
