[0.073s] Invoking command in '/home/wilsonlo/dev_ws/build/articubot_one': CMAKE_PREFIX_PATH=${CMAKE_PREFIX_PATH}:/opt/ros/jazzy DEBUGINFOD_URLS=https://debuginfod.ubuntu.com /usr/bin/cmake /home/wilsonlo/dev_ws/src/articubot_one -DCMAKE_INSTALL_PREFIX=/home/wilsonlo/dev_ws/install/articubot_one
[0.657s] -- Found ament_cmake: 2.5.3 (/opt/ros/jazzy/share/ament_cmake/cmake)
[1.186s] -- Override CMake install command with custom implementation using symlinks instead of copying resources
[1.286s] -- Found ament_lint_auto: 0.17.1 (/opt/ros/jazzy/share/ament_lint_auto/cmake)
[1.846s] -- Added test 'copyright' to check source files copyright and LICENSE
[1.873s] -- Added test 'flake8' to check Python code syntax and style conventions
[1.873s] -- Configured 'flake8' exclude dirs and/or files: 
[1.880s] -- Added test 'lint_cmake' to check CMake code style
[1.882s] -- Added test 'pep257' to check Python code against some of the docstring style conventions in PEP 257
[1.888s] -- Added test 'xmllint' to check XML markup files
[1.895s] -- Configuring done (1.8s)
[2.170s] -- Generating done (0.2s)
[2.171s] -- Build files have been written to: /home/wilsonlo/dev_ws/build/articubot_one
[2.174s] Invoked command in '/home/wilsonlo/dev_ws/build/articubot_one' returned '0': CMAKE_PREFIX_PATH=${CMAKE_PREFIX_PATH}:/opt/ros/jazzy DEBUGINFOD_URLS=https://debuginfod.ubuntu.com /usr/bin/cmake /home/wilsonlo/dev_ws/src/articubot_one -DCMAKE_INSTALL_PREFIX=/home/wilsonlo/dev_ws/install/articubot_one
[2.176s] Invoking command in '/home/wilsonlo/dev_ws/build/articubot_one': CMAKE_PREFIX_PATH=${CMAKE_PREFIX_PATH}:/opt/ros/jazzy DEBUGINFOD_URLS=https://debuginfod.ubuntu.com /usr/bin/cmake --build /home/wilsonlo/dev_ws/build/articubot_one -- -j8 -l8
[2.278s] Invoked command in '/home/wilsonlo/dev_ws/build/articubot_one' returned '0': CMAKE_PREFIX_PATH=${CMAKE_PREFIX_PATH}:/opt/ros/jazzy DEBUGINFOD_URLS=https://debuginfod.ubuntu.com /usr/bin/cmake --build /home/wilsonlo/dev_ws/build/articubot_one -- -j8 -l8
[2.281s] Invoking command in '/home/wilsonlo/dev_ws/build/articubot_one': CMAKE_PREFIX_PATH=${CMAKE_PREFIX_PATH}:/opt/ros/jazzy DEBUGINFOD_URLS=https://debuginfod.ubuntu.com /usr/bin/cmake --install /home/wilsonlo/dev_ws/build/articubot_one
[2.300s] -- Install configuration: ""
[2.301s] -- Execute custom install script
[2.301s] -- Up-to-date symlink: /home/wilsonlo/dev_ws/install/articubot_one/share/articubot_one/config/ball_tracker_params_robot.yaml
[2.301s] -- Up-to-date symlink: /home/wilsonlo/dev_ws/install/articubot_one/share/articubot_one/config/ball_tracker_params_sim.yaml
[2.302s] -- Up-to-date symlink: /home/wilsonlo/dev_ws/install/articubot_one/share/articubot_one/config/drive_bot.rviz
[2.302s] -- Up-to-date symlink: /home/wilsonlo/dev_ws/install/articubot_one/share/articubot_one/config/empty.yaml
[2.302s] -- Up-to-date symlink: /home/wilsonlo/dev_ws/install/articubot_one/share/articubot_one/config/gaz_ros2_ctl_use_sim.yaml
[2.302s] -- Up-to-date symlink: /home/wilsonlo/dev_ws/install/articubot_one/share/articubot_one/config/gz_bridge.yaml
[2.302s] -- Up-to-date symlink: /home/wilsonlo/dev_ws/install/articubot_one/share/articubot_one/config/joystick.yaml
[2.303s] -- Up-to-date symlink: /home/wilsonlo/dev_ws/install/articubot_one/share/articubot_one/config/main.rviz
[2.303s] -- Up-to-date symlink: /home/wilsonlo/dev_ws/install/articubot_one/share/articubot_one/config/map.rviz
[2.307s] -- Up-to-date symlink: /home/wilsonlo/dev_ws/install/articubot_one/share/articubot_one/config/mapper_params_online_async.yaml
[2.307s] -- Up-to-date symlink: /home/wilsonlo/dev_ws/install/articubot_one/share/articubot_one/config/my_controllers.yaml
[2.307s] -- Up-to-date symlink: /home/wilsonlo/dev_ws/install/articubot_one/share/articubot_one/config/nav2_params.yaml
[2.308s] -- Up-to-date symlink: /home/wilsonlo/dev_ws/install/articubot_one/share/articubot_one/config/twist_mux.yaml
[2.308s] -- Up-to-date symlink: /home/wilsonlo/dev_ws/install/articubot_one/share/articubot_one/config/view_bot.rviz
[2.308s] -- Up-to-date symlink: /home/wilsonlo/dev_ws/install/articubot_one/share/articubot_one/description/camera.xacro
[2.308s] -- Up-to-date symlink: /home/wilsonlo/dev_ws/install/articubot_one/share/articubot_one/description/depth_camera.xacro
[2.309s] -- Up-to-date symlink: /home/wilsonlo/dev_ws/install/articubot_one/share/articubot_one/description/face.xacro
[2.309s] -- Up-to-date symlink: /home/wilsonlo/dev_ws/install/articubot_one/share/articubot_one/description/gazebo_control.xacro
[2.309s] -- Up-to-date symlink: /home/wilsonlo/dev_ws/install/articubot_one/share/articubot_one/description/inertial_macros.xacro
[2.309s] -- Up-to-date symlink: /home/wilsonlo/dev_ws/install/articubot_one/share/articubot_one/description/lidar.xacro
[2.310s] -- Up-to-date symlink: /home/wilsonlo/dev_ws/install/articubot_one/share/articubot_one/description/robot.urdf.xacro
[2.310s] -- Up-to-date symlink: /home/wilsonlo/dev_ws/install/articubot_one/share/articubot_one/description/robot_core.xacro
[2.310s] -- Up-to-date symlink: /home/wilsonlo/dev_ws/install/articubot_one/share/articubot_one/description/ros2_control.xacro
[2.311s] -- Up-to-date symlink: /home/wilsonlo/dev_ws/install/articubot_one/share/articubot_one/launch/ball_tracker.launch.py
[2.313s] -- Up-to-date symlink: /home/wilsonlo/dev_ws/install/articubot_one/share/articubot_one/launch/camera.launch.py
[2.313s] -- Up-to-date symlink: /home/wilsonlo/dev_ws/install/articubot_one/share/articubot_one/launch/joystick.launch.py
[2.313s] -- Up-to-date symlink: /home/wilsonlo/dev_ws/install/articubot_one/share/articubot_one/launch/launch_robot.launch.py
[2.314s] -- Up-to-date symlink: /home/wilsonlo/dev_ws/install/articubot_one/share/articubot_one/launch/launch_sim.launch.py
[2.314s] -- Up-to-date symlink: /home/wilsonlo/dev_ws/install/articubot_one/share/articubot_one/launch/localization_launch.py
[2.314s] -- Up-to-date symlink: /home/wilsonlo/dev_ws/install/articubot_one/share/articubot_one/launch/navigation_launch.py
[2.314s] -- Up-to-date symlink: /home/wilsonlo/dev_ws/install/articubot_one/share/articubot_one/launch/online_async_launch.py
[2.314s] -- Up-to-date symlink: /home/wilsonlo/dev_ws/install/articubot_one/share/articubot_one/launch/rplidar.launch.py
[2.314s] -- Up-to-date symlink: /home/wilsonlo/dev_ws/install/articubot_one/share/articubot_one/launch/rsp.launch.py
[2.315s] -- Up-to-date symlink: /home/wilsonlo/dev_ws/install/articubot_one/share/articubot_one/worlds/empty.world
[2.315s] -- Up-to-date symlink: /home/wilsonlo/dev_ws/install/articubot_one/share/articubot_one/worlds/obstacles.world
[2.315s] -- Up-to-date symlink: /home/wilsonlo/dev_ws/install/articubot_one/share/ament_index/resource_index/package_run_dependencies/articubot_one
[2.315s] -- Up-to-date symlink: /home/wilsonlo/dev_ws/install/articubot_one/share/ament_index/resource_index/parent_prefix_path/articubot_one
[2.316s] -- Up-to-date symlink: /home/wilsonlo/dev_ws/install/articubot_one/share/articubot_one/environment/ament_prefix_path.sh
[2.316s] -- Up-to-date symlink: /home/wilsonlo/dev_ws/install/articubot_one/share/articubot_one/environment/ament_prefix_path.dsv
[2.317s] -- Up-to-date symlink: /home/wilsonlo/dev_ws/install/articubot_one/share/articubot_one/environment/path.sh
[2.317s] -- Up-to-date symlink: /home/wilsonlo/dev_ws/install/articubot_one/share/articubot_one/environment/path.dsv
[2.317s] -- Up-to-date symlink: /home/wilsonlo/dev_ws/install/articubot_one/share/articubot_one/local_setup.bash
[2.317s] -- Up-to-date symlink: /home/wilsonlo/dev_ws/install/articubot_one/share/articubot_one/local_setup.sh
[2.317s] -- Up-to-date symlink: /home/wilsonlo/dev_ws/install/articubot_one/share/articubot_one/local_setup.zsh
[2.317s] -- Up-to-date symlink: /home/wilsonlo/dev_ws/install/articubot_one/share/articubot_one/local_setup.dsv
[2.317s] -- Symlinking: /home/wilsonlo/dev_ws/install/articubot_one/share/articubot_one/package.dsv
[2.333s] -- Up-to-date symlink: /home/wilsonlo/dev_ws/install/articubot_one/share/ament_index/resource_index/packages/articubot_one
[2.333s] -- Up-to-date symlink: /home/wilsonlo/dev_ws/install/articubot_one/share/articubot_one/cmake/articubot_oneConfig.cmake
[2.334s] -- Up-to-date symlink: /home/wilsonlo/dev_ws/install/articubot_one/share/articubot_one/cmake/articubot_oneConfig-version.cmake
[2.334s] -- Up-to-date symlink: /home/wilsonlo/dev_ws/install/articubot_one/share/articubot_one/package.xml
[2.444s] Invoked command in '/home/wilsonlo/dev_ws/build/articubot_one' returned '0': CMAKE_PREFIX_PATH=${CMAKE_PREFIX_PATH}:/opt/ros/jazzy DEBUGINFOD_URLS=https://debuginfod.ubuntu.com /usr/bin/cmake --install /home/wilsonlo/dev_ws/build/articubot_one
