[0.113s] DEBUG:colcon:Command line arguments: ['/usr/bin/colcon', 'build', '--symlink-install']
[0.113s] DEBUG:colcon:Parsed command line arguments: Namespace(log_base=None, log_level=None, verb_name='build', build_base='build', install_base='install', merge_install=False, symlink_install=True, test_result_base=None, continue_on_error=False, executor='parallel', parallel_workers=8, event_handlers=None, ignore_user_meta=False, metas=['./colcon.meta'], base_paths=['.'], packages_ignore=None, packages_ignore_regex=None, paths=None, packages_up_to=None, packages_up_to_regex=None, packages_above=None, packages_above_and_dependencies=None, packages_above_depth=None, packages_select_by_dep=None, packages_skip_by_dep=None, packages_skip_up_to=None, packages_select_build_failed=False, packages_skip_build_finished=False, packages_select_test_failures=False, packages_skip_test_passed=False, packages_select=None, packages_skip=None, packages_select_regex=None, packages_skip_regex=None, packages_start=None, packages_end=None, allow_overriding=[], cmake_args=None, cmake_target=None, cmake_target_skip_unavailable=False, cmake_clean_cache=False, cmake_clean_first=False, cmake_force_configure=False, ament_cmake_args=None, catkin_cmake_args=None, catkin_skip_building_tests=False, mixin_files=None, mixin=None, verb_parser=<colcon_mixin.mixin.mixin_argument.MixinArgumentDecorator object at 0x7de41583adb0>, verb_extension=<colcon_core.verb.build.BuildVerb object at 0x7de415816c60>, main=<bound method BuildVerb.main of <colcon_core.verb.build.BuildVerb object at 0x7de415816c60>>, mixin_verb=('build',))
[0.153s] Level 1:colcon.colcon_core.package_discovery:discover_packages(colcon_meta) check parameters
[0.153s] Level 1:colcon.colcon_core.package_discovery:discover_packages(recursive) check parameters
[0.153s] Level 1:colcon.colcon_core.package_discovery:discover_packages(ignore) check parameters
[0.153s] Level 1:colcon.colcon_core.package_discovery:discover_packages(path) check parameters
[0.153s] Level 1:colcon.colcon_core.package_discovery:discover_packages(colcon_meta) discover
[0.153s] Level 1:colcon.colcon_core.package_discovery:discover_packages(recursive) discover
[0.153s] INFO:colcon.colcon_core.package_discovery:Crawling recursively for packages in '/home/wilsonlo/dev_ws'
[0.153s] Level 1:colcon.colcon_core.package_identification:_identify(.) by extensions ['ignore', 'ignore_ament_install']
[0.153s] Level 1:colcon.colcon_core.package_identification:_identify(.) by extension 'ignore'
[0.153s] Level 1:colcon.colcon_core.package_identification:_identify(.) by extension 'ignore_ament_install'
[0.153s] Level 1:colcon.colcon_core.package_identification:_identify(.) by extensions ['colcon_pkg']
[0.153s] Level 1:colcon.colcon_core.package_identification:_identify(.) by extension 'colcon_pkg'
[0.153s] Level 1:colcon.colcon_core.package_identification:_identify(.) by extensions ['colcon_meta']
[0.153s] Level 1:colcon.colcon_core.package_identification:_identify(.) by extension 'colcon_meta'
[0.153s] Level 1:colcon.colcon_core.package_identification:_identify(.) by extensions ['ros']
[0.153s] Level 1:colcon.colcon_core.package_identification:_identify(.) by extension 'ros'
[0.178s] Level 1:colcon.colcon_core.package_identification:_identify(.) by extensions ['cmake', 'python']
[0.178s] Level 1:colcon.colcon_core.package_identification:_identify(.) by extension 'cmake'
[0.178s] Level 1:colcon.colcon_core.package_identification:_identify(.) by extension 'python'
[0.178s] Level 1:colcon.colcon_core.package_identification:_identify(.) by extensions ['python_setup_py']
[0.178s] Level 1:colcon.colcon_core.package_identification:_identify(.) by extension 'python_setup_py'
[0.178s] Level 1:colcon.colcon_core.package_identification:_identify(build) by extensions ['ignore', 'ignore_ament_install']
[0.178s] Level 1:colcon.colcon_core.package_identification:_identify(build) by extension 'ignore'
[0.179s] Level 1:colcon.colcon_core.package_identification:_identify(build) ignored
[0.179s] Level 1:colcon.colcon_core.package_identification:_identify(install) by extensions ['ignore', 'ignore_ament_install']
[0.179s] Level 1:colcon.colcon_core.package_identification:_identify(install) by extension 'ignore'
[0.179s] Level 1:colcon.colcon_core.package_identification:_identify(install) ignored
[0.179s] Level 1:colcon.colcon_core.package_identification:_identify(log) by extensions ['ignore', 'ignore_ament_install']
[0.179s] Level 1:colcon.colcon_core.package_identification:_identify(log) by extension 'ignore'
[0.179s] Level 1:colcon.colcon_core.package_identification:_identify(log) ignored
[0.179s] Level 1:colcon.colcon_core.package_identification:_identify(src) by extensions ['ignore', 'ignore_ament_install']
[0.179s] Level 1:colcon.colcon_core.package_identification:_identify(src) by extension 'ignore'
[0.179s] Level 1:colcon.colcon_core.package_identification:_identify(src) by extension 'ignore_ament_install'
[0.179s] Level 1:colcon.colcon_core.package_identification:_identify(src) by extensions ['colcon_pkg']
[0.179s] Level 1:colcon.colcon_core.package_identification:_identify(src) by extension 'colcon_pkg'
[0.179s] Level 1:colcon.colcon_core.package_identification:_identify(src) by extensions ['colcon_meta']
[0.179s] Level 1:colcon.colcon_core.package_identification:_identify(src) by extension 'colcon_meta'
[0.179s] Level 1:colcon.colcon_core.package_identification:_identify(src) by extensions ['ros']
[0.180s] Level 1:colcon.colcon_core.package_identification:_identify(src) by extension 'ros'
[0.180s] Level 1:colcon.colcon_core.package_identification:_identify(src) by extensions ['cmake', 'python']
[0.180s] Level 1:colcon.colcon_core.package_identification:_identify(src) by extension 'cmake'
[0.180s] Level 1:colcon.colcon_core.package_identification:_identify(src) by extension 'python'
[0.180s] Level 1:colcon.colcon_core.package_identification:_identify(src) by extensions ['python_setup_py']
[0.180s] Level 1:colcon.colcon_core.package_identification:_identify(src) by extension 'python_setup_py'
[0.180s] Level 1:colcon.colcon_core.package_identification:_identify(src/articubot_one) by extensions ['ignore', 'ignore_ament_install']
[0.180s] Level 1:colcon.colcon_core.package_identification:_identify(src/articubot_one) by extension 'ignore'
[0.180s] Level 1:colcon.colcon_core.package_identification:_identify(src/articubot_one) by extension 'ignore_ament_install'
[0.180s] Level 1:colcon.colcon_core.package_identification:_identify(src/articubot_one) by extensions ['colcon_pkg']
[0.180s] Level 1:colcon.colcon_core.package_identification:_identify(src/articubot_one) by extension 'colcon_pkg'
[0.180s] Level 1:colcon.colcon_core.package_identification:_identify(src/articubot_one) by extensions ['colcon_meta']
[0.180s] Level 1:colcon.colcon_core.package_identification:_identify(src/articubot_one) by extension 'colcon_meta'
[0.180s] Level 1:colcon.colcon_core.package_identification:_identify(src/articubot_one) by extensions ['ros']
[0.180s] Level 1:colcon.colcon_core.package_identification:_identify(src/articubot_one) by extension 'ros'
[0.182s] DEBUG:colcon.colcon_core.package_identification:Package 'src/articubot_one' with type 'ros.ament_cmake' and name 'articubot_one'
[0.182s] Level 1:colcon.colcon_core.package_identification:_identify(src/dd_bot) by extensions ['ignore', 'ignore_ament_install']
[0.183s] Level 1:colcon.colcon_core.package_identification:_identify(src/dd_bot) by extension 'ignore'
[0.183s] Level 1:colcon.colcon_core.package_identification:_identify(src/dd_bot) by extension 'ignore_ament_install'
[0.183s] Level 1:colcon.colcon_core.package_identification:_identify(src/dd_bot) by extensions ['colcon_pkg']
[0.183s] Level 1:colcon.colcon_core.package_identification:_identify(src/dd_bot) by extension 'colcon_pkg'
[0.183s] Level 1:colcon.colcon_core.package_identification:_identify(src/dd_bot) by extensions ['colcon_meta']
[0.183s] Level 1:colcon.colcon_core.package_identification:_identify(src/dd_bot) by extension 'colcon_meta'
[0.183s] Level 1:colcon.colcon_core.package_identification:_identify(src/dd_bot) by extensions ['ros']
[0.183s] Level 1:colcon.colcon_core.package_identification:_identify(src/dd_bot) by extension 'ros'
[0.183s] DEBUG:colcon.colcon_core.package_identification:Package 'src/dd_bot' with type 'ros.ament_cmake' and name 'dd_bot'
[0.183s] Level 1:colcon.colcon_core.package_identification:_identify(src/my_package) by extensions ['ignore', 'ignore_ament_install']
[0.183s] Level 1:colcon.colcon_core.package_identification:_identify(src/my_package) by extension 'ignore'
[0.183s] Level 1:colcon.colcon_core.package_identification:_identify(src/my_package) by extension 'ignore_ament_install'
[0.184s] Level 1:colcon.colcon_core.package_identification:_identify(src/my_package) by extensions ['colcon_pkg']
[0.184s] Level 1:colcon.colcon_core.package_identification:_identify(src/my_package) by extension 'colcon_pkg'
[0.184s] Level 1:colcon.colcon_core.package_identification:_identify(src/my_package) by extensions ['colcon_meta']
[0.184s] Level 1:colcon.colcon_core.package_identification:_identify(src/my_package) by extension 'colcon_meta'
[0.184s] Level 1:colcon.colcon_core.package_identification:_identify(src/my_package) by extensions ['ros']
[0.184s] Level 1:colcon.colcon_core.package_identification:_identify(src/my_package) by extension 'ros'
[0.184s] DEBUG:colcon.colcon_core.package_identification:Package 'src/my_package' with type 'ros.ament_cmake' and name 'my_package'
[0.184s] Level 1:colcon.colcon_core.package_identification:_identify(src/serial_motor_demo) by extensions ['ignore', 'ignore_ament_install']
[0.184s] Level 1:colcon.colcon_core.package_identification:_identify(src/serial_motor_demo) by extension 'ignore'
[0.184s] Level 1:colcon.colcon_core.package_identification:_identify(src/serial_motor_demo) by extension 'ignore_ament_install'
[0.184s] Level 1:colcon.colcon_core.package_identification:_identify(src/serial_motor_demo) by extensions ['colcon_pkg']
[0.184s] Level 1:colcon.colcon_core.package_identification:_identify(src/serial_motor_demo) by extension 'colcon_pkg'
[0.184s] Level 1:colcon.colcon_core.package_identification:_identify(src/serial_motor_demo) by extensions ['colcon_meta']
[0.185s] Level 1:colcon.colcon_core.package_identification:_identify(src/serial_motor_demo) by extension 'colcon_meta'
[0.185s] Level 1:colcon.colcon_core.package_identification:_identify(src/serial_motor_demo) by extensions ['ros']
[0.185s] Level 1:colcon.colcon_core.package_identification:_identify(src/serial_motor_demo) by extension 'ros'
[0.185s] Level 1:colcon.colcon_core.package_identification:_identify(src/serial_motor_demo) by extensions ['cmake', 'python']
[0.185s] Level 1:colcon.colcon_core.package_identification:_identify(src/serial_motor_demo) by extension 'cmake'
[0.185s] Level 1:colcon.colcon_core.package_identification:_identify(src/serial_motor_demo) by extension 'python'
[0.185s] Level 1:colcon.colcon_core.package_identification:_identify(src/serial_motor_demo) by extensions ['python_setup_py']
[0.185s] Level 1:colcon.colcon_core.package_identification:_identify(src/serial_motor_demo) by extension 'python_setup_py'
[0.185s] Level 1:colcon.colcon_core.package_identification:_identify(src/serial_motor_demo/serial_motor_demo) by extensions ['ignore', 'ignore_ament_install']
[0.185s] Level 1:colcon.colcon_core.package_identification:_identify(src/serial_motor_demo/serial_motor_demo) by extension 'ignore'
[0.185s] Level 1:colcon.colcon_core.package_identification:_identify(src/serial_motor_demo/serial_motor_demo) by extension 'ignore_ament_install'
[0.185s] Level 1:colcon.colcon_core.package_identification:_identify(src/serial_motor_demo/serial_motor_demo) by extensions ['colcon_pkg']
[0.185s] Level 1:colcon.colcon_core.package_identification:_identify(src/serial_motor_demo/serial_motor_demo) by extension 'colcon_pkg'
[0.185s] Level 1:colcon.colcon_core.package_identification:_identify(src/serial_motor_demo/serial_motor_demo) by extensions ['colcon_meta']
[0.185s] Level 1:colcon.colcon_core.package_identification:_identify(src/serial_motor_demo/serial_motor_demo) by extension 'colcon_meta'
[0.185s] Level 1:colcon.colcon_core.package_identification:_identify(src/serial_motor_demo/serial_motor_demo) by extensions ['ros']
[0.185s] Level 1:colcon.colcon_core.package_identification:_identify(src/serial_motor_demo/serial_motor_demo) by extension 'ros'
[0.186s] DEBUG:colcon.colcon_core.package_identification:Package 'src/serial_motor_demo/serial_motor_demo' with type 'ros.ament_python' and name 'serial_motor_demo'
[0.186s] Level 1:colcon.colcon_core.package_identification:_identify(src/serial_motor_demo/serial_motor_demo_msgs) by extensions ['ignore', 'ignore_ament_install']
[0.186s] Level 1:colcon.colcon_core.package_identification:_identify(src/serial_motor_demo/serial_motor_demo_msgs) by extension 'ignore'
[0.186s] Level 1:colcon.colcon_core.package_identification:_identify(src/serial_motor_demo/serial_motor_demo_msgs) by extension 'ignore_ament_install'
[0.186s] Level 1:colcon.colcon_core.package_identification:_identify(src/serial_motor_demo/serial_motor_demo_msgs) by extensions ['colcon_pkg']
[0.186s] Level 1:colcon.colcon_core.package_identification:_identify(src/serial_motor_demo/serial_motor_demo_msgs) by extension 'colcon_pkg'
[0.186s] Level 1:colcon.colcon_core.package_identification:_identify(src/serial_motor_demo/serial_motor_demo_msgs) by extensions ['colcon_meta']
[0.186s] Level 1:colcon.colcon_core.package_identification:_identify(src/serial_motor_demo/serial_motor_demo_msgs) by extension 'colcon_meta'
[0.186s] Level 1:colcon.colcon_core.package_identification:_identify(src/serial_motor_demo/serial_motor_demo_msgs) by extensions ['ros']
[0.186s] Level 1:colcon.colcon_core.package_identification:_identify(src/serial_motor_demo/serial_motor_demo_msgs) by extension 'ros'
[0.187s] DEBUG:colcon.colcon_core.package_identification:Package 'src/serial_motor_demo/serial_motor_demo_msgs' with type 'ros.ament_cmake' and name 'serial_motor_demo_msgs'
[0.187s] Level 1:colcon.colcon_core.package_identification:_identify(src/urdf_example) by extensions ['ignore', 'ignore_ament_install']
[0.187s] Level 1:colcon.colcon_core.package_identification:_identify(src/urdf_example) by extension 'ignore'
[0.187s] Level 1:colcon.colcon_core.package_identification:_identify(src/urdf_example) by extension 'ignore_ament_install'
[0.187s] Level 1:colcon.colcon_core.package_identification:_identify(src/urdf_example) by extensions ['colcon_pkg']
[0.187s] Level 1:colcon.colcon_core.package_identification:_identify(src/urdf_example) by extension 'colcon_pkg'
[0.187s] Level 1:colcon.colcon_core.package_identification:_identify(src/urdf_example) by extensions ['colcon_meta']
[0.187s] Level 1:colcon.colcon_core.package_identification:_identify(src/urdf_example) by extension 'colcon_meta'
[0.187s] Level 1:colcon.colcon_core.package_identification:_identify(src/urdf_example) by extensions ['ros']
[0.187s] Level 1:colcon.colcon_core.package_identification:_identify(src/urdf_example) by extension 'ros'
[0.188s] DEBUG:colcon.colcon_core.package_identification:Package 'src/urdf_example' with type 'ros.ament_cmake' and name 'urdf_example'
[0.188s] Level 1:colcon.colcon_core.package_discovery:discover_packages(recursive) using defaults
[0.188s] Level 1:colcon.colcon_core.package_discovery:discover_packages(ignore) discover
[0.188s] Level 1:colcon.colcon_core.package_discovery:discover_packages(ignore) using defaults
[0.188s] Level 1:colcon.colcon_core.package_discovery:discover_packages(path) discover
[0.188s] Level 1:colcon.colcon_core.package_discovery:discover_packages(path) using defaults
[0.205s] Level 1:colcon.colcon_core.package_discovery:discover_packages(prefix_path) check parameters
[0.205s] Level 1:colcon.colcon_core.package_discovery:discover_packages(prefix_path) discover
[0.207s] DEBUG:colcon.colcon_installed_package_information.package_discovery:Found 6 installed packages in /home/wilsonlo/dev_ws/install
[0.209s] DEBUG:colcon.colcon_installed_package_information.package_discovery:Found 461 installed packages in /opt/ros/jazzy
[0.210s] Level 1:colcon.colcon_core.package_discovery:discover_packages(prefix_path) using defaults
[0.274s] Level 5:colcon.colcon_core.verb:set package 'articubot_one' build argument 'cmake_args' from command line to 'None'
[0.274s] Level 5:colcon.colcon_core.verb:set package 'articubot_one' build argument 'cmake_target' from command line to 'None'
[0.274s] Level 5:colcon.colcon_core.verb:set package 'articubot_one' build argument 'cmake_target_skip_unavailable' from command line to 'False'
[0.274s] Level 5:colcon.colcon_core.verb:set package 'articubot_one' build argument 'cmake_clean_cache' from command line to 'False'
[0.274s] Level 5:colcon.colcon_core.verb:set package 'articubot_one' build argument 'cmake_clean_first' from command line to 'False'
[0.274s] Level 5:colcon.colcon_core.verb:set package 'articubot_one' build argument 'cmake_force_configure' from command line to 'False'
[0.275s] Level 5:colcon.colcon_core.verb:set package 'articubot_one' build argument 'ament_cmake_args' from command line to 'None'
[0.275s] Level 5:colcon.colcon_core.verb:set package 'articubot_one' build argument 'catkin_cmake_args' from command line to 'None'
[0.275s] Level 5:colcon.colcon_core.verb:set package 'articubot_one' build argument 'catkin_skip_building_tests' from command line to 'False'
[0.275s] DEBUG:colcon.colcon_core.verb:Building package 'articubot_one' with the following arguments: {'ament_cmake_args': None, 'build_base': '/home/wilsonlo/dev_ws/build/articubot_one', 'catkin_cmake_args': None, 'catkin_skip_building_tests': False, 'cmake_args': None, 'cmake_clean_cache': False, 'cmake_clean_first': False, 'cmake_force_configure': False, 'cmake_target': None, 'cmake_target_skip_unavailable': False, 'install_base': '/home/wilsonlo/dev_ws/install/articubot_one', 'merge_install': False, 'path': '/home/wilsonlo/dev_ws/src/articubot_one', 'symlink_install': True, 'test_result_base': None}
[0.275s] Level 5:colcon.colcon_core.verb:set package 'dd_bot' build argument 'cmake_args' from command line to 'None'
[0.275s] Level 5:colcon.colcon_core.verb:set package 'dd_bot' build argument 'cmake_target' from command line to 'None'
[0.275s] Level 5:colcon.colcon_core.verb:set package 'dd_bot' build argument 'cmake_target_skip_unavailable' from command line to 'False'
[0.275s] Level 5:colcon.colcon_core.verb:set package 'dd_bot' build argument 'cmake_clean_cache' from command line to 'False'
[0.275s] Level 5:colcon.colcon_core.verb:set package 'dd_bot' build argument 'cmake_clean_first' from command line to 'False'
[0.275s] Level 5:colcon.colcon_core.verb:set package 'dd_bot' build argument 'cmake_force_configure' from command line to 'False'
[0.275s] Level 5:colcon.colcon_core.verb:set package 'dd_bot' build argument 'ament_cmake_args' from command line to 'None'
[0.275s] Level 5:colcon.colcon_core.verb:set package 'dd_bot' build argument 'catkin_cmake_args' from command line to 'None'
[0.275s] Level 5:colcon.colcon_core.verb:set package 'dd_bot' build argument 'catkin_skip_building_tests' from command line to 'False'
[0.275s] DEBUG:colcon.colcon_core.verb:Building package 'dd_bot' with the following arguments: {'ament_cmake_args': None, 'build_base': '/home/wilsonlo/dev_ws/build/dd_bot', 'catkin_cmake_args': None, 'catkin_skip_building_tests': False, 'cmake_args': None, 'cmake_clean_cache': False, 'cmake_clean_first': False, 'cmake_force_configure': False, 'cmake_target': None, 'cmake_target_skip_unavailable': False, 'install_base': '/home/wilsonlo/dev_ws/install/dd_bot', 'merge_install': False, 'path': '/home/wilsonlo/dev_ws/src/dd_bot', 'symlink_install': True, 'test_result_base': None}
[0.275s] Level 5:colcon.colcon_core.verb:set package 'my_package' build argument 'cmake_args' from command line to 'None'
[0.275s] Level 5:colcon.colcon_core.verb:set package 'my_package' build argument 'cmake_target' from command line to 'None'
[0.275s] Level 5:colcon.colcon_core.verb:set package 'my_package' build argument 'cmake_target_skip_unavailable' from command line to 'False'
[0.275s] Level 5:colcon.colcon_core.verb:set package 'my_package' build argument 'cmake_clean_cache' from command line to 'False'
[0.275s] Level 5:colcon.colcon_core.verb:set package 'my_package' build argument 'cmake_clean_first' from command line to 'False'
[0.275s] Level 5:colcon.colcon_core.verb:set package 'my_package' build argument 'cmake_force_configure' from command line to 'False'
[0.275s] Level 5:colcon.colcon_core.verb:set package 'my_package' build argument 'ament_cmake_args' from command line to 'None'
[0.276s] Level 5:colcon.colcon_core.verb:set package 'my_package' build argument 'catkin_cmake_args' from command line to 'None'
[0.276s] Level 5:colcon.colcon_core.verb:set package 'my_package' build argument 'catkin_skip_building_tests' from command line to 'False'
[0.276s] DEBUG:colcon.colcon_core.verb:Building package 'my_package' with the following arguments: {'ament_cmake_args': None, 'build_base': '/home/wilsonlo/dev_ws/build/my_package', 'catkin_cmake_args': None, 'catkin_skip_building_tests': False, 'cmake_args': None, 'cmake_clean_cache': False, 'cmake_clean_first': False, 'cmake_force_configure': False, 'cmake_target': None, 'cmake_target_skip_unavailable': False, 'install_base': '/home/wilsonlo/dev_ws/install/my_package', 'merge_install': False, 'path': '/home/wilsonlo/dev_ws/src/my_package', 'symlink_install': True, 'test_result_base': None}
[0.276s] Level 5:colcon.colcon_core.verb:set package 'serial_motor_demo_msgs' build argument 'cmake_args' from command line to 'None'
[0.276s] Level 5:colcon.colcon_core.verb:set package 'serial_motor_demo_msgs' build argument 'cmake_target' from command line to 'None'
[0.276s] Level 5:colcon.colcon_core.verb:set package 'serial_motor_demo_msgs' build argument 'cmake_target_skip_unavailable' from command line to 'False'
[0.276s] Level 5:colcon.colcon_core.verb:set package 'serial_motor_demo_msgs' build argument 'cmake_clean_cache' from command line to 'False'
[0.276s] Level 5:colcon.colcon_core.verb:set package 'serial_motor_demo_msgs' build argument 'cmake_clean_first' from command line to 'False'
[0.276s] Level 5:colcon.colcon_core.verb:set package 'serial_motor_demo_msgs' build argument 'cmake_force_configure' from command line to 'False'
[0.276s] Level 5:colcon.colcon_core.verb:set package 'serial_motor_demo_msgs' build argument 'ament_cmake_args' from command line to 'None'
[0.276s] Level 5:colcon.colcon_core.verb:set package 'serial_motor_demo_msgs' build argument 'catkin_cmake_args' from command line to 'None'
[0.276s] Level 5:colcon.colcon_core.verb:set package 'serial_motor_demo_msgs' build argument 'catkin_skip_building_tests' from command line to 'False'
[0.276s] DEBUG:colcon.colcon_core.verb:Building package 'serial_motor_demo_msgs' with the following arguments: {'ament_cmake_args': None, 'build_base': '/home/wilsonlo/dev_ws/build/serial_motor_demo_msgs', 'catkin_cmake_args': None, 'catkin_skip_building_tests': False, 'cmake_args': None, 'cmake_clean_cache': False, 'cmake_clean_first': False, 'cmake_force_configure': False, 'cmake_target': None, 'cmake_target_skip_unavailable': False, 'install_base': '/home/wilsonlo/dev_ws/install/serial_motor_demo_msgs', 'merge_install': False, 'path': '/home/wilsonlo/dev_ws/src/serial_motor_demo/serial_motor_demo_msgs', 'symlink_install': True, 'test_result_base': None}
[0.276s] Level 5:colcon.colcon_core.verb:set package 'urdf_example' build argument 'cmake_args' from command line to 'None'
[0.276s] Level 5:colcon.colcon_core.verb:set package 'urdf_example' build argument 'cmake_target' from command line to 'None'
[0.276s] Level 5:colcon.colcon_core.verb:set package 'urdf_example' build argument 'cmake_target_skip_unavailable' from command line to 'False'
[0.276s] Level 5:colcon.colcon_core.verb:set package 'urdf_example' build argument 'cmake_clean_cache' from command line to 'False'
[0.276s] Level 5:colcon.colcon_core.verb:set package 'urdf_example' build argument 'cmake_clean_first' from command line to 'False'
[0.276s] Level 5:colcon.colcon_core.verb:set package 'urdf_example' build argument 'cmake_force_configure' from command line to 'False'
[0.276s] Level 5:colcon.colcon_core.verb:set package 'urdf_example' build argument 'ament_cmake_args' from command line to 'None'
[0.276s] Level 5:colcon.colcon_core.verb:set package 'urdf_example' build argument 'catkin_cmake_args' from command line to 'None'
[0.276s] Level 5:colcon.colcon_core.verb:set package 'urdf_example' build argument 'catkin_skip_building_tests' from command line to 'False'
[0.276s] DEBUG:colcon.colcon_core.verb:Building package 'urdf_example' with the following arguments: {'ament_cmake_args': None, 'build_base': '/home/wilsonlo/dev_ws/build/urdf_example', 'catkin_cmake_args': None, 'catkin_skip_building_tests': False, 'cmake_args': None, 'cmake_clean_cache': False, 'cmake_clean_first': False, 'cmake_force_configure': False, 'cmake_target': None, 'cmake_target_skip_unavailable': False, 'install_base': '/home/wilsonlo/dev_ws/install/urdf_example', 'merge_install': False, 'path': '/home/wilsonlo/dev_ws/src/urdf_example', 'symlink_install': True, 'test_result_base': None}
[0.277s] Level 5:colcon.colcon_core.verb:set package 'serial_motor_demo' build argument 'cmake_args' from command line to 'None'
[0.277s] Level 5:colcon.colcon_core.verb:set package 'serial_motor_demo' build argument 'cmake_target' from command line to 'None'
[0.277s] Level 5:colcon.colcon_core.verb:set package 'serial_motor_demo' build argument 'cmake_target_skip_unavailable' from command line to 'False'
[0.277s] Level 5:colcon.colcon_core.verb:set package 'serial_motor_demo' build argument 'cmake_clean_cache' from command line to 'False'
[0.277s] Level 5:colcon.colcon_core.verb:set package 'serial_motor_demo' build argument 'cmake_clean_first' from command line to 'False'
[0.277s] Level 5:colcon.colcon_core.verb:set package 'serial_motor_demo' build argument 'cmake_force_configure' from command line to 'False'
[0.277s] Level 5:colcon.colcon_core.verb:set package 'serial_motor_demo' build argument 'ament_cmake_args' from command line to 'None'
[0.277s] Level 5:colcon.colcon_core.verb:set package 'serial_motor_demo' build argument 'catkin_cmake_args' from command line to 'None'
[0.277s] Level 5:colcon.colcon_core.verb:set package 'serial_motor_demo' build argument 'catkin_skip_building_tests' from command line to 'False'
[0.277s] DEBUG:colcon.colcon_core.verb:Building package 'serial_motor_demo' with the following arguments: {'ament_cmake_args': None, 'build_base': '/home/wilsonlo/dev_ws/build/serial_motor_demo', 'catkin_cmake_args': None, 'catkin_skip_building_tests': False, 'cmake_args': None, 'cmake_clean_cache': False, 'cmake_clean_first': False, 'cmake_force_configure': False, 'cmake_target': None, 'cmake_target_skip_unavailable': False, 'install_base': '/home/wilsonlo/dev_ws/install/serial_motor_demo', 'merge_install': False, 'path': '/home/wilsonlo/dev_ws/src/serial_motor_demo/serial_motor_demo', 'symlink_install': True, 'test_result_base': None}
[0.277s] INFO:colcon.colcon_core.executor:Executing jobs using 'parallel' executor
[0.278s] DEBUG:colcon.colcon_parallel_executor.executor.parallel:run_until_complete
[0.278s] INFO:colcon.colcon_ros.task.ament_cmake.build:Building ROS package in '/home/wilsonlo/dev_ws/src/serial_motor_demo/serial_motor_demo_msgs' with build type 'ament_cmake'
[0.278s] INFO:colcon.colcon_cmake.task.cmake.build:Building CMake package in '/home/wilsonlo/dev_ws/src/serial_motor_demo/serial_motor_demo_msgs'
[0.280s] INFO:colcon.colcon_core.plugin_system:Skipping extension 'colcon_core.shell.bat': Not used on non-Windows systems
[0.280s] INFO:colcon.colcon_core.shell:Skip shell extension 'powershell' for command environment: Not usable outside of PowerShell
[0.280s] DEBUG:colcon.colcon_core.shell:Skip shell extension 'dsv' for command environment
[0.284s] INFO:colcon.colcon_ros.task.ament_cmake.build:Building ROS package in '/home/wilsonlo/dev_ws/src/articubot_one' with build type 'ament_cmake'
[0.285s] INFO:colcon.colcon_cmake.task.cmake.build:Building CMake package in '/home/wilsonlo/dev_ws/src/articubot_one'
[0.285s] INFO:colcon.colcon_core.shell:Skip shell extension 'powershell' for command environment: Not usable outside of PowerShell
[0.285s] DEBUG:colcon.colcon_core.shell:Skip shell extension 'dsv' for command environment
[0.289s] INFO:colcon.colcon_ros.task.ament_cmake.build:Building ROS package in '/home/wilsonlo/dev_ws/src/dd_bot' with build type 'ament_cmake'
[0.289s] INFO:colcon.colcon_cmake.task.cmake.build:Building CMake package in '/home/wilsonlo/dev_ws/src/dd_bot'
[0.289s] INFO:colcon.colcon_core.shell:Skip shell extension 'powershell' for command environment: Not usable outside of PowerShell
[0.289s] DEBUG:colcon.colcon_core.shell:Skip shell extension 'dsv' for command environment
[0.293s] INFO:colcon.colcon_ros.task.ament_cmake.build:Building ROS package in '/home/wilsonlo/dev_ws/src/my_package' with build type 'ament_cmake'
[0.293s] INFO:colcon.colcon_cmake.task.cmake.build:Building CMake package in '/home/wilsonlo/dev_ws/src/my_package'
[0.293s] INFO:colcon.colcon_core.shell:Skip shell extension 'powershell' for command environment: Not usable outside of PowerShell
[0.293s] DEBUG:colcon.colcon_core.shell:Skip shell extension 'dsv' for command environment
[0.297s] INFO:colcon.colcon_ros.task.ament_cmake.build:Building ROS package in '/home/wilsonlo/dev_ws/src/urdf_example' with build type 'ament_cmake'
[0.297s] INFO:colcon.colcon_cmake.task.cmake.build:Building CMake package in '/home/wilsonlo/dev_ws/src/urdf_example'
[0.297s] INFO:colcon.colcon_core.shell:Skip shell extension 'powershell' for command environment: Not usable outside of PowerShell
[0.297s] DEBUG:colcon.colcon_core.shell:Skip shell extension 'dsv' for command environment
[0.308s] DEBUG:colcon.colcon_core.event_handler.log_command:Invoking command in '/home/wilsonlo/dev_ws/build/serial_motor_demo_msgs': CMAKE_PREFIX_PATH=${CMAKE_PREFIX_PATH}:/home/wilsonlo/dev_ws/install/serial_motor_demo:/opt/ros/jazzy DEBUGINFOD_URLS=https://debuginfod.ubuntu.com /usr/bin/cmake --build /home/wilsonlo/dev_ws/build/serial_motor_demo_msgs -- -j8 -l8
[0.310s] DEBUG:colcon.colcon_core.event_handler.log_command:Invoking command in '/home/wilsonlo/dev_ws/build/articubot_one': CMAKE_PREFIX_PATH=${CMAKE_PREFIX_PATH}:/home/wilsonlo/dev_ws/install/serial_motor_demo:/opt/ros/jazzy DEBUGINFOD_URLS=https://debuginfod.ubuntu.com /usr/bin/cmake --build /home/wilsonlo/dev_ws/build/articubot_one -- -j8 -l8
[0.314s] DEBUG:colcon.colcon_core.event_handler.log_command:Invoking command in '/home/wilsonlo/dev_ws/build/dd_bot': CMAKE_PREFIX_PATH=${CMAKE_PREFIX_PATH}:/home/wilsonlo/dev_ws/install/serial_motor_demo:/opt/ros/jazzy DEBUGINFOD_URLS=https://debuginfod.ubuntu.com /usr/bin/cmake --build /home/wilsonlo/dev_ws/build/dd_bot -- -j8 -l8
[0.320s] DEBUG:colcon.colcon_core.event_handler.log_command:Invoking command in '/home/wilsonlo/dev_ws/build/my_package': CMAKE_PREFIX_PATH=${CMAKE_PREFIX_PATH}:/home/wilsonlo/dev_ws/install/serial_motor_demo:/opt/ros/jazzy DEBUGINFOD_URLS=https://debuginfod.ubuntu.com /usr/bin/cmake --build /home/wilsonlo/dev_ws/build/my_package -- -j8 -l8
[0.324s] DEBUG:colcon.colcon_core.event_handler.log_command:Invoking command in '/home/wilsonlo/dev_ws/build/urdf_example': CMAKE_PREFIX_PATH=${CMAKE_PREFIX_PATH}:/home/wilsonlo/dev_ws/install/serial_motor_demo:/opt/ros/jazzy DEBUGINFOD_URLS=https://debuginfod.ubuntu.com /usr/bin/cmake --build /home/wilsonlo/dev_ws/build/urdf_example -- -j8 -l8
[0.360s] DEBUG:colcon.colcon_core.event_handler.log_command:Invoked command in '/home/wilsonlo/dev_ws/build/articubot_one' returned '0': CMAKE_PREFIX_PATH=${CMAKE_PREFIX_PATH}:/home/wilsonlo/dev_ws/install/serial_motor_demo:/opt/ros/jazzy DEBUGINFOD_URLS=https://debuginfod.ubuntu.com /usr/bin/cmake --build /home/wilsonlo/dev_ws/build/articubot_one -- -j8 -l8
[0.370s] DEBUG:colcon.colcon_core.event_handler.log_command:Invoking command in '/home/wilsonlo/dev_ws/build/articubot_one': CMAKE_PREFIX_PATH=${CMAKE_PREFIX_PATH}:/home/wilsonlo/dev_ws/install/serial_motor_demo:/opt/ros/jazzy DEBUGINFOD_URLS=https://debuginfod.ubuntu.com /usr/bin/cmake --install /home/wilsonlo/dev_ws/build/articubot_one
[0.372s] DEBUG:colcon.colcon_core.event_handler.log_command:Invoked command in '/home/wilsonlo/dev_ws/build/dd_bot' returned '0': CMAKE_PREFIX_PATH=${CMAKE_PREFIX_PATH}:/home/wilsonlo/dev_ws/install/serial_motor_demo:/opt/ros/jazzy DEBUGINFOD_URLS=https://debuginfod.ubuntu.com /usr/bin/cmake --build /home/wilsonlo/dev_ws/build/dd_bot -- -j8 -l8
[0.373s] DEBUG:colcon.colcon_core.event_handler.log_command:Invoking command in '/home/wilsonlo/dev_ws/build/dd_bot': CMAKE_PREFIX_PATH=${CMAKE_PREFIX_PATH}:/home/wilsonlo/dev_ws/install/serial_motor_demo:/opt/ros/jazzy DEBUGINFOD_URLS=https://debuginfod.ubuntu.com /usr/bin/cmake --install /home/wilsonlo/dev_ws/build/dd_bot
[0.373s] DEBUG:colcon.colcon_core.event_handler.log_command:Invoked command in '/home/wilsonlo/dev_ws/build/my_package' returned '0': CMAKE_PREFIX_PATH=${CMAKE_PREFIX_PATH}:/home/wilsonlo/dev_ws/install/serial_motor_demo:/opt/ros/jazzy DEBUGINFOD_URLS=https://debuginfod.ubuntu.com /usr/bin/cmake --build /home/wilsonlo/dev_ws/build/my_package -- -j8 -l8
[0.375s] DEBUG:colcon.colcon_core.event_handler.log_command:Invoking command in '/home/wilsonlo/dev_ws/build/my_package': CMAKE_PREFIX_PATH=${CMAKE_PREFIX_PATH}:/home/wilsonlo/dev_ws/install/serial_motor_demo:/opt/ros/jazzy DEBUGINFOD_URLS=https://debuginfod.ubuntu.com /usr/bin/cmake --install /home/wilsonlo/dev_ws/build/my_package
[0.377s] DEBUG:colcon.colcon_core.event_handler.log_command:Invoked command in '/home/wilsonlo/dev_ws/build/urdf_example' returned '0': CMAKE_PREFIX_PATH=${CMAKE_PREFIX_PATH}:/home/wilsonlo/dev_ws/install/serial_motor_demo:/opt/ros/jazzy DEBUGINFOD_URLS=https://debuginfod.ubuntu.com /usr/bin/cmake --build /home/wilsonlo/dev_ws/build/urdf_example -- -j8 -l8
[0.379s] DEBUG:colcon.colcon_core.event_handler.log_command:Invoking command in '/home/wilsonlo/dev_ws/build/urdf_example': CMAKE_PREFIX_PATH=${CMAKE_PREFIX_PATH}:/home/wilsonlo/dev_ws/install/serial_motor_demo:/opt/ros/jazzy DEBUGINFOD_URLS=https://debuginfod.ubuntu.com /usr/bin/cmake --install /home/wilsonlo/dev_ws/build/urdf_example
[0.411s] Level 1:colcon.colcon_core.environment:create_environment_scripts_only(my_package)
[0.418s] Level 1:colcon.colcon_core.environment:checking '/home/wilsonlo/dev_ws/install/my_package' for CMake module files
[0.419s] Level 1:colcon.colcon_core.environment:checking '/home/wilsonlo/dev_ws/install/my_package' for CMake config files
[0.420s] DEBUG:colcon.colcon_core.event_handler.log_command:Invoked command in '/home/wilsonlo/dev_ws/build/my_package' returned '0': CMAKE_PREFIX_PATH=${CMAKE_PREFIX_PATH}:/home/wilsonlo/dev_ws/install/serial_motor_demo:/opt/ros/jazzy DEBUGINFOD_URLS=https://debuginfod.ubuntu.com /usr/bin/cmake --install /home/wilsonlo/dev_ws/build/my_package
[0.421s] Level 1:colcon.colcon_core.shell:create_environment_hook('my_package', 'cmake_prefix_path')
[0.421s] INFO:colcon.colcon_core.shell:Creating environment hook '/home/wilsonlo/dev_ws/install/my_package/share/my_package/hook/cmake_prefix_path.ps1'
[0.422s] INFO:colcon.colcon_core.shell:Creating environment descriptor '/home/wilsonlo/dev_ws/install/my_package/share/my_package/hook/cmake_prefix_path.dsv'
[0.422s] INFO:colcon.colcon_core.shell:Creating environment hook '/home/wilsonlo/dev_ws/install/my_package/share/my_package/hook/cmake_prefix_path.sh'
[0.424s] Level 1:colcon.colcon_core.environment:checking '/home/wilsonlo/dev_ws/install/my_package/bin'
[0.424s] Level 1:colcon.colcon_core.environment:checking '/home/wilsonlo/dev_ws/install/my_package/lib/pkgconfig/my_package.pc'
[0.425s] Level 1:colcon.colcon_core.environment:checking '/home/wilsonlo/dev_ws/install/my_package/lib/python3.12/site-packages'
[0.425s] Level 1:colcon.colcon_core.environment:checking '/home/wilsonlo/dev_ws/install/my_package/bin'
[0.425s] INFO:colcon.colcon_core.shell:Creating package script '/home/wilsonlo/dev_ws/install/my_package/share/my_package/package.ps1'
[0.426s] INFO:colcon.colcon_core.shell:Creating package descriptor '/home/wilsonlo/dev_ws/install/my_package/share/my_package/package.dsv'
[0.427s] INFO:colcon.colcon_core.shell:Creating package script '/home/wilsonlo/dev_ws/install/my_package/share/my_package/package.sh'
[0.428s] INFO:colcon.colcon_core.shell:Creating package script '/home/wilsonlo/dev_ws/install/my_package/share/my_package/package.bash'
[0.429s] INFO:colcon.colcon_core.shell:Creating package script '/home/wilsonlo/dev_ws/install/my_package/share/my_package/package.zsh'
[0.430s] Level 1:colcon.colcon_core.environment:create_file_with_runtime_dependencies(/home/wilsonlo/dev_ws/install/my_package/share/colcon-core/packages/my_package)
[0.431s] Level 1:colcon.colcon_core.environment:create_environment_scripts_only(my_package)
[0.431s] Level 1:colcon.colcon_core.environment:checking '/home/wilsonlo/dev_ws/install/my_package' for CMake module files
[0.432s] Level 1:colcon.colcon_core.environment:checking '/home/wilsonlo/dev_ws/install/my_package' for CMake config files
[0.432s] Level 1:colcon.colcon_core.shell:create_environment_hook('my_package', 'cmake_prefix_path')
[0.433s] INFO:colcon.colcon_core.shell:Creating environment hook '/home/wilsonlo/dev_ws/install/my_package/share/my_package/hook/cmake_prefix_path.ps1'
[0.610s] INFO:colcon.colcon_core.shell:Creating environment descriptor '/home/wilsonlo/dev_ws/install/my_package/share/my_package/hook/cmake_prefix_path.dsv'
[0.610s] INFO:colcon.colcon_core.shell:Creating environment hook '/home/wilsonlo/dev_ws/install/my_package/share/my_package/hook/cmake_prefix_path.sh'
[0.611s] Level 1:colcon.colcon_core.environment:checking '/home/wilsonlo/dev_ws/install/my_package/bin'
[0.611s] Level 1:colcon.colcon_core.environment:checking '/home/wilsonlo/dev_ws/install/my_package/lib/pkgconfig/my_package.pc'
[0.611s] Level 1:colcon.colcon_core.environment:checking '/home/wilsonlo/dev_ws/install/my_package/lib/python3.12/site-packages'
[0.611s] Level 1:colcon.colcon_core.environment:checking '/home/wilsonlo/dev_ws/install/my_package/bin'
[0.611s] INFO:colcon.colcon_core.shell:Creating package script '/home/wilsonlo/dev_ws/install/my_package/share/my_package/package.ps1'
[0.612s] INFO:colcon.colcon_core.shell:Creating package descriptor '/home/wilsonlo/dev_ws/install/my_package/share/my_package/package.dsv'
[0.612s] INFO:colcon.colcon_core.shell:Creating package script '/home/wilsonlo/dev_ws/install/my_package/share/my_package/package.sh'
[0.613s] INFO:colcon.colcon_core.shell:Creating package script '/home/wilsonlo/dev_ws/install/my_package/share/my_package/package.bash'
[0.613s] INFO:colcon.colcon_core.shell:Creating package script '/home/wilsonlo/dev_ws/install/my_package/share/my_package/package.zsh'
[0.614s] Level 1:colcon.colcon_core.environment:create_file_with_runtime_dependencies(/home/wilsonlo/dev_ws/install/my_package/share/colcon-core/packages/my_package)
[0.615s] Level 1:colcon.colcon_core.environment:create_environment_scripts_only(dd_bot)
[0.615s] Level 1:colcon.colcon_core.environment:checking '/home/wilsonlo/dev_ws/install/dd_bot' for CMake module files
[0.615s] DEBUG:colcon.colcon_core.event_handler.log_command:Invoked command in '/home/wilsonlo/dev_ws/build/dd_bot' returned '0': CMAKE_PREFIX_PATH=${CMAKE_PREFIX_PATH}:/home/wilsonlo/dev_ws/install/serial_motor_demo:/opt/ros/jazzy DEBUGINFOD_URLS=https://debuginfod.ubuntu.com /usr/bin/cmake --install /home/wilsonlo/dev_ws/build/dd_bot
[0.616s] Level 1:colcon.colcon_core.environment:checking '/home/wilsonlo/dev_ws/install/dd_bot' for CMake config files
[0.617s] Level 1:colcon.colcon_core.shell:create_environment_hook('dd_bot', 'cmake_prefix_path')
[0.617s] INFO:colcon.colcon_core.shell:Creating environment hook '/home/wilsonlo/dev_ws/install/dd_bot/share/dd_bot/hook/cmake_prefix_path.ps1'
[0.617s] INFO:colcon.colcon_core.shell:Creating environment descriptor '/home/wilsonlo/dev_ws/install/dd_bot/share/dd_bot/hook/cmake_prefix_path.dsv'
[0.618s] INFO:colcon.colcon_core.shell:Creating environment hook '/home/wilsonlo/dev_ws/install/dd_bot/share/dd_bot/hook/cmake_prefix_path.sh'
[0.618s] Level 1:colcon.colcon_core.environment:checking '/home/wilsonlo/dev_ws/install/dd_bot/bin'
[0.618s] Level 1:colcon.colcon_core.environment:checking '/home/wilsonlo/dev_ws/install/dd_bot/lib/pkgconfig/dd_bot.pc'
[0.618s] Level 1:colcon.colcon_core.environment:checking '/home/wilsonlo/dev_ws/install/dd_bot/lib/python3.12/site-packages'
[0.619s] Level 1:colcon.colcon_core.environment:checking '/home/wilsonlo/dev_ws/install/dd_bot/bin'
[0.619s] INFO:colcon.colcon_core.shell:Creating package script '/home/wilsonlo/dev_ws/install/dd_bot/share/dd_bot/package.ps1'
[0.619s] INFO:colcon.colcon_core.shell:Creating package descriptor '/home/wilsonlo/dev_ws/install/dd_bot/share/dd_bot/package.dsv'
[0.620s] INFO:colcon.colcon_core.shell:Creating package script '/home/wilsonlo/dev_ws/install/dd_bot/share/dd_bot/package.sh'
[0.620s] INFO:colcon.colcon_core.shell:Creating package script '/home/wilsonlo/dev_ws/install/dd_bot/share/dd_bot/package.bash'
[0.620s] INFO:colcon.colcon_core.shell:Creating package script '/home/wilsonlo/dev_ws/install/dd_bot/share/dd_bot/package.zsh'
[0.621s] Level 1:colcon.colcon_core.environment:create_file_with_runtime_dependencies(/home/wilsonlo/dev_ws/install/dd_bot/share/colcon-core/packages/dd_bot)
[0.621s] Level 1:colcon.colcon_core.environment:create_environment_scripts_only(dd_bot)
[0.621s] Level 1:colcon.colcon_core.environment:checking '/home/wilsonlo/dev_ws/install/dd_bot' for CMake module files
[0.622s] Level 1:colcon.colcon_core.environment:checking '/home/wilsonlo/dev_ws/install/dd_bot' for CMake config files
[0.622s] Level 1:colcon.colcon_core.shell:create_environment_hook('dd_bot', 'cmake_prefix_path')
[0.622s] INFO:colcon.colcon_core.shell:Creating environment hook '/home/wilsonlo/dev_ws/install/dd_bot/share/dd_bot/hook/cmake_prefix_path.ps1'
[0.887s] INFO:colcon.colcon_core.shell:Creating environment descriptor '/home/wilsonlo/dev_ws/install/dd_bot/share/dd_bot/hook/cmake_prefix_path.dsv'
[0.888s] INFO:colcon.colcon_core.shell:Creating environment hook '/home/wilsonlo/dev_ws/install/dd_bot/share/dd_bot/hook/cmake_prefix_path.sh'
[0.888s] Level 1:colcon.colcon_core.environment:checking '/home/wilsonlo/dev_ws/install/dd_bot/bin'
[0.888s] Level 1:colcon.colcon_core.environment:checking '/home/wilsonlo/dev_ws/install/dd_bot/lib/pkgconfig/dd_bot.pc'
[0.888s] Level 1:colcon.colcon_core.environment:checking '/home/wilsonlo/dev_ws/install/dd_bot/lib/python3.12/site-packages'
[0.889s] Level 1:colcon.colcon_core.environment:checking '/home/wilsonlo/dev_ws/install/dd_bot/bin'
[0.889s] INFO:colcon.colcon_core.shell:Creating package script '/home/wilsonlo/dev_ws/install/dd_bot/share/dd_bot/package.ps1'
[0.890s] INFO:colcon.colcon_core.shell:Creating package descriptor '/home/wilsonlo/dev_ws/install/dd_bot/share/dd_bot/package.dsv'
[0.890s] INFO:colcon.colcon_core.shell:Creating package script '/home/wilsonlo/dev_ws/install/dd_bot/share/dd_bot/package.sh'
[0.890s] INFO:colcon.colcon_core.shell:Creating package script '/home/wilsonlo/dev_ws/install/dd_bot/share/dd_bot/package.bash'
[0.891s] INFO:colcon.colcon_core.shell:Creating package script '/home/wilsonlo/dev_ws/install/dd_bot/share/dd_bot/package.zsh'
[0.891s] Level 1:colcon.colcon_core.environment:create_file_with_runtime_dependencies(/home/wilsonlo/dev_ws/install/dd_bot/share/colcon-core/packages/dd_bot)
[0.891s] Level 1:colcon.colcon_core.environment:create_environment_scripts_only(articubot_one)
[0.891s] Level 1:colcon.colcon_core.environment:checking '/home/wilsonlo/dev_ws/install/articubot_one' for CMake module files
[0.892s] DEBUG:colcon.colcon_core.event_handler.log_command:Invoked command in '/home/wilsonlo/dev_ws/build/articubot_one' returned '0': CMAKE_PREFIX_PATH=${CMAKE_PREFIX_PATH}:/home/wilsonlo/dev_ws/install/serial_motor_demo:/opt/ros/jazzy DEBUGINFOD_URLS=https://debuginfod.ubuntu.com /usr/bin/cmake --install /home/wilsonlo/dev_ws/build/articubot_one
[0.893s] Level 1:colcon.colcon_core.environment:checking '/home/wilsonlo/dev_ws/install/articubot_one' for CMake config files
[0.893s] Level 1:colcon.colcon_core.shell:create_environment_hook('articubot_one', 'cmake_prefix_path')
[0.893s] INFO:colcon.colcon_core.shell:Creating environment hook '/home/wilsonlo/dev_ws/install/articubot_one/share/articubot_one/hook/cmake_prefix_path.ps1'
[0.893s] INFO:colcon.colcon_core.shell:Creating environment descriptor '/home/wilsonlo/dev_ws/install/articubot_one/share/articubot_one/hook/cmake_prefix_path.dsv'
[0.894s] INFO:colcon.colcon_core.shell:Creating environment hook '/home/wilsonlo/dev_ws/install/articubot_one/share/articubot_one/hook/cmake_prefix_path.sh'
[0.894s] Level 1:colcon.colcon_core.environment:checking '/home/wilsonlo/dev_ws/install/articubot_one/bin'
[0.894s] Level 1:colcon.colcon_core.environment:checking '/home/wilsonlo/dev_ws/install/articubot_one/lib/pkgconfig/articubot_one.pc'
[0.895s] Level 1:colcon.colcon_core.environment:checking '/home/wilsonlo/dev_ws/install/articubot_one/lib/python3.12/site-packages'
[0.895s] Level 1:colcon.colcon_core.environment:checking '/home/wilsonlo/dev_ws/install/articubot_one/bin'
[0.895s] INFO:colcon.colcon_core.shell:Creating package script '/home/wilsonlo/dev_ws/install/articubot_one/share/articubot_one/package.ps1'
[0.895s] INFO:colcon.colcon_core.shell:Creating package descriptor '/home/wilsonlo/dev_ws/install/articubot_one/share/articubot_one/package.dsv'
[0.896s] INFO:colcon.colcon_core.shell:Creating package script '/home/wilsonlo/dev_ws/install/articubot_one/share/articubot_one/package.sh'
[0.896s] INFO:colcon.colcon_core.shell:Creating package script '/home/wilsonlo/dev_ws/install/articubot_one/share/articubot_one/package.bash'
[0.896s] INFO:colcon.colcon_core.shell:Creating package script '/home/wilsonlo/dev_ws/install/articubot_one/share/articubot_one/package.zsh'
[0.897s] Level 1:colcon.colcon_core.environment:create_file_with_runtime_dependencies(/home/wilsonlo/dev_ws/install/articubot_one/share/colcon-core/packages/articubot_one)
[0.897s] Level 1:colcon.colcon_core.environment:create_environment_scripts_only(articubot_one)
[0.897s] Level 1:colcon.colcon_core.environment:checking '/home/wilsonlo/dev_ws/install/articubot_one' for CMake module files
[0.898s] Level 1:colcon.colcon_core.environment:checking '/home/wilsonlo/dev_ws/install/articubot_one' for CMake config files
[0.898s] Level 1:colcon.colcon_core.shell:create_environment_hook('articubot_one', 'cmake_prefix_path')
[0.898s] INFO:colcon.colcon_core.shell:Creating environment hook '/home/wilsonlo/dev_ws/install/articubot_one/share/articubot_one/hook/cmake_prefix_path.ps1'
[1.115s] INFO:colcon.colcon_core.shell:Creating environment descriptor '/home/wilsonlo/dev_ws/install/articubot_one/share/articubot_one/hook/cmake_prefix_path.dsv'
[1.116s] INFO:colcon.colcon_core.shell:Creating environment hook '/home/wilsonlo/dev_ws/install/articubot_one/share/articubot_one/hook/cmake_prefix_path.sh'
[1.116s] Level 1:colcon.colcon_core.environment:checking '/home/wilsonlo/dev_ws/install/articubot_one/bin'
[1.116s] Level 1:colcon.colcon_core.environment:checking '/home/wilsonlo/dev_ws/install/articubot_one/lib/pkgconfig/articubot_one.pc'
[1.117s] Level 1:colcon.colcon_core.environment:checking '/home/wilsonlo/dev_ws/install/articubot_one/lib/python3.12/site-packages'
[1.117s] Level 1:colcon.colcon_core.environment:checking '/home/wilsonlo/dev_ws/install/articubot_one/bin'
[1.117s] INFO:colcon.colcon_core.shell:Creating package script '/home/wilsonlo/dev_ws/install/articubot_one/share/articubot_one/package.ps1'
[1.118s] INFO:colcon.colcon_core.shell:Creating package descriptor '/home/wilsonlo/dev_ws/install/articubot_one/share/articubot_one/package.dsv'
[1.118s] INFO:colcon.colcon_core.shell:Creating package script '/home/wilsonlo/dev_ws/install/articubot_one/share/articubot_one/package.sh'
[1.118s] INFO:colcon.colcon_core.shell:Creating package script '/home/wilsonlo/dev_ws/install/articubot_one/share/articubot_one/package.bash'
[1.119s] INFO:colcon.colcon_core.shell:Creating package script '/home/wilsonlo/dev_ws/install/articubot_one/share/articubot_one/package.zsh'
[1.119s] Level 1:colcon.colcon_core.environment:create_file_with_runtime_dependencies(/home/wilsonlo/dev_ws/install/articubot_one/share/colcon-core/packages/articubot_one)
[1.120s] Level 1:colcon.colcon_core.environment:create_environment_scripts_only(urdf_example)
[1.120s] Level 1:colcon.colcon_core.environment:checking '/home/wilsonlo/dev_ws/install/urdf_example' for CMake module files
[1.120s] DEBUG:colcon.colcon_core.event_handler.log_command:Invoked command in '/home/wilsonlo/dev_ws/build/urdf_example' returned '0': CMAKE_PREFIX_PATH=${CMAKE_PREFIX_PATH}:/home/wilsonlo/dev_ws/install/serial_motor_demo:/opt/ros/jazzy DEBUGINFOD_URLS=https://debuginfod.ubuntu.com /usr/bin/cmake --install /home/wilsonlo/dev_ws/build/urdf_example
[1.121s] Level 1:colcon.colcon_core.environment:checking '/home/wilsonlo/dev_ws/install/urdf_example' for CMake config files
[1.121s] Level 1:colcon.colcon_core.shell:create_environment_hook('urdf_example', 'cmake_prefix_path')
[1.121s] INFO:colcon.colcon_core.shell:Creating environment hook '/home/wilsonlo/dev_ws/install/urdf_example/share/urdf_example/hook/cmake_prefix_path.ps1'
[1.122s] INFO:colcon.colcon_core.shell:Creating environment descriptor '/home/wilsonlo/dev_ws/install/urdf_example/share/urdf_example/hook/cmake_prefix_path.dsv'
[1.122s] INFO:colcon.colcon_core.shell:Creating environment hook '/home/wilsonlo/dev_ws/install/urdf_example/share/urdf_example/hook/cmake_prefix_path.sh'
[1.123s] Level 1:colcon.colcon_core.environment:checking '/home/wilsonlo/dev_ws/install/urdf_example/bin'
[1.123s] Level 1:colcon.colcon_core.environment:checking '/home/wilsonlo/dev_ws/install/urdf_example/lib/pkgconfig/urdf_example.pc'
[1.123s] Level 1:colcon.colcon_core.environment:checking '/home/wilsonlo/dev_ws/install/urdf_example/lib/python3.12/site-packages'
[1.123s] Level 1:colcon.colcon_core.environment:checking '/home/wilsonlo/dev_ws/install/urdf_example/bin'
[1.123s] INFO:colcon.colcon_core.shell:Creating package script '/home/wilsonlo/dev_ws/install/urdf_example/share/urdf_example/package.ps1'
[1.124s] INFO:colcon.colcon_core.shell:Creating package descriptor '/home/wilsonlo/dev_ws/install/urdf_example/share/urdf_example/package.dsv'
[1.124s] INFO:colcon.colcon_core.shell:Creating package script '/home/wilsonlo/dev_ws/install/urdf_example/share/urdf_example/package.sh'
[1.125s] INFO:colcon.colcon_core.shell:Creating package script '/home/wilsonlo/dev_ws/install/urdf_example/share/urdf_example/package.bash'
[1.125s] INFO:colcon.colcon_core.shell:Creating package script '/home/wilsonlo/dev_ws/install/urdf_example/share/urdf_example/package.zsh'
[1.125s] Level 1:colcon.colcon_core.environment:create_file_with_runtime_dependencies(/home/wilsonlo/dev_ws/install/urdf_example/share/colcon-core/packages/urdf_example)
[1.126s] Level 1:colcon.colcon_core.environment:create_environment_scripts_only(urdf_example)
[1.126s] Level 1:colcon.colcon_core.environment:checking '/home/wilsonlo/dev_ws/install/urdf_example' for CMake module files
[1.126s] Level 1:colcon.colcon_core.environment:checking '/home/wilsonlo/dev_ws/install/urdf_example' for CMake config files
[1.126s] Level 1:colcon.colcon_core.shell:create_environment_hook('urdf_example', 'cmake_prefix_path')
[1.126s] INFO:colcon.colcon_core.shell:Creating environment hook '/home/wilsonlo/dev_ws/install/urdf_example/share/urdf_example/hook/cmake_prefix_path.ps1'
[1.366s] INFO:colcon.colcon_core.shell:Creating environment descriptor '/home/wilsonlo/dev_ws/install/urdf_example/share/urdf_example/hook/cmake_prefix_path.dsv'
[1.367s] INFO:colcon.colcon_core.shell:Creating environment hook '/home/wilsonlo/dev_ws/install/urdf_example/share/urdf_example/hook/cmake_prefix_path.sh'
[1.367s] Level 1:colcon.colcon_core.environment:checking '/home/wilsonlo/dev_ws/install/urdf_example/bin'
[1.367s] Level 1:colcon.colcon_core.environment:checking '/home/wilsonlo/dev_ws/install/urdf_example/lib/pkgconfig/urdf_example.pc'
[1.368s] Level 1:colcon.colcon_core.environment:checking '/home/wilsonlo/dev_ws/install/urdf_example/lib/python3.12/site-packages'
[1.368s] Level 1:colcon.colcon_core.environment:checking '/home/wilsonlo/dev_ws/install/urdf_example/bin'
[1.368s] INFO:colcon.colcon_core.shell:Creating package script '/home/wilsonlo/dev_ws/install/urdf_example/share/urdf_example/package.ps1'
[1.368s] INFO:colcon.colcon_core.shell:Creating package descriptor '/home/wilsonlo/dev_ws/install/urdf_example/share/urdf_example/package.dsv'
[1.369s] INFO:colcon.colcon_core.shell:Creating package script '/home/wilsonlo/dev_ws/install/urdf_example/share/urdf_example/package.sh'
[1.369s] INFO:colcon.colcon_core.shell:Creating package script '/home/wilsonlo/dev_ws/install/urdf_example/share/urdf_example/package.bash'
[1.369s] INFO:colcon.colcon_core.shell:Creating package script '/home/wilsonlo/dev_ws/install/urdf_example/share/urdf_example/package.zsh'
[1.370s] Level 1:colcon.colcon_core.environment:create_file_with_runtime_dependencies(/home/wilsonlo/dev_ws/install/urdf_example/share/colcon-core/packages/urdf_example)
[1.371s] DEBUG:colcon.colcon_core.event_handler.log_command:Invoked command in '/home/wilsonlo/dev_ws/build/serial_motor_demo_msgs' returned '0': CMAKE_PREFIX_PATH=${CMAKE_PREFIX_PATH}:/home/wilsonlo/dev_ws/install/serial_motor_demo:/opt/ros/jazzy DEBUGINFOD_URLS=https://debuginfod.ubuntu.com /usr/bin/cmake --build /home/wilsonlo/dev_ws/build/serial_motor_demo_msgs -- -j8 -l8
[1.372s] DEBUG:colcon.colcon_core.event_handler.log_command:Invoking command in '/home/wilsonlo/dev_ws/build/serial_motor_demo_msgs': CMAKE_PREFIX_PATH=${CMAKE_PREFIX_PATH}:/home/wilsonlo/dev_ws/install/serial_motor_demo:/opt/ros/jazzy DEBUGINFOD_URLS=https://debuginfod.ubuntu.com /usr/bin/cmake --install /home/wilsonlo/dev_ws/build/serial_motor_demo_msgs
[1.447s] Level 1:colcon.colcon_core.environment:create_environment_scripts_only(serial_motor_demo_msgs)
[1.447s] Level 1:colcon.colcon_core.environment:checking '/home/wilsonlo/dev_ws/install/serial_motor_demo_msgs' for CMake module files
[1.448s] DEBUG:colcon.colcon_core.event_handler.log_command:Invoked command in '/home/wilsonlo/dev_ws/build/serial_motor_demo_msgs' returned '0': CMAKE_PREFIX_PATH=${CMAKE_PREFIX_PATH}:/home/wilsonlo/dev_ws/install/serial_motor_demo:/opt/ros/jazzy DEBUGINFOD_URLS=https://debuginfod.ubuntu.com /usr/bin/cmake --install /home/wilsonlo/dev_ws/build/serial_motor_demo_msgs
[1.448s] Level 1:colcon.colcon_core.environment:checking '/home/wilsonlo/dev_ws/install/serial_motor_demo_msgs' for CMake config files
[1.449s] Level 1:colcon.colcon_core.shell:create_environment_hook('serial_motor_demo_msgs', 'cmake_prefix_path')
[1.449s] INFO:colcon.colcon_core.shell:Creating environment hook '/home/wilsonlo/dev_ws/install/serial_motor_demo_msgs/share/serial_motor_demo_msgs/hook/cmake_prefix_path.ps1'
[1.449s] INFO:colcon.colcon_core.shell:Creating environment descriptor '/home/wilsonlo/dev_ws/install/serial_motor_demo_msgs/share/serial_motor_demo_msgs/hook/cmake_prefix_path.dsv'
[1.450s] INFO:colcon.colcon_core.shell:Creating environment hook '/home/wilsonlo/dev_ws/install/serial_motor_demo_msgs/share/serial_motor_demo_msgs/hook/cmake_prefix_path.sh'
[1.450s] Level 1:colcon.colcon_core.environment:checking '/home/wilsonlo/dev_ws/install/serial_motor_demo_msgs/lib'
[1.450s] Level 1:colcon.colcon_core.shell:create_environment_hook('serial_motor_demo_msgs', 'ld_library_path_lib')
[1.450s] INFO:colcon.colcon_core.shell:Creating environment hook '/home/wilsonlo/dev_ws/install/serial_motor_demo_msgs/share/serial_motor_demo_msgs/hook/ld_library_path_lib.ps1'
[1.451s] INFO:colcon.colcon_core.shell:Creating environment descriptor '/home/wilsonlo/dev_ws/install/serial_motor_demo_msgs/share/serial_motor_demo_msgs/hook/ld_library_path_lib.dsv'
[1.451s] INFO:colcon.colcon_core.shell:Creating environment hook '/home/wilsonlo/dev_ws/install/serial_motor_demo_msgs/share/serial_motor_demo_msgs/hook/ld_library_path_lib.sh'
[1.451s] Level 1:colcon.colcon_core.environment:checking '/home/wilsonlo/dev_ws/install/serial_motor_demo_msgs/bin'
[1.451s] Level 1:colcon.colcon_core.environment:checking '/home/wilsonlo/dev_ws/install/serial_motor_demo_msgs/lib/pkgconfig/serial_motor_demo_msgs.pc'
[1.452s] Level 1:colcon.colcon_core.environment:checking '/home/wilsonlo/dev_ws/install/serial_motor_demo_msgs/lib/python3.12/site-packages'
[1.452s] Level 1:colcon.colcon_core.shell:create_environment_hook('serial_motor_demo_msgs', 'pythonpath')
[1.452s] INFO:colcon.colcon_core.shell:Creating environment hook '/home/wilsonlo/dev_ws/install/serial_motor_demo_msgs/share/serial_motor_demo_msgs/hook/pythonpath.ps1'
[1.452s] INFO:colcon.colcon_core.shell:Creating environment descriptor '/home/wilsonlo/dev_ws/install/serial_motor_demo_msgs/share/serial_motor_demo_msgs/hook/pythonpath.dsv'
[1.452s] INFO:colcon.colcon_core.shell:Creating environment hook '/home/wilsonlo/dev_ws/install/serial_motor_demo_msgs/share/serial_motor_demo_msgs/hook/pythonpath.sh'
[1.453s] Level 1:colcon.colcon_core.environment:checking '/home/wilsonlo/dev_ws/install/serial_motor_demo_msgs/bin'
[1.453s] INFO:colcon.colcon_core.shell:Creating package script '/home/wilsonlo/dev_ws/install/serial_motor_demo_msgs/share/serial_motor_demo_msgs/package.ps1'
[1.464s] INFO:colcon.colcon_core.shell:Creating package descriptor '/home/wilsonlo/dev_ws/install/serial_motor_demo_msgs/share/serial_motor_demo_msgs/package.dsv'
[1.464s] INFO:colcon.colcon_core.shell:Creating package script '/home/wilsonlo/dev_ws/install/serial_motor_demo_msgs/share/serial_motor_demo_msgs/package.sh'
[1.465s] INFO:colcon.colcon_core.shell:Creating package script '/home/wilsonlo/dev_ws/install/serial_motor_demo_msgs/share/serial_motor_demo_msgs/package.bash'
[1.465s] INFO:colcon.colcon_core.shell:Creating package script '/home/wilsonlo/dev_ws/install/serial_motor_demo_msgs/share/serial_motor_demo_msgs/package.zsh'
[1.465s] Level 1:colcon.colcon_core.environment:create_file_with_runtime_dependencies(/home/wilsonlo/dev_ws/install/serial_motor_demo_msgs/share/colcon-core/packages/serial_motor_demo_msgs)
[1.466s] Level 1:colcon.colcon_core.environment:create_environment_scripts_only(serial_motor_demo_msgs)
[1.466s] Level 1:colcon.colcon_core.environment:checking '/home/wilsonlo/dev_ws/install/serial_motor_demo_msgs' for CMake module files
[1.467s] Level 1:colcon.colcon_core.environment:checking '/home/wilsonlo/dev_ws/install/serial_motor_demo_msgs' for CMake config files
[1.468s] Level 1:colcon.colcon_core.shell:create_environment_hook('serial_motor_demo_msgs', 'cmake_prefix_path')
[1.468s] INFO:colcon.colcon_core.shell:Creating environment hook '/home/wilsonlo/dev_ws/install/serial_motor_demo_msgs/share/serial_motor_demo_msgs/hook/cmake_prefix_path.ps1'
[1.634s] INFO:colcon.colcon_core.shell:Creating environment descriptor '/home/wilsonlo/dev_ws/install/serial_motor_demo_msgs/share/serial_motor_demo_msgs/hook/cmake_prefix_path.dsv'
[1.634s] INFO:colcon.colcon_core.shell:Creating environment hook '/home/wilsonlo/dev_ws/install/serial_motor_demo_msgs/share/serial_motor_demo_msgs/hook/cmake_prefix_path.sh'
[1.635s] Level 1:colcon.colcon_core.environment:checking '/home/wilsonlo/dev_ws/install/serial_motor_demo_msgs/lib'
[1.635s] Level 1:colcon.colcon_core.shell:create_environment_hook('serial_motor_demo_msgs', 'ld_library_path_lib')
[1.635s] INFO:colcon.colcon_core.shell:Creating environment hook '/home/wilsonlo/dev_ws/install/serial_motor_demo_msgs/share/serial_motor_demo_msgs/hook/ld_library_path_lib.ps1'
[1.636s] INFO:colcon.colcon_core.shell:Creating environment descriptor '/home/wilsonlo/dev_ws/install/serial_motor_demo_msgs/share/serial_motor_demo_msgs/hook/ld_library_path_lib.dsv'
[1.636s] INFO:colcon.colcon_core.shell:Creating environment hook '/home/wilsonlo/dev_ws/install/serial_motor_demo_msgs/share/serial_motor_demo_msgs/hook/ld_library_path_lib.sh'
[1.637s] Level 1:colcon.colcon_core.environment:checking '/home/wilsonlo/dev_ws/install/serial_motor_demo_msgs/bin'
[1.637s] Level 1:colcon.colcon_core.environment:checking '/home/wilsonlo/dev_ws/install/serial_motor_demo_msgs/lib/pkgconfig/serial_motor_demo_msgs.pc'
[1.637s] Level 1:colcon.colcon_core.environment:checking '/home/wilsonlo/dev_ws/install/serial_motor_demo_msgs/lib/python3.12/site-packages'
[1.637s] Level 1:colcon.colcon_core.shell:create_environment_hook('serial_motor_demo_msgs', 'pythonpath')
[1.637s] INFO:colcon.colcon_core.shell:Creating environment hook '/home/wilsonlo/dev_ws/install/serial_motor_demo_msgs/share/serial_motor_demo_msgs/hook/pythonpath.ps1'
[1.638s] INFO:colcon.colcon_core.shell:Creating environment descriptor '/home/wilsonlo/dev_ws/install/serial_motor_demo_msgs/share/serial_motor_demo_msgs/hook/pythonpath.dsv'
[1.638s] INFO:colcon.colcon_core.shell:Creating environment hook '/home/wilsonlo/dev_ws/install/serial_motor_demo_msgs/share/serial_motor_demo_msgs/hook/pythonpath.sh'
[1.639s] Level 1:colcon.colcon_core.environment:checking '/home/wilsonlo/dev_ws/install/serial_motor_demo_msgs/bin'
[1.639s] INFO:colcon.colcon_core.shell:Creating package script '/home/wilsonlo/dev_ws/install/serial_motor_demo_msgs/share/serial_motor_demo_msgs/package.ps1'
[1.640s] INFO:colcon.colcon_core.shell:Creating package descriptor '/home/wilsonlo/dev_ws/install/serial_motor_demo_msgs/share/serial_motor_demo_msgs/package.dsv'
[1.640s] INFO:colcon.colcon_core.shell:Creating package script '/home/wilsonlo/dev_ws/install/serial_motor_demo_msgs/share/serial_motor_demo_msgs/package.sh'
[1.641s] INFO:colcon.colcon_core.shell:Creating package script '/home/wilsonlo/dev_ws/install/serial_motor_demo_msgs/share/serial_motor_demo_msgs/package.bash'
[1.641s] INFO:colcon.colcon_core.shell:Creating package script '/home/wilsonlo/dev_ws/install/serial_motor_demo_msgs/share/serial_motor_demo_msgs/package.zsh'
[1.642s] Level 1:colcon.colcon_core.environment:create_file_with_runtime_dependencies(/home/wilsonlo/dev_ws/install/serial_motor_demo_msgs/share/colcon-core/packages/serial_motor_demo_msgs)
[1.642s] INFO:colcon.colcon_ros.task.ament_python.build:Building ROS package in '/home/wilsonlo/dev_ws/src/serial_motor_demo/serial_motor_demo' with build type 'ament_python'
[1.642s] Level 1:colcon.colcon_core.shell:create_environment_hook('serial_motor_demo', 'ament_prefix_path')
[1.642s] INFO:colcon.colcon_core.shell:Creating environment hook '/home/wilsonlo/dev_ws/install/serial_motor_demo/share/serial_motor_demo/hook/ament_prefix_path.ps1'
[1.643s] INFO:colcon.colcon_core.shell:Creating environment descriptor '/home/wilsonlo/dev_ws/install/serial_motor_demo/share/serial_motor_demo/hook/ament_prefix_path.dsv'
[1.643s] INFO:colcon.colcon_core.shell:Creating environment hook '/home/wilsonlo/dev_ws/install/serial_motor_demo/share/serial_motor_demo/hook/ament_prefix_path.sh'
[1.644s] INFO:colcon.colcon_core.shell:Skip shell extension 'powershell' for command environment: Not usable outside of PowerShell
[1.644s] DEBUG:colcon.colcon_core.shell:Skip shell extension 'dsv' for command environment
[1.884s] INFO:colcon.colcon_core.task.python.build:Building Python package in '/home/wilsonlo/dev_ws/src/serial_motor_demo/serial_motor_demo'
[1.884s] INFO:colcon.colcon_core.shell:Skip shell extension 'powershell' for command environment: Not usable outside of PowerShell
[1.884s] DEBUG:colcon.colcon_core.shell:Skip shell extension 'dsv' for command environment
[2.579s] DEBUG:colcon.colcon_core.event_handler.log_command:Invoking command in '/home/wilsonlo/dev_ws/build/serial_motor_demo': CMAKE_PREFIX_PATH=/home/wilsonlo/dev_ws/install/serial_motor_demo_msgs:/home/wilsonlo/dev_ws/install/urdf_example:/home/wilsonlo/dev_ws/install/my_package:/home/wilsonlo/dev_ws/install/dd_bot:/home/wilsonlo/dev_ws/install/articubot_one:/opt/ros/jazzy/opt/gz_sim_vendor:/opt/ros/jazzy/opt/gz_sensors_vendor:/opt/ros/jazzy/opt/gz_physics_vendor:/opt/ros/jazzy/opt/sdformat_vendor:/opt/ros/jazzy/opt/gz_gui_vendor:/opt/ros/jazzy/opt/gz_transport_vendor:/opt/ros/jazzy/opt/gz_rendering_vendor:/opt/ros/jazzy/opt/gz_plugin_vendor:/opt/ros/jazzy/opt/gz_fuel_tools_vendor:/opt/ros/jazzy/opt/gz_msgs_vendor:/opt/ros/jazzy/opt/gz_common_vendor:/opt/ros/jazzy/opt/gz_math_vendor:/opt/ros/jazzy/opt/gz_utils_vendor:/opt/ros/jazzy/opt/gz_tools_vendor:/opt/ros/jazzy/opt/gz_ogre_next_vendor:/opt/ros/jazzy/opt/gz_dartsim_vendor:/opt/ros/jazzy/opt/gz_cmake_vendor DEBUGINFOD_URLS=https://debuginfod.ubuntu.com PYTHONPATH=/home/wilsonlo/dev_ws/build/serial_motor_demo/prefix_override:/usr/lib/python3/dist-packages/colcon_core/task/python/colcon_distutils_commands:/home/wilsonlo/dev_ws/install/serial_motor_demo/lib/python3.12/site-packages:/home/wilsonlo/dev_ws/install/serial_motor_demo_msgs/lib/python3.12/site-packages:/home/wilsonlo/dev_ws/install/serial_motor_demo/lib/python3.12/site-packages:/opt/ros/jazzy/lib/python3.12/site-packages /usr/bin/python3 -W ignore:setup.py install is deprecated -W ignore:easy_install command is deprecated setup.py develop --editable --build-directory /home/wilsonlo/dev_ws/build/serial_motor_demo/build --no-deps symlink_data
[3.379s] DEBUG:colcon.colcon_core.event_handler.log_command:Invoked command in '/home/wilsonlo/dev_ws/build/serial_motor_demo' returned '1': CMAKE_PREFIX_PATH=/home/wilsonlo/dev_ws/install/serial_motor_demo_msgs:/home/wilsonlo/dev_ws/install/urdf_example:/home/wilsonlo/dev_ws/install/my_package:/home/wilsonlo/dev_ws/install/dd_bot:/home/wilsonlo/dev_ws/install/articubot_one:/opt/ros/jazzy/opt/gz_sim_vendor:/opt/ros/jazzy/opt/gz_sensors_vendor:/opt/ros/jazzy/opt/gz_physics_vendor:/opt/ros/jazzy/opt/sdformat_vendor:/opt/ros/jazzy/opt/gz_gui_vendor:/opt/ros/jazzy/opt/gz_transport_vendor:/opt/ros/jazzy/opt/gz_rendering_vendor:/opt/ros/jazzy/opt/gz_plugin_vendor:/opt/ros/jazzy/opt/gz_fuel_tools_vendor:/opt/ros/jazzy/opt/gz_msgs_vendor:/opt/ros/jazzy/opt/gz_common_vendor:/opt/ros/jazzy/opt/gz_math_vendor:/opt/ros/jazzy/opt/gz_utils_vendor:/opt/ros/jazzy/opt/gz_tools_vendor:/opt/ros/jazzy/opt/gz_ogre_next_vendor:/opt/ros/jazzy/opt/gz_dartsim_vendor:/opt/ros/jazzy/opt/gz_cmake_vendor DEBUGINFOD_URLS=https://debuginfod.ubuntu.com PYTHONPATH=/home/wilsonlo/dev_ws/build/serial_motor_demo/prefix_override:/usr/lib/python3/dist-packages/colcon_core/task/python/colcon_distutils_commands:/home/wilsonlo/dev_ws/install/serial_motor_demo/lib/python3.12/site-packages:/home/wilsonlo/dev_ws/install/serial_motor_demo_msgs/lib/python3.12/site-packages:/home/wilsonlo/dev_ws/install/serial_motor_demo/lib/python3.12/site-packages:/opt/ros/jazzy/lib/python3.12/site-packages /usr/bin/python3 -W ignore:setup.py install is deprecated -W ignore:easy_install command is deprecated setup.py develop --editable --build-directory /home/wilsonlo/dev_ws/build/serial_motor_demo/build --no-deps symlink_data
[3.389s] DEBUG:colcon.colcon_parallel_executor.executor.parallel:closing loop
[3.389s] DEBUG:colcon.colcon_parallel_executor.executor.parallel:loop closed
[3.389s] DEBUG:colcon.colcon_parallel_executor.executor.parallel:run_until_complete finished with '1'
[3.389s] DEBUG:colcon.colcon_core.event_reactor:joining thread
[3.394s] INFO:colcon.colcon_core.plugin_system:Skipping extension 'colcon_notification.desktop_notification.terminal_notifier': Not used on non-Darwin systems
[3.394s] INFO:colcon.colcon_core.plugin_system:Skipping extension 'colcon_notification.desktop_notification.win32': Not used on non-Windows systems
[3.395s] INFO:colcon.colcon_notification.desktop_notification:Sending desktop notification using 'notify2'
[3.412s] DEBUG:colcon.colcon_core.event_reactor:joined thread
[3.413s] INFO:colcon.colcon_core.shell:Creating prefix script '/home/wilsonlo/dev_ws/install/local_setup.ps1'
[3.413s] INFO:colcon.colcon_core.shell:Creating prefix util module '/home/wilsonlo/dev_ws/install/_local_setup_util_ps1.py'
[3.414s] INFO:colcon.colcon_core.shell:Creating prefix chain script '/home/wilsonlo/dev_ws/install/setup.ps1'
[3.416s] INFO:colcon.colcon_core.shell:Creating prefix script '/home/wilsonlo/dev_ws/install/local_setup.sh'
[3.416s] INFO:colcon.colcon_core.shell:Creating prefix util module '/home/wilsonlo/dev_ws/install/_local_setup_util_sh.py'
[3.417s] INFO:colcon.colcon_core.shell:Creating prefix chain script '/home/wilsonlo/dev_ws/install/setup.sh'
[3.418s] INFO:colcon.colcon_core.shell:Creating prefix script '/home/wilsonlo/dev_ws/install/local_setup.bash'
[3.418s] INFO:colcon.colcon_core.shell:Creating prefix chain script '/home/wilsonlo/dev_ws/install/setup.bash'
[3.420s] INFO:colcon.colcon_core.shell:Creating prefix script '/home/wilsonlo/dev_ws/install/local_setup.zsh'
[3.420s] INFO:colcon.colcon_core.shell:Creating prefix chain script '/home/wilsonlo/dev_ws/install/setup.zsh'
