[0.029s] Invoking command in '/home/wilsonlo/dev_ws/build/serial_motor_demo_msgs': CMAKE_PREFIX_PATH=${CMAKE_PREFIX_PATH}:/home/wilsonlo/dev_ws/install/serial_motor_demo:/opt/ros/jazzy DEBUGINFOD_URLS=https://debuginfod.ubuntu.com /usr/bin/cmake /home/wilsonlo/dev_ws/src/serial_motor_demo/serial_motor_demo_msgs -DAMENT_CMAKE_SYMLINK_INSTALL=1 -DCMAKE_INSTALL_PREFIX=/home/wilsonlo/dev_ws/install/serial_motor_demo_msgs
[0.096s] -- The C compiler identification is GNU 13.3.0
[0.159s] -- The CXX compiler identification is GNU 13.3.0
[0.178s] -- Detecting C compiler ABI info
[0.263s] -- Detecting C compiler ABI info - done
[0.275s] -- Check for working C compiler: /usr/bin/cc - skipped
[0.275s] -- Detecting C compile features
[0.275s] -- Detecting C compile features - done
[0.284s] -- Detecting CXX compiler ABI info
[0.373s] -- Detecting CXX compiler ABI info - done
[0.383s] -- Check for working CXX compiler: /usr/bin/c++ - skipped
[0.383s] -- Detecting CXX compile features
[0.384s] -- Detecting CXX compile features - done
[0.388s] -- Found ament_cmake: 2.5.3 (/opt/ros/jazzy/share/ament_cmake/cmake)
[0.556s] -- Found Python3: /usr/bin/python3 (found version "3.12.3") found components: Interpreter 
[0.635s] -- Override CMake install command with custom implementation using symlinks instead of copying resources
[0.694s] -- Found ament_lint_auto: 0.17.2 (/opt/ros/jazzy/share/ament_lint_auto/cmake)
[0.815s] -- Found rosidl_default_generators: 1.6.0 (/opt/ros/jazzy/share/rosidl_default_generators/cmake)
[0.827s] -- Using all available rosidl_typesupport_c: rosidl_typesupport_fastrtps_c;rosidl_typesupport_introspection_c
[0.912s] -- Using all available rosidl_typesupport_cpp: rosidl_typesupport_fastrtps_cpp;rosidl_typesupport_introspection_cpp
[0.971s] -- Found rosidl_adapter: 4.6.5 (/opt/ros/jazzy/share/rosidl_adapter/cmake)
[1.443s] -- Found ament_cmake_ros: 0.12.0 (/opt/ros/jazzy/share/ament_cmake_ros/cmake)
[1.857s] -- Using all available rosidl_typesupport_c: rosidl_typesupport_fastrtps_c;rosidl_typesupport_introspection_c
[2.382s] -- Using all available rosidl_typesupport_cpp: rosidl_typesupport_fastrtps_cpp;rosidl_typesupport_introspection_cpp
[2.387s] -- Found python_cmake_module: 0.11.1 (/opt/ros/jazzy/share/python_cmake_module/cmake)
[2.520s] -- Found PythonExtra: /usr/bin/python3  
[2.952s] -- Found Python3: /usr/bin/python3 (found version "3.12.3") found components: Interpreter Development NumPy Development.Module Development.Embed 
[2.988s] -- Added test 'copyright' to check source files copyright and LICENSE
[2.989s] -- Added test 'lint_cmake' to check CMake code style
[2.991s] -- Added test 'xmllint' to check XML markup files
[2.997s] -- Configuring done (3.0s)
[3.030s] -- Generating done (0.0s)
[3.040s] -- Build files have been written to: /home/wilsonlo/dev_ws/build/serial_motor_demo_msgs
[3.047s] Invoked command in '/home/wilsonlo/dev_ws/build/serial_motor_demo_msgs' returned '0': CMAKE_PREFIX_PATH=${CMAKE_PREFIX_PATH}:/home/wilsonlo/dev_ws/install/serial_motor_demo:/opt/ros/jazzy DEBUGINFOD_URLS=https://debuginfod.ubuntu.com /usr/bin/cmake /home/wilsonlo/dev_ws/src/serial_motor_demo/serial_motor_demo_msgs -DAMENT_CMAKE_SYMLINK_INSTALL=1 -DCMAKE_INSTALL_PREFIX=/home/wilsonlo/dev_ws/install/serial_motor_demo_msgs
[3.048s] Invoking command in '/home/wilsonlo/dev_ws/build/serial_motor_demo_msgs': CMAKE_PREFIX_PATH=${CMAKE_PREFIX_PATH}:/home/wilsonlo/dev_ws/install/serial_motor_demo:/opt/ros/jazzy DEBUGINFOD_URLS=https://debuginfod.ubuntu.com /usr/bin/cmake --build /home/wilsonlo/dev_ws/build/serial_motor_demo_msgs -- -j8 -l8
[3.094s] [  1%] [34m[1mGenerating type hashes for ROS interfaces[0m
[3.105s] [  1%] Built target ament_cmake_python_symlink_serial_motor_demo_msgs
[3.340s] [  1%] Built target serial_motor_demo_msgs__rosidl_generator_type_description
[3.350s] [  3%] [34m[1mGenerating C code for ROS interfaces[0m
[3.360s] [  5%] [34m[1mGenerating C++ code for ROS interfaces[0m
[3.379s] running egg_info
[3.379s] creating serial_motor_demo_msgs.egg-info
[3.405s] writing serial_motor_demo_msgs.egg-info/PKG-INFO
[3.405s] writing dependency_links to serial_motor_demo_msgs.egg-info/dependency_links.txt
[3.406s] writing top-level names to serial_motor_demo_msgs.egg-info/top_level.txt
[3.406s] writing manifest file 'serial_motor_demo_msgs.egg-info/SOURCES.txt'
[3.501s] reading manifest file 'serial_motor_demo_msgs.egg-info/SOURCES.txt'
[3.502s] writing manifest file 'serial_motor_demo_msgs.egg-info/SOURCES.txt'
[3.536s] [  5%] Built target ament_cmake_python_build_serial_motor_demo_msgs_egg
[3.705s] [  5%] Built target serial_motor_demo_msgs__cpp
[3.771s] [ 11%] [32mBuilding C object CMakeFiles/serial_motor_demo_msgs__rosidl_generator_c.dir/rosidl_generator_c/serial_motor_demo_msgs/msg/detail/motor_command__description.c.o[0m
[3.771s] [ 11%] [32mBuilding C object CMakeFiles/serial_motor_demo_msgs__rosidl_generator_c.dir/rosidl_generator_c/serial_motor_demo_msgs/msg/detail/motor_command__functions.c.o[0m
[3.771s] [ 11%] [32mBuilding C object CMakeFiles/serial_motor_demo_msgs__rosidl_generator_c.dir/rosidl_generator_c/serial_motor_demo_msgs/msg/detail/motor_command__type_support.c.o[0m
[3.771s] [ 12%] [32mBuilding C object CMakeFiles/serial_motor_demo_msgs__rosidl_generator_c.dir/rosidl_generator_c/serial_motor_demo_msgs/msg/detail/motor_vels__functions.c.o[0m
[3.772s] [ 14%] [32mBuilding C object CMakeFiles/serial_motor_demo_msgs__rosidl_generator_c.dir/rosidl_generator_c/serial_motor_demo_msgs/msg/detail/motor_vels__description.c.o[0m
[3.772s] [ 16%] [32mBuilding C object CMakeFiles/serial_motor_demo_msgs__rosidl_generator_c.dir/rosidl_generator_c/serial_motor_demo_msgs/msg/detail/encoder_vals__description.c.o[0m
[3.772s] [ 18%] [32mBuilding C object CMakeFiles/serial_motor_demo_msgs__rosidl_generator_c.dir/rosidl_generator_c/serial_motor_demo_msgs/msg/detail/encoder_vals__functions.c.o[0m
[3.777s] [ 20%] [32mBuilding C object CMakeFiles/serial_motor_demo_msgs__rosidl_generator_c.dir/rosidl_generator_c/serial_motor_demo_msgs/msg/detail/motor_vels__type_support.c.o[0m
[4.316s] [ 22%] [32mBuilding C object CMakeFiles/serial_motor_demo_msgs__rosidl_generator_c.dir/rosidl_generator_c/serial_motor_demo_msgs/msg/detail/encoder_vals__type_support.c.o[0m
[4.581s] [ 24%] [32m[1mLinking C shared library libserial_motor_demo_msgs__rosidl_generator_c.so[0m
[4.613s] [ 24%] Built target serial_motor_demo_msgs__rosidl_generator_c
[4.623s] [ 25%] [34m[1mGenerating C type support dispatch for ROS interfaces[0m
[4.624s] [ 27%] [34m[1mGenerating C introspection for ROS interfaces[0m
[4.625s] [ 29%] [34m[1mGenerating C++ type support dispatch for ROS interfaces[0m
[4.625s] [ 31%] [34m[1mGenerating C type support for eProsima Fast-RTPS[0m
[4.626s] [ 33%] [34m[1mGenerating C++ introspection for ROS interfaces[0m
[4.627s] [ 35%] [34m[1mGenerating C++ type support for eProsima Fast-RTPS[0m
[5.079s] [ 37%] [32mBuilding CXX object CMakeFiles/serial_motor_demo_msgs__rosidl_typesupport_c.dir/rosidl_typesupport_c/serial_motor_demo_msgs/msg/motor_command__type_support.cpp.o[0m
[5.089s] [ 40%] [32mBuilding CXX object CMakeFiles/serial_motor_demo_msgs__rosidl_typesupport_cpp.dir/rosidl_typesupport_cpp/serial_motor_demo_msgs/msg/motor_command__type_support.cpp.o[0m
[5.089s] [ 40%] [32mBuilding CXX object CMakeFiles/serial_motor_demo_msgs__rosidl_typesupport_c.dir/rosidl_typesupport_c/serial_motor_demo_msgs/msg/motor_vels__type_support.cpp.o[0m
[5.113s] [ 42%] [32mBuilding CXX object CMakeFiles/serial_motor_demo_msgs__rosidl_typesupport_c.dir/rosidl_typesupport_c/serial_motor_demo_msgs/msg/encoder_vals__type_support.cpp.o[0m
[5.127s] [ 44%] [32mBuilding CXX object CMakeFiles/serial_motor_demo_msgs__rosidl_typesupport_fastrtps_c.dir/rosidl_typesupport_fastrtps_c/serial_motor_demo_msgs/msg/detail/motor_command__type_support_c.cpp.o[0m
[5.132s] [ 46%] [32mBuilding C object CMakeFiles/serial_motor_demo_msgs__rosidl_typesupport_introspection_c.dir/rosidl_typesupport_introspection_c/serial_motor_demo_msgs/msg/detail/motor_command__type_support.c.o[0m
[5.147s] [ 48%] [32mBuilding CXX object CMakeFiles/serial_motor_demo_msgs__rosidl_typesupport_fastrtps_c.dir/rosidl_typesupport_fastrtps_c/serial_motor_demo_msgs/msg/detail/motor_vels__type_support_c.cpp.o[0m
[5.154s] [ 50%] [32mBuilding C object CMakeFiles/serial_motor_demo_msgs__rosidl_typesupport_introspection_c.dir/rosidl_typesupport_introspection_c/serial_motor_demo_msgs/msg/detail/motor_vels__type_support.c.o[0m
[5.167s] [ 51%] [32mBuilding CXX object CMakeFiles/serial_motor_demo_msgs__rosidl_typesupport_introspection_cpp.dir/rosidl_typesupport_introspection_cpp/serial_motor_demo_msgs/msg/detail/motor_command__type_support.cpp.o[0m
[5.174s] [ 53%] [32m[1mLinking CXX shared library libserial_motor_demo_msgs__rosidl_typesupport_c.so[0m
[5.200s] [ 55%] [32mBuilding CXX object CMakeFiles/serial_motor_demo_msgs__rosidl_typesupport_introspection_cpp.dir/rosidl_typesupport_introspection_cpp/serial_motor_demo_msgs/msg/detail/motor_vels__type_support.cpp.o[0m
[5.205s] [ 57%] [32mBuilding C object CMakeFiles/serial_motor_demo_msgs__rosidl_typesupport_introspection_c.dir/rosidl_typesupport_introspection_c/serial_motor_demo_msgs/msg/detail/encoder_vals__type_support.c.o[0m
[5.260s] [ 57%] Built target serial_motor_demo_msgs__rosidl_typesupport_c
[5.271s] [ 59%] [32m[1mLinking C shared library libserial_motor_demo_msgs__rosidl_typesupport_introspection_c.so[0m
[5.278s] [ 61%] [32mBuilding CXX object CMakeFiles/serial_motor_demo_msgs__rosidl_typesupport_fastrtps_c.dir/rosidl_typesupport_fastrtps_c/serial_motor_demo_msgs/msg/detail/encoder_vals__type_support_c.cpp.o[0m
[5.289s] [ 62%] [32mBuilding CXX object CMakeFiles/serial_motor_demo_msgs__rosidl_typesupport_fastrtps_cpp.dir/rosidl_typesupport_fastrtps_cpp/serial_motor_demo_msgs/msg/detail/dds_fastrtps/motor_command__type_support.cpp.o[0m
[5.332s] [ 62%] Built target serial_motor_demo_msgs__rosidl_typesupport_introspection_c
[5.345s] [ 64%] [32mBuilding CXX object CMakeFiles/serial_motor_demo_msgs__rosidl_typesupport_cpp.dir/rosidl_typesupport_cpp/serial_motor_demo_msgs/msg/motor_vels__type_support.cpp.o[0m
[5.614s] [ 66%] [32mBuilding CXX object CMakeFiles/serial_motor_demo_msgs__rosidl_typesupport_introspection_cpp.dir/rosidl_typesupport_introspection_cpp/serial_motor_demo_msgs/msg/detail/encoder_vals__type_support.cpp.o[0m
[5.682s] [ 68%] [32mBuilding CXX object CMakeFiles/serial_motor_demo_msgs__rosidl_typesupport_fastrtps_cpp.dir/rosidl_typesupport_fastrtps_cpp/serial_motor_demo_msgs/msg/detail/dds_fastrtps/motor_vels__type_support.cpp.o[0m
[5.706s] [ 70%] [32mBuilding CXX object CMakeFiles/serial_motor_demo_msgs__rosidl_typesupport_fastrtps_cpp.dir/rosidl_typesupport_fastrtps_cpp/serial_motor_demo_msgs/msg/detail/dds_fastrtps/encoder_vals__type_support.cpp.o[0m
[5.851s] [ 72%] [32mBuilding CXX object CMakeFiles/serial_motor_demo_msgs__rosidl_typesupport_cpp.dir/rosidl_typesupport_cpp/serial_motor_demo_msgs/msg/encoder_vals__type_support.cpp.o[0m
[6.077s] [ 74%] [32m[1mLinking CXX shared library libserial_motor_demo_msgs__rosidl_typesupport_fastrtps_c.so[0m
[6.157s] [ 74%] Built target serial_motor_demo_msgs__rosidl_typesupport_fastrtps_c
[6.212s] [ 75%] [32m[1mLinking CXX shared library libserial_motor_demo_msgs__rosidl_typesupport_introspection_cpp.so[0m
[6.257s] [ 75%] Built target serial_motor_demo_msgs__rosidl_typesupport_introspection_cpp
[6.270s] [ 77%] [32m[1mLinking CXX shared library libserial_motor_demo_msgs__rosidl_typesupport_cpp.so[0m
[6.311s] [ 77%] Built target serial_motor_demo_msgs__rosidl_typesupport_cpp
[6.344s] [ 79%] [32m[1mLinking CXX shared library libserial_motor_demo_msgs__rosidl_typesupport_fastrtps_cpp.so[0m
[6.389s] [ 79%] Built target serial_motor_demo_msgs__rosidl_typesupport_fastrtps_cpp
[6.407s] [ 79%] Built target serial_motor_demo_msgs
[6.426s] [ 81%] [34m[1mGenerating Python code for ROS interfaces[0m
[6.852s] [ 81%] Built target serial_motor_demo_msgs__py
[6.871s] [ 85%] [32mBuilding C object CMakeFiles/serial_motor_demo_msgs__rosidl_generator_py.dir/rosidl_generator_py/serial_motor_demo_msgs/msg/_encoder_vals_s.c.o[0m
[6.872s] [ 85%] [32mBuilding C object CMakeFiles/serial_motor_demo_msgs__rosidl_generator_py.dir/rosidl_generator_py/serial_motor_demo_msgs/msg/_motor_vels_s.c.o[0m
[6.872s] [ 87%] [32mBuilding C object CMakeFiles/serial_motor_demo_msgs__rosidl_generator_py.dir/rosidl_generator_py/serial_motor_demo_msgs/msg/_motor_command_s.c.o[0m
[6.995s] [ 88%] [32m[1mLinking C shared library libserial_motor_demo_msgs__rosidl_generator_py.so[0m
[7.030s] [ 88%] Built target serial_motor_demo_msgs__rosidl_generator_py
[7.049s] [ 92%] [32mBuilding C object CMakeFiles/serial_motor_demo_msgs_s__rosidl_typesupport_c.dir/rosidl_generator_py/serial_motor_demo_msgs/_serial_motor_demo_msgs_s.ep.rosidl_typesupport_c.c.o[0m
[7.049s] [ 92%] [32mBuilding C object CMakeFiles/serial_motor_demo_msgs_s__rosidl_typesupport_fastrtps_c.dir/rosidl_generator_py/serial_motor_demo_msgs/_serial_motor_demo_msgs_s.ep.rosidl_typesupport_fastrtps_c.c.o[0m
[7.050s] [ 94%] [32mBuilding C object CMakeFiles/serial_motor_demo_msgs_s__rosidl_typesupport_introspection_c.dir/rosidl_generator_py/serial_motor_demo_msgs/_serial_motor_demo_msgs_s.ep.rosidl_typesupport_introspection_c.c.o[0m
[7.152s] [ 98%] [32m[1mLinking C shared module rosidl_generator_py/serial_motor_demo_msgs/serial_motor_demo_msgs_s__rosidl_typesupport_fastrtps_c.so[0m
[7.152s] [ 98%] [32m[1mLinking C shared module rosidl_generator_py/serial_motor_demo_msgs/serial_motor_demo_msgs_s__rosidl_typesupport_introspection_c.so[0m
[7.171s] [100%] [32m[1mLinking C shared module rosidl_generator_py/serial_motor_demo_msgs/serial_motor_demo_msgs_s__rosidl_typesupport_c.so[0m
[7.181s] [100%] Built target serial_motor_demo_msgs_s__rosidl_typesupport_introspection_c
[7.183s] [100%] Built target serial_motor_demo_msgs_s__rosidl_typesupport_fastrtps_c
[7.204s] [100%] Built target serial_motor_demo_msgs_s__rosidl_typesupport_c
[7.215s] Invoked command in '/home/wilsonlo/dev_ws/build/serial_motor_demo_msgs' returned '0': CMAKE_PREFIX_PATH=${CMAKE_PREFIX_PATH}:/home/wilsonlo/dev_ws/install/serial_motor_demo:/opt/ros/jazzy DEBUGINFOD_URLS=https://debuginfod.ubuntu.com /usr/bin/cmake --build /home/wilsonlo/dev_ws/build/serial_motor_demo_msgs -- -j8 -l8
[7.216s] Invoking command in '/home/wilsonlo/dev_ws/build/serial_motor_demo_msgs': CMAKE_PREFIX_PATH=${CMAKE_PREFIX_PATH}:/home/wilsonlo/dev_ws/install/serial_motor_demo:/opt/ros/jazzy DEBUGINFOD_URLS=https://debuginfod.ubuntu.com /usr/bin/cmake --install /home/wilsonlo/dev_ws/build/serial_motor_demo_msgs
[7.224s] -- Install configuration: ""
[7.225s] -- Execute custom install script
[7.225s] -- Symlinking: /home/wilsonlo/dev_ws/install/serial_motor_demo_msgs/share/ament_index/resource_index/rosidl_interfaces/serial_motor_demo_msgs
[7.234s] -- Symlinking: /home/wilsonlo/dev_ws/install/serial_motor_demo_msgs/share/serial_motor_demo_msgs/msg/MotorCommand.json
[7.242s] -- Symlinking: /home/wilsonlo/dev_ws/install/serial_motor_demo_msgs/share/serial_motor_demo_msgs/msg/MotorVels.json
[7.250s] -- Symlinking: /home/wilsonlo/dev_ws/install/serial_motor_demo_msgs/share/serial_motor_demo_msgs/msg/EncoderVals.json
[7.259s] -- Symlinking: /home/wilsonlo/dev_ws/install/serial_motor_demo_msgs/include/serial_motor_demo_msgs/serial_motor_demo_msgs/msg/detail/encoder_vals__functions.h
[7.267s] -- Symlinking: /home/wilsonlo/dev_ws/install/serial_motor_demo_msgs/include/serial_motor_demo_msgs/serial_motor_demo_msgs/msg/detail/encoder_vals__struct.h
[7.275s] -- Symlinking: /home/wilsonlo/dev_ws/install/serial_motor_demo_msgs/include/serial_motor_demo_msgs/serial_motor_demo_msgs/msg/detail/encoder_vals__type_support.h
[7.283s] -- Symlinking: /home/wilsonlo/dev_ws/install/serial_motor_demo_msgs/include/serial_motor_demo_msgs/serial_motor_demo_msgs/msg/detail/motor_command__functions.h
[7.291s] -- Symlinking: /home/wilsonlo/dev_ws/install/serial_motor_demo_msgs/include/serial_motor_demo_msgs/serial_motor_demo_msgs/msg/detail/motor_command__struct.h
[7.299s] -- Symlinking: /home/wilsonlo/dev_ws/install/serial_motor_demo_msgs/include/serial_motor_demo_msgs/serial_motor_demo_msgs/msg/detail/motor_command__type_support.h
[7.307s] -- Symlinking: /home/wilsonlo/dev_ws/install/serial_motor_demo_msgs/include/serial_motor_demo_msgs/serial_motor_demo_msgs/msg/detail/motor_vels__functions.h
[7.314s] -- Symlinking: /home/wilsonlo/dev_ws/install/serial_motor_demo_msgs/include/serial_motor_demo_msgs/serial_motor_demo_msgs/msg/detail/motor_vels__struct.h
[7.323s] -- Symlinking: /home/wilsonlo/dev_ws/install/serial_motor_demo_msgs/include/serial_motor_demo_msgs/serial_motor_demo_msgs/msg/detail/motor_vels__type_support.h
[7.331s] -- Symlinking: /home/wilsonlo/dev_ws/install/serial_motor_demo_msgs/include/serial_motor_demo_msgs/serial_motor_demo_msgs/msg/encoder_vals.h
[7.339s] -- Symlinking: /home/wilsonlo/dev_ws/install/serial_motor_demo_msgs/include/serial_motor_demo_msgs/serial_motor_demo_msgs/msg/motor_command.h
[7.348s] -- Symlinking: /home/wilsonlo/dev_ws/install/serial_motor_demo_msgs/include/serial_motor_demo_msgs/serial_motor_demo_msgs/msg/motor_vels.h
[7.356s] -- Symlinking: /home/wilsonlo/dev_ws/install/serial_motor_demo_msgs/include/serial_motor_demo_msgs/serial_motor_demo_msgs/msg/rosidl_generator_c__visibility_control.h
[7.364s] -- Symlinking: /home/wilsonlo/dev_ws/install/serial_motor_demo_msgs/share/serial_motor_demo_msgs/environment/library_path.sh
[7.371s] -- Symlinking: /home/wilsonlo/dev_ws/install/serial_motor_demo_msgs/share/serial_motor_demo_msgs/environment/library_path.dsv
[7.380s] -- Symlinking: /home/wilsonlo/dev_ws/install/serial_motor_demo_msgs/include/serial_motor_demo_msgs/serial_motor_demo_msgs/msg/detail/encoder_vals__rosidl_typesupport_fastrtps_c.h
[7.390s] -- Symlinking: /home/wilsonlo/dev_ws/install/serial_motor_demo_msgs/include/serial_motor_demo_msgs/serial_motor_demo_msgs/msg/detail/motor_command__rosidl_typesupport_fastrtps_c.h
[7.398s] -- Symlinking: /home/wilsonlo/dev_ws/install/serial_motor_demo_msgs/include/serial_motor_demo_msgs/serial_motor_demo_msgs/msg/detail/motor_vels__rosidl_typesupport_fastrtps_c.h
[7.406s] -- Symlinking: /home/wilsonlo/dev_ws/install/serial_motor_demo_msgs/include/serial_motor_demo_msgs/serial_motor_demo_msgs/msg/rosidl_typesupport_fastrtps_c__visibility_control.h
[7.414s] -- Symlinking: /home/wilsonlo/dev_ws/install/serial_motor_demo_msgs/include/serial_motor_demo_msgs/serial_motor_demo_msgs/msg/detail/encoder_vals__rosidl_typesupport_introspection_c.h
[7.422s] -- Symlinking: /home/wilsonlo/dev_ws/install/serial_motor_demo_msgs/include/serial_motor_demo_msgs/serial_motor_demo_msgs/msg/detail/motor_command__rosidl_typesupport_introspection_c.h
[7.431s] -- Symlinking: /home/wilsonlo/dev_ws/install/serial_motor_demo_msgs/include/serial_motor_demo_msgs/serial_motor_demo_msgs/msg/detail/motor_vels__rosidl_typesupport_introspection_c.h
[7.439s] -- Symlinking: /home/wilsonlo/dev_ws/install/serial_motor_demo_msgs/include/serial_motor_demo_msgs/serial_motor_demo_msgs/msg/rosidl_typesupport_introspection_c__visibility_control.h
[7.448s] -- Symlinking: /home/wilsonlo/dev_ws/install/serial_motor_demo_msgs/include/serial_motor_demo_msgs/serial_motor_demo_msgs/msg/detail/encoder_vals__builder.hpp
[7.456s] -- Symlinking: /home/wilsonlo/dev_ws/install/serial_motor_demo_msgs/include/serial_motor_demo_msgs/serial_motor_demo_msgs/msg/detail/encoder_vals__struct.hpp
[7.464s] -- Symlinking: /home/wilsonlo/dev_ws/install/serial_motor_demo_msgs/include/serial_motor_demo_msgs/serial_motor_demo_msgs/msg/detail/encoder_vals__traits.hpp
[7.472s] -- Symlinking: /home/wilsonlo/dev_ws/install/serial_motor_demo_msgs/include/serial_motor_demo_msgs/serial_motor_demo_msgs/msg/detail/encoder_vals__type_support.hpp
[7.481s] -- Symlinking: /home/wilsonlo/dev_ws/install/serial_motor_demo_msgs/include/serial_motor_demo_msgs/serial_motor_demo_msgs/msg/detail/motor_command__builder.hpp
[7.489s] -- Symlinking: /home/wilsonlo/dev_ws/install/serial_motor_demo_msgs/include/serial_motor_demo_msgs/serial_motor_demo_msgs/msg/detail/motor_command__struct.hpp
[7.497s] -- Symlinking: /home/wilsonlo/dev_ws/install/serial_motor_demo_msgs/include/serial_motor_demo_msgs/serial_motor_demo_msgs/msg/detail/motor_command__traits.hpp
[7.505s] -- Symlinking: /home/wilsonlo/dev_ws/install/serial_motor_demo_msgs/include/serial_motor_demo_msgs/serial_motor_demo_msgs/msg/detail/motor_command__type_support.hpp
[7.513s] -- Symlinking: /home/wilsonlo/dev_ws/install/serial_motor_demo_msgs/include/serial_motor_demo_msgs/serial_motor_demo_msgs/msg/detail/motor_vels__builder.hpp
[7.521s] -- Symlinking: /home/wilsonlo/dev_ws/install/serial_motor_demo_msgs/include/serial_motor_demo_msgs/serial_motor_demo_msgs/msg/detail/motor_vels__struct.hpp
[7.531s] -- Symlinking: /home/wilsonlo/dev_ws/install/serial_motor_demo_msgs/include/serial_motor_demo_msgs/serial_motor_demo_msgs/msg/detail/motor_vels__traits.hpp
[7.539s] -- Symlinking: /home/wilsonlo/dev_ws/install/serial_motor_demo_msgs/include/serial_motor_demo_msgs/serial_motor_demo_msgs/msg/detail/motor_vels__type_support.hpp
[7.547s] -- Symlinking: /home/wilsonlo/dev_ws/install/serial_motor_demo_msgs/include/serial_motor_demo_msgs/serial_motor_demo_msgs/msg/encoder_vals.hpp
[7.555s] -- Symlinking: /home/wilsonlo/dev_ws/install/serial_motor_demo_msgs/include/serial_motor_demo_msgs/serial_motor_demo_msgs/msg/motor_command.hpp
[7.563s] -- Symlinking: /home/wilsonlo/dev_ws/install/serial_motor_demo_msgs/include/serial_motor_demo_msgs/serial_motor_demo_msgs/msg/motor_vels.hpp
[7.570s] -- Symlinking: /home/wilsonlo/dev_ws/install/serial_motor_demo_msgs/include/serial_motor_demo_msgs/serial_motor_demo_msgs/msg/rosidl_generator_cpp__visibility_control.hpp
[7.579s] -- Symlinking: /home/wilsonlo/dev_ws/install/serial_motor_demo_msgs/include/serial_motor_demo_msgs/serial_motor_demo_msgs/msg/detail/encoder_vals__rosidl_typesupport_fastrtps_cpp.hpp
[7.589s] -- Symlinking: /home/wilsonlo/dev_ws/install/serial_motor_demo_msgs/include/serial_motor_demo_msgs/serial_motor_demo_msgs/msg/detail/motor_command__rosidl_typesupport_fastrtps_cpp.hpp
[7.600s] -- Symlinking: /home/wilsonlo/dev_ws/install/serial_motor_demo_msgs/include/serial_motor_demo_msgs/serial_motor_demo_msgs/msg/detail/motor_vels__rosidl_typesupport_fastrtps_cpp.hpp
[7.608s] -- Symlinking: /home/wilsonlo/dev_ws/install/serial_motor_demo_msgs/include/serial_motor_demo_msgs/serial_motor_demo_msgs/msg/rosidl_typesupport_fastrtps_cpp__visibility_control.h
[7.616s] -- Symlinking: /home/wilsonlo/dev_ws/install/serial_motor_demo_msgs/include/serial_motor_demo_msgs/serial_motor_demo_msgs/msg/detail/encoder_vals__rosidl_typesupport_introspection_cpp.hpp
[7.624s] -- Symlinking: /home/wilsonlo/dev_ws/install/serial_motor_demo_msgs/include/serial_motor_demo_msgs/serial_motor_demo_msgs/msg/detail/motor_command__rosidl_typesupport_introspection_cpp.hpp
[7.632s] -- Symlinking: /home/wilsonlo/dev_ws/install/serial_motor_demo_msgs/include/serial_motor_demo_msgs/serial_motor_demo_msgs/msg/detail/motor_vels__rosidl_typesupport_introspection_cpp.hpp
[7.640s] -- Symlinking: /home/wilsonlo/dev_ws/install/serial_motor_demo_msgs/share/serial_motor_demo_msgs/environment/pythonpath.sh
[7.649s] -- Symlinking: /home/wilsonlo/dev_ws/install/serial_motor_demo_msgs/share/serial_motor_demo_msgs/environment/pythonpath.dsv
[7.657s] -- Symlinking: /home/wilsonlo/dev_ws/install/serial_motor_demo_msgs/lib/python3.12/site-packages/serial_motor_demo_msgs-0.0.0-py3.12.egg-info/PKG-INFO
[7.665s] -- Symlinking: /home/wilsonlo/dev_ws/install/serial_motor_demo_msgs/lib/python3.12/site-packages/serial_motor_demo_msgs-0.0.0-py3.12.egg-info/SOURCES.txt
[7.673s] -- Symlinking: /home/wilsonlo/dev_ws/install/serial_motor_demo_msgs/lib/python3.12/site-packages/serial_motor_demo_msgs-0.0.0-py3.12.egg-info/dependency_links.txt
[7.682s] -- Symlinking: /home/wilsonlo/dev_ws/install/serial_motor_demo_msgs/lib/python3.12/site-packages/serial_motor_demo_msgs-0.0.0-py3.12.egg-info/top_level.txt
[7.691s] -- Symlinking: /home/wilsonlo/dev_ws/install/serial_motor_demo_msgs/lib/python3.12/site-packages/serial_motor_demo_msgs/__init__.py
[7.699s] -- Symlinking: /home/wilsonlo/dev_ws/install/serial_motor_demo_msgs/lib/python3.12/site-packages/serial_motor_demo_msgs/_serial_motor_demo_msgs_s.ep.rosidl_typesupport_c.c
[7.707s] -- Symlinking: /home/wilsonlo/dev_ws/install/serial_motor_demo_msgs/lib/python3.12/site-packages/serial_motor_demo_msgs/_serial_motor_demo_msgs_s.ep.rosidl_typesupport_fastrtps_c.c
[7.715s] -- Symlinking: /home/wilsonlo/dev_ws/install/serial_motor_demo_msgs/lib/python3.12/site-packages/serial_motor_demo_msgs/_serial_motor_demo_msgs_s.ep.rosidl_typesupport_introspection_c.c
[7.723s] -- Symlinking: /home/wilsonlo/dev_ws/install/serial_motor_demo_msgs/lib/python3.12/site-packages/serial_motor_demo_msgs/msg/__init__.py
[7.732s] -- Symlinking: /home/wilsonlo/dev_ws/install/serial_motor_demo_msgs/lib/python3.12/site-packages/serial_motor_demo_msgs/msg/_encoder_vals.py
[7.740s] -- Symlinking: /home/wilsonlo/dev_ws/install/serial_motor_demo_msgs/lib/python3.12/site-packages/serial_motor_demo_msgs/msg/_encoder_vals_s.c
[7.748s] -- Symlinking: /home/wilsonlo/dev_ws/install/serial_motor_demo_msgs/lib/python3.12/site-packages/serial_motor_demo_msgs/msg/_motor_command.py
[7.757s] -- Symlinking: /home/wilsonlo/dev_ws/install/serial_motor_demo_msgs/lib/python3.12/site-packages/serial_motor_demo_msgs/msg/_motor_command_s.c
[7.765s] -- Symlinking: /home/wilsonlo/dev_ws/install/serial_motor_demo_msgs/lib/python3.12/site-packages/serial_motor_demo_msgs/msg/_motor_vels.py
[7.773s] -- Symlinking: /home/wilsonlo/dev_ws/install/serial_motor_demo_msgs/lib/python3.12/site-packages/serial_motor_demo_msgs/msg/_motor_vels_s.c
[7.781s] -- Symlinking: /home/wilsonlo/dev_ws/install/serial_motor_demo_msgs/lib/python3.12/site-packages/serial_motor_demo_msgs/serial_motor_demo_msgs_s__rosidl_typesupport_c.so
[7.794s] -- Symlinking: /home/wilsonlo/dev_ws/install/serial_motor_demo_msgs/lib/python3.12/site-packages/serial_motor_demo_msgs/serial_motor_demo_msgs_s__rosidl_typesupport_fastrtps_c.so
[7.803s] -- Symlinking: /home/wilsonlo/dev_ws/install/serial_motor_demo_msgs/lib/python3.12/site-packages/serial_motor_demo_msgs/serial_motor_demo_msgs_s__rosidl_typesupport_introspection_c.so
[7.811s] -- Up-to-date symlink: /home/wilsonlo/dev_ws/install/serial_motor_demo_msgs/lib/python3.12/site-packages/serial_motor_demo_msgs/serial_motor_demo_msgs_s__rosidl_typesupport_fastrtps_c.so
[7.811s] -- Up-to-date symlink: /home/wilsonlo/dev_ws/install/serial_motor_demo_msgs/lib/python3.12/site-packages/serial_motor_demo_msgs/serial_motor_demo_msgs_s__rosidl_typesupport_introspection_c.so
[7.811s] -- Up-to-date symlink: /home/wilsonlo/dev_ws/install/serial_motor_demo_msgs/lib/python3.12/site-packages/serial_motor_demo_msgs/serial_motor_demo_msgs_s__rosidl_typesupport_c.so
[7.811s] -- Symlinking: /home/wilsonlo/dev_ws/install/serial_motor_demo_msgs/share/serial_motor_demo_msgs/msg/MotorCommand.idl
[7.820s] -- Symlinking: /home/wilsonlo/dev_ws/install/serial_motor_demo_msgs/share/serial_motor_demo_msgs/msg/MotorVels.idl
[7.828s] -- Symlinking: /home/wilsonlo/dev_ws/install/serial_motor_demo_msgs/share/serial_motor_demo_msgs/msg/EncoderVals.idl
[7.837s] -- Symlinking: /home/wilsonlo/dev_ws/install/serial_motor_demo_msgs/share/serial_motor_demo_msgs/msg/MotorCommand.msg
[7.845s] -- Symlinking: /home/wilsonlo/dev_ws/install/serial_motor_demo_msgs/share/serial_motor_demo_msgs/msg/MotorVels.msg
[7.854s] -- Symlinking: /home/wilsonlo/dev_ws/install/serial_motor_demo_msgs/share/serial_motor_demo_msgs/msg/EncoderVals.msg
[7.862s] -- Symlinking: /home/wilsonlo/dev_ws/install/serial_motor_demo_msgs/share/ament_index/resource_index/package_run_dependencies/serial_motor_demo_msgs
[7.870s] -- Symlinking: /home/wilsonlo/dev_ws/install/serial_motor_demo_msgs/share/ament_index/resource_index/parent_prefix_path/serial_motor_demo_msgs
[7.879s] -- Symlinking: /home/wilsonlo/dev_ws/install/serial_motor_demo_msgs/share/serial_motor_demo_msgs/environment/ament_prefix_path.sh
[7.887s] -- Symlinking: /home/wilsonlo/dev_ws/install/serial_motor_demo_msgs/share/serial_motor_demo_msgs/environment/ament_prefix_path.dsv
[7.895s] -- Symlinking: /home/wilsonlo/dev_ws/install/serial_motor_demo_msgs/share/serial_motor_demo_msgs/environment/path.sh
[7.903s] -- Symlinking: /home/wilsonlo/dev_ws/install/serial_motor_demo_msgs/share/serial_motor_demo_msgs/environment/path.dsv
[7.911s] -- Symlinking: /home/wilsonlo/dev_ws/install/serial_motor_demo_msgs/share/serial_motor_demo_msgs/local_setup.bash
[7.919s] -- Symlinking: /home/wilsonlo/dev_ws/install/serial_motor_demo_msgs/share/serial_motor_demo_msgs/local_setup.sh
[7.928s] -- Symlinking: /home/wilsonlo/dev_ws/install/serial_motor_demo_msgs/share/serial_motor_demo_msgs/local_setup.zsh
[7.936s] -- Symlinking: /home/wilsonlo/dev_ws/install/serial_motor_demo_msgs/share/serial_motor_demo_msgs/local_setup.dsv
[7.945s] -- Symlinking: /home/wilsonlo/dev_ws/install/serial_motor_demo_msgs/share/serial_motor_demo_msgs/package.dsv
[7.953s] -- Symlinking: /home/wilsonlo/dev_ws/install/serial_motor_demo_msgs/share/ament_index/resource_index/packages/serial_motor_demo_msgs
[7.961s] -- Symlinking: /home/wilsonlo/dev_ws/install/serial_motor_demo_msgs/share/serial_motor_demo_msgs/cmake/rosidl_cmake-extras.cmake
[7.969s] -- Symlinking: /home/wilsonlo/dev_ws/install/serial_motor_demo_msgs/share/serial_motor_demo_msgs/cmake/ament_cmake_export_include_directories-extras.cmake
[7.977s] -- Symlinking: /home/wilsonlo/dev_ws/install/serial_motor_demo_msgs/share/serial_motor_demo_msgs/cmake/ament_cmake_export_libraries-extras.cmake
[7.986s] -- Symlinking: /home/wilsonlo/dev_ws/install/serial_motor_demo_msgs/share/serial_motor_demo_msgs/cmake/ament_cmake_export_targets-extras.cmake
[7.996s] -- Symlinking: /home/wilsonlo/dev_ws/install/serial_motor_demo_msgs/share/serial_motor_demo_msgs/cmake/rosidl_cmake_export_typesupport_targets-extras.cmake
[8.004s] -- Symlinking: /home/wilsonlo/dev_ws/install/serial_motor_demo_msgs/share/serial_motor_demo_msgs/cmake/ament_cmake_export_dependencies-extras.cmake
[8.013s] -- Symlinking: /home/wilsonlo/dev_ws/install/serial_motor_demo_msgs/share/serial_motor_demo_msgs/cmake/rosidl_cmake_export_typesupport_libraries-extras.cmake
[8.021s] -- Symlinking: /home/wilsonlo/dev_ws/install/serial_motor_demo_msgs/share/serial_motor_demo_msgs/cmake/serial_motor_demo_msgsConfig.cmake
[8.030s] -- Symlinking: /home/wilsonlo/dev_ws/install/serial_motor_demo_msgs/share/serial_motor_demo_msgs/cmake/serial_motor_demo_msgsConfig-version.cmake
[8.038s] -- Symlinking: /home/wilsonlo/dev_ws/install/serial_motor_demo_msgs/share/serial_motor_demo_msgs/package.xml
[8.046s] -- Installing: /home/wilsonlo/dev_ws/install/serial_motor_demo_msgs/lib/libserial_motor_demo_msgs__rosidl_generator_c.so
[8.046s] -- Set non-toolchain portion of runtime path of "/home/wilsonlo/dev_ws/install/serial_motor_demo_msgs/lib/libserial_motor_demo_msgs__rosidl_generator_c.so" to ""
[8.046s] -- Installing: /home/wilsonlo/dev_ws/install/serial_motor_demo_msgs/lib/libserial_motor_demo_msgs__rosidl_typesupport_fastrtps_c.so
[8.047s] -- Set non-toolchain portion of runtime path of "/home/wilsonlo/dev_ws/install/serial_motor_demo_msgs/lib/libserial_motor_demo_msgs__rosidl_typesupport_fastrtps_c.so" to ""
[8.047s] -- Installing: /home/wilsonlo/dev_ws/install/serial_motor_demo_msgs/lib/libserial_motor_demo_msgs__rosidl_typesupport_introspection_c.so
[8.047s] -- Set non-toolchain portion of runtime path of "/home/wilsonlo/dev_ws/install/serial_motor_demo_msgs/lib/libserial_motor_demo_msgs__rosidl_typesupport_introspection_c.so" to ""
[8.047s] -- Installing: /home/wilsonlo/dev_ws/install/serial_motor_demo_msgs/lib/libserial_motor_demo_msgs__rosidl_typesupport_c.so
[8.047s] -- Set non-toolchain portion of runtime path of "/home/wilsonlo/dev_ws/install/serial_motor_demo_msgs/lib/libserial_motor_demo_msgs__rosidl_typesupport_c.so" to ""
[8.047s] -- Installing: /home/wilsonlo/dev_ws/install/serial_motor_demo_msgs/lib/libserial_motor_demo_msgs__rosidl_typesupport_fastrtps_cpp.so
[8.048s] -- Set non-toolchain portion of runtime path of "/home/wilsonlo/dev_ws/install/serial_motor_demo_msgs/lib/libserial_motor_demo_msgs__rosidl_typesupport_fastrtps_cpp.so" to ""
[8.048s] -- Installing: /home/wilsonlo/dev_ws/install/serial_motor_demo_msgs/lib/libserial_motor_demo_msgs__rosidl_typesupport_introspection_cpp.so
[8.048s] -- Set non-toolchain portion of runtime path of "/home/wilsonlo/dev_ws/install/serial_motor_demo_msgs/lib/libserial_motor_demo_msgs__rosidl_typesupport_introspection_cpp.so" to ""
[8.048s] -- Installing: /home/wilsonlo/dev_ws/install/serial_motor_demo_msgs/lib/libserial_motor_demo_msgs__rosidl_typesupport_cpp.so
[8.048s] -- Set non-toolchain portion of runtime path of "/home/wilsonlo/dev_ws/install/serial_motor_demo_msgs/lib/libserial_motor_demo_msgs__rosidl_typesupport_cpp.so" to ""
[8.087s] Listing '/home/wilsonlo/dev_ws/install/serial_motor_demo_msgs/lib/python3.12/site-packages/serial_motor_demo_msgs'...
[8.087s] Compiling '/home/wilsonlo/dev_ws/install/serial_motor_demo_msgs/lib/python3.12/site-packages/serial_motor_demo_msgs/__init__.py'...
[8.087s] Listing '/home/wilsonlo/dev_ws/install/serial_motor_demo_msgs/lib/python3.12/site-packages/serial_motor_demo_msgs/msg'...
[8.087s] Compiling '/home/wilsonlo/dev_ws/install/serial_motor_demo_msgs/lib/python3.12/site-packages/serial_motor_demo_msgs/msg/__init__.py'...
[8.087s] Compiling '/home/wilsonlo/dev_ws/install/serial_motor_demo_msgs/lib/python3.12/site-packages/serial_motor_demo_msgs/msg/_encoder_vals.py'...
[8.087s] Compiling '/home/wilsonlo/dev_ws/install/serial_motor_demo_msgs/lib/python3.12/site-packages/serial_motor_demo_msgs/msg/_motor_command.py'...
[8.088s] Compiling '/home/wilsonlo/dev_ws/install/serial_motor_demo_msgs/lib/python3.12/site-packages/serial_motor_demo_msgs/msg/_motor_vels.py'...
[8.092s] -- Installing: /home/wilsonlo/dev_ws/install/serial_motor_demo_msgs/lib/libserial_motor_demo_msgs__rosidl_generator_py.so
[8.093s] -- Set non-toolchain portion of runtime path of "/home/wilsonlo/dev_ws/install/serial_motor_demo_msgs/lib/libserial_motor_demo_msgs__rosidl_generator_py.so" to ""
[8.093s] -- Installing: /home/wilsonlo/dev_ws/install/serial_motor_demo_msgs/share/serial_motor_demo_msgs/cmake/export_serial_motor_demo_msgs__rosidl_generator_cExport.cmake
[8.093s] -- Installing: /home/wilsonlo/dev_ws/install/serial_motor_demo_msgs/share/serial_motor_demo_msgs/cmake/export_serial_motor_demo_msgs__rosidl_generator_cExport-noconfig.cmake
[8.093s] -- Installing: /home/wilsonlo/dev_ws/install/serial_motor_demo_msgs/share/serial_motor_demo_msgs/cmake/export_serial_motor_demo_msgs__rosidl_typesupport_fastrtps_cExport.cmake
[8.093s] -- Installing: /home/wilsonlo/dev_ws/install/serial_motor_demo_msgs/share/serial_motor_demo_msgs/cmake/export_serial_motor_demo_msgs__rosidl_typesupport_fastrtps_cExport-noconfig.cmake
[8.093s] -- Installing: /home/wilsonlo/dev_ws/install/serial_motor_demo_msgs/share/serial_motor_demo_msgs/cmake/serial_motor_demo_msgs__rosidl_typesupport_introspection_cExport.cmake
[8.093s] -- Installing: /home/wilsonlo/dev_ws/install/serial_motor_demo_msgs/share/serial_motor_demo_msgs/cmake/serial_motor_demo_msgs__rosidl_typesupport_introspection_cExport-noconfig.cmake
[8.093s] -- Installing: /home/wilsonlo/dev_ws/install/serial_motor_demo_msgs/share/serial_motor_demo_msgs/cmake/serial_motor_demo_msgs__rosidl_typesupport_cExport.cmake
[8.094s] -- Installing: /home/wilsonlo/dev_ws/install/serial_motor_demo_msgs/share/serial_motor_demo_msgs/cmake/serial_motor_demo_msgs__rosidl_typesupport_cExport-noconfig.cmake
[8.094s] -- Installing: /home/wilsonlo/dev_ws/install/serial_motor_demo_msgs/share/serial_motor_demo_msgs/cmake/export_serial_motor_demo_msgs__rosidl_generator_cppExport.cmake
[8.094s] -- Installing: /home/wilsonlo/dev_ws/install/serial_motor_demo_msgs/share/serial_motor_demo_msgs/cmake/export_serial_motor_demo_msgs__rosidl_typesupport_fastrtps_cppExport.cmake
[8.094s] -- Installing: /home/wilsonlo/dev_ws/install/serial_motor_demo_msgs/share/serial_motor_demo_msgs/cmake/export_serial_motor_demo_msgs__rosidl_typesupport_fastrtps_cppExport-noconfig.cmake
[8.094s] -- Installing: /home/wilsonlo/dev_ws/install/serial_motor_demo_msgs/share/serial_motor_demo_msgs/cmake/serial_motor_demo_msgs__rosidl_typesupport_introspection_cppExport.cmake
[8.094s] -- Installing: /home/wilsonlo/dev_ws/install/serial_motor_demo_msgs/share/serial_motor_demo_msgs/cmake/serial_motor_demo_msgs__rosidl_typesupport_introspection_cppExport-noconfig.cmake
[8.094s] -- Installing: /home/wilsonlo/dev_ws/install/serial_motor_demo_msgs/share/serial_motor_demo_msgs/cmake/serial_motor_demo_msgs__rosidl_typesupport_cppExport.cmake
[8.094s] -- Installing: /home/wilsonlo/dev_ws/install/serial_motor_demo_msgs/share/serial_motor_demo_msgs/cmake/serial_motor_demo_msgs__rosidl_typesupport_cppExport-noconfig.cmake
[8.094s] -- Installing: /home/wilsonlo/dev_ws/install/serial_motor_demo_msgs/share/serial_motor_demo_msgs/cmake/export_serial_motor_demo_msgs__rosidl_generator_pyExport.cmake
[8.095s] -- Installing: /home/wilsonlo/dev_ws/install/serial_motor_demo_msgs/share/serial_motor_demo_msgs/cmake/export_serial_motor_demo_msgs__rosidl_generator_pyExport-noconfig.cmake
[8.097s] Invoked command in '/home/wilsonlo/dev_ws/build/serial_motor_demo_msgs' returned '0': CMAKE_PREFIX_PATH=${CMAKE_PREFIX_PATH}:/home/wilsonlo/dev_ws/install/serial_motor_demo:/opt/ros/jazzy DEBUGINFOD_URLS=https://debuginfod.ubuntu.com /usr/bin/cmake --install /home/wilsonlo/dev_ws/build/serial_motor_demo_msgs
