-- Found ros2_control_cmake: 0.2.1 (/home/wilsonlo/dev_ws/install/ros2_control_cmake/share/ros2_control_cmake/cmake)
-- Compiler warnings enabled for GNU
-- Detected GCC Version: 13.3.0 (Major: 13, Minor: 3)
-- Found controller_manager: 4.32.0 (/opt/ros/jazzy/share/controller_manager/cmake)
-- Found rosidl_generator_c: 4.6.5 (/opt/ros/jazzy/share/rosidl_generator_c/cmake)
-- Found rosidl_generator_cpp: 4.6.5 (/opt/ros/jazzy/share/rosidl_generator_cpp/cmake)
-- Using all available rosidl_typesupport_c: rosidl_typesupport_fastrtps_c;rosidl_typesupport_introspection_c
-- Using all available rosidl_typesupport_cpp: rosidl_typesupport_fastrtps_cpp;rosidl_typesupport_introspection_cpp
-- Found rmw_implementation_cmake: 7.3.2 (/opt/ros/jazzy/share/rmw_implementation_cmake/cmake)
-- Found rmw_fastrtps_cpp: 8.4.2 (/opt/ros/jazzy/share/rmw_fastrtps_cpp/cmake)
-- Using RMW implementation 'rmw_fastrtps_cpp' as default
-- Found ament_cmake_pytest: 2.5.4 (/opt/ros/jazzy/share/ament_cmake_pytest/cmake)
-- Configuring done (2.1s)
-- Generating done (0.0s)
-- Build files have been written to: /home/wilsonlo/dev_ws/build/ros2_control_demo_example_2
[ 50%] [32mBuilding CXX object CMakeFiles/ros2_control_demo_example_2.dir/hardware/diffbot_system.cpp.o[0m
[100%] [32m[1mLinking CXX shared library libros2_control_demo_example_2.so[0m
[100%] Built target ros2_control_demo_example_2
-- Install configuration: ""
-- Installing: /home/wilsonlo/dev_ws/install/ros2_control_demo_example_2/share/ros2_control_demo_example_2/ros2_control_demo_example_2.xml
-- Up-to-date: /home/wilsonlo/dev_ws/install/ros2_control_demo_example_2/include/ros2_control_demo_example_2
-- Up-to-date: /home/wilsonlo/dev_ws/install/ros2_control_demo_example_2/include/ros2_control_demo_example_2/ros2_control_demo_example_2
-- Installing: /home/wilsonlo/dev_ws/install/ros2_control_demo_example_2/include/ros2_control_demo_example_2/ros2_control_demo_example_2/diffbot_system.hpp
-- Up-to-date: /home/wilsonlo/dev_ws/install/ros2_control_demo_example_2/share/ros2_control_demo_example_2/launch
-- Installing: /home/wilsonlo/dev_ws/install/ros2_control_demo_example_2/share/ros2_control_demo_example_2/launch/view_robot.launch.py
-- Up-to-date: /home/wilsonlo/dev_ws/install/ros2_control_demo_example_2/share/ros2_control_demo_example_2/ros2_control
-- Installing: /home/wilsonlo/dev_ws/install/ros2_control_demo_example_2/share/ros2_control_demo_example_2/ros2_control/diffbot.ros2_control.xacro
-- Up-to-date: /home/wilsonlo/dev_ws/install/ros2_control_demo_example_2/share/ros2_control_demo_example_2/urdf
-- Installing: /home/wilsonlo/dev_ws/install/ros2_control_demo_example_2/share/ros2_control_demo_example_2/urdf/diffbot.urdf.xacro
-- Up-to-date: /home/wilsonlo/dev_ws/install/ros2_control_demo_example_2/share/ros2_control_demo_example_2/launch
-- Installing: /home/wilsonlo/dev_ws/install/ros2_control_demo_example_2/share/ros2_control_demo_example_2/launch/diffbot.launch.py
-- Up-to-date: /home/wilsonlo/dev_ws/install/ros2_control_demo_example_2/share/ros2_control_demo_example_2/config
-- Installing: /home/wilsonlo/dev_ws/install/ros2_control_demo_example_2/share/ros2_control_demo_example_2/config/diffbot_controllers.yaml
-- Installing: /home/wilsonlo/dev_ws/install/ros2_control_demo_example_2/lib/libros2_control_demo_example_2.so
-- Set non-toolchain portion of runtime path of "/home/wilsonlo/dev_ws/install/ros2_control_demo_example_2/lib/libros2_control_demo_example_2.so" to ""
-- Up-to-date: /home/wilsonlo/dev_ws/install/ros2_control_demo_example_2/share/ros2_control_demo_example_2/environment/library_path.sh
-- Up-to-date: /home/wilsonlo/dev_ws/install/ros2_control_demo_example_2/share/ros2_control_demo_example_2/environment/library_path.dsv
-- Up-to-date: /home/wilsonlo/dev_ws/install/ros2_control_demo_example_2/share/ament_index/resource_index/package_run_dependencies/ros2_control_demo_example_2
-- Installing: /home/wilsonlo/dev_ws/install/ros2_control_demo_example_2/share/ament_index/resource_index/parent_prefix_path/ros2_control_demo_example_2
-- Up-to-date: /home/wilsonlo/dev_ws/install/ros2_control_demo_example_2/share/ros2_control_demo_example_2/environment/ament_prefix_path.sh
-- Up-to-date: /home/wilsonlo/dev_ws/install/ros2_control_demo_example_2/share/ros2_control_demo_example_2/environment/ament_prefix_path.dsv
-- Up-to-date: /home/wilsonlo/dev_ws/install/ros2_control_demo_example_2/share/ros2_control_demo_example_2/environment/path.sh
-- Up-to-date: /home/wilsonlo/dev_ws/install/ros2_control_demo_example_2/share/ros2_control_demo_example_2/environment/path.dsv
-- Up-to-date: /home/wilsonlo/dev_ws/install/ros2_control_demo_example_2/share/ros2_control_demo_example_2/local_setup.bash
-- Up-to-date: /home/wilsonlo/dev_ws/install/ros2_control_demo_example_2/share/ros2_control_demo_example_2/local_setup.sh
-- Up-to-date: /home/wilsonlo/dev_ws/install/ros2_control_demo_example_2/share/ros2_control_demo_example_2/local_setup.zsh
-- Up-to-date: /home/wilsonlo/dev_ws/install/ros2_control_demo_example_2/share/ros2_control_demo_example_2/local_setup.dsv
-- Installing: /home/wilsonlo/dev_ws/install/ros2_control_demo_example_2/share/ros2_control_demo_example_2/package.dsv
-- Up-to-date: /home/wilsonlo/dev_ws/install/ros2_control_demo_example_2/share/ament_index/resource_index/packages/ros2_control_demo_example_2
-- Up-to-date: /home/wilsonlo/dev_ws/install/ros2_control_demo_example_2/share/ament_index/resource_index/hardware_interface__pluginlib__plugin/ros2_control_demo_example_2
-- Up-to-date: /home/wilsonlo/dev_ws/install/ros2_control_demo_example_2/share/ros2_control_demo_example_2/cmake/export_ros2_control_demo_example_2Export.cmake
-- Up-to-date: /home/wilsonlo/dev_ws/install/ros2_control_demo_example_2/share/ros2_control_demo_example_2/cmake/export_ros2_control_demo_example_2Export-noconfig.cmake
-- Up-to-date: /home/wilsonlo/dev_ws/install/ros2_control_demo_example_2/share/ros2_control_demo_example_2/cmake/ament_cmake_export_targets-extras.cmake
-- Up-to-date: /home/wilsonlo/dev_ws/install/ros2_control_demo_example_2/share/ros2_control_demo_example_2/cmake/ament_cmake_export_dependencies-extras.cmake
-- Up-to-date: /home/wilsonlo/dev_ws/install/ros2_control_demo_example_2/share/ros2_control_demo_example_2/cmake/ros2_control_demo_example_2Config.cmake
-- Up-to-date: /home/wilsonlo/dev_ws/install/ros2_control_demo_example_2/share/ros2_control_demo_example_2/cmake/ros2_control_demo_example_2Config-version.cmake
-- Installing: /home/wilsonlo/dev_ws/install/ros2_control_demo_example_2/share/ros2_control_demo_example_2/package.xml
