[0.843s] Invoking command in '/home/wilsonlo/dev_ws/build/serial_motor_demo': AMENT_PREFIX_PATH=/home/wilsonlo/dev_ws/install/serial_motor_demo_msgs:${AMENT_PREFIX_PATH} CMAKE_PREFIX_PATH=/home/wilsonlo/dev_ws/install/serial_motor_demo_msgs:${CMAKE_PREFIX_PATH} DEBUGINFOD_URLS=https://debuginfod.ubuntu.com LD_LIBRARY_PATH=/home/wilsonlo/dev_ws/install/serial_motor_demo_msgs/lib:${LD_LIBRARY_PATH} PYTHONPATH=/home/wilsonlo/dev_ws/build/serial_motor_demo/prefix_override:/usr/lib/python3/dist-packages/colcon_core/task/python/colcon_distutils_commands:/home/wilsonlo/dev_ws/install/serial_motor_demo/lib/python3.12/site-packages:/home/wilsonlo/dev_ws/install/serial_motor_demo_msgs/lib/python3.12/site-packages:${PYTHONPATH} /usr/bin/python3 -W ignore:setup.py install is deprecated -W ignore:easy_install command is deprecated setup.py develop --editable --build-directory /home/wilsonlo/dev_ws/build/serial_motor_demo/build --no-deps symlink_data
[0.967s] /usr/lib/python3/dist-packages/setuptools/dist.py:744: SetuptoolsDeprecationWarning: Invalid dash-separated options
[0.967s] !!
[0.967s] 
[0.967s]         ********************************************************************************
[0.968s]         Usage of dash-separated 'script-dir' will not be supported in future
[0.968s]         versions. Please use the underscore name 'script_dir' instead.
[0.968s] 
[0.968s]         This deprecation is overdue, please update your project and remove deprecated
[0.968s]         calls to avoid build errors in the future.
[0.968s] 
[0.968s]         See https://setuptools.pypa.io/en/latest/userguide/declarative_config.html for details.
[0.968s]         ********************************************************************************
[0.968s] 
[0.968s] !!
[0.968s]   opt = self.warn_dash_deprecation(opt, section)
[1.184s] running develop
[1.413s] running egg_info
[1.436s] writing serial_motor_demo.egg-info/PKG-INFO
[1.436s] writing dependency_links to serial_motor_demo.egg-info/dependency_links.txt
[1.436s] writing entry points to serial_motor_demo.egg-info/entry_points.txt
[1.436s] writing requirements to serial_motor_demo.egg-info/requires.txt
[1.436s] writing top-level names to serial_motor_demo.egg-info/top_level.txt
[1.483s] reading manifest file 'serial_motor_demo.egg-info/SOURCES.txt'
[1.484s] writing manifest file 'serial_motor_demo.egg-info/SOURCES.txt'
[1.507s] running build_ext
[1.507s] Creating /home/wilsonlo/dev_ws/install/serial_motor_demo/lib/python3.12/site-packages/serial-motor-demo.egg-link (link to .)
[1.508s] Installing driver script to /home/wilsonlo/dev_ws/install/serial_motor_demo/lib/serial_motor_demo
[1.508s] Installing gui script to /home/wilsonlo/dev_ws/install/serial_motor_demo/lib/serial_motor_demo
[1.508s] 
[1.508s] Installed /home/wilsonlo/dev_ws/build/serial_motor_demo
[1.508s] running symlink_data
[1.536s] Invoked command in '/home/wilsonlo/dev_ws/build/serial_motor_demo' returned '0': AMENT_PREFIX_PATH=/home/wilsonlo/dev_ws/install/serial_motor_demo_msgs:${AMENT_PREFIX_PATH} CMAKE_PREFIX_PATH=/home/wilsonlo/dev_ws/install/serial_motor_demo_msgs:${CMAKE_PREFIX_PATH} DEBUGINFOD_URLS=https://debuginfod.ubuntu.com LD_LIBRARY_PATH=/home/wilsonlo/dev_ws/install/serial_motor_demo_msgs/lib:${LD_LIBRARY_PATH} PYTHONPATH=/home/wilsonlo/dev_ws/build/serial_motor_demo/prefix_override:/usr/lib/python3/dist-packages/colcon_core/task/python/colcon_distutils_commands:/home/wilsonlo/dev_ws/install/serial_motor_demo/lib/python3.12/site-packages:/home/wilsonlo/dev_ws/install/serial_motor_demo_msgs/lib/python3.12/site-packages:${PYTHONPATH} /usr/bin/python3 -W ignore:setup.py install is deprecated -W ignore:easy_install command is deprecated setup.py develop --editable --build-directory /home/wilsonlo/dev_ws/build/serial_motor_demo/build --no-deps symlink_data
