[0.018s] Invoking command in '/home/wilsonlo/dev_ws/build/ros2_control_cmake': CMAKE_PREFIX_PATH=${CMAKE_PREFIX_PATH}:/home/wilsonlo/dev_ws/install/serial_motor_demo:/opt/ros/jazzy DEBUGINFOD_URLS=https://debuginfod.ubuntu.com /usr/bin/cmake /home/wilsonlo/dev_ws/src/ros2_control_cmake/ros2_control_cmake -DCMAKE_INSTALL_PREFIX=/home/wilsonlo/dev_ws/install/ros2_control_cmake
[0.070s] -- The C compiler identification is GNU 13.3.0
[0.130s] -- The CXX compiler identification is GNU 13.3.0
[0.149s] -- Detecting C compiler ABI info
[0.231s] -- Detecting C compiler ABI info - done
[0.249s] -- Check for working C compiler: /usr/bin/cc - skipped
[0.250s] -- Detecting C compile features
[0.250s] -- Detecting C compile features - done
[0.261s] -- Detecting CXX compiler ABI info
[0.369s] -- Detecting CXX compiler ABI info - done
[0.381s] -- Check for working CXX compiler: /usr/bin/c++ - skipped
[0.382s] -- Detecting CXX compile features
[0.382s] -- Detecting CXX compile features - done
[0.387s] -- Found ament_cmake: 2.5.4 (/opt/ros/jazzy/share/ament_cmake/cmake)
[0.565s] -- Found Python3: /usr/bin/python3 (found version "3.12.3") found components: Interpreter 
[0.701s] -- Found ament_lint_auto: 0.17.2 (/opt/ros/jazzy/share/ament_lint_auto/cmake)
[0.823s] -- Added test 'copyright' to check source files copyright and LICENSE
[0.825s] -- Added test 'lint_cmake' to check CMake code style
[0.826s] -- Added test 'xmllint' to check XML markup files
[0.828s] -- Configuring done (0.8s)
[0.830s] -- Generating done (0.0s)
[0.832s] -- Build files have been written to: /home/wilsonlo/dev_ws/build/ros2_control_cmake
[0.836s] Invoked command in '/home/wilsonlo/dev_ws/build/ros2_control_cmake' returned '0': CMAKE_PREFIX_PATH=${CMAKE_PREFIX_PATH}:/home/wilsonlo/dev_ws/install/serial_motor_demo:/opt/ros/jazzy DEBUGINFOD_URLS=https://debuginfod.ubuntu.com /usr/bin/cmake /home/wilsonlo/dev_ws/src/ros2_control_cmake/ros2_control_cmake -DCMAKE_INSTALL_PREFIX=/home/wilsonlo/dev_ws/install/ros2_control_cmake
[0.837s] Invoking command in '/home/wilsonlo/dev_ws/build/ros2_control_cmake': CMAKE_PREFIX_PATH=${CMAKE_PREFIX_PATH}:/home/wilsonlo/dev_ws/install/serial_motor_demo:/opt/ros/jazzy DEBUGINFOD_URLS=https://debuginfod.ubuntu.com /usr/bin/cmake --build /home/wilsonlo/dev_ws/build/ros2_control_cmake -- -j8 -l8
[0.871s] Invoked command in '/home/wilsonlo/dev_ws/build/ros2_control_cmake' returned '0': CMAKE_PREFIX_PATH=${CMAKE_PREFIX_PATH}:/home/wilsonlo/dev_ws/install/serial_motor_demo:/opt/ros/jazzy DEBUGINFOD_URLS=https://debuginfod.ubuntu.com /usr/bin/cmake --build /home/wilsonlo/dev_ws/build/ros2_control_cmake -- -j8 -l8
[0.873s] Invoking command in '/home/wilsonlo/dev_ws/build/ros2_control_cmake': CMAKE_PREFIX_PATH=${CMAKE_PREFIX_PATH}:/home/wilsonlo/dev_ws/install/serial_motor_demo:/opt/ros/jazzy DEBUGINFOD_URLS=https://debuginfod.ubuntu.com /usr/bin/cmake --install /home/wilsonlo/dev_ws/build/ros2_control_cmake
[0.880s] -- Install configuration: ""
[0.880s] -- Installing: /home/wilsonlo/dev_ws/install/ros2_control_cmake/share/ros2_control_cmake/cmake
[0.880s] -- Installing: /home/wilsonlo/dev_ws/install/ros2_control_cmake/share/ros2_control_cmake/cmake/ros2_control.cmake
[0.880s] -- Installing: /home/wilsonlo/dev_ws/install/ros2_control_cmake/share/ament_index/resource_index/package_run_dependencies/ros2_control_cmake
[0.880s] -- Installing: /home/wilsonlo/dev_ws/install/ros2_control_cmake/share/ament_index/resource_index/parent_prefix_path/ros2_control_cmake
[0.880s] -- Installing: /home/wilsonlo/dev_ws/install/ros2_control_cmake/share/ros2_control_cmake/environment/ament_prefix_path.sh
[0.880s] -- Installing: /home/wilsonlo/dev_ws/install/ros2_control_cmake/share/ros2_control_cmake/environment/ament_prefix_path.dsv
[0.881s] -- Installing: /home/wilsonlo/dev_ws/install/ros2_control_cmake/share/ros2_control_cmake/environment/path.sh
[0.881s] -- Installing: /home/wilsonlo/dev_ws/install/ros2_control_cmake/share/ros2_control_cmake/environment/path.dsv
[0.881s] -- Installing: /home/wilsonlo/dev_ws/install/ros2_control_cmake/share/ros2_control_cmake/local_setup.bash
[0.881s] -- Installing: /home/wilsonlo/dev_ws/install/ros2_control_cmake/share/ros2_control_cmake/local_setup.sh
[0.881s] -- Installing: /home/wilsonlo/dev_ws/install/ros2_control_cmake/share/ros2_control_cmake/local_setup.zsh
[0.881s] -- Installing: /home/wilsonlo/dev_ws/install/ros2_control_cmake/share/ros2_control_cmake/local_setup.dsv
[0.882s] -- Installing: /home/wilsonlo/dev_ws/install/ros2_control_cmake/share/ros2_control_cmake/package.dsv
[0.882s] -- Installing: /home/wilsonlo/dev_ws/install/ros2_control_cmake/share/ament_index/resource_index/packages/ros2_control_cmake
[0.882s] -- Installing: /home/wilsonlo/dev_ws/install/ros2_control_cmake/share/ros2_control_cmake/cmake/ros2_control_cmake-extras.cmake
[0.882s] -- Installing: /home/wilsonlo/dev_ws/install/ros2_control_cmake/share/ros2_control_cmake/cmake/ros2_control_cmakeConfig.cmake
[0.882s] -- Installing: /home/wilsonlo/dev_ws/install/ros2_control_cmake/share/ros2_control_cmake/cmake/ros2_control_cmakeConfig-version.cmake
[0.882s] -- Installing: /home/wilsonlo/dev_ws/install/ros2_control_cmake/share/ros2_control_cmake/package.xml
[0.883s] Invoked command in '/home/wilsonlo/dev_ws/build/ros2_control_cmake' returned '0': CMAKE_PREFIX_PATH=${CMAKE_PREFIX_PATH}:/home/wilsonlo/dev_ws/install/serial_motor_demo:/opt/ros/jazzy DEBUGINFOD_URLS=https://debuginfod.ubuntu.com /usr/bin/cmake --install /home/wilsonlo/dev_ws/build/ros2_control_cmake
