[0.007s] Invoking command in '/home/wilsonlo/dev_ws/build/ros2_control_demo_example_2': AMENT_PREFIX_PATH=/home/wilsonlo/dev_ws/install/ros2_control_cmake:${AMENT_PREFIX_PATH} CMAKE_PREFIX_PATH=/home/wilsonlo/dev_ws/install/ros2_control_cmake:/home/wilsonlo/dev_ws/install/serial_motor_demo_msgs:/home/wilsonlo/dev_ws/install/dd_bot:/home/wilsonlo/dev_ws/install/articubot_one:/opt/ros/jazzy/opt/gz_sim_vendor:/opt/ros/jazzy/opt/gz_sensors_vendor:/opt/ros/jazzy/opt/gz_physics_vendor:/opt/ros/jazzy/opt/sdformat_vendor:/opt/ros/jazzy/opt/gz_gui_vendor:/opt/ros/jazzy/opt/gz_transport_vendor:/opt/ros/jazzy/opt/gz_rendering_vendor:/opt/ros/jazzy/opt/gz_plugin_vendor:/opt/ros/jazzy/opt/gz_fuel_tools_vendor:/opt/ros/jazzy/opt/gz_msgs_vendor:/opt/ros/jazzy/opt/gz_common_vendor:/opt/ros/jazzy/opt/gz_math_vendor:/opt/ros/jazzy/opt/gz_utils_vendor:/opt/ros/jazzy/opt/gz_tools_vendor:/opt/ros/jazzy/opt/gz_ogre_next_vendor:/opt/ros/jazzy/opt/gz_dartsim_vendor:/opt/ros/jazzy/opt/gz_cmake_vendor:/home/wilsonlo/dev_ws/install/serial_motor_demo:/opt/ros/jazzy DEBUGINFOD_URLS=https://debuginfod.ubuntu.com /usr/bin/cmake /home/wilsonlo/dev_ws/src/example_2 -DCMAKE_INSTALL_PREFIX=/home/wilsonlo/dev_ws/install/ros2_control_demo_example_2
[0.065s] -- The CXX compiler identification is GNU 13.3.0
[0.079s] -- Detecting CXX compiler ABI info
[0.165s] -- Detecting CXX compiler ABI info - done
[0.175s] -- Check for working CXX compiler: /usr/bin/c++ - skipped
[0.175s] -- Detecting CXX compile features
[0.176s] -- Detecting CXX compile features - done
[0.176s] -- Found ros2_control_cmake: 0.2.1 (/home/wilsonlo/dev_ws/install/ros2_control_cmake/share/ros2_control_cmake/cmake)
[0.177s] -- Compiler warnings enabled for GNU
[0.177s] -- Detected GCC Version: 13.3.0 (Major: 13, Minor: 3)
[0.182s] -- Found controller_manager: 4.32.0 (/opt/ros/jazzy/share/controller_manager/cmake)
[0.368s] -- Found Python3: /usr/bin/python3 (found version "3.12.3") found components: Interpreter 
[0.576s] -- Found rosidl_generator_c: 4.6.5 (/opt/ros/jazzy/share/rosidl_generator_c/cmake)
[0.593s] -- Found rosidl_generator_cpp: 4.6.5 (/opt/ros/jazzy/share/rosidl_generator_cpp/cmake)
[0.613s] -- Using all available rosidl_typesupport_c: rosidl_typesupport_fastrtps_c;rosidl_typesupport_introspection_c
[0.636s] -- Using all available rosidl_typesupport_cpp: rosidl_typesupport_fastrtps_cpp;rosidl_typesupport_introspection_cpp
[0.733s] -- Found rmw_implementation_cmake: 7.3.2 (/opt/ros/jazzy/share/rmw_implementation_cmake/cmake)
[0.738s] -- Found rmw_fastrtps_cpp: 8.4.2 (/opt/ros/jazzy/share/rmw_fastrtps_cpp/cmake)
[0.824s] -- Found OpenSSL: /usr/lib/x86_64-linux-gnu/libcrypto.so (found version "3.0.13")  
[0.846s] -- Found FastRTPS: /opt/ros/jazzy/include (Required is at least version "2.13") 
[0.871s] -- Using RMW implementation 'rmw_fastrtps_cpp' as default
[1.551s] -- Found ament_cmake_pytest: 2.5.4 (/opt/ros/jazzy/share/ament_cmake_pytest/cmake)
[2.882s] -- Configuring done (2.9s)
[2.914s] -- Generating done (0.0s)
[2.919s] -- Build files have been written to: /home/wilsonlo/dev_ws/build/ros2_control_demo_example_2
[2.930s] Invoked command in '/home/wilsonlo/dev_ws/build/ros2_control_demo_example_2' returned '0': AMENT_PREFIX_PATH=/home/wilsonlo/dev_ws/install/ros2_control_cmake:${AMENT_PREFIX_PATH} CMAKE_PREFIX_PATH=/home/wilsonlo/dev_ws/install/ros2_control_cmake:/home/wilsonlo/dev_ws/install/serial_motor_demo_msgs:/home/wilsonlo/dev_ws/install/dd_bot:/home/wilsonlo/dev_ws/install/articubot_one:/opt/ros/jazzy/opt/gz_sim_vendor:/opt/ros/jazzy/opt/gz_sensors_vendor:/opt/ros/jazzy/opt/gz_physics_vendor:/opt/ros/jazzy/opt/sdformat_vendor:/opt/ros/jazzy/opt/gz_gui_vendor:/opt/ros/jazzy/opt/gz_transport_vendor:/opt/ros/jazzy/opt/gz_rendering_vendor:/opt/ros/jazzy/opt/gz_plugin_vendor:/opt/ros/jazzy/opt/gz_fuel_tools_vendor:/opt/ros/jazzy/opt/gz_msgs_vendor:/opt/ros/jazzy/opt/gz_common_vendor:/opt/ros/jazzy/opt/gz_math_vendor:/opt/ros/jazzy/opt/gz_utils_vendor:/opt/ros/jazzy/opt/gz_tools_vendor:/opt/ros/jazzy/opt/gz_ogre_next_vendor:/opt/ros/jazzy/opt/gz_dartsim_vendor:/opt/ros/jazzy/opt/gz_cmake_vendor:/home/wilsonlo/dev_ws/install/serial_motor_demo:/opt/ros/jazzy DEBUGINFOD_URLS=https://debuginfod.ubuntu.com /usr/bin/cmake /home/wilsonlo/dev_ws/src/example_2 -DCMAKE_INSTALL_PREFIX=/home/wilsonlo/dev_ws/install/ros2_control_demo_example_2
[2.931s] Invoking command in '/home/wilsonlo/dev_ws/build/ros2_control_demo_example_2': AMENT_PREFIX_PATH=/home/wilsonlo/dev_ws/install/ros2_control_cmake:${AMENT_PREFIX_PATH} CMAKE_PREFIX_PATH=/home/wilsonlo/dev_ws/install/ros2_control_cmake:/home/wilsonlo/dev_ws/install/serial_motor_demo_msgs:/home/wilsonlo/dev_ws/install/dd_bot:/home/wilsonlo/dev_ws/install/articubot_one:/opt/ros/jazzy/opt/gz_sim_vendor:/opt/ros/jazzy/opt/gz_sensors_vendor:/opt/ros/jazzy/opt/gz_physics_vendor:/opt/ros/jazzy/opt/sdformat_vendor:/opt/ros/jazzy/opt/gz_gui_vendor:/opt/ros/jazzy/opt/gz_transport_vendor:/opt/ros/jazzy/opt/gz_rendering_vendor:/opt/ros/jazzy/opt/gz_plugin_vendor:/opt/ros/jazzy/opt/gz_fuel_tools_vendor:/opt/ros/jazzy/opt/gz_msgs_vendor:/opt/ros/jazzy/opt/gz_common_vendor:/opt/ros/jazzy/opt/gz_math_vendor:/opt/ros/jazzy/opt/gz_utils_vendor:/opt/ros/jazzy/opt/gz_tools_vendor:/opt/ros/jazzy/opt/gz_ogre_next_vendor:/opt/ros/jazzy/opt/gz_dartsim_vendor:/opt/ros/jazzy/opt/gz_cmake_vendor:/home/wilsonlo/dev_ws/install/serial_motor_demo:/opt/ros/jazzy DEBUGINFOD_URLS=https://debuginfod.ubuntu.com /usr/bin/cmake --build /home/wilsonlo/dev_ws/build/ros2_control_demo_example_2 -- -j8 -l8
[2.978s] [ 50%] [32mBuilding CXX object CMakeFiles/ros2_control_demo_example_2.dir/hardware/diffbot_system.cpp.o[0m
[8.272s] [100%] [32m[1mLinking CXX shared library libros2_control_demo_example_2.so[0m
[8.531s] [100%] Built target ros2_control_demo_example_2
[8.542s] Invoked command in '/home/wilsonlo/dev_ws/build/ros2_control_demo_example_2' returned '0': AMENT_PREFIX_PATH=/home/wilsonlo/dev_ws/install/ros2_control_cmake:${AMENT_PREFIX_PATH} CMAKE_PREFIX_PATH=/home/wilsonlo/dev_ws/install/ros2_control_cmake:/home/wilsonlo/dev_ws/install/serial_motor_demo_msgs:/home/wilsonlo/dev_ws/install/dd_bot:/home/wilsonlo/dev_ws/install/articubot_one:/opt/ros/jazzy/opt/gz_sim_vendor:/opt/ros/jazzy/opt/gz_sensors_vendor:/opt/ros/jazzy/opt/gz_physics_vendor:/opt/ros/jazzy/opt/sdformat_vendor:/opt/ros/jazzy/opt/gz_gui_vendor:/opt/ros/jazzy/opt/gz_transport_vendor:/opt/ros/jazzy/opt/gz_rendering_vendor:/opt/ros/jazzy/opt/gz_plugin_vendor:/opt/ros/jazzy/opt/gz_fuel_tools_vendor:/opt/ros/jazzy/opt/gz_msgs_vendor:/opt/ros/jazzy/opt/gz_common_vendor:/opt/ros/jazzy/opt/gz_math_vendor:/opt/ros/jazzy/opt/gz_utils_vendor:/opt/ros/jazzy/opt/gz_tools_vendor:/opt/ros/jazzy/opt/gz_ogre_next_vendor:/opt/ros/jazzy/opt/gz_dartsim_vendor:/opt/ros/jazzy/opt/gz_cmake_vendor:/home/wilsonlo/dev_ws/install/serial_motor_demo:/opt/ros/jazzy DEBUGINFOD_URLS=https://debuginfod.ubuntu.com /usr/bin/cmake --build /home/wilsonlo/dev_ws/build/ros2_control_demo_example_2 -- -j8 -l8
[8.543s] Invoking command in '/home/wilsonlo/dev_ws/build/ros2_control_demo_example_2': AMENT_PREFIX_PATH=/home/wilsonlo/dev_ws/install/ros2_control_cmake:${AMENT_PREFIX_PATH} CMAKE_PREFIX_PATH=/home/wilsonlo/dev_ws/install/ros2_control_cmake:/home/wilsonlo/dev_ws/install/serial_motor_demo_msgs:/home/wilsonlo/dev_ws/install/dd_bot:/home/wilsonlo/dev_ws/install/articubot_one:/opt/ros/jazzy/opt/gz_sim_vendor:/opt/ros/jazzy/opt/gz_sensors_vendor:/opt/ros/jazzy/opt/gz_physics_vendor:/opt/ros/jazzy/opt/sdformat_vendor:/opt/ros/jazzy/opt/gz_gui_vendor:/opt/ros/jazzy/opt/gz_transport_vendor:/opt/ros/jazzy/opt/gz_rendering_vendor:/opt/ros/jazzy/opt/gz_plugin_vendor:/opt/ros/jazzy/opt/gz_fuel_tools_vendor:/opt/ros/jazzy/opt/gz_msgs_vendor:/opt/ros/jazzy/opt/gz_common_vendor:/opt/ros/jazzy/opt/gz_math_vendor:/opt/ros/jazzy/opt/gz_utils_vendor:/opt/ros/jazzy/opt/gz_tools_vendor:/opt/ros/jazzy/opt/gz_ogre_next_vendor:/opt/ros/jazzy/opt/gz_dartsim_vendor:/opt/ros/jazzy/opt/gz_cmake_vendor:/home/wilsonlo/dev_ws/install/serial_motor_demo:/opt/ros/jazzy DEBUGINFOD_URLS=https://debuginfod.ubuntu.com /usr/bin/cmake --install /home/wilsonlo/dev_ws/build/ros2_control_demo_example_2
[8.550s] -- Install configuration: ""
[8.550s] -- Installing: /home/wilsonlo/dev_ws/install/ros2_control_demo_example_2/share/ros2_control_demo_example_2/ros2_control_demo_example_2.xml
[8.550s] -- Installing: /home/wilsonlo/dev_ws/install/ros2_control_demo_example_2/include/ros2_control_demo_example_2
[8.550s] -- Installing: /home/wilsonlo/dev_ws/install/ros2_control_demo_example_2/include/ros2_control_demo_example_2/ros2_control_demo_example_2
[8.551s] -- Installing: /home/wilsonlo/dev_ws/install/ros2_control_demo_example_2/include/ros2_control_demo_example_2/ros2_control_demo_example_2/diffbot_system.hpp
[8.551s] -- Installing: /home/wilsonlo/dev_ws/install/ros2_control_demo_example_2/share/ros2_control_demo_example_2/launch
[8.551s] -- Installing: /home/wilsonlo/dev_ws/install/ros2_control_demo_example_2/share/ros2_control_demo_example_2/launch/view_robot.launch.py
[8.551s] -- Installing: /home/wilsonlo/dev_ws/install/ros2_control_demo_example_2/share/ros2_control_demo_example_2/ros2_control
[8.551s] -- Installing: /home/wilsonlo/dev_ws/install/ros2_control_demo_example_2/share/ros2_control_demo_example_2/ros2_control/diffbot.ros2_control.xacro
[8.551s] -- Installing: /home/wilsonlo/dev_ws/install/ros2_control_demo_example_2/share/ros2_control_demo_example_2/urdf
[8.551s] -- Installing: /home/wilsonlo/dev_ws/install/ros2_control_demo_example_2/share/ros2_control_demo_example_2/urdf/diffbot.urdf.xacro
[8.551s] -- Up-to-date: /home/wilsonlo/dev_ws/install/ros2_control_demo_example_2/share/ros2_control_demo_example_2/launch
[8.551s] -- Installing: /home/wilsonlo/dev_ws/install/ros2_control_demo_example_2/share/ros2_control_demo_example_2/launch/diffbot.launch.py
[8.551s] -- Installing: /home/wilsonlo/dev_ws/install/ros2_control_demo_example_2/share/ros2_control_demo_example_2/config
[8.551s] -- Installing: /home/wilsonlo/dev_ws/install/ros2_control_demo_example_2/share/ros2_control_demo_example_2/config/diffbot_controllers.yaml
[8.552s] -- Installing: /home/wilsonlo/dev_ws/install/ros2_control_demo_example_2/lib/libros2_control_demo_example_2.so
[8.552s] -- Set non-toolchain portion of runtime path of "/home/wilsonlo/dev_ws/install/ros2_control_demo_example_2/lib/libros2_control_demo_example_2.so" to ""
[8.552s] -- Installing: /home/wilsonlo/dev_ws/install/ros2_control_demo_example_2/share/ros2_control_demo_example_2/environment/library_path.sh
[8.552s] -- Installing: /home/wilsonlo/dev_ws/install/ros2_control_demo_example_2/share/ros2_control_demo_example_2/environment/library_path.dsv
[8.553s] -- Installing: /home/wilsonlo/dev_ws/install/ros2_control_demo_example_2/share/ament_index/resource_index/package_run_dependencies/ros2_control_demo_example_2
[8.553s] -- Installing: /home/wilsonlo/dev_ws/install/ros2_control_demo_example_2/share/ament_index/resource_index/parent_prefix_path/ros2_control_demo_example_2
[8.553s] -- Installing: /home/wilsonlo/dev_ws/install/ros2_control_demo_example_2/share/ros2_control_demo_example_2/environment/ament_prefix_path.sh
[8.553s] -- Installing: /home/wilsonlo/dev_ws/install/ros2_control_demo_example_2/share/ros2_control_demo_example_2/environment/ament_prefix_path.dsv
[8.553s] -- Installing: /home/wilsonlo/dev_ws/install/ros2_control_demo_example_2/share/ros2_control_demo_example_2/environment/path.sh
[8.553s] -- Installing: /home/wilsonlo/dev_ws/install/ros2_control_demo_example_2/share/ros2_control_demo_example_2/environment/path.dsv
[8.554s] -- Installing: /home/wilsonlo/dev_ws/install/ros2_control_demo_example_2/share/ros2_control_demo_example_2/local_setup.bash
[8.554s] -- Installing: /home/wilsonlo/dev_ws/install/ros2_control_demo_example_2/share/ros2_control_demo_example_2/local_setup.sh
[8.554s] -- Installing: /home/wilsonlo/dev_ws/install/ros2_control_demo_example_2/share/ros2_control_demo_example_2/local_setup.zsh
[8.554s] -- Installing: /home/wilsonlo/dev_ws/install/ros2_control_demo_example_2/share/ros2_control_demo_example_2/local_setup.dsv
[8.554s] -- Installing: /home/wilsonlo/dev_ws/install/ros2_control_demo_example_2/share/ros2_control_demo_example_2/package.dsv
[8.555s] -- Installing: /home/wilsonlo/dev_ws/install/ros2_control_demo_example_2/share/ament_index/resource_index/packages/ros2_control_demo_example_2
[8.555s] -- Installing: /home/wilsonlo/dev_ws/install/ros2_control_demo_example_2/share/ament_index/resource_index/hardware_interface__pluginlib__plugin/ros2_control_demo_example_2
[8.555s] -- Installing: /home/wilsonlo/dev_ws/install/ros2_control_demo_example_2/share/ros2_control_demo_example_2/cmake/export_ros2_control_demo_example_2Export.cmake
[8.555s] -- Installing: /home/wilsonlo/dev_ws/install/ros2_control_demo_example_2/share/ros2_control_demo_example_2/cmake/export_ros2_control_demo_example_2Export-noconfig.cmake
[8.555s] -- Installing: /home/wilsonlo/dev_ws/install/ros2_control_demo_example_2/share/ros2_control_demo_example_2/cmake/ament_cmake_export_targets-extras.cmake
[8.555s] -- Installing: /home/wilsonlo/dev_ws/install/ros2_control_demo_example_2/share/ros2_control_demo_example_2/cmake/ament_cmake_export_dependencies-extras.cmake
[8.555s] -- Installing: /home/wilsonlo/dev_ws/install/ros2_control_demo_example_2/share/ros2_control_demo_example_2/cmake/ros2_control_demo_example_2Config.cmake
[8.555s] -- Installing: /home/wilsonlo/dev_ws/install/ros2_control_demo_example_2/share/ros2_control_demo_example_2/cmake/ros2_control_demo_example_2Config-version.cmake
[8.555s] -- Installing: /home/wilsonlo/dev_ws/install/ros2_control_demo_example_2/share/ros2_control_demo_example_2/package.xml
[8.557s] Invoked command in '/home/wilsonlo/dev_ws/build/ros2_control_demo_example_2' returned '0': AMENT_PREFIX_PATH=/home/wilsonlo/dev_ws/install/ros2_control_cmake:${AMENT_PREFIX_PATH} CMAKE_PREFIX_PATH=/home/wilsonlo/dev_ws/install/ros2_control_cmake:/home/wilsonlo/dev_ws/install/serial_motor_demo_msgs:/home/wilsonlo/dev_ws/install/dd_bot:/home/wilsonlo/dev_ws/install/articubot_one:/opt/ros/jazzy/opt/gz_sim_vendor:/opt/ros/jazzy/opt/gz_sensors_vendor:/opt/ros/jazzy/opt/gz_physics_vendor:/opt/ros/jazzy/opt/sdformat_vendor:/opt/ros/jazzy/opt/gz_gui_vendor:/opt/ros/jazzy/opt/gz_transport_vendor:/opt/ros/jazzy/opt/gz_rendering_vendor:/opt/ros/jazzy/opt/gz_plugin_vendor:/opt/ros/jazzy/opt/gz_fuel_tools_vendor:/opt/ros/jazzy/opt/gz_msgs_vendor:/opt/ros/jazzy/opt/gz_common_vendor:/opt/ros/jazzy/opt/gz_math_vendor:/opt/ros/jazzy/opt/gz_utils_vendor:/opt/ros/jazzy/opt/gz_tools_vendor:/opt/ros/jazzy/opt/gz_ogre_next_vendor:/opt/ros/jazzy/opt/gz_dartsim_vendor:/opt/ros/jazzy/opt/gz_cmake_vendor:/home/wilsonlo/dev_ws/install/serial_motor_demo:/opt/ros/jazzy DEBUGINFOD_URLS=https://debuginfod.ubuntu.com /usr/bin/cmake --install /home/wilsonlo/dev_ws/build/ros2_control_demo_example_2
