[6.818s] Invoking command in '/home/wilsonlo/dev_ws/src/serial_motor_demo/serial_motor_demo': AMENT_PREFIX_PATH=/home/wilsonlo/dev_ws/install/serial_motor_demo_msgs:${AMENT_PREFIX_PATH} CMAKE_PREFIX_PATH=/home/wilsonlo/dev_ws/install/serial_motor_demo_msgs:${CMAKE_PREFIX_PATH} DEBUGINFOD_URLS=https://debuginfod.ubuntu.com LD_LIBRARY_PATH=/home/wilsonlo/dev_ws/install/serial_motor_demo_msgs/lib:${LD_LIBRARY_PATH} PYTHONPATH=/home/wilsonlo/dev_ws/build/serial_motor_demo/prefix_override:/usr/lib/python3/dist-packages/colcon_core/task/python/colcon_distutils_commands:/home/wilsonlo/dev_ws/install/serial_motor_demo/lib/python3.12/site-packages:/home/wilsonlo/dev_ws/install/serial_motor_demo_msgs/lib/python3.12/site-packages:${PYTHONPATH} /usr/bin/python3 -W ignore:setup.py install is deprecated -W ignore:easy_install command is deprecated setup.py egg_info --egg-base ../../../build/serial_motor_demo build --build-base /home/wilsonlo/dev_ws/build/serial_motor_demo/build install --record /home/wilsonlo/dev_ws/build/serial_motor_demo/install.log --install-scripts $base/lib/serial_motor_demo --single-version-externally-managed install_data
[6.940s] /usr/lib/python3/dist-packages/setuptools/dist.py:744: SetuptoolsDeprecationWarning: Invalid dash-separated options
[6.940s] !!
[6.940s] 
[6.940s]         ********************************************************************************
[6.940s]         Usage of dash-separated 'script-dir' will not be supported in future
[6.940s]         versions. Please use the underscore name 'script_dir' instead.
[6.940s] 
[6.940s]         This deprecation is overdue, please update your project and remove deprecated
[6.941s]         calls to avoid build errors in the future.
[6.941s] 
[6.941s]         See https://setuptools.pypa.io/en/latest/userguide/declarative_config.html for details.
[6.941s]         ********************************************************************************
[6.941s] 
[6.941s] !!
[6.941s]   opt = self.warn_dash_deprecation(opt, section)
[7.106s] running egg_info
[7.106s] creating ../../../build/serial_motor_demo/serial_motor_demo.egg-info
[7.128s] writing ../../../build/serial_motor_demo/serial_motor_demo.egg-info/PKG-INFO
[7.128s] writing dependency_links to ../../../build/serial_motor_demo/serial_motor_demo.egg-info/dependency_links.txt
[7.128s] writing entry points to ../../../build/serial_motor_demo/serial_motor_demo.egg-info/entry_points.txt
[7.128s] writing requirements to ../../../build/serial_motor_demo/serial_motor_demo.egg-info/requires.txt
[7.128s] writing top-level names to ../../../build/serial_motor_demo/serial_motor_demo.egg-info/top_level.txt
[7.128s] writing manifest file '../../../build/serial_motor_demo/serial_motor_demo.egg-info/SOURCES.txt'
[7.172s] reading manifest file '../../../build/serial_motor_demo/serial_motor_demo.egg-info/SOURCES.txt'
[7.173s] writing manifest file '../../../build/serial_motor_demo/serial_motor_demo.egg-info/SOURCES.txt'
[7.173s] running build
[7.173s] running build_py
[7.173s] creating /home/wilsonlo/dev_ws/build/serial_motor_demo/build
[7.173s] creating /home/wilsonlo/dev_ws/build/serial_motor_demo/build/lib
[7.173s] creating /home/wilsonlo/dev_ws/build/serial_motor_demo/build/lib/serial_motor_demo
[7.173s] copying serial_motor_demo/__init__.py -> /home/wilsonlo/dev_ws/build/serial_motor_demo/build/lib/serial_motor_demo
[7.174s] copying serial_motor_demo/driver.py -> /home/wilsonlo/dev_ws/build/serial_motor_demo/build/lib/serial_motor_demo
[7.174s] copying serial_motor_demo/gui.py -> /home/wilsonlo/dev_ws/build/serial_motor_demo/build/lib/serial_motor_demo
[7.174s] running install
[7.180s] running install_lib
[7.203s] creating /home/wilsonlo/dev_ws/install/serial_motor_demo/lib/python3.12/site-packages/serial_motor_demo
[7.203s] copying /home/wilsonlo/dev_ws/build/serial_motor_demo/build/lib/serial_motor_demo/__init__.py -> /home/wilsonlo/dev_ws/install/serial_motor_demo/lib/python3.12/site-packages/serial_motor_demo
[7.203s] copying /home/wilsonlo/dev_ws/build/serial_motor_demo/build/lib/serial_motor_demo/driver.py -> /home/wilsonlo/dev_ws/install/serial_motor_demo/lib/python3.12/site-packages/serial_motor_demo
[7.203s] copying /home/wilsonlo/dev_ws/build/serial_motor_demo/build/lib/serial_motor_demo/gui.py -> /home/wilsonlo/dev_ws/install/serial_motor_demo/lib/python3.12/site-packages/serial_motor_demo
[7.204s] byte-compiling /home/wilsonlo/dev_ws/install/serial_motor_demo/lib/python3.12/site-packages/serial_motor_demo/__init__.py to __init__.cpython-312.pyc
[7.204s] byte-compiling /home/wilsonlo/dev_ws/install/serial_motor_demo/lib/python3.12/site-packages/serial_motor_demo/driver.py to driver.cpython-312.pyc
[7.205s] byte-compiling /home/wilsonlo/dev_ws/install/serial_motor_demo/lib/python3.12/site-packages/serial_motor_demo/gui.py to gui.cpython-312.pyc
[7.207s] running install_data
[7.207s] creating /home/wilsonlo/dev_ws/install/serial_motor_demo/share/ament_index
[7.207s] creating /home/wilsonlo/dev_ws/install/serial_motor_demo/share/ament_index/resource_index
[7.207s] creating /home/wilsonlo/dev_ws/install/serial_motor_demo/share/ament_index/resource_index/packages
[7.207s] copying resource/serial_motor_demo -> /home/wilsonlo/dev_ws/install/serial_motor_demo/share/ament_index/resource_index/packages
[7.208s] copying package.xml -> /home/wilsonlo/dev_ws/install/serial_motor_demo/share/serial_motor_demo
[7.208s] running install_egg_info
[7.231s] Copying ../../../build/serial_motor_demo/serial_motor_demo.egg-info to /home/wilsonlo/dev_ws/install/serial_motor_demo/lib/python3.12/site-packages/serial_motor_demo-0.0.0-py3.12.egg-info
[7.232s] running install_scripts
[7.370s] Installing driver script to /home/wilsonlo/dev_ws/install/serial_motor_demo/lib/serial_motor_demo
[7.370s] Installing gui script to /home/wilsonlo/dev_ws/install/serial_motor_demo/lib/serial_motor_demo
[7.370s] writing list of installed files to '/home/wilsonlo/dev_ws/build/serial_motor_demo/install.log'
[7.396s] Invoked command in '/home/wilsonlo/dev_ws/src/serial_motor_demo/serial_motor_demo' returned '0': AMENT_PREFIX_PATH=/home/wilsonlo/dev_ws/install/serial_motor_demo_msgs:${AMENT_PREFIX_PATH} CMAKE_PREFIX_PATH=/home/wilsonlo/dev_ws/install/serial_motor_demo_msgs:${CMAKE_PREFIX_PATH} DEBUGINFOD_URLS=https://debuginfod.ubuntu.com LD_LIBRARY_PATH=/home/wilsonlo/dev_ws/install/serial_motor_demo_msgs/lib:${LD_LIBRARY_PATH} PYTHONPATH=/home/wilsonlo/dev_ws/build/serial_motor_demo/prefix_override:/usr/lib/python3/dist-packages/colcon_core/task/python/colcon_distutils_commands:/home/wilsonlo/dev_ws/install/serial_motor_demo/lib/python3.12/site-packages:/home/wilsonlo/dev_ws/install/serial_motor_demo_msgs/lib/python3.12/site-packages:${PYTHONPATH} /usr/bin/python3 -W ignore:setup.py install is deprecated -W ignore:easy_install command is deprecated setup.py egg_info --egg-base ../../../build/serial_motor_demo build --build-base /home/wilsonlo/dev_ws/build/serial_motor_demo/build install --record /home/wilsonlo/dev_ws/build/serial_motor_demo/install.log --install-scripts $base/lib/serial_motor_demo --single-version-externally-managed install_data
