[0.515s] Invoking command in '/home/wilsonlo/dev_ws/build/my_package': CMAKE_PREFIX_PATH=${CMAKE_PREFIX_PATH}:/home/wilsonlo/dev_ws/install/serial_motor_demo:/opt/ros/jazzy DEBUGINFOD_URLS=https://debuginfod.ubuntu.com /usr/bin/cmake /home/wilsonlo/dev_ws/src/my_package -DCMAKE_INSTALL_PREFIX=/home/wilsonlo/dev_ws/install/my_package
[1.133s] -- Found ament_cmake: 2.5.4 (/opt/ros/jazzy/share/ament_cmake/cmake)
[1.804s] -- Override CMake install command with custom implementation using symlinks instead of copying resources
[2.304s] -- Found ament_lint_auto: 0.17.2 (/opt/ros/jazzy/share/ament_lint_auto/cmake)
[2.729s] -- Added test 'flake8' to check Python code syntax and style conventions
[2.729s] -- Configured 'flake8' exclude dirs and/or files: 
[2.736s] -- Added test 'lint_cmake' to check CMake code style
[2.739s] -- Added test 'pep257' to check Python code against some of the docstring style conventions in PEP 257
[2.760s] -- Added test 'xmllint' to check XML markup files
[2.766s] -- Configuring done (2.2s)
[2.888s] -- Generating done (0.0s)
[2.890s] -- Build files have been written to: /home/wilsonlo/dev_ws/build/my_package
[2.893s] Invoked command in '/home/wilsonlo/dev_ws/build/my_package' returned '0': CMAKE_PREFIX_PATH=${CMAKE_PREFIX_PATH}:/home/wilsonlo/dev_ws/install/serial_motor_demo:/opt/ros/jazzy DEBUGINFOD_URLS=https://debuginfod.ubuntu.com /usr/bin/cmake /home/wilsonlo/dev_ws/src/my_package -DCMAKE_INSTALL_PREFIX=/home/wilsonlo/dev_ws/install/my_package
[2.894s] Invoking command in '/home/wilsonlo/dev_ws/build/my_package': CMAKE_PREFIX_PATH=${CMAKE_PREFIX_PATH}:/home/wilsonlo/dev_ws/install/serial_motor_demo:/opt/ros/jazzy DEBUGINFOD_URLS=https://debuginfod.ubuntu.com /usr/bin/cmake --build /home/wilsonlo/dev_ws/build/my_package -- -j8 -l8
[3.166s] Invoked command in '/home/wilsonlo/dev_ws/build/my_package' returned '0': CMAKE_PREFIX_PATH=${CMAKE_PREFIX_PATH}:/home/wilsonlo/dev_ws/install/serial_motor_demo:/opt/ros/jazzy DEBUGINFOD_URLS=https://debuginfod.ubuntu.com /usr/bin/cmake --build /home/wilsonlo/dev_ws/build/my_package -- -j8 -l8
[3.189s] Invoking command in '/home/wilsonlo/dev_ws/build/my_package': CMAKE_PREFIX_PATH=${CMAKE_PREFIX_PATH}:/home/wilsonlo/dev_ws/install/serial_motor_demo:/opt/ros/jazzy DEBUGINFOD_URLS=https://debuginfod.ubuntu.com /usr/bin/cmake --install /home/wilsonlo/dev_ws/build/my_package
[3.197s] -- Install configuration: ""
[3.198s] -- Execute custom install script
[3.198s] -- Up-to-date symlink: /home/wilsonlo/dev_ws/install/my_package/share/my_package/launch/listener.launch.py
[3.198s] -- Up-to-date symlink: /home/wilsonlo/dev_ws/install/my_package/share/my_package/launch/talker.launch.py
[3.199s] -- Up-to-date symlink: /home/wilsonlo/dev_ws/install/my_package/share/ament_index/resource_index/package_run_dependencies/my_package
[3.199s] -- Up-to-date symlink: /home/wilsonlo/dev_ws/install/my_package/share/ament_index/resource_index/parent_prefix_path/my_package
[3.200s] -- Up-to-date symlink: /home/wilsonlo/dev_ws/install/my_package/share/my_package/environment/ament_prefix_path.sh
[3.200s] -- Up-to-date symlink: /home/wilsonlo/dev_ws/install/my_package/share/my_package/environment/ament_prefix_path.dsv
[3.201s] -- Up-to-date symlink: /home/wilsonlo/dev_ws/install/my_package/share/my_package/environment/path.sh
[3.201s] -- Up-to-date symlink: /home/wilsonlo/dev_ws/install/my_package/share/my_package/environment/path.dsv
[3.201s] -- Up-to-date symlink: /home/wilsonlo/dev_ws/install/my_package/share/my_package/local_setup.bash
[3.202s] -- Up-to-date symlink: /home/wilsonlo/dev_ws/install/my_package/share/my_package/local_setup.sh
[3.202s] -- Up-to-date symlink: /home/wilsonlo/dev_ws/install/my_package/share/my_package/local_setup.zsh
[3.202s] -- Up-to-date symlink: /home/wilsonlo/dev_ws/install/my_package/share/my_package/local_setup.dsv
[3.202s] -- Symlinking: /home/wilsonlo/dev_ws/install/my_package/share/my_package/package.dsv
[3.209s] -- Up-to-date symlink: /home/wilsonlo/dev_ws/install/my_package/share/ament_index/resource_index/packages/my_package
[3.209s] -- Up-to-date symlink: /home/wilsonlo/dev_ws/install/my_package/share/my_package/cmake/my_packageConfig.cmake
[3.210s] -- Up-to-date symlink: /home/wilsonlo/dev_ws/install/my_package/share/my_package/cmake/my_packageConfig-version.cmake
[3.210s] -- Up-to-date symlink: /home/wilsonlo/dev_ws/install/my_package/share/my_package/package.xml
[3.524s] Invoked command in '/home/wilsonlo/dev_ws/build/my_package' returned '0': CMAKE_PREFIX_PATH=${CMAKE_PREFIX_PATH}:/home/wilsonlo/dev_ws/install/serial_motor_demo:/opt/ros/jazzy DEBUGINFOD_URLS=https://debuginfod.ubuntu.com /usr/bin/cmake --install /home/wilsonlo/dev_ws/build/my_package
