[0.100s] Invoking command in '/home/wilsonlo/dev_ws/build/dd_bot': CMAKE_PREFIX_PATH=${CMAKE_PREFIX_PATH}:/opt/ros/jazzy DEBUGINFOD_URLS=https://debuginfod.ubuntu.com /usr/bin/cmake /home/wilsonlo/dev_ws/src/dd_bot -DAMENT_CMAKE_SYMLINK_INSTALL=1 -DCMAKE_INSTALL_PREFIX=/home/wilsonlo/dev_ws/install/dd_bot
[3.642s] -- The C compiler identification is GNU 13.3.0
[4.761s] -- The CXX compiler identification is GNU 13.3.0
[4.857s] -- Detecting C compiler ABI info
[5.187s] -- Detecting C compiler ABI info - done
[5.197s] -- Check for working C compiler: /usr/bin/cc - skipped
[5.198s] -- Detecting C compile features
[5.199s] -- Detecting C compile features - done
[5.259s] -- Detecting CXX compiler ABI info
[5.502s] -- Detecting CXX compiler ABI info - done
[5.511s] -- Check for working CXX compiler: /usr/bin/c++ - skipped
[5.511s] -- Detecting CXX compile features
[5.512s] -- Detecting CXX compile features - done
[5.628s] -- Found ament_cmake: 2.5.3 (/opt/ros/jazzy/share/ament_cmake/cmake)
[5.790s] -- Found Python3: /usr/bin/python3 (found version "3.12.3") found components: Interpreter 
[5.858s] -- Override CMake install command with custom implementation using symlinks instead of copying resources
[5.962s] -- Found ament_lint_auto: 0.17.1 (/opt/ros/jazzy/share/ament_lint_auto/cmake)
[6.095s] -- Added test 'copyright' to check source files copyright and LICENSE
[6.098s] -- Added test 'flake8' to check Python code syntax and style conventions
[6.098s] -- Configured 'flake8' exclude dirs and/or files: 
[6.099s] -- Added test 'lint_cmake' to check CMake code style
[6.099s] -- Added test 'pep257' to check Python code against some of the docstring style conventions in PEP 257
[6.101s] -- Added test 'xmllint' to check XML markup files
[6.103s] -- Configuring done (6.0s)
[6.105s] -- Generating done (0.0s)
[6.106s] -- Build files have been written to: /home/wilsonlo/dev_ws/build/dd_bot
[6.111s] Invoked command in '/home/wilsonlo/dev_ws/build/dd_bot' returned '0': CMAKE_PREFIX_PATH=${CMAKE_PREFIX_PATH}:/opt/ros/jazzy DEBUGINFOD_URLS=https://debuginfod.ubuntu.com /usr/bin/cmake /home/wilsonlo/dev_ws/src/dd_bot -DAMENT_CMAKE_SYMLINK_INSTALL=1 -DCMAKE_INSTALL_PREFIX=/home/wilsonlo/dev_ws/install/dd_bot
[6.112s] Invoking command in '/home/wilsonlo/dev_ws/build/dd_bot': CMAKE_PREFIX_PATH=${CMAKE_PREFIX_PATH}:/opt/ros/jazzy DEBUGINFOD_URLS=https://debuginfod.ubuntu.com /usr/bin/cmake --build /home/wilsonlo/dev_ws/build/dd_bot -- -j8 -l8
[6.145s] Invoked command in '/home/wilsonlo/dev_ws/build/dd_bot' returned '0': CMAKE_PREFIX_PATH=${CMAKE_PREFIX_PATH}:/opt/ros/jazzy DEBUGINFOD_URLS=https://debuginfod.ubuntu.com /usr/bin/cmake --build /home/wilsonlo/dev_ws/build/dd_bot -- -j8 -l8
[6.146s] Invoking command in '/home/wilsonlo/dev_ws/build/dd_bot': CMAKE_PREFIX_PATH=${CMAKE_PREFIX_PATH}:/opt/ros/jazzy DEBUGINFOD_URLS=https://debuginfod.ubuntu.com /usr/bin/cmake --install /home/wilsonlo/dev_ws/build/dd_bot
[6.153s] -- Install configuration: ""
[6.153s] -- Execute custom install script
[6.154s] -- Symlinking: /home/wilsonlo/dev_ws/install/dd_bot/share/dd_bot/config/empty.yaml
[6.162s] -- Symlinking: /home/wilsonlo/dev_ws/install/dd_bot/share/dd_bot/config/view_bot.rviz
[6.170s] -- Symlinking: /home/wilsonlo/dev_ws/install/dd_bot/share/dd_bot/description/inertial_macros.xacro
[6.178s] -- Symlinking: /home/wilsonlo/dev_ws/install/dd_bot/share/dd_bot/description/robot.urdf.xacro
[6.186s] -- Symlinking: /home/wilsonlo/dev_ws/install/dd_bot/share/dd_bot/description/robot_core.xacro
[6.193s] -- Symlinking: /home/wilsonlo/dev_ws/install/dd_bot/share/dd_bot/launch/rsp.launch.py
[6.201s] -- Symlinking: /home/wilsonlo/dev_ws/install/dd_bot/share/dd_bot/worlds/empty.world
[6.209s] -- Symlinking: /home/wilsonlo/dev_ws/install/dd_bot/share/ament_index/resource_index/package_run_dependencies/dd_bot
[6.217s] -- Symlinking: /home/wilsonlo/dev_ws/install/dd_bot/share/ament_index/resource_index/parent_prefix_path/dd_bot
[6.225s] -- Symlinking: /home/wilsonlo/dev_ws/install/dd_bot/share/dd_bot/environment/ament_prefix_path.sh
[6.233s] -- Symlinking: /home/wilsonlo/dev_ws/install/dd_bot/share/dd_bot/environment/ament_prefix_path.dsv
[6.241s] -- Symlinking: /home/wilsonlo/dev_ws/install/dd_bot/share/dd_bot/environment/path.sh
[6.249s] -- Symlinking: /home/wilsonlo/dev_ws/install/dd_bot/share/dd_bot/environment/path.dsv
[6.256s] -- Symlinking: /home/wilsonlo/dev_ws/install/dd_bot/share/dd_bot/local_setup.bash
[6.264s] -- Symlinking: /home/wilsonlo/dev_ws/install/dd_bot/share/dd_bot/local_setup.sh
[6.272s] -- Symlinking: /home/wilsonlo/dev_ws/install/dd_bot/share/dd_bot/local_setup.zsh
[6.280s] -- Symlinking: /home/wilsonlo/dev_ws/install/dd_bot/share/dd_bot/local_setup.dsv
[6.288s] -- Symlinking: /home/wilsonlo/dev_ws/install/dd_bot/share/dd_bot/package.dsv
[6.296s] -- Symlinking: /home/wilsonlo/dev_ws/install/dd_bot/share/ament_index/resource_index/packages/dd_bot
[6.303s] -- Symlinking: /home/wilsonlo/dev_ws/install/dd_bot/share/dd_bot/cmake/dd_botConfig.cmake
[6.311s] -- Symlinking: /home/wilsonlo/dev_ws/install/dd_bot/share/dd_bot/cmake/dd_botConfig-version.cmake
[6.319s] -- Symlinking: /home/wilsonlo/dev_ws/install/dd_bot/share/dd_bot/package.xml
[6.329s] Invoked command in '/home/wilsonlo/dev_ws/build/dd_bot' returned '0': CMAKE_PREFIX_PATH=${CMAKE_PREFIX_PATH}:/opt/ros/jazzy DEBUGINFOD_URLS=https://debuginfod.ubuntu.com /usr/bin/cmake --install /home/wilsonlo/dev_ws/build/dd_bot
