[5.468s] Invoking command in '/home/wilsonlo/dev_ws/build/serial_motor_demo': AMENT_PREFIX_PATH=/home/wilsonlo/dev_ws/install/serial_motor_demo_msgs:${AMENT_PREFIX_PATH} CMAKE_PREFIX_PATH=/home/wilsonlo/dev_ws/install/serial_motor_demo_msgs:${CMAKE_PREFIX_PATH} DEBUGINFOD_URLS=https://debuginfod.ubuntu.com LD_LIBRARY_PATH=/home/wilsonlo/dev_ws/install/serial_motor_demo_msgs/lib:${LD_LIBRARY_PATH} PYTHONPATH=/home/wilsonlo/dev_ws/build/serial_motor_demo/prefix_override:/usr/lib/python3/dist-packages/colcon_core/task/python/colcon_distutils_commands:/home/wilsonlo/dev_ws/install/serial_motor_demo/lib/python3.12/site-packages:/home/wilsonlo/dev_ws/install/serial_motor_demo_msgs/lib/python3.12/site-packages:${PYTHONPATH} /usr/bin/python3 -W ignore:setup.py install is deprecated -W ignore:easy_install command is deprecated setup.py develop --editable --build-directory /home/wilsonlo/dev_ws/build/serial_motor_demo/build --no-deps symlink_data
[5.594s] /usr/lib/python3/dist-packages/setuptools/dist.py:744: SetuptoolsDeprecationWarning: Invalid dash-separated options
[5.594s] !!
[5.594s] 
[5.594s]         ********************************************************************************
[5.594s]         Usage of dash-separated 'script-dir' will not be supported in future
[5.594s]         versions. Please use the underscore name 'script_dir' instead.
[5.595s] 
[5.595s]         This deprecation is overdue, please update your project and remove deprecated
[5.595s]         calls to avoid build errors in the future.
[5.595s] 
[5.595s]         See https://setuptools.pypa.io/en/latest/userguide/declarative_config.html for details.
[5.595s]         ********************************************************************************
[5.595s] 
[5.595s] !!
[5.595s]   opt = self.warn_dash_deprecation(opt, section)
[5.813s] running develop
[6.042s] running egg_info
[6.042s] creating serial_motor_demo.egg-info
[6.066s] writing serial_motor_demo.egg-info/PKG-INFO
[6.066s] writing dependency_links to serial_motor_demo.egg-info/dependency_links.txt
[6.067s] writing entry points to serial_motor_demo.egg-info/entry_points.txt
[6.067s] writing requirements to serial_motor_demo.egg-info/requires.txt
[6.067s] writing top-level names to serial_motor_demo.egg-info/top_level.txt
[6.067s] writing manifest file 'serial_motor_demo.egg-info/SOURCES.txt'
[6.114s] reading manifest file 'serial_motor_demo.egg-info/SOURCES.txt'
[6.115s] writing manifest file 'serial_motor_demo.egg-info/SOURCES.txt'
[6.139s] running build_ext
[6.139s] Creating /home/wilsonlo/dev_ws/install/serial_motor_demo/lib/python3.12/site-packages/serial-motor-demo.egg-link (link to .)
[6.140s] Installing driver script to /home/wilsonlo/dev_ws/install/serial_motor_demo/lib/serial_motor_demo
[6.140s] Installing gui script to /home/wilsonlo/dev_ws/install/serial_motor_demo/lib/serial_motor_demo
[6.140s] 
[6.140s] Installed /home/wilsonlo/dev_ws/build/serial_motor_demo
[6.141s] running symlink_data
[6.141s] creating /home/wilsonlo/dev_ws/install/serial_motor_demo/share/ament_index
[6.141s] creating /home/wilsonlo/dev_ws/install/serial_motor_demo/share/ament_index/resource_index
[6.141s] creating /home/wilsonlo/dev_ws/install/serial_motor_demo/share/ament_index/resource_index/packages
[6.141s] symbolically linking /home/wilsonlo/dev_ws/build/serial_motor_demo/resource/serial_motor_demo -> /home/wilsonlo/dev_ws/install/serial_motor_demo/share/ament_index/resource_index/packages
[6.141s] symbolically linking /home/wilsonlo/dev_ws/build/serial_motor_demo/package.xml -> /home/wilsonlo/dev_ws/install/serial_motor_demo/share/serial_motor_demo
[6.171s] Invoked command in '/home/wilsonlo/dev_ws/build/serial_motor_demo' returned '0': AMENT_PREFIX_PATH=/home/wilsonlo/dev_ws/install/serial_motor_demo_msgs:${AMENT_PREFIX_PATH} CMAKE_PREFIX_PATH=/home/wilsonlo/dev_ws/install/serial_motor_demo_msgs:${CMAKE_PREFIX_PATH} DEBUGINFOD_URLS=https://debuginfod.ubuntu.com LD_LIBRARY_PATH=/home/wilsonlo/dev_ws/install/serial_motor_demo_msgs/lib:${LD_LIBRARY_PATH} PYTHONPATH=/home/wilsonlo/dev_ws/build/serial_motor_demo/prefix_override:/usr/lib/python3/dist-packages/colcon_core/task/python/colcon_distutils_commands:/home/wilsonlo/dev_ws/install/serial_motor_demo/lib/python3.12/site-packages:/home/wilsonlo/dev_ws/install/serial_motor_demo_msgs/lib/python3.12/site-packages:${PYTHONPATH} /usr/bin/python3 -W ignore:setup.py install is deprecated -W ignore:easy_install command is deprecated setup.py develop --editable --build-directory /home/wilsonlo/dev_ws/build/serial_motor_demo/build --no-deps symlink_data
