[0.014s] Invoking command in '/home/wilsonlo/dev_ws/build/articubot_one': CMAKE_PREFIX_PATH=${CMAKE_PREFIX_PATH}:/home/wilsonlo/dev_ws/install/serial_motor_demo:/opt/ros/jazzy DEBUGINFOD_URLS=https://debuginfod.ubuntu.com /usr/bin/cmake /home/wilsonlo/dev_ws/src/articubot_one -DCMAKE_INSTALL_PREFIX=/home/wilsonlo/dev_ws/install/articubot_one
[0.030s] -- Found ament_cmake: 2.5.4 (/opt/ros/jazzy/share/ament_cmake/cmake)
[0.251s] -- Override CMake install command with custom implementation using symlinks instead of copying resources
[0.258s] -- Found ament_lint_auto: 0.17.2 (/opt/ros/jazzy/share/ament_lint_auto/cmake)
[0.374s] -- Added test 'copyright' to check source files copyright and LICENSE
[0.377s] -- Added test 'flake8' to check Python code syntax and style conventions
[0.377s] -- Configured 'flake8' exclude dirs and/or files: 
[0.378s] -- Added test 'lint_cmake' to check CMake code style
[0.379s] -- Added test 'pep257' to check Python code against some of the docstring style conventions in PEP 257
[0.380s] -- Added test 'xmllint' to check XML markup files
[0.382s] -- Configuring done (0.4s)
[0.387s] -- Generating done (0.0s)
[0.392s] -- Build files have been written to: /home/wilsonlo/dev_ws/build/articubot_one
[0.396s] Invoked command in '/home/wilsonlo/dev_ws/build/articubot_one' returned '0': CMAKE_PREFIX_PATH=${CMAKE_PREFIX_PATH}:/home/wilsonlo/dev_ws/install/serial_motor_demo:/opt/ros/jazzy DEBUGINFOD_URLS=https://debuginfod.ubuntu.com /usr/bin/cmake /home/wilsonlo/dev_ws/src/articubot_one -DCMAKE_INSTALL_PREFIX=/home/wilsonlo/dev_ws/install/articubot_one
[0.397s] Invoking command in '/home/wilsonlo/dev_ws/build/articubot_one': CMAKE_PREFIX_PATH=${CMAKE_PREFIX_PATH}:/home/wilsonlo/dev_ws/install/serial_motor_demo:/opt/ros/jazzy DEBUGINFOD_URLS=https://debuginfod.ubuntu.com /usr/bin/cmake --build /home/wilsonlo/dev_ws/build/articubot_one -- -j8 -l8
[0.451s] Invoked command in '/home/wilsonlo/dev_ws/build/articubot_one' returned '0': CMAKE_PREFIX_PATH=${CMAKE_PREFIX_PATH}:/home/wilsonlo/dev_ws/install/serial_motor_demo:/opt/ros/jazzy DEBUGINFOD_URLS=https://debuginfod.ubuntu.com /usr/bin/cmake --build /home/wilsonlo/dev_ws/build/articubot_one -- -j8 -l8
[0.461s] Invoking command in '/home/wilsonlo/dev_ws/build/articubot_one': CMAKE_PREFIX_PATH=${CMAKE_PREFIX_PATH}:/home/wilsonlo/dev_ws/install/serial_motor_demo:/opt/ros/jazzy DEBUGINFOD_URLS=https://debuginfod.ubuntu.com /usr/bin/cmake --install /home/wilsonlo/dev_ws/build/articubot_one
[0.468s] -- Install configuration: ""
[0.468s] -- Execute custom install script
[0.468s] -- Up-to-date symlink: /home/wilsonlo/dev_ws/install/articubot_one/share/articubot_one/config/ball_tracker_params_robot.yaml
[0.469s] -- Up-to-date symlink: /home/wilsonlo/dev_ws/install/articubot_one/share/articubot_one/config/ball_tracker_params_sim.yaml
[0.469s] -- Up-to-date symlink: /home/wilsonlo/dev_ws/install/articubot_one/share/articubot_one/config/drive_bot.rviz
[0.469s] -- Up-to-date symlink: /home/wilsonlo/dev_ws/install/articubot_one/share/articubot_one/config/empty.yaml
[0.469s] -- Up-to-date symlink: /home/wilsonlo/dev_ws/install/articubot_one/share/articubot_one/config/gaz_ros2_ctl_use_sim.yaml
[0.469s] -- Up-to-date symlink: /home/wilsonlo/dev_ws/install/articubot_one/share/articubot_one/config/gz_bridge.yaml
[0.470s] -- Up-to-date symlink: /home/wilsonlo/dev_ws/install/articubot_one/share/articubot_one/config/joystick.yaml
[0.470s] -- Up-to-date symlink: /home/wilsonlo/dev_ws/install/articubot_one/share/articubot_one/config/main.rviz
[0.470s] -- Up-to-date symlink: /home/wilsonlo/dev_ws/install/articubot_one/share/articubot_one/config/map.rviz
[0.470s] -- Up-to-date symlink: /home/wilsonlo/dev_ws/install/articubot_one/share/articubot_one/config/mapper_params_online_async.yaml
[0.470s] -- Up-to-date symlink: /home/wilsonlo/dev_ws/install/articubot_one/share/articubot_one/config/my_controllers.yaml
[0.470s] -- Up-to-date symlink: /home/wilsonlo/dev_ws/install/articubot_one/share/articubot_one/config/nav2_params.yaml
[0.471s] -- Up-to-date symlink: /home/wilsonlo/dev_ws/install/articubot_one/share/articubot_one/config/twist_mux.yaml
[0.471s] -- Up-to-date symlink: /home/wilsonlo/dev_ws/install/articubot_one/share/articubot_one/config/view_bot.rviz
[0.471s] -- Up-to-date symlink: /home/wilsonlo/dev_ws/install/articubot_one/share/articubot_one/description/camera.xacro
[0.471s] -- Up-to-date symlink: /home/wilsonlo/dev_ws/install/articubot_one/share/articubot_one/description/depth_camera.xacro
[0.471s] -- Up-to-date symlink: /home/wilsonlo/dev_ws/install/articubot_one/share/articubot_one/description/face.xacro
[0.472s] -- Up-to-date symlink: /home/wilsonlo/dev_ws/install/articubot_one/share/articubot_one/description/gazebo_control.xacro
[0.472s] -- Up-to-date symlink: /home/wilsonlo/dev_ws/install/articubot_one/share/articubot_one/description/inertial_macros.xacro
[0.472s] -- Up-to-date symlink: /home/wilsonlo/dev_ws/install/articubot_one/share/articubot_one/description/robot.urdf.xacro
[0.472s] -- Up-to-date symlink: /home/wilsonlo/dev_ws/install/articubot_one/share/articubot_one/description/robot_core.xacro
[0.472s] -- Up-to-date symlink: /home/wilsonlo/dev_ws/install/articubot_one/share/articubot_one/description/ros2_control.xacro
[0.473s] -- Up-to-date symlink: /home/wilsonlo/dev_ws/install/articubot_one/share/articubot_one/launch/ball_tracker.launch.py
[0.473s] -- Up-to-date symlink: /home/wilsonlo/dev_ws/install/articubot_one/share/articubot_one/launch/camera.launch.py
[0.473s] -- Up-to-date symlink: /home/wilsonlo/dev_ws/install/articubot_one/share/articubot_one/launch/joystick.launch.py
[0.473s] -- Up-to-date symlink: /home/wilsonlo/dev_ws/install/articubot_one/share/articubot_one/launch/launch_robot.launch.py
[0.473s] -- Up-to-date symlink: /home/wilsonlo/dev_ws/install/articubot_one/share/articubot_one/launch/launch_sim.launch.py
[0.474s] -- Up-to-date symlink: /home/wilsonlo/dev_ws/install/articubot_one/share/articubot_one/launch/localization_launch.py
[0.474s] -- Up-to-date symlink: /home/wilsonlo/dev_ws/install/articubot_one/share/articubot_one/launch/navigation_launch.py
[0.474s] -- Up-to-date symlink: /home/wilsonlo/dev_ws/install/articubot_one/share/articubot_one/launch/online_async_launch.py
[0.474s] -- Up-to-date symlink: /home/wilsonlo/dev_ws/install/articubot_one/share/articubot_one/launch/rplidar.launch.py
[0.474s] -- Up-to-date symlink: /home/wilsonlo/dev_ws/install/articubot_one/share/articubot_one/launch/rsp.launch.py
[0.475s] -- Up-to-date symlink: /home/wilsonlo/dev_ws/install/articubot_one/share/articubot_one/worlds/empty.world
[0.475s] -- Up-to-date symlink: /home/wilsonlo/dev_ws/install/articubot_one/share/articubot_one/worlds/obstacles.world
[0.475s] -- Up-to-date symlink: /home/wilsonlo/dev_ws/install/articubot_one/share/ament_index/resource_index/package_run_dependencies/articubot_one
[0.475s] -- Up-to-date symlink: /home/wilsonlo/dev_ws/install/articubot_one/share/ament_index/resource_index/parent_prefix_path/articubot_one
[0.475s] -- Up-to-date symlink: /home/wilsonlo/dev_ws/install/articubot_one/share/articubot_one/environment/ament_prefix_path.sh
[0.476s] -- Up-to-date symlink: /home/wilsonlo/dev_ws/install/articubot_one/share/articubot_one/environment/ament_prefix_path.dsv
[0.476s] -- Up-to-date symlink: /home/wilsonlo/dev_ws/install/articubot_one/share/articubot_one/environment/path.sh
[0.476s] -- Up-to-date symlink: /home/wilsonlo/dev_ws/install/articubot_one/share/articubot_one/environment/path.dsv
[0.476s] -- Up-to-date symlink: /home/wilsonlo/dev_ws/install/articubot_one/share/articubot_one/local_setup.bash
[0.476s] -- Up-to-date symlink: /home/wilsonlo/dev_ws/install/articubot_one/share/articubot_one/local_setup.sh
[0.477s] -- Up-to-date symlink: /home/wilsonlo/dev_ws/install/articubot_one/share/articubot_one/local_setup.zsh
[0.477s] -- Up-to-date symlink: /home/wilsonlo/dev_ws/install/articubot_one/share/articubot_one/local_setup.dsv
[0.477s] -- Symlinking: /home/wilsonlo/dev_ws/install/articubot_one/share/articubot_one/package.dsv
[0.486s] -- Up-to-date symlink: /home/wilsonlo/dev_ws/install/articubot_one/share/ament_index/resource_index/packages/articubot_one
[0.486s] -- Up-to-date symlink: /home/wilsonlo/dev_ws/install/articubot_one/share/articubot_one/cmake/articubot_oneConfig.cmake
[0.487s] -- Up-to-date symlink: /home/wilsonlo/dev_ws/install/articubot_one/share/articubot_one/cmake/articubot_oneConfig-version.cmake
[0.487s] -- Up-to-date symlink: /home/wilsonlo/dev_ws/install/articubot_one/share/articubot_one/package.xml
[0.489s] Invoked command in '/home/wilsonlo/dev_ws/build/articubot_one' returned '0': CMAKE_PREFIX_PATH=${CMAKE_PREFIX_PATH}:/home/wilsonlo/dev_ws/install/serial_motor_demo:/opt/ros/jazzy DEBUGINFOD_URLS=https://debuginfod.ubuntu.com /usr/bin/cmake --install /home/wilsonlo/dev_ws/build/articubot_one
