[0.023s] Invoking command in '/home/wilsonlo/dev_ws/build/my_package': CMAKE_PREFIX_PATH=${CMAKE_PREFIX_PATH}:/home/wilsonlo/dev_ws/install/serial_motor_demo:/opt/ros/jazzy DEBUGINFOD_URLS=https://debuginfod.ubuntu.com /usr/bin/cmake --build /home/wilsonlo/dev_ws/build/my_package -- -j8 -l8
[0.091s] Invoked command in '/home/wilsonlo/dev_ws/build/my_package' returned '0': CMAKE_PREFIX_PATH=${CMAKE_PREFIX_PATH}:/home/wilsonlo/dev_ws/install/serial_motor_demo:/opt/ros/jazzy DEBUGINFOD_URLS=https://debuginfod.ubuntu.com /usr/bin/cmake --build /home/wilsonlo/dev_ws/build/my_package -- -j8 -l8
[0.091s] Invoking command in '/home/wilsonlo/dev_ws/build/my_package': CMAKE_PREFIX_PATH=${CMAKE_PREFIX_PATH}:/home/wilsonlo/dev_ws/install/serial_motor_demo:/opt/ros/jazzy DEBUGINFOD_URLS=https://debuginfod.ubuntu.com /usr/bin/cmake --install /home/wilsonlo/dev_ws/build/my_package
[0.108s] -- Install configuration: ""
[0.111s] -- Execute custom install script
[0.111s] -- Up-to-date symlink: /home/wilsonlo/dev_ws/install/my_package/share/my_package/launch/listener.launch.py
[0.112s] -- Up-to-date symlink: /home/wilsonlo/dev_ws/install/my_package/share/my_package/launch/talker.launch.py
[0.112s] -- Up-to-date symlink: /home/wilsonlo/dev_ws/install/my_package/share/ament_index/resource_index/package_run_dependencies/my_package
[0.113s] -- Up-to-date symlink: /home/wilsonlo/dev_ws/install/my_package/share/ament_index/resource_index/parent_prefix_path/my_package
[0.114s] -- Up-to-date symlink: /home/wilsonlo/dev_ws/install/my_package/share/my_package/environment/ament_prefix_path.sh
[0.114s] -- Up-to-date symlink: /home/wilsonlo/dev_ws/install/my_package/share/my_package/environment/ament_prefix_path.dsv
[0.115s] -- Up-to-date symlink: /home/wilsonlo/dev_ws/install/my_package/share/my_package/environment/path.sh
[0.115s] -- Up-to-date symlink: /home/wilsonlo/dev_ws/install/my_package/share/my_package/environment/path.dsv
[0.115s] -- Up-to-date symlink: /home/wilsonlo/dev_ws/install/my_package/share/my_package/local_setup.bash
[0.116s] -- Up-to-date symlink: /home/wilsonlo/dev_ws/install/my_package/share/my_package/local_setup.sh
[0.116s] -- Up-to-date symlink: /home/wilsonlo/dev_ws/install/my_package/share/my_package/local_setup.zsh
[0.118s] -- Up-to-date symlink: /home/wilsonlo/dev_ws/install/my_package/share/my_package/local_setup.dsv
[0.118s] -- Symlinking: /home/wilsonlo/dev_ws/install/my_package/share/my_package/package.dsv
[0.126s] -- Up-to-date symlink: /home/wilsonlo/dev_ws/install/my_package/share/ament_index/resource_index/packages/my_package
[0.126s] -- Up-to-date symlink: /home/wilsonlo/dev_ws/install/my_package/share/my_package/cmake/my_packageConfig.cmake
[0.127s] -- Up-to-date symlink: /home/wilsonlo/dev_ws/install/my_package/share/my_package/cmake/my_packageConfig-version.cmake
[0.127s] -- Up-to-date symlink: /home/wilsonlo/dev_ws/install/my_package/share/my_package/package.xml
[0.159s] Invoked command in '/home/wilsonlo/dev_ws/build/my_package' returned '0': CMAKE_PREFIX_PATH=${CMAKE_PREFIX_PATH}:/home/wilsonlo/dev_ws/install/serial_motor_demo:/opt/ros/jazzy DEBUGINFOD_URLS=https://debuginfod.ubuntu.com /usr/bin/cmake --install /home/wilsonlo/dev_ws/build/my_package
