-- Found ament_cmake: 2.5.3 (/opt/ros/jazzy/share/ament_cmake/cmake)
-- Override CMake install command with custom implementation using symlinks instead of copying resources
-- Found ament_lint_auto: 0.17.1 (/opt/ros/jazzy/share/ament_lint_auto/cmake)
-- Added test 'copyright' to check source files copyright and LICENSE
-- Added test 'flake8' to check Python code syntax and style conventions
-- Configured 'flake8' exclude dirs and/or files: 
-- Added test 'lint_cmake' to check CMake code style
-- Added test 'pep257' to check Python code against some of the docstring style conventions in PEP 257
-- Added test 'xmllint' to check XML markup files
-- Configuring done (0.4s)
-- Generating done (0.0s)
-- Build files have been written to: /home/wilsonlo/dev_ws/build/dd_bot
-- Install configuration: ""
-- Execute custom install script
-- Up-to-date symlink: /home/wilsonlo/dev_ws/install/dd_bot/share/dd_bot/config/empty.yaml
-- Up-to-date symlink: /home/wilsonlo/dev_ws/install/dd_bot/share/dd_bot/config/view_bot.rviz
-- Up-to-date symlink: /home/wilsonlo/dev_ws/install/dd_bot/share/dd_bot/description/inertial_macros.xacro
-- Up-to-date symlink: /home/wilsonlo/dev_ws/install/dd_bot/share/dd_bot/description/robot.urdf.xacro
-- Up-to-date symlink: /home/wilsonlo/dev_ws/install/dd_bot/share/dd_bot/description/robot_core.xacro
-- Up-to-date symlink: /home/wilsonlo/dev_ws/install/dd_bot/share/dd_bot/launch/rsp.launch.py
-- Up-to-date symlink: /home/wilsonlo/dev_ws/install/dd_bot/share/dd_bot/worlds/empty.world
-- Up-to-date symlink: /home/wilsonlo/dev_ws/install/dd_bot/share/ament_index/resource_index/package_run_dependencies/dd_bot
-- Up-to-date symlink: /home/wilsonlo/dev_ws/install/dd_bot/share/ament_index/resource_index/parent_prefix_path/dd_bot
-- Up-to-date symlink: /home/wilsonlo/dev_ws/install/dd_bot/share/dd_bot/environment/ament_prefix_path.sh
-- Up-to-date symlink: /home/wilsonlo/dev_ws/install/dd_bot/share/dd_bot/environment/ament_prefix_path.dsv
-- Up-to-date symlink: /home/wilsonlo/dev_ws/install/dd_bot/share/dd_bot/environment/path.sh
-- Up-to-date symlink: /home/wilsonlo/dev_ws/install/dd_bot/share/dd_bot/environment/path.dsv
-- Up-to-date symlink: /home/wilsonlo/dev_ws/install/dd_bot/share/dd_bot/local_setup.bash
-- Up-to-date symlink: /home/wilsonlo/dev_ws/install/dd_bot/share/dd_bot/local_setup.sh
-- Up-to-date symlink: /home/wilsonlo/dev_ws/install/dd_bot/share/dd_bot/local_setup.zsh
-- Up-to-date symlink: /home/wilsonlo/dev_ws/install/dd_bot/share/dd_bot/local_setup.dsv
-- Symlinking: /home/wilsonlo/dev_ws/install/dd_bot/share/dd_bot/package.dsv
-- Up-to-date symlink: /home/wilsonlo/dev_ws/install/dd_bot/share/ament_index/resource_index/packages/dd_bot
-- Up-to-date symlink: /home/wilsonlo/dev_ws/install/dd_bot/share/dd_bot/cmake/dd_botConfig.cmake
-- Up-to-date symlink: /home/wilsonlo/dev_ws/install/dd_bot/share/dd_bot/cmake/dd_botConfig-version.cmake
-- Up-to-date symlink: /home/wilsonlo/dev_ws/install/dd_bot/share/dd_bot/package.xml
