[3.063s] DEBUG:colcon:Command line arguments: ['/usr/bin/colcon', 'build']
[3.063s] DEBUG:colcon:Parsed command line arguments: Namespace(log_base=None, log_level=None, verb_name='build', build_base='build', install_base='install', merge_install=False, symlink_install=False, test_result_base=None, continue_on_error=False, executor='parallel', parallel_workers=8, event_handlers=None, ignore_user_meta=False, metas=['./colcon.meta'], base_paths=['.'], packages_ignore=None, packages_ignore_regex=None, paths=None, packages_up_to=None, packages_up_to_regex=None, packages_above=None, packages_above_and_dependencies=None, packages_above_depth=None, packages_select_by_dep=None, packages_skip_by_dep=None, packages_skip_up_to=None, packages_select_build_failed=False, packages_skip_build_finished=False, packages_select_test_failures=False, packages_skip_test_passed=False, packages_select=None, packages_skip=None, packages_select_regex=None, packages_skip_regex=None, packages_start=None, packages_end=None, allow_overriding=[], cmake_args=None, cmake_target=None, cmake_target_skip_unavailable=False, cmake_clean_cache=False, cmake_clean_first=False, cmake_force_configure=False, ament_cmake_args=None, catkin_cmake_args=None, catkin_skip_building_tests=False, mixin_files=None, mixin=None, verb_parser=<colcon_mixin.mixin.mixin_argument.MixinArgumentDecorator object at 0x7cad7daa1340>, verb_extension=<colcon_core.verb.build.BuildVerb object at 0x7cad7da2f1a0>, main=<bound method BuildVerb.main of <colcon_core.verb.build.BuildVerb object at 0x7cad7da2f1a0>>, mixin_verb=('build',))
[3.125s] Level 1:colcon.colcon_core.package_discovery:discover_packages(colcon_meta) check parameters
[3.125s] Level 1:colcon.colcon_core.package_discovery:discover_packages(recursive) check parameters
[3.125s] Level 1:colcon.colcon_core.package_discovery:discover_packages(ignore) check parameters
[3.125s] Level 1:colcon.colcon_core.package_discovery:discover_packages(path) check parameters
[3.125s] Level 1:colcon.colcon_core.package_discovery:discover_packages(colcon_meta) discover
[3.125s] Level 1:colcon.colcon_core.package_discovery:discover_packages(recursive) discover
[3.126s] INFO:colcon.colcon_core.package_discovery:Crawling recursively for packages in '/home/wilsonlo/dev_ws'
[3.126s] Level 1:colcon.colcon_core.package_identification:_identify(.) by extensions ['ignore', 'ignore_ament_install']
[3.126s] Level 1:colcon.colcon_core.package_identification:_identify(.) by extension 'ignore'
[3.126s] Level 1:colcon.colcon_core.package_identification:_identify(.) by extension 'ignore_ament_install'
[3.126s] Level 1:colcon.colcon_core.package_identification:_identify(.) by extensions ['colcon_pkg']
[3.126s] Level 1:colcon.colcon_core.package_identification:_identify(.) by extension 'colcon_pkg'
[3.126s] Level 1:colcon.colcon_core.package_identification:_identify(.) by extensions ['colcon_meta']
[3.126s] Level 1:colcon.colcon_core.package_identification:_identify(.) by extension 'colcon_meta'
[3.126s] Level 1:colcon.colcon_core.package_identification:_identify(.) by extensions ['ros']
[3.126s] Level 1:colcon.colcon_core.package_identification:_identify(.) by extension 'ros'
[3.151s] Level 1:colcon.colcon_core.package_identification:_identify(.) by extensions ['cmake', 'python']
[3.151s] Level 1:colcon.colcon_core.package_identification:_identify(.) by extension 'cmake'
[3.151s] Level 1:colcon.colcon_core.package_identification:_identify(.) by extension 'python'
[3.151s] Level 1:colcon.colcon_core.package_identification:_identify(.) by extensions ['python_setup_py']
[3.151s] Level 1:colcon.colcon_core.package_identification:_identify(.) by extension 'python_setup_py'
[3.152s] Level 1:colcon.colcon_core.package_identification:_identify(build) by extensions ['ignore', 'ignore_ament_install']
[3.152s] Level 1:colcon.colcon_core.package_identification:_identify(build) by extension 'ignore'
[3.152s] Level 1:colcon.colcon_core.package_identification:_identify(build) ignored
[3.152s] Level 1:colcon.colcon_core.package_identification:_identify(calibration) by extensions ['ignore', 'ignore_ament_install']
[3.152s] Level 1:colcon.colcon_core.package_identification:_identify(calibration) by extension 'ignore'
[3.152s] Level 1:colcon.colcon_core.package_identification:_identify(calibration) by extension 'ignore_ament_install'
[3.152s] Level 1:colcon.colcon_core.package_identification:_identify(calibration) by extensions ['colcon_pkg']
[3.152s] Level 1:colcon.colcon_core.package_identification:_identify(calibration) by extension 'colcon_pkg'
[3.152s] Level 1:colcon.colcon_core.package_identification:_identify(calibration) by extensions ['colcon_meta']
[3.152s] Level 1:colcon.colcon_core.package_identification:_identify(calibration) by extension 'colcon_meta'
[3.152s] Level 1:colcon.colcon_core.package_identification:_identify(calibration) by extensions ['ros']
[3.152s] Level 1:colcon.colcon_core.package_identification:_identify(calibration) by extension 'ros'
[3.152s] Level 1:colcon.colcon_core.package_identification:_identify(calibration) by extensions ['cmake', 'python']
[3.152s] Level 1:colcon.colcon_core.package_identification:_identify(calibration) by extension 'cmake'
[3.152s] Level 1:colcon.colcon_core.package_identification:_identify(calibration) by extension 'python'
[3.152s] Level 1:colcon.colcon_core.package_identification:_identify(calibration) by extensions ['python_setup_py']
[3.152s] Level 1:colcon.colcon_core.package_identification:_identify(calibration) by extension 'python_setup_py'
[3.153s] Level 1:colcon.colcon_core.package_identification:_identify(calibration/scripts) by extensions ['ignore', 'ignore_ament_install']
[3.153s] Level 1:colcon.colcon_core.package_identification:_identify(calibration/scripts) by extension 'ignore'
[3.153s] Level 1:colcon.colcon_core.package_identification:_identify(calibration/scripts) by extension 'ignore_ament_install'
[3.153s] Level 1:colcon.colcon_core.package_identification:_identify(calibration/scripts) by extensions ['colcon_pkg']
[3.153s] Level 1:colcon.colcon_core.package_identification:_identify(calibration/scripts) by extension 'colcon_pkg'
[3.153s] Level 1:colcon.colcon_core.package_identification:_identify(calibration/scripts) by extensions ['colcon_meta']
[3.153s] Level 1:colcon.colcon_core.package_identification:_identify(calibration/scripts) by extension 'colcon_meta'
[3.153s] Level 1:colcon.colcon_core.package_identification:_identify(calibration/scripts) by extensions ['ros']
[3.153s] Level 1:colcon.colcon_core.package_identification:_identify(calibration/scripts) by extension 'ros'
[3.153s] Level 1:colcon.colcon_core.package_identification:_identify(calibration/scripts) by extensions ['cmake', 'python']
[3.153s] Level 1:colcon.colcon_core.package_identification:_identify(calibration/scripts) by extension 'cmake'
[3.153s] Level 1:colcon.colcon_core.package_identification:_identify(calibration/scripts) by extension 'python'
[3.153s] Level 1:colcon.colcon_core.package_identification:_identify(calibration/scripts) by extensions ['python_setup_py']
[3.153s] Level 1:colcon.colcon_core.package_identification:_identify(calibration/scripts) by extension 'python_setup_py'
[3.153s] Level 1:colcon.colcon_core.package_identification:_identify(install) by extensions ['ignore', 'ignore_ament_install']
[3.153s] Level 1:colcon.colcon_core.package_identification:_identify(install) by extension 'ignore'
[3.153s] Level 1:colcon.colcon_core.package_identification:_identify(install) ignored
[3.154s] Level 1:colcon.colcon_core.package_identification:_identify(log) by extensions ['ignore', 'ignore_ament_install']
[3.154s] Level 1:colcon.colcon_core.package_identification:_identify(log) by extension 'ignore'
[3.154s] Level 1:colcon.colcon_core.package_identification:_identify(log) ignored
[3.154s] Level 1:colcon.colcon_core.package_identification:_identify(src) by extensions ['ignore', 'ignore_ament_install']
[3.154s] Level 1:colcon.colcon_core.package_identification:_identify(src) by extension 'ignore'
[3.154s] Level 1:colcon.colcon_core.package_identification:_identify(src) by extension 'ignore_ament_install'
[3.154s] Level 1:colcon.colcon_core.package_identification:_identify(src) by extensions ['colcon_pkg']
[3.154s] Level 1:colcon.colcon_core.package_identification:_identify(src) by extension 'colcon_pkg'
[3.154s] Level 1:colcon.colcon_core.package_identification:_identify(src) by extensions ['colcon_meta']
[3.154s] Level 1:colcon.colcon_core.package_identification:_identify(src) by extension 'colcon_meta'
[3.154s] Level 1:colcon.colcon_core.package_identification:_identify(src) by extensions ['ros']
[3.154s] Level 1:colcon.colcon_core.package_identification:_identify(src) by extension 'ros'
[3.154s] Level 1:colcon.colcon_core.package_identification:_identify(src) by extensions ['cmake', 'python']
[3.154s] Level 1:colcon.colcon_core.package_identification:_identify(src) by extension 'cmake'
[3.154s] Level 1:colcon.colcon_core.package_identification:_identify(src) by extension 'python'
[3.154s] Level 1:colcon.colcon_core.package_identification:_identify(src) by extensions ['python_setup_py']
[3.154s] Level 1:colcon.colcon_core.package_identification:_identify(src) by extension 'python_setup_py'
[3.154s] Level 1:colcon.colcon_core.package_identification:_identify(src/articubot_one) by extensions ['ignore', 'ignore_ament_install']
[3.155s] Level 1:colcon.colcon_core.package_identification:_identify(src/articubot_one) by extension 'ignore'
[3.155s] Level 1:colcon.colcon_core.package_identification:_identify(src/articubot_one) by extension 'ignore_ament_install'
[3.155s] Level 1:colcon.colcon_core.package_identification:_identify(src/articubot_one) by extensions ['colcon_pkg']
[3.155s] Level 1:colcon.colcon_core.package_identification:_identify(src/articubot_one) by extension 'colcon_pkg'
[3.155s] Level 1:colcon.colcon_core.package_identification:_identify(src/articubot_one) by extensions ['colcon_meta']
[3.155s] Level 1:colcon.colcon_core.package_identification:_identify(src/articubot_one) by extension 'colcon_meta'
[3.155s] Level 1:colcon.colcon_core.package_identification:_identify(src/articubot_one) by extensions ['ros']
[3.155s] Level 1:colcon.colcon_core.package_identification:_identify(src/articubot_one) by extension 'ros'
[3.270s] DEBUG:colcon.colcon_core.package_identification:Package 'src/articubot_one' with type 'ros.ament_cmake' and name 'articubot_one'
[3.270s] Level 1:colcon.colcon_core.package_identification:_identify(src/dd_bot) by extensions ['ignore', 'ignore_ament_install']
[3.271s] Level 1:colcon.colcon_core.package_identification:_identify(src/dd_bot) by extension 'ignore'
[3.271s] Level 1:colcon.colcon_core.package_identification:_identify(src/dd_bot) by extension 'ignore_ament_install'
[3.271s] Level 1:colcon.colcon_core.package_identification:_identify(src/dd_bot) by extensions ['colcon_pkg']
[3.271s] Level 1:colcon.colcon_core.package_identification:_identify(src/dd_bot) by extension 'colcon_pkg'
[3.272s] Level 1:colcon.colcon_core.package_identification:_identify(src/dd_bot) by extensions ['colcon_meta']
[3.272s] Level 1:colcon.colcon_core.package_identification:_identify(src/dd_bot) by extension 'colcon_meta'
[3.272s] Level 1:colcon.colcon_core.package_identification:_identify(src/dd_bot) by extensions ['ros']
[3.272s] Level 1:colcon.colcon_core.package_identification:_identify(src/dd_bot) by extension 'ros'
[3.313s] DEBUG:colcon.colcon_core.package_identification:Package 'src/dd_bot' with type 'ros.ament_cmake' and name 'dd_bot'
[3.314s] Level 1:colcon.colcon_core.package_identification:_identify(src/my_package) by extensions ['ignore', 'ignore_ament_install']
[3.314s] Level 1:colcon.colcon_core.package_identification:_identify(src/my_package) by extension 'ignore'
[3.315s] Level 1:colcon.colcon_core.package_identification:_identify(src/my_package) by extension 'ignore_ament_install'
[3.315s] Level 1:colcon.colcon_core.package_identification:_identify(src/my_package) by extensions ['colcon_pkg']
[3.315s] Level 1:colcon.colcon_core.package_identification:_identify(src/my_package) by extension 'colcon_pkg'
[3.315s] Level 1:colcon.colcon_core.package_identification:_identify(src/my_package) by extensions ['colcon_meta']
[3.316s] Level 1:colcon.colcon_core.package_identification:_identify(src/my_package) by extension 'colcon_meta'
[3.316s] Level 1:colcon.colcon_core.package_identification:_identify(src/my_package) by extensions ['ros']
[3.316s] Level 1:colcon.colcon_core.package_identification:_identify(src/my_package) by extension 'ros'
[3.339s] DEBUG:colcon.colcon_core.package_identification:Package 'src/my_package' with type 'ros.ament_cmake' and name 'my_package'
[3.340s] Level 1:colcon.colcon_core.package_identification:_identify(src/serial_motor_demo) by extensions ['ignore', 'ignore_ament_install']
[3.340s] Level 1:colcon.colcon_core.package_identification:_identify(src/serial_motor_demo) by extension 'ignore'
[3.341s] Level 1:colcon.colcon_core.package_identification:_identify(src/serial_motor_demo) by extension 'ignore_ament_install'
[3.341s] Level 1:colcon.colcon_core.package_identification:_identify(src/serial_motor_demo) by extensions ['colcon_pkg']
[3.341s] Level 1:colcon.colcon_core.package_identification:_identify(src/serial_motor_demo) by extension 'colcon_pkg'
[3.341s] Level 1:colcon.colcon_core.package_identification:_identify(src/serial_motor_demo) by extensions ['colcon_meta']
[3.342s] Level 1:colcon.colcon_core.package_identification:_identify(src/serial_motor_demo) by extension 'colcon_meta'
[3.342s] Level 1:colcon.colcon_core.package_identification:_identify(src/serial_motor_demo) by extensions ['ros']
[3.342s] Level 1:colcon.colcon_core.package_identification:_identify(src/serial_motor_demo) by extension 'ros'
[3.343s] Level 1:colcon.colcon_core.package_identification:_identify(src/serial_motor_demo) by extensions ['cmake', 'python']
[3.343s] Level 1:colcon.colcon_core.package_identification:_identify(src/serial_motor_demo) by extension 'cmake'
[3.343s] Level 1:colcon.colcon_core.package_identification:_identify(src/serial_motor_demo) by extension 'python'
[3.343s] Level 1:colcon.colcon_core.package_identification:_identify(src/serial_motor_demo) by extensions ['python_setup_py']
[3.343s] Level 1:colcon.colcon_core.package_identification:_identify(src/serial_motor_demo) by extension 'python_setup_py'
[3.344s] Level 1:colcon.colcon_core.package_identification:_identify(src/serial_motor_demo/serial_motor_demo) by extensions ['ignore', 'ignore_ament_install']
[3.344s] Level 1:colcon.colcon_core.package_identification:_identify(src/serial_motor_demo/serial_motor_demo) by extension 'ignore'
[3.344s] Level 1:colcon.colcon_core.package_identification:_identify(src/serial_motor_demo/serial_motor_demo) by extension 'ignore_ament_install'
[3.345s] Level 1:colcon.colcon_core.package_identification:_identify(src/serial_motor_demo/serial_motor_demo) by extensions ['colcon_pkg']
[3.345s] Level 1:colcon.colcon_core.package_identification:_identify(src/serial_motor_demo/serial_motor_demo) by extension 'colcon_pkg'
[3.345s] Level 1:colcon.colcon_core.package_identification:_identify(src/serial_motor_demo/serial_motor_demo) by extensions ['colcon_meta']
[3.345s] Level 1:colcon.colcon_core.package_identification:_identify(src/serial_motor_demo/serial_motor_demo) by extension 'colcon_meta'
[3.345s] Level 1:colcon.colcon_core.package_identification:_identify(src/serial_motor_demo/serial_motor_demo) by extensions ['ros']
[3.345s] Level 1:colcon.colcon_core.package_identification:_identify(src/serial_motor_demo/serial_motor_demo) by extension 'ros'
[3.348s] DEBUG:colcon.colcon_core.package_identification:Package 'src/serial_motor_demo/serial_motor_demo' with type 'ros.ament_python' and name 'serial_motor_demo'
[3.348s] Level 1:colcon.colcon_core.package_identification:_identify(src/serial_motor_demo/serial_motor_demo_msgs) by extensions ['ignore', 'ignore_ament_install']
[3.349s] Level 1:colcon.colcon_core.package_identification:_identify(src/serial_motor_demo/serial_motor_demo_msgs) by extension 'ignore'
[3.349s] Level 1:colcon.colcon_core.package_identification:_identify(src/serial_motor_demo/serial_motor_demo_msgs) by extension 'ignore_ament_install'
[3.349s] Level 1:colcon.colcon_core.package_identification:_identify(src/serial_motor_demo/serial_motor_demo_msgs) by extensions ['colcon_pkg']
[3.349s] Level 1:colcon.colcon_core.package_identification:_identify(src/serial_motor_demo/serial_motor_demo_msgs) by extension 'colcon_pkg'
[3.350s] Level 1:colcon.colcon_core.package_identification:_identify(src/serial_motor_demo/serial_motor_demo_msgs) by extensions ['colcon_meta']
[3.350s] Level 1:colcon.colcon_core.package_identification:_identify(src/serial_motor_demo/serial_motor_demo_msgs) by extension 'colcon_meta'
[3.350s] Level 1:colcon.colcon_core.package_identification:_identify(src/serial_motor_demo/serial_motor_demo_msgs) by extensions ['ros']
[3.350s] Level 1:colcon.colcon_core.package_identification:_identify(src/serial_motor_demo/serial_motor_demo_msgs) by extension 'ros'
[3.352s] DEBUG:colcon.colcon_core.package_identification:Package 'src/serial_motor_demo/serial_motor_demo_msgs' with type 'ros.ament_cmake' and name 'serial_motor_demo_msgs'
[3.353s] Level 1:colcon.colcon_core.package_identification:_identify(src/urdf_example) by extensions ['ignore', 'ignore_ament_install']
[3.353s] Level 1:colcon.colcon_core.package_identification:_identify(src/urdf_example) by extension 'ignore'
[3.353s] Level 1:colcon.colcon_core.package_identification:_identify(src/urdf_example) by extension 'ignore_ament_install'
[3.354s] Level 1:colcon.colcon_core.package_identification:_identify(src/urdf_example) by extensions ['colcon_pkg']
[3.354s] Level 1:colcon.colcon_core.package_identification:_identify(src/urdf_example) by extension 'colcon_pkg'
[3.354s] Level 1:colcon.colcon_core.package_identification:_identify(src/urdf_example) by extensions ['colcon_meta']
[3.354s] Level 1:colcon.colcon_core.package_identification:_identify(src/urdf_example) by extension 'colcon_meta'
[3.354s] Level 1:colcon.colcon_core.package_identification:_identify(src/urdf_example) by extensions ['ros']
[3.355s] Level 1:colcon.colcon_core.package_identification:_identify(src/urdf_example) by extension 'ros'
[3.356s] DEBUG:colcon.colcon_core.package_identification:Package 'src/urdf_example' with type 'ros.ament_cmake' and name 'urdf_example'
[3.356s] Level 1:colcon.colcon_core.package_discovery:discover_packages(recursive) using defaults
[3.357s] Level 1:colcon.colcon_core.package_discovery:discover_packages(ignore) discover
[3.357s] Level 1:colcon.colcon_core.package_discovery:discover_packages(ignore) using defaults
[3.357s] Level 1:colcon.colcon_core.package_discovery:discover_packages(path) discover
[3.357s] Level 1:colcon.colcon_core.package_discovery:discover_packages(path) using defaults
[3.473s] Level 1:colcon.colcon_core.package_discovery:discover_packages(prefix_path) check parameters
[3.473s] Level 1:colcon.colcon_core.package_discovery:discover_packages(prefix_path) discover
[3.477s] DEBUG:colcon.colcon_installed_package_information.package_discovery:Found 6 installed packages in /home/wilsonlo/dev_ws/install
[3.480s] DEBUG:colcon.colcon_installed_package_information.package_discovery:Found 471 installed packages in /opt/ros/jazzy
[3.481s] Level 1:colcon.colcon_core.package_discovery:discover_packages(prefix_path) using defaults
[3.639s] Level 5:colcon.colcon_core.verb:set package 'articubot_one' build argument 'cmake_args' from command line to 'None'
[3.639s] Level 5:colcon.colcon_core.verb:set package 'articubot_one' build argument 'cmake_target' from command line to 'None'
[3.639s] Level 5:colcon.colcon_core.verb:set package 'articubot_one' build argument 'cmake_target_skip_unavailable' from command line to 'False'
[3.639s] Level 5:colcon.colcon_core.verb:set package 'articubot_one' build argument 'cmake_clean_cache' from command line to 'False'
[3.639s] Level 5:colcon.colcon_core.verb:set package 'articubot_one' build argument 'cmake_clean_first' from command line to 'False'
[3.639s] Level 5:colcon.colcon_core.verb:set package 'articubot_one' build argument 'cmake_force_configure' from command line to 'False'
[3.639s] Level 5:colcon.colcon_core.verb:set package 'articubot_one' build argument 'ament_cmake_args' from command line to 'None'
[3.639s] Level 5:colcon.colcon_core.verb:set package 'articubot_one' build argument 'catkin_cmake_args' from command line to 'None'
[3.639s] Level 5:colcon.colcon_core.verb:set package 'articubot_one' build argument 'catkin_skip_building_tests' from command line to 'False'
[3.639s] DEBUG:colcon.colcon_core.verb:Building package 'articubot_one' with the following arguments: {'ament_cmake_args': None, 'build_base': '/home/wilsonlo/dev_ws/build/articubot_one', 'catkin_cmake_args': None, 'catkin_skip_building_tests': False, 'cmake_args': None, 'cmake_clean_cache': False, 'cmake_clean_first': False, 'cmake_force_configure': False, 'cmake_target': None, 'cmake_target_skip_unavailable': False, 'install_base': '/home/wilsonlo/dev_ws/install/articubot_one', 'merge_install': False, 'path': '/home/wilsonlo/dev_ws/src/articubot_one', 'symlink_install': False, 'test_result_base': None}
[3.639s] Level 5:colcon.colcon_core.verb:set package 'dd_bot' build argument 'cmake_args' from command line to 'None'
[3.639s] Level 5:colcon.colcon_core.verb:set package 'dd_bot' build argument 'cmake_target' from command line to 'None'
[3.639s] Level 5:colcon.colcon_core.verb:set package 'dd_bot' build argument 'cmake_target_skip_unavailable' from command line to 'False'
[3.640s] Level 5:colcon.colcon_core.verb:set package 'dd_bot' build argument 'cmake_clean_cache' from command line to 'False'
[3.640s] Level 5:colcon.colcon_core.verb:set package 'dd_bot' build argument 'cmake_clean_first' from command line to 'False'
[3.640s] Level 5:colcon.colcon_core.verb:set package 'dd_bot' build argument 'cmake_force_configure' from command line to 'False'
[3.640s] Level 5:colcon.colcon_core.verb:set package 'dd_bot' build argument 'ament_cmake_args' from command line to 'None'
[3.640s] Level 5:colcon.colcon_core.verb:set package 'dd_bot' build argument 'catkin_cmake_args' from command line to 'None'
[3.640s] Level 5:colcon.colcon_core.verb:set package 'dd_bot' build argument 'catkin_skip_building_tests' from command line to 'False'
[3.640s] DEBUG:colcon.colcon_core.verb:Building package 'dd_bot' with the following arguments: {'ament_cmake_args': None, 'build_base': '/home/wilsonlo/dev_ws/build/dd_bot', 'catkin_cmake_args': None, 'catkin_skip_building_tests': False, 'cmake_args': None, 'cmake_clean_cache': False, 'cmake_clean_first': False, 'cmake_force_configure': False, 'cmake_target': None, 'cmake_target_skip_unavailable': False, 'install_base': '/home/wilsonlo/dev_ws/install/dd_bot', 'merge_install': False, 'path': '/home/wilsonlo/dev_ws/src/dd_bot', 'symlink_install': False, 'test_result_base': None}
[3.640s] Level 5:colcon.colcon_core.verb:set package 'my_package' build argument 'cmake_args' from command line to 'None'
[3.640s] Level 5:colcon.colcon_core.verb:set package 'my_package' build argument 'cmake_target' from command line to 'None'
[3.640s] Level 5:colcon.colcon_core.verb:set package 'my_package' build argument 'cmake_target_skip_unavailable' from command line to 'False'
[3.640s] Level 5:colcon.colcon_core.verb:set package 'my_package' build argument 'cmake_clean_cache' from command line to 'False'
[3.640s] Level 5:colcon.colcon_core.verb:set package 'my_package' build argument 'cmake_clean_first' from command line to 'False'
[3.640s] Level 5:colcon.colcon_core.verb:set package 'my_package' build argument 'cmake_force_configure' from command line to 'False'
[3.640s] Level 5:colcon.colcon_core.verb:set package 'my_package' build argument 'ament_cmake_args' from command line to 'None'
[3.640s] Level 5:colcon.colcon_core.verb:set package 'my_package' build argument 'catkin_cmake_args' from command line to 'None'
[3.640s] Level 5:colcon.colcon_core.verb:set package 'my_package' build argument 'catkin_skip_building_tests' from command line to 'False'
[3.640s] DEBUG:colcon.colcon_core.verb:Building package 'my_package' with the following arguments: {'ament_cmake_args': None, 'build_base': '/home/wilsonlo/dev_ws/build/my_package', 'catkin_cmake_args': None, 'catkin_skip_building_tests': False, 'cmake_args': None, 'cmake_clean_cache': False, 'cmake_clean_first': False, 'cmake_force_configure': False, 'cmake_target': None, 'cmake_target_skip_unavailable': False, 'install_base': '/home/wilsonlo/dev_ws/install/my_package', 'merge_install': False, 'path': '/home/wilsonlo/dev_ws/src/my_package', 'symlink_install': False, 'test_result_base': None}
[3.640s] Level 5:colcon.colcon_core.verb:set package 'serial_motor_demo_msgs' build argument 'cmake_args' from command line to 'None'
[3.640s] Level 5:colcon.colcon_core.verb:set package 'serial_motor_demo_msgs' build argument 'cmake_target' from command line to 'None'
[3.640s] Level 5:colcon.colcon_core.verb:set package 'serial_motor_demo_msgs' build argument 'cmake_target_skip_unavailable' from command line to 'False'
[3.640s] Level 5:colcon.colcon_core.verb:set package 'serial_motor_demo_msgs' build argument 'cmake_clean_cache' from command line to 'False'
[3.640s] Level 5:colcon.colcon_core.verb:set package 'serial_motor_demo_msgs' build argument 'cmake_clean_first' from command line to 'False'
[3.640s] Level 5:colcon.colcon_core.verb:set package 'serial_motor_demo_msgs' build argument 'cmake_force_configure' from command line to 'False'
[3.641s] Level 5:colcon.colcon_core.verb:set package 'serial_motor_demo_msgs' build argument 'ament_cmake_args' from command line to 'None'
[3.641s] Level 5:colcon.colcon_core.verb:set package 'serial_motor_demo_msgs' build argument 'catkin_cmake_args' from command line to 'None'
[3.641s] Level 5:colcon.colcon_core.verb:set package 'serial_motor_demo_msgs' build argument 'catkin_skip_building_tests' from command line to 'False'
[3.641s] DEBUG:colcon.colcon_core.verb:Building package 'serial_motor_demo_msgs' with the following arguments: {'ament_cmake_args': None, 'build_base': '/home/wilsonlo/dev_ws/build/serial_motor_demo_msgs', 'catkin_cmake_args': None, 'catkin_skip_building_tests': False, 'cmake_args': None, 'cmake_clean_cache': False, 'cmake_clean_first': False, 'cmake_force_configure': False, 'cmake_target': None, 'cmake_target_skip_unavailable': False, 'install_base': '/home/wilsonlo/dev_ws/install/serial_motor_demo_msgs', 'merge_install': False, 'path': '/home/wilsonlo/dev_ws/src/serial_motor_demo/serial_motor_demo_msgs', 'symlink_install': False, 'test_result_base': None}
[3.641s] Level 5:colcon.colcon_core.verb:set package 'urdf_example' build argument 'cmake_args' from command line to 'None'
[3.641s] Level 5:colcon.colcon_core.verb:set package 'urdf_example' build argument 'cmake_target' from command line to 'None'
[3.641s] Level 5:colcon.colcon_core.verb:set package 'urdf_example' build argument 'cmake_target_skip_unavailable' from command line to 'False'
[3.641s] Level 5:colcon.colcon_core.verb:set package 'urdf_example' build argument 'cmake_clean_cache' from command line to 'False'
[3.641s] Level 5:colcon.colcon_core.verb:set package 'urdf_example' build argument 'cmake_clean_first' from command line to 'False'
[3.641s] Level 5:colcon.colcon_core.verb:set package 'urdf_example' build argument 'cmake_force_configure' from command line to 'False'
[3.641s] Level 5:colcon.colcon_core.verb:set package 'urdf_example' build argument 'ament_cmake_args' from command line to 'None'
[3.641s] Level 5:colcon.colcon_core.verb:set package 'urdf_example' build argument 'catkin_cmake_args' from command line to 'None'
[3.641s] Level 5:colcon.colcon_core.verb:set package 'urdf_example' build argument 'catkin_skip_building_tests' from command line to 'False'
[3.641s] DEBUG:colcon.colcon_core.verb:Building package 'urdf_example' with the following arguments: {'ament_cmake_args': None, 'build_base': '/home/wilsonlo/dev_ws/build/urdf_example', 'catkin_cmake_args': None, 'catkin_skip_building_tests': False, 'cmake_args': None, 'cmake_clean_cache': False, 'cmake_clean_first': False, 'cmake_force_configure': False, 'cmake_target': None, 'cmake_target_skip_unavailable': False, 'install_base': '/home/wilsonlo/dev_ws/install/urdf_example', 'merge_install': False, 'path': '/home/wilsonlo/dev_ws/src/urdf_example', 'symlink_install': False, 'test_result_base': None}
[3.641s] Level 5:colcon.colcon_core.verb:set package 'serial_motor_demo' build argument 'cmake_args' from command line to 'None'
[3.641s] Level 5:colcon.colcon_core.verb:set package 'serial_motor_demo' build argument 'cmake_target' from command line to 'None'
[3.641s] Level 5:colcon.colcon_core.verb:set package 'serial_motor_demo' build argument 'cmake_target_skip_unavailable' from command line to 'False'
[3.641s] Level 5:colcon.colcon_core.verb:set package 'serial_motor_demo' build argument 'cmake_clean_cache' from command line to 'False'
[3.641s] Level 5:colcon.colcon_core.verb:set package 'serial_motor_demo' build argument 'cmake_clean_first' from command line to 'False'
[3.641s] Level 5:colcon.colcon_core.verb:set package 'serial_motor_demo' build argument 'cmake_force_configure' from command line to 'False'
[3.641s] Level 5:colcon.colcon_core.verb:set package 'serial_motor_demo' build argument 'ament_cmake_args' from command line to 'None'
[3.641s] Level 5:colcon.colcon_core.verb:set package 'serial_motor_demo' build argument 'catkin_cmake_args' from command line to 'None'
[3.641s] Level 5:colcon.colcon_core.verb:set package 'serial_motor_demo' build argument 'catkin_skip_building_tests' from command line to 'False'
[3.642s] DEBUG:colcon.colcon_core.verb:Building package 'serial_motor_demo' with the following arguments: {'ament_cmake_args': None, 'build_base': '/home/wilsonlo/dev_ws/build/serial_motor_demo', 'catkin_cmake_args': None, 'catkin_skip_building_tests': False, 'cmake_args': None, 'cmake_clean_cache': False, 'cmake_clean_first': False, 'cmake_force_configure': False, 'cmake_target': None, 'cmake_target_skip_unavailable': False, 'install_base': '/home/wilsonlo/dev_ws/install/serial_motor_demo', 'merge_install': False, 'path': '/home/wilsonlo/dev_ws/src/serial_motor_demo/serial_motor_demo', 'symlink_install': False, 'test_result_base': None}
[3.642s] INFO:colcon.colcon_core.executor:Executing jobs using 'parallel' executor
[3.642s] DEBUG:colcon.colcon_parallel_executor.executor.parallel:run_until_complete
[3.643s] INFO:colcon.colcon_ros.task.ament_cmake.build:Building ROS package in '/home/wilsonlo/dev_ws/src/serial_motor_demo/serial_motor_demo_msgs' with build type 'ament_cmake'
[3.643s] INFO:colcon.colcon_cmake.task.cmake.build:Building CMake package in '/home/wilsonlo/dev_ws/src/serial_motor_demo/serial_motor_demo_msgs'
[3.648s] INFO:colcon.colcon_core.plugin_system:Skipping extension 'colcon_core.shell.bat': Not used on non-Windows systems
[3.648s] INFO:colcon.colcon_core.shell:Skip shell extension 'powershell' for command environment: Not usable outside of PowerShell
[3.648s] DEBUG:colcon.colcon_core.shell:Skip shell extension 'dsv' for command environment
[3.653s] INFO:colcon.colcon_ros.task.ament_cmake.build:Building ROS package in '/home/wilsonlo/dev_ws/src/articubot_one' with build type 'ament_cmake'
[3.653s] INFO:colcon.colcon_cmake.task.cmake.build:Building CMake package in '/home/wilsonlo/dev_ws/src/articubot_one'
[3.653s] INFO:colcon.colcon_core.shell:Skip shell extension 'powershell' for command environment: Not usable outside of PowerShell
[3.653s] DEBUG:colcon.colcon_core.shell:Skip shell extension 'dsv' for command environment
[3.657s] INFO:colcon.colcon_ros.task.ament_cmake.build:Building ROS package in '/home/wilsonlo/dev_ws/src/dd_bot' with build type 'ament_cmake'
[3.657s] INFO:colcon.colcon_cmake.task.cmake.build:Building CMake package in '/home/wilsonlo/dev_ws/src/dd_bot'
[3.657s] INFO:colcon.colcon_core.shell:Skip shell extension 'powershell' for command environment: Not usable outside of PowerShell
[3.657s] DEBUG:colcon.colcon_core.shell:Skip shell extension 'dsv' for command environment
[3.661s] INFO:colcon.colcon_ros.task.ament_cmake.build:Building ROS package in '/home/wilsonlo/dev_ws/src/my_package' with build type 'ament_cmake'
[3.661s] INFO:colcon.colcon_cmake.task.cmake.build:Building CMake package in '/home/wilsonlo/dev_ws/src/my_package'
[3.661s] INFO:colcon.colcon_core.shell:Skip shell extension 'powershell' for command environment: Not usable outside of PowerShell
[3.661s] DEBUG:colcon.colcon_core.shell:Skip shell extension 'dsv' for command environment
[3.665s] INFO:colcon.colcon_ros.task.ament_cmake.build:Building ROS package in '/home/wilsonlo/dev_ws/src/urdf_example' with build type 'ament_cmake'
[3.665s] INFO:colcon.colcon_cmake.task.cmake.build:Building CMake package in '/home/wilsonlo/dev_ws/src/urdf_example'
[3.665s] INFO:colcon.colcon_core.shell:Skip shell extension 'powershell' for command environment: Not usable outside of PowerShell
[3.665s] DEBUG:colcon.colcon_core.shell:Skip shell extension 'dsv' for command environment
[3.682s] DEBUG:colcon.colcon_core.event_handler.log_command:Invoking command in '/home/wilsonlo/dev_ws/build/serial_motor_demo_msgs': CMAKE_PREFIX_PATH=${CMAKE_PREFIX_PATH}:/home/wilsonlo/dev_ws/install/serial_motor_demo:/opt/ros/jazzy DEBUGINFOD_URLS=https://debuginfod.ubuntu.com /usr/bin/cmake /home/wilsonlo/dev_ws/src/serial_motor_demo/serial_motor_demo_msgs -DCMAKE_INSTALL_PREFIX=/home/wilsonlo/dev_ws/install/serial_motor_demo_msgs
[3.765s] DEBUG:colcon.colcon_core.event_handler.log_command:Invoking command in '/home/wilsonlo/dev_ws/build/articubot_one': CMAKE_PREFIX_PATH=${CMAKE_PREFIX_PATH}:/home/wilsonlo/dev_ws/install/serial_motor_demo:/opt/ros/jazzy DEBUGINFOD_URLS=https://debuginfod.ubuntu.com /usr/bin/cmake /home/wilsonlo/dev_ws/src/articubot_one -DCMAKE_INSTALL_PREFIX=/home/wilsonlo/dev_ws/install/articubot_one
[3.844s] DEBUG:colcon.colcon_core.event_handler.log_command:Invoking command in '/home/wilsonlo/dev_ws/build/dd_bot': CMAKE_PREFIX_PATH=${CMAKE_PREFIX_PATH}:/home/wilsonlo/dev_ws/install/serial_motor_demo:/opt/ros/jazzy DEBUGINFOD_URLS=https://debuginfod.ubuntu.com /usr/bin/cmake /home/wilsonlo/dev_ws/src/dd_bot -DCMAKE_INSTALL_PREFIX=/home/wilsonlo/dev_ws/install/dd_bot
[4.176s] DEBUG:colcon.colcon_core.event_handler.log_command:Invoking command in '/home/wilsonlo/dev_ws/build/my_package': CMAKE_PREFIX_PATH=${CMAKE_PREFIX_PATH}:/home/wilsonlo/dev_ws/install/serial_motor_demo:/opt/ros/jazzy DEBUGINFOD_URLS=https://debuginfod.ubuntu.com /usr/bin/cmake /home/wilsonlo/dev_ws/src/my_package -DCMAKE_INSTALL_PREFIX=/home/wilsonlo/dev_ws/install/my_package
[4.627s] DEBUG:colcon.colcon_core.event_handler.log_command:Invoking command in '/home/wilsonlo/dev_ws/build/urdf_example': CMAKE_PREFIX_PATH=${CMAKE_PREFIX_PATH}:/home/wilsonlo/dev_ws/install/serial_motor_demo:/opt/ros/jazzy DEBUGINFOD_URLS=https://debuginfod.ubuntu.com /usr/bin/cmake /home/wilsonlo/dev_ws/src/urdf_example -DCMAKE_INSTALL_PREFIX=/home/wilsonlo/dev_ws/install/urdf_example
[6.554s] DEBUG:colcon.colcon_core.event_handler.log_command:Invoked command in '/home/wilsonlo/dev_ws/build/my_package' returned '0': CMAKE_PREFIX_PATH=${CMAKE_PREFIX_PATH}:/home/wilsonlo/dev_ws/install/serial_motor_demo:/opt/ros/jazzy DEBUGINFOD_URLS=https://debuginfod.ubuntu.com /usr/bin/cmake /home/wilsonlo/dev_ws/src/my_package -DCMAKE_INSTALL_PREFIX=/home/wilsonlo/dev_ws/install/my_package
[6.555s] DEBUG:colcon.colcon_core.event_handler.log_command:Invoking command in '/home/wilsonlo/dev_ws/build/my_package': CMAKE_PREFIX_PATH=${CMAKE_PREFIX_PATH}:/home/wilsonlo/dev_ws/install/serial_motor_demo:/opt/ros/jazzy DEBUGINFOD_URLS=https://debuginfod.ubuntu.com /usr/bin/cmake --build /home/wilsonlo/dev_ws/build/my_package -- -j8 -l8
[6.610s] DEBUG:colcon.colcon_core.event_handler.log_command:Invoked command in '/home/wilsonlo/dev_ws/build/articubot_one' returned '0': CMAKE_PREFIX_PATH=${CMAKE_PREFIX_PATH}:/home/wilsonlo/dev_ws/install/serial_motor_demo:/opt/ros/jazzy DEBUGINFOD_URLS=https://debuginfod.ubuntu.com /usr/bin/cmake /home/wilsonlo/dev_ws/src/articubot_one -DCMAKE_INSTALL_PREFIX=/home/wilsonlo/dev_ws/install/articubot_one
[6.611s] DEBUG:colcon.colcon_core.event_handler.log_command:Invoking command in '/home/wilsonlo/dev_ws/build/articubot_one': CMAKE_PREFIX_PATH=${CMAKE_PREFIX_PATH}:/home/wilsonlo/dev_ws/install/serial_motor_demo:/opt/ros/jazzy DEBUGINFOD_URLS=https://debuginfod.ubuntu.com /usr/bin/cmake --build /home/wilsonlo/dev_ws/build/articubot_one -- -j8 -l8
[6.735s] DEBUG:colcon.colcon_core.event_handler.log_command:Invoked command in '/home/wilsonlo/dev_ws/build/urdf_example' returned '0': CMAKE_PREFIX_PATH=${CMAKE_PREFIX_PATH}:/home/wilsonlo/dev_ws/install/serial_motor_demo:/opt/ros/jazzy DEBUGINFOD_URLS=https://debuginfod.ubuntu.com /usr/bin/cmake /home/wilsonlo/dev_ws/src/urdf_example -DCMAKE_INSTALL_PREFIX=/home/wilsonlo/dev_ws/install/urdf_example
[6.745s] DEBUG:colcon.colcon_core.event_handler.log_command:Invoking command in '/home/wilsonlo/dev_ws/build/urdf_example': CMAKE_PREFIX_PATH=${CMAKE_PREFIX_PATH}:/home/wilsonlo/dev_ws/install/serial_motor_demo:/opt/ros/jazzy DEBUGINFOD_URLS=https://debuginfod.ubuntu.com /usr/bin/cmake --build /home/wilsonlo/dev_ws/build/urdf_example -- -j8 -l8
[6.750s] DEBUG:colcon.colcon_core.event_handler.log_command:Invoked command in '/home/wilsonlo/dev_ws/build/dd_bot' returned '0': CMAKE_PREFIX_PATH=${CMAKE_PREFIX_PATH}:/home/wilsonlo/dev_ws/install/serial_motor_demo:/opt/ros/jazzy DEBUGINFOD_URLS=https://debuginfod.ubuntu.com /usr/bin/cmake /home/wilsonlo/dev_ws/src/dd_bot -DCMAKE_INSTALL_PREFIX=/home/wilsonlo/dev_ws/install/dd_bot
[6.755s] DEBUG:colcon.colcon_core.event_handler.log_command:Invoking command in '/home/wilsonlo/dev_ws/build/dd_bot': CMAKE_PREFIX_PATH=${CMAKE_PREFIX_PATH}:/home/wilsonlo/dev_ws/install/serial_motor_demo:/opt/ros/jazzy DEBUGINFOD_URLS=https://debuginfod.ubuntu.com /usr/bin/cmake --build /home/wilsonlo/dev_ws/build/dd_bot -- -j8 -l8
[6.802s] DEBUG:colcon.colcon_core.event_handler.log_command:Invoked command in '/home/wilsonlo/dev_ws/build/articubot_one' returned '0': CMAKE_PREFIX_PATH=${CMAKE_PREFIX_PATH}:/home/wilsonlo/dev_ws/install/serial_motor_demo:/opt/ros/jazzy DEBUGINFOD_URLS=https://debuginfod.ubuntu.com /usr/bin/cmake --build /home/wilsonlo/dev_ws/build/articubot_one -- -j8 -l8
[6.825s] DEBUG:colcon.colcon_core.event_handler.log_command:Invoking command in '/home/wilsonlo/dev_ws/build/articubot_one': CMAKE_PREFIX_PATH=${CMAKE_PREFIX_PATH}:/home/wilsonlo/dev_ws/install/serial_motor_demo:/opt/ros/jazzy DEBUGINFOD_URLS=https://debuginfod.ubuntu.com /usr/bin/cmake --install /home/wilsonlo/dev_ws/build/articubot_one
[6.827s] DEBUG:colcon.colcon_core.event_handler.log_command:Invoked command in '/home/wilsonlo/dev_ws/build/my_package' returned '0': CMAKE_PREFIX_PATH=${CMAKE_PREFIX_PATH}:/home/wilsonlo/dev_ws/install/serial_motor_demo:/opt/ros/jazzy DEBUGINFOD_URLS=https://debuginfod.ubuntu.com /usr/bin/cmake --build /home/wilsonlo/dev_ws/build/my_package -- -j8 -l8
[6.849s] DEBUG:colcon.colcon_core.event_handler.log_command:Invoking command in '/home/wilsonlo/dev_ws/build/my_package': CMAKE_PREFIX_PATH=${CMAKE_PREFIX_PATH}:/home/wilsonlo/dev_ws/install/serial_motor_demo:/opt/ros/jazzy DEBUGINFOD_URLS=https://debuginfod.ubuntu.com /usr/bin/cmake --install /home/wilsonlo/dev_ws/build/my_package
[6.850s] DEBUG:colcon.colcon_core.event_handler.log_command:Invoked command in '/home/wilsonlo/dev_ws/build/urdf_example' returned '0': CMAKE_PREFIX_PATH=${CMAKE_PREFIX_PATH}:/home/wilsonlo/dev_ws/install/serial_motor_demo:/opt/ros/jazzy DEBUGINFOD_URLS=https://debuginfod.ubuntu.com /usr/bin/cmake --build /home/wilsonlo/dev_ws/build/urdf_example -- -j8 -l8
[6.852s] DEBUG:colcon.colcon_core.event_handler.log_command:Invoking command in '/home/wilsonlo/dev_ws/build/urdf_example': CMAKE_PREFIX_PATH=${CMAKE_PREFIX_PATH}:/home/wilsonlo/dev_ws/install/serial_motor_demo:/opt/ros/jazzy DEBUGINFOD_URLS=https://debuginfod.ubuntu.com /usr/bin/cmake --install /home/wilsonlo/dev_ws/build/urdf_example
[6.852s] DEBUG:colcon.colcon_core.event_handler.log_command:Invoked command in '/home/wilsonlo/dev_ws/build/dd_bot' returned '0': CMAKE_PREFIX_PATH=${CMAKE_PREFIX_PATH}:/home/wilsonlo/dev_ws/install/serial_motor_demo:/opt/ros/jazzy DEBUGINFOD_URLS=https://debuginfod.ubuntu.com /usr/bin/cmake --build /home/wilsonlo/dev_ws/build/dd_bot -- -j8 -l8
[6.857s] DEBUG:colcon.colcon_core.event_handler.log_command:Invoking command in '/home/wilsonlo/dev_ws/build/dd_bot': CMAKE_PREFIX_PATH=${CMAKE_PREFIX_PATH}:/home/wilsonlo/dev_ws/install/serial_motor_demo:/opt/ros/jazzy DEBUGINFOD_URLS=https://debuginfod.ubuntu.com /usr/bin/cmake --install /home/wilsonlo/dev_ws/build/dd_bot
[6.858s] Level 1:colcon.colcon_core.environment:create_environment_scripts_only(articubot_one)
[6.860s] DEBUG:colcon.colcon_core.event_handler.log_command:Invoked command in '/home/wilsonlo/dev_ws/build/articubot_one' returned '0': CMAKE_PREFIX_PATH=${CMAKE_PREFIX_PATH}:/home/wilsonlo/dev_ws/install/serial_motor_demo:/opt/ros/jazzy DEBUGINFOD_URLS=https://debuginfod.ubuntu.com /usr/bin/cmake --install /home/wilsonlo/dev_ws/build/articubot_one
[6.972s] Level 1:colcon.colcon_core.environment:checking '/home/wilsonlo/dev_ws/install/articubot_one' for CMake module files
[6.974s] Level 1:colcon.colcon_core.environment:checking '/home/wilsonlo/dev_ws/install/articubot_one' for CMake config files
[6.976s] Level 1:colcon.colcon_core.shell:create_environment_hook('articubot_one', 'cmake_prefix_path')
[6.976s] INFO:colcon.colcon_core.shell:Creating environment hook '/home/wilsonlo/dev_ws/install/articubot_one/share/articubot_one/hook/cmake_prefix_path.ps1'
[6.979s] INFO:colcon.colcon_core.shell:Creating environment descriptor '/home/wilsonlo/dev_ws/install/articubot_one/share/articubot_one/hook/cmake_prefix_path.dsv'
[6.981s] INFO:colcon.colcon_core.shell:Creating environment hook '/home/wilsonlo/dev_ws/install/articubot_one/share/articubot_one/hook/cmake_prefix_path.sh'
[6.985s] Level 1:colcon.colcon_core.environment:checking '/home/wilsonlo/dev_ws/install/articubot_one/bin'
[6.985s] Level 1:colcon.colcon_core.environment:checking '/home/wilsonlo/dev_ws/install/articubot_one/lib/pkgconfig/articubot_one.pc'
[6.986s] Level 1:colcon.colcon_core.environment:checking '/home/wilsonlo/dev_ws/install/articubot_one/lib/python3.12/site-packages'
[6.987s] Level 1:colcon.colcon_core.environment:checking '/home/wilsonlo/dev_ws/install/articubot_one/bin'
[6.988s] INFO:colcon.colcon_core.shell:Creating package script '/home/wilsonlo/dev_ws/install/articubot_one/share/articubot_one/package.ps1'
[7.020s] INFO:colcon.colcon_core.shell:Creating package descriptor '/home/wilsonlo/dev_ws/install/articubot_one/share/articubot_one/package.dsv'
[7.023s] INFO:colcon.colcon_core.shell:Creating package script '/home/wilsonlo/dev_ws/install/articubot_one/share/articubot_one/package.sh'
[7.026s] INFO:colcon.colcon_core.shell:Creating package script '/home/wilsonlo/dev_ws/install/articubot_one/share/articubot_one/package.bash'
[7.065s] INFO:colcon.colcon_core.shell:Creating package script '/home/wilsonlo/dev_ws/install/articubot_one/share/articubot_one/package.zsh'
[7.107s] Level 1:colcon.colcon_core.environment:create_file_with_runtime_dependencies(/home/wilsonlo/dev_ws/install/articubot_one/share/colcon-core/packages/articubot_one)
[7.109s] Level 1:colcon.colcon_core.environment:create_environment_scripts_only(articubot_one)
[7.110s] Level 1:colcon.colcon_core.environment:checking '/home/wilsonlo/dev_ws/install/articubot_one' for CMake module files
[7.111s] Level 1:colcon.colcon_core.environment:checking '/home/wilsonlo/dev_ws/install/articubot_one' for CMake config files
[7.113s] Level 1:colcon.colcon_core.shell:create_environment_hook('articubot_one', 'cmake_prefix_path')
[7.113s] INFO:colcon.colcon_core.shell:Creating environment hook '/home/wilsonlo/dev_ws/install/articubot_one/share/articubot_one/hook/cmake_prefix_path.ps1'
[7.115s] INFO:colcon.colcon_core.shell:Creating environment descriptor '/home/wilsonlo/dev_ws/install/articubot_one/share/articubot_one/hook/cmake_prefix_path.dsv'
[7.116s] INFO:colcon.colcon_core.shell:Creating environment hook '/home/wilsonlo/dev_ws/install/articubot_one/share/articubot_one/hook/cmake_prefix_path.sh'
[7.118s] Level 1:colcon.colcon_core.environment:checking '/home/wilsonlo/dev_ws/install/articubot_one/bin'
[7.118s] Level 1:colcon.colcon_core.environment:checking '/home/wilsonlo/dev_ws/install/articubot_one/lib/pkgconfig/articubot_one.pc'
[7.119s] Level 1:colcon.colcon_core.environment:checking '/home/wilsonlo/dev_ws/install/articubot_one/lib/python3.12/site-packages'
[7.120s] Level 1:colcon.colcon_core.environment:checking '/home/wilsonlo/dev_ws/install/articubot_one/bin'
[7.121s] INFO:colcon.colcon_core.shell:Creating package script '/home/wilsonlo/dev_ws/install/articubot_one/share/articubot_one/package.ps1'
[7.123s] INFO:colcon.colcon_core.shell:Creating package descriptor '/home/wilsonlo/dev_ws/install/articubot_one/share/articubot_one/package.dsv'
[7.124s] INFO:colcon.colcon_core.shell:Creating package script '/home/wilsonlo/dev_ws/install/articubot_one/share/articubot_one/package.sh'
[7.126s] INFO:colcon.colcon_core.shell:Creating package script '/home/wilsonlo/dev_ws/install/articubot_one/share/articubot_one/package.bash'
[7.127s] INFO:colcon.colcon_core.shell:Creating package script '/home/wilsonlo/dev_ws/install/articubot_one/share/articubot_one/package.zsh'
[7.177s] Level 1:colcon.colcon_core.environment:create_file_with_runtime_dependencies(/home/wilsonlo/dev_ws/install/articubot_one/share/colcon-core/packages/articubot_one)
[7.181s] Level 1:colcon.colcon_core.environment:create_environment_scripts_only(my_package)
[7.182s] Level 1:colcon.colcon_core.environment:checking '/home/wilsonlo/dev_ws/install/my_package' for CMake module files
[7.185s] DEBUG:colcon.colcon_core.event_handler.log_command:Invoked command in '/home/wilsonlo/dev_ws/build/my_package' returned '0': CMAKE_PREFIX_PATH=${CMAKE_PREFIX_PATH}:/home/wilsonlo/dev_ws/install/serial_motor_demo:/opt/ros/jazzy DEBUGINFOD_URLS=https://debuginfod.ubuntu.com /usr/bin/cmake --install /home/wilsonlo/dev_ws/build/my_package
[7.187s] Level 1:colcon.colcon_core.environment:checking '/home/wilsonlo/dev_ws/install/my_package' for CMake config files
[7.188s] Level 1:colcon.colcon_core.shell:create_environment_hook('my_package', 'cmake_prefix_path')
[7.188s] INFO:colcon.colcon_core.shell:Creating environment hook '/home/wilsonlo/dev_ws/install/my_package/share/my_package/hook/cmake_prefix_path.ps1'
[7.190s] INFO:colcon.colcon_core.shell:Creating environment descriptor '/home/wilsonlo/dev_ws/install/my_package/share/my_package/hook/cmake_prefix_path.dsv'
[7.192s] INFO:colcon.colcon_core.shell:Creating environment hook '/home/wilsonlo/dev_ws/install/my_package/share/my_package/hook/cmake_prefix_path.sh'
[7.195s] Level 1:colcon.colcon_core.environment:checking '/home/wilsonlo/dev_ws/install/my_package/bin'
[7.195s] Level 1:colcon.colcon_core.environment:checking '/home/wilsonlo/dev_ws/install/my_package/lib/pkgconfig/my_package.pc'
[7.196s] Level 1:colcon.colcon_core.environment:checking '/home/wilsonlo/dev_ws/install/my_package/lib/python3.12/site-packages'
[7.197s] Level 1:colcon.colcon_core.environment:checking '/home/wilsonlo/dev_ws/install/my_package/bin'
[7.198s] INFO:colcon.colcon_core.shell:Creating package script '/home/wilsonlo/dev_ws/install/my_package/share/my_package/package.ps1'
[7.200s] INFO:colcon.colcon_core.shell:Creating package descriptor '/home/wilsonlo/dev_ws/install/my_package/share/my_package/package.dsv'
[7.202s] INFO:colcon.colcon_core.shell:Creating package script '/home/wilsonlo/dev_ws/install/my_package/share/my_package/package.sh'
[7.204s] INFO:colcon.colcon_core.shell:Creating package script '/home/wilsonlo/dev_ws/install/my_package/share/my_package/package.bash'
[7.206s] INFO:colcon.colcon_core.shell:Creating package script '/home/wilsonlo/dev_ws/install/my_package/share/my_package/package.zsh'
[7.207s] Level 1:colcon.colcon_core.environment:create_file_with_runtime_dependencies(/home/wilsonlo/dev_ws/install/my_package/share/colcon-core/packages/my_package)
[7.209s] Level 1:colcon.colcon_core.environment:create_environment_scripts_only(my_package)
[7.209s] Level 1:colcon.colcon_core.environment:checking '/home/wilsonlo/dev_ws/install/my_package' for CMake module files
[7.211s] Level 1:colcon.colcon_core.environment:checking '/home/wilsonlo/dev_ws/install/my_package' for CMake config files
[7.212s] Level 1:colcon.colcon_core.shell:create_environment_hook('my_package', 'cmake_prefix_path')
[7.212s] INFO:colcon.colcon_core.shell:Creating environment hook '/home/wilsonlo/dev_ws/install/my_package/share/my_package/hook/cmake_prefix_path.ps1'
[7.213s] INFO:colcon.colcon_core.shell:Creating environment descriptor '/home/wilsonlo/dev_ws/install/my_package/share/my_package/hook/cmake_prefix_path.dsv'
[7.214s] INFO:colcon.colcon_core.shell:Creating environment hook '/home/wilsonlo/dev_ws/install/my_package/share/my_package/hook/cmake_prefix_path.sh'
[7.216s] Level 1:colcon.colcon_core.environment:checking '/home/wilsonlo/dev_ws/install/my_package/bin'
[7.216s] Level 1:colcon.colcon_core.environment:checking '/home/wilsonlo/dev_ws/install/my_package/lib/pkgconfig/my_package.pc'
[7.216s] Level 1:colcon.colcon_core.environment:checking '/home/wilsonlo/dev_ws/install/my_package/lib/python3.12/site-packages'
[7.217s] Level 1:colcon.colcon_core.environment:checking '/home/wilsonlo/dev_ws/install/my_package/bin'
[7.217s] INFO:colcon.colcon_core.shell:Creating package script '/home/wilsonlo/dev_ws/install/my_package/share/my_package/package.ps1'
[7.218s] INFO:colcon.colcon_core.shell:Creating package descriptor '/home/wilsonlo/dev_ws/install/my_package/share/my_package/package.dsv'
[7.219s] INFO:colcon.colcon_core.shell:Creating package script '/home/wilsonlo/dev_ws/install/my_package/share/my_package/package.sh'
[7.220s] INFO:colcon.colcon_core.shell:Creating package script '/home/wilsonlo/dev_ws/install/my_package/share/my_package/package.bash'
[7.221s] INFO:colcon.colcon_core.shell:Creating package script '/home/wilsonlo/dev_ws/install/my_package/share/my_package/package.zsh'
[7.222s] Level 1:colcon.colcon_core.environment:create_file_with_runtime_dependencies(/home/wilsonlo/dev_ws/install/my_package/share/colcon-core/packages/my_package)
[7.222s] Level 1:colcon.colcon_core.environment:create_environment_scripts_only(urdf_example)
[7.223s] Level 1:colcon.colcon_core.environment:checking '/home/wilsonlo/dev_ws/install/urdf_example' for CMake module files
[7.224s] DEBUG:colcon.colcon_core.event_handler.log_command:Invoked command in '/home/wilsonlo/dev_ws/build/urdf_example' returned '0': CMAKE_PREFIX_PATH=${CMAKE_PREFIX_PATH}:/home/wilsonlo/dev_ws/install/serial_motor_demo:/opt/ros/jazzy DEBUGINFOD_URLS=https://debuginfod.ubuntu.com /usr/bin/cmake --install /home/wilsonlo/dev_ws/build/urdf_example
[7.224s] Level 1:colcon.colcon_core.environment:checking '/home/wilsonlo/dev_ws/install/urdf_example' for CMake config files
[7.225s] Level 1:colcon.colcon_core.shell:create_environment_hook('urdf_example', 'cmake_prefix_path')
[7.225s] INFO:colcon.colcon_core.shell:Creating environment hook '/home/wilsonlo/dev_ws/install/urdf_example/share/urdf_example/hook/cmake_prefix_path.ps1'
[7.226s] INFO:colcon.colcon_core.shell:Creating environment descriptor '/home/wilsonlo/dev_ws/install/urdf_example/share/urdf_example/hook/cmake_prefix_path.dsv'
[7.226s] INFO:colcon.colcon_core.shell:Creating environment hook '/home/wilsonlo/dev_ws/install/urdf_example/share/urdf_example/hook/cmake_prefix_path.sh'
[7.227s] Level 1:colcon.colcon_core.environment:checking '/home/wilsonlo/dev_ws/install/urdf_example/bin'
[7.227s] Level 1:colcon.colcon_core.environment:checking '/home/wilsonlo/dev_ws/install/urdf_example/lib/pkgconfig/urdf_example.pc'
[7.227s] Level 1:colcon.colcon_core.environment:checking '/home/wilsonlo/dev_ws/install/urdf_example/lib/python3.12/site-packages'
[7.228s] Level 1:colcon.colcon_core.environment:checking '/home/wilsonlo/dev_ws/install/urdf_example/bin'
[7.228s] INFO:colcon.colcon_core.shell:Creating package script '/home/wilsonlo/dev_ws/install/urdf_example/share/urdf_example/package.ps1'
[7.228s] INFO:colcon.colcon_core.shell:Creating package descriptor '/home/wilsonlo/dev_ws/install/urdf_example/share/urdf_example/package.dsv'
[7.229s] INFO:colcon.colcon_core.shell:Creating package script '/home/wilsonlo/dev_ws/install/urdf_example/share/urdf_example/package.sh'
[7.229s] INFO:colcon.colcon_core.shell:Creating package script '/home/wilsonlo/dev_ws/install/urdf_example/share/urdf_example/package.bash'
[7.230s] INFO:colcon.colcon_core.shell:Creating package script '/home/wilsonlo/dev_ws/install/urdf_example/share/urdf_example/package.zsh'
[7.230s] Level 1:colcon.colcon_core.environment:create_file_with_runtime_dependencies(/home/wilsonlo/dev_ws/install/urdf_example/share/colcon-core/packages/urdf_example)
[7.231s] Level 1:colcon.colcon_core.environment:create_environment_scripts_only(urdf_example)
[7.231s] Level 1:colcon.colcon_core.environment:checking '/home/wilsonlo/dev_ws/install/urdf_example' for CMake module files
[7.231s] Level 1:colcon.colcon_core.environment:checking '/home/wilsonlo/dev_ws/install/urdf_example' for CMake config files
[7.232s] Level 1:colcon.colcon_core.shell:create_environment_hook('urdf_example', 'cmake_prefix_path')
[7.232s] INFO:colcon.colcon_core.shell:Creating environment hook '/home/wilsonlo/dev_ws/install/urdf_example/share/urdf_example/hook/cmake_prefix_path.ps1'
[7.232s] INFO:colcon.colcon_core.shell:Creating environment descriptor '/home/wilsonlo/dev_ws/install/urdf_example/share/urdf_example/hook/cmake_prefix_path.dsv'
[7.232s] INFO:colcon.colcon_core.shell:Creating environment hook '/home/wilsonlo/dev_ws/install/urdf_example/share/urdf_example/hook/cmake_prefix_path.sh'
[7.233s] Level 1:colcon.colcon_core.environment:checking '/home/wilsonlo/dev_ws/install/urdf_example/bin'
[7.233s] Level 1:colcon.colcon_core.environment:checking '/home/wilsonlo/dev_ws/install/urdf_example/lib/pkgconfig/urdf_example.pc'
[7.233s] Level 1:colcon.colcon_core.environment:checking '/home/wilsonlo/dev_ws/install/urdf_example/lib/python3.12/site-packages'
[7.233s] Level 1:colcon.colcon_core.environment:checking '/home/wilsonlo/dev_ws/install/urdf_example/bin'
[7.234s] INFO:colcon.colcon_core.shell:Creating package script '/home/wilsonlo/dev_ws/install/urdf_example/share/urdf_example/package.ps1'
[7.234s] INFO:colcon.colcon_core.shell:Creating package descriptor '/home/wilsonlo/dev_ws/install/urdf_example/share/urdf_example/package.dsv'
[7.235s] INFO:colcon.colcon_core.shell:Creating package script '/home/wilsonlo/dev_ws/install/urdf_example/share/urdf_example/package.sh'
[7.235s] INFO:colcon.colcon_core.shell:Creating package script '/home/wilsonlo/dev_ws/install/urdf_example/share/urdf_example/package.bash'
[7.235s] INFO:colcon.colcon_core.shell:Creating package script '/home/wilsonlo/dev_ws/install/urdf_example/share/urdf_example/package.zsh'
[7.236s] Level 1:colcon.colcon_core.environment:create_file_with_runtime_dependencies(/home/wilsonlo/dev_ws/install/urdf_example/share/colcon-core/packages/urdf_example)
[7.236s] Level 1:colcon.colcon_core.environment:create_environment_scripts_only(dd_bot)
[7.236s] Level 1:colcon.colcon_core.environment:checking '/home/wilsonlo/dev_ws/install/dd_bot' for CMake module files
[7.237s] DEBUG:colcon.colcon_core.event_handler.log_command:Invoked command in '/home/wilsonlo/dev_ws/build/dd_bot' returned '0': CMAKE_PREFIX_PATH=${CMAKE_PREFIX_PATH}:/home/wilsonlo/dev_ws/install/serial_motor_demo:/opt/ros/jazzy DEBUGINFOD_URLS=https://debuginfod.ubuntu.com /usr/bin/cmake --install /home/wilsonlo/dev_ws/build/dd_bot
[7.238s] Level 1:colcon.colcon_core.environment:checking '/home/wilsonlo/dev_ws/install/dd_bot' for CMake config files
[7.238s] Level 1:colcon.colcon_core.shell:create_environment_hook('dd_bot', 'cmake_prefix_path')
[7.239s] INFO:colcon.colcon_core.shell:Creating environment hook '/home/wilsonlo/dev_ws/install/dd_bot/share/dd_bot/hook/cmake_prefix_path.ps1'
[7.239s] INFO:colcon.colcon_core.shell:Creating environment descriptor '/home/wilsonlo/dev_ws/install/dd_bot/share/dd_bot/hook/cmake_prefix_path.dsv'
[7.240s] INFO:colcon.colcon_core.shell:Creating environment hook '/home/wilsonlo/dev_ws/install/dd_bot/share/dd_bot/hook/cmake_prefix_path.sh'
[7.240s] Level 1:colcon.colcon_core.environment:checking '/home/wilsonlo/dev_ws/install/dd_bot/bin'
[7.240s] Level 1:colcon.colcon_core.environment:checking '/home/wilsonlo/dev_ws/install/dd_bot/lib/pkgconfig/dd_bot.pc'
[7.241s] Level 1:colcon.colcon_core.environment:checking '/home/wilsonlo/dev_ws/install/dd_bot/lib/python3.12/site-packages'
[7.241s] Level 1:colcon.colcon_core.environment:checking '/home/wilsonlo/dev_ws/install/dd_bot/bin'
[7.241s] INFO:colcon.colcon_core.shell:Creating package script '/home/wilsonlo/dev_ws/install/dd_bot/share/dd_bot/package.ps1'
[7.242s] INFO:colcon.colcon_core.shell:Creating package descriptor '/home/wilsonlo/dev_ws/install/dd_bot/share/dd_bot/package.dsv'
[7.242s] INFO:colcon.colcon_core.shell:Creating package script '/home/wilsonlo/dev_ws/install/dd_bot/share/dd_bot/package.sh'
[7.242s] INFO:colcon.colcon_core.shell:Creating package script '/home/wilsonlo/dev_ws/install/dd_bot/share/dd_bot/package.bash'
[7.243s] INFO:colcon.colcon_core.shell:Creating package script '/home/wilsonlo/dev_ws/install/dd_bot/share/dd_bot/package.zsh'
[7.243s] Level 1:colcon.colcon_core.environment:create_file_with_runtime_dependencies(/home/wilsonlo/dev_ws/install/dd_bot/share/colcon-core/packages/dd_bot)
[7.243s] Level 1:colcon.colcon_core.environment:create_environment_scripts_only(dd_bot)
[7.244s] Level 1:colcon.colcon_core.environment:checking '/home/wilsonlo/dev_ws/install/dd_bot' for CMake module files
[7.244s] Level 1:colcon.colcon_core.environment:checking '/home/wilsonlo/dev_ws/install/dd_bot' for CMake config files
[7.244s] Level 1:colcon.colcon_core.shell:create_environment_hook('dd_bot', 'cmake_prefix_path')
[7.245s] INFO:colcon.colcon_core.shell:Creating environment hook '/home/wilsonlo/dev_ws/install/dd_bot/share/dd_bot/hook/cmake_prefix_path.ps1'
[7.245s] INFO:colcon.colcon_core.shell:Creating environment descriptor '/home/wilsonlo/dev_ws/install/dd_bot/share/dd_bot/hook/cmake_prefix_path.dsv'
[7.246s] INFO:colcon.colcon_core.shell:Creating environment hook '/home/wilsonlo/dev_ws/install/dd_bot/share/dd_bot/hook/cmake_prefix_path.sh'
[7.246s] Level 1:colcon.colcon_core.environment:checking '/home/wilsonlo/dev_ws/install/dd_bot/bin'
[7.246s] Level 1:colcon.colcon_core.environment:checking '/home/wilsonlo/dev_ws/install/dd_bot/lib/pkgconfig/dd_bot.pc'
[7.247s] Level 1:colcon.colcon_core.environment:checking '/home/wilsonlo/dev_ws/install/dd_bot/lib/python3.12/site-packages'
[7.247s] Level 1:colcon.colcon_core.environment:checking '/home/wilsonlo/dev_ws/install/dd_bot/bin'
[7.247s] INFO:colcon.colcon_core.shell:Creating package script '/home/wilsonlo/dev_ws/install/dd_bot/share/dd_bot/package.ps1'
[7.248s] INFO:colcon.colcon_core.shell:Creating package descriptor '/home/wilsonlo/dev_ws/install/dd_bot/share/dd_bot/package.dsv'
[7.248s] INFO:colcon.colcon_core.shell:Creating package script '/home/wilsonlo/dev_ws/install/dd_bot/share/dd_bot/package.sh'
[7.249s] INFO:colcon.colcon_core.shell:Creating package script '/home/wilsonlo/dev_ws/install/dd_bot/share/dd_bot/package.bash'
[7.249s] INFO:colcon.colcon_core.shell:Creating package script '/home/wilsonlo/dev_ws/install/dd_bot/share/dd_bot/package.zsh'
[7.249s] Level 1:colcon.colcon_core.environment:create_file_with_runtime_dependencies(/home/wilsonlo/dev_ws/install/dd_bot/share/colcon-core/packages/dd_bot)
[11.207s] DEBUG:colcon.colcon_core.event_handler.log_command:Invoked command in '/home/wilsonlo/dev_ws/build/serial_motor_demo_msgs' returned '0': CMAKE_PREFIX_PATH=${CMAKE_PREFIX_PATH}:/home/wilsonlo/dev_ws/install/serial_motor_demo:/opt/ros/jazzy DEBUGINFOD_URLS=https://debuginfod.ubuntu.com /usr/bin/cmake /home/wilsonlo/dev_ws/src/serial_motor_demo/serial_motor_demo_msgs -DCMAKE_INSTALL_PREFIX=/home/wilsonlo/dev_ws/install/serial_motor_demo_msgs
[11.207s] DEBUG:colcon.colcon_core.event_handler.log_command:Invoking command in '/home/wilsonlo/dev_ws/build/serial_motor_demo_msgs': CMAKE_PREFIX_PATH=${CMAKE_PREFIX_PATH}:/home/wilsonlo/dev_ws/install/serial_motor_demo:/opt/ros/jazzy DEBUGINFOD_URLS=https://debuginfod.ubuntu.com /usr/bin/cmake --build /home/wilsonlo/dev_ws/build/serial_motor_demo_msgs -- -j8 -l8
[11.787s] DEBUG:colcon.colcon_core.event_handler.log_command:Invoked command in '/home/wilsonlo/dev_ws/build/serial_motor_demo_msgs' returned '2': CMAKE_PREFIX_PATH=${CMAKE_PREFIX_PATH}:/home/wilsonlo/dev_ws/install/serial_motor_demo:/opt/ros/jazzy DEBUGINFOD_URLS=https://debuginfod.ubuntu.com /usr/bin/cmake --build /home/wilsonlo/dev_ws/build/serial_motor_demo_msgs -- -j8 -l8
[11.787s] Level 1:colcon.colcon_core.environment:create_environment_scripts_only(serial_motor_demo_msgs)
[11.787s] Level 1:colcon.colcon_core.environment:checking '/home/wilsonlo/dev_ws/install/serial_motor_demo_msgs' for CMake module files
[11.788s] Level 1:colcon.colcon_core.environment:checking '/home/wilsonlo/dev_ws/install/serial_motor_demo_msgs' for CMake config files
[11.789s] Level 1:colcon.colcon_core.shell:create_environment_hook('serial_motor_demo_msgs', 'cmake_prefix_path')
[11.789s] INFO:colcon.colcon_core.shell:Creating environment hook '/home/wilsonlo/dev_ws/install/serial_motor_demo_msgs/share/serial_motor_demo_msgs/hook/cmake_prefix_path.ps1'
[11.790s] INFO:colcon.colcon_core.shell:Creating environment descriptor '/home/wilsonlo/dev_ws/install/serial_motor_demo_msgs/share/serial_motor_demo_msgs/hook/cmake_prefix_path.dsv'
[11.790s] INFO:colcon.colcon_core.shell:Creating environment hook '/home/wilsonlo/dev_ws/install/serial_motor_demo_msgs/share/serial_motor_demo_msgs/hook/cmake_prefix_path.sh'
[11.790s] Level 1:colcon.colcon_core.environment:checking '/home/wilsonlo/dev_ws/install/serial_motor_demo_msgs/lib'
[11.791s] Level 1:colcon.colcon_core.shell:create_environment_hook('serial_motor_demo_msgs', 'ld_library_path_lib')
[11.791s] INFO:colcon.colcon_core.shell:Creating environment hook '/home/wilsonlo/dev_ws/install/serial_motor_demo_msgs/share/serial_motor_demo_msgs/hook/ld_library_path_lib.ps1'
[11.791s] INFO:colcon.colcon_core.shell:Creating environment descriptor '/home/wilsonlo/dev_ws/install/serial_motor_demo_msgs/share/serial_motor_demo_msgs/hook/ld_library_path_lib.dsv'
[11.791s] INFO:colcon.colcon_core.shell:Creating environment hook '/home/wilsonlo/dev_ws/install/serial_motor_demo_msgs/share/serial_motor_demo_msgs/hook/ld_library_path_lib.sh'
[11.792s] Level 1:colcon.colcon_core.environment:checking '/home/wilsonlo/dev_ws/install/serial_motor_demo_msgs/bin'
[11.792s] Level 1:colcon.colcon_core.environment:checking '/home/wilsonlo/dev_ws/install/serial_motor_demo_msgs/lib/pkgconfig/serial_motor_demo_msgs.pc'
[11.792s] Level 1:colcon.colcon_core.environment:checking '/home/wilsonlo/dev_ws/install/serial_motor_demo_msgs/lib/python3.12/site-packages'
[11.792s] Level 1:colcon.colcon_core.shell:create_environment_hook('serial_motor_demo_msgs', 'pythonpath')
[11.792s] INFO:colcon.colcon_core.shell:Creating environment hook '/home/wilsonlo/dev_ws/install/serial_motor_demo_msgs/share/serial_motor_demo_msgs/hook/pythonpath.ps1'
[11.793s] INFO:colcon.colcon_core.shell:Creating environment descriptor '/home/wilsonlo/dev_ws/install/serial_motor_demo_msgs/share/serial_motor_demo_msgs/hook/pythonpath.dsv'
[11.793s] INFO:colcon.colcon_core.shell:Creating environment hook '/home/wilsonlo/dev_ws/install/serial_motor_demo_msgs/share/serial_motor_demo_msgs/hook/pythonpath.sh'
[11.793s] Level 1:colcon.colcon_core.environment:checking '/home/wilsonlo/dev_ws/install/serial_motor_demo_msgs/bin'
[11.794s] INFO:colcon.colcon_core.shell:Creating package script '/home/wilsonlo/dev_ws/install/serial_motor_demo_msgs/share/serial_motor_demo_msgs/package.ps1'
[11.794s] INFO:colcon.colcon_core.shell:Creating package descriptor '/home/wilsonlo/dev_ws/install/serial_motor_demo_msgs/share/serial_motor_demo_msgs/package.dsv'
[11.795s] INFO:colcon.colcon_core.shell:Creating package script '/home/wilsonlo/dev_ws/install/serial_motor_demo_msgs/share/serial_motor_demo_msgs/package.sh'
[11.795s] INFO:colcon.colcon_core.shell:Creating package script '/home/wilsonlo/dev_ws/install/serial_motor_demo_msgs/share/serial_motor_demo_msgs/package.bash'
[11.796s] INFO:colcon.colcon_core.shell:Creating package script '/home/wilsonlo/dev_ws/install/serial_motor_demo_msgs/share/serial_motor_demo_msgs/package.zsh'
[11.796s] Level 1:colcon.colcon_core.environment:create_file_with_runtime_dependencies(/home/wilsonlo/dev_ws/install/serial_motor_demo_msgs/share/colcon-core/packages/serial_motor_demo_msgs)
[11.806s] DEBUG:colcon.colcon_parallel_executor.executor.parallel:closing loop
[11.807s] DEBUG:colcon.colcon_parallel_executor.executor.parallel:loop closed
[11.807s] DEBUG:colcon.colcon_parallel_executor.executor.parallel:run_until_complete finished with '2'
[11.807s] DEBUG:colcon.colcon_core.event_reactor:joining thread
[11.851s] INFO:colcon.colcon_core.plugin_system:Skipping extension 'colcon_notification.desktop_notification.terminal_notifier': Not used on non-Darwin systems
[11.851s] INFO:colcon.colcon_core.plugin_system:Skipping extension 'colcon_notification.desktop_notification.win32': Not used on non-Windows systems
[11.851s] INFO:colcon.colcon_notification.desktop_notification:Sending desktop notification using 'notify2'
[11.870s] DEBUG:colcon.colcon_core.event_reactor:joined thread
[11.871s] INFO:colcon.colcon_core.shell:Creating prefix script '/home/wilsonlo/dev_ws/install/local_setup.ps1'
[11.889s] INFO:colcon.colcon_core.shell:Creating prefix util module '/home/wilsonlo/dev_ws/install/_local_setup_util_ps1.py'
[11.914s] INFO:colcon.colcon_core.shell:Creating prefix chain script '/home/wilsonlo/dev_ws/install/setup.ps1'
[11.915s] INFO:colcon.colcon_core.shell:Creating prefix script '/home/wilsonlo/dev_ws/install/local_setup.sh'
[11.918s] INFO:colcon.colcon_core.shell:Creating prefix util module '/home/wilsonlo/dev_ws/install/_local_setup_util_sh.py'
[11.919s] INFO:colcon.colcon_core.shell:Creating prefix chain script '/home/wilsonlo/dev_ws/install/setup.sh'
[11.921s] INFO:colcon.colcon_core.shell:Creating prefix script '/home/wilsonlo/dev_ws/install/local_setup.bash'
[11.922s] INFO:colcon.colcon_core.shell:Creating prefix chain script '/home/wilsonlo/dev_ws/install/setup.bash'
[11.924s] INFO:colcon.colcon_core.shell:Creating prefix script '/home/wilsonlo/dev_ws/install/local_setup.zsh'
[11.925s] INFO:colcon.colcon_core.shell:Creating prefix chain script '/home/wilsonlo/dev_ws/install/setup.zsh'
