[0.018s] Invoking command in '/home/wilsonlo/dev_ws/build/articubot_one': CMAKE_PREFIX_PATH=${CMAKE_PREFIX_PATH}:/opt/ros/jazzy DEBUGINFOD_URLS=https://debuginfod.ubuntu.com /usr/bin/cmake /home/wilsonlo/dev_ws/src/articubot_one -DCMAKE_INSTALL_PREFIX=/home/wilsonlo/dev_ws/install/articubot_one
[1.387s] -- The C compiler identification is GNU 13.3.0
[2.390s] -- The CXX compiler identification is GNU 13.3.0
[2.429s] -- Detecting C compiler ABI info
[2.827s] -- Detecting C compiler ABI info - done
[2.844s] -- Check for working C compiler: /usr/bin/cc - skipped
[2.844s] -- Detecting C compile features
[2.844s] -- Detecting C compile features - done
[2.879s] -- Detecting CXX compiler ABI info
[3.216s] -- Detecting CXX compiler ABI info - done
[3.226s] -- Check for working CXX compiler: /usr/bin/c++ - skipped
[3.227s] -- Detecting CXX compile features
[3.227s] -- Detecting CXX compile features - done
[3.345s] -- Found ament_cmake: 2.5.3 (/opt/ros/jazzy/share/ament_cmake/cmake)
[3.631s] -- Found Python3: /usr/bin/python3 (found version "3.12.3") found components: Interpreter 
[3.783s] -- Found ament_lint_auto: 0.17.2 (/opt/ros/jazzy/share/ament_lint_auto/cmake)
[3.937s] -- Added test 'copyright' to check source files copyright and LICENSE
[3.943s] -- Added test 'flake8' to check Python code syntax and style conventions
[3.943s] -- Configured 'flake8' exclude dirs and/or files: 
[3.945s] -- Added test 'lint_cmake' to check CMake code style
[3.946s] -- Added test 'pep257' to check Python code against some of the docstring style conventions in PEP 257
[3.949s] -- Added test 'xmllint' to check XML markup files
[3.952s] -- Configuring done (3.9s)
[3.956s] -- Generating done (0.0s)
[3.959s] -- Build files have been written to: /home/wilsonlo/dev_ws/build/articubot_one
[3.965s] Invoked command in '/home/wilsonlo/dev_ws/build/articubot_one' returned '0': CMAKE_PREFIX_PATH=${CMAKE_PREFIX_PATH}:/opt/ros/jazzy DEBUGINFOD_URLS=https://debuginfod.ubuntu.com /usr/bin/cmake /home/wilsonlo/dev_ws/src/articubot_one -DCMAKE_INSTALL_PREFIX=/home/wilsonlo/dev_ws/install/articubot_one
[3.967s] Invoking command in '/home/wilsonlo/dev_ws/build/articubot_one': CMAKE_PREFIX_PATH=${CMAKE_PREFIX_PATH}:/opt/ros/jazzy DEBUGINFOD_URLS=https://debuginfod.ubuntu.com /usr/bin/cmake --build /home/wilsonlo/dev_ws/build/articubot_one -- -j8 -l8
[4.007s] Invoked command in '/home/wilsonlo/dev_ws/build/articubot_one' returned '0': CMAKE_PREFIX_PATH=${CMAKE_PREFIX_PATH}:/opt/ros/jazzy DEBUGINFOD_URLS=https://debuginfod.ubuntu.com /usr/bin/cmake --build /home/wilsonlo/dev_ws/build/articubot_one -- -j8 -l8
[4.018s] Invoking command in '/home/wilsonlo/dev_ws/build/articubot_one': CMAKE_PREFIX_PATH=${CMAKE_PREFIX_PATH}:/opt/ros/jazzy DEBUGINFOD_URLS=https://debuginfod.ubuntu.com /usr/bin/cmake --install /home/wilsonlo/dev_ws/build/articubot_one
[4.026s] -- Install configuration: ""
[4.026s] -- Installing: /home/wilsonlo/dev_ws/install/articubot_one/share/articubot_one/config
[4.026s] -- Installing: /home/wilsonlo/dev_ws/install/articubot_one/share/articubot_one/config/mapper_params_online_async.yaml
[4.039s] -- Installing: /home/wilsonlo/dev_ws/install/articubot_one/share/articubot_one/config/my_controllers.yaml
[4.039s] -- Installing: /home/wilsonlo/dev_ws/install/articubot_one/share/articubot_one/config/twist_mux.yaml
[4.039s] -- Installing: /home/wilsonlo/dev_ws/install/articubot_one/share/articubot_one/config/joystick.yaml
[4.048s] -- Installing: /home/wilsonlo/dev_ws/install/articubot_one/share/articubot_one/config/map.rviz
[4.048s] -- Installing: /home/wilsonlo/dev_ws/install/articubot_one/share/articubot_one/config/empty.yaml
[4.049s] -- Installing: /home/wilsonlo/dev_ws/install/articubot_one/share/articubot_one/config/gaz_ros2_ctl_use_sim.yaml
[4.051s] -- Installing: /home/wilsonlo/dev_ws/install/articubot_one/share/articubot_one/config/nav2_params.yaml
[4.051s] -- Installing: /home/wilsonlo/dev_ws/install/articubot_one/share/articubot_one/config/gz_bridge.yaml
[4.051s] -- Installing: /home/wilsonlo/dev_ws/install/articubot_one/share/articubot_one/config/drive_bot.rviz
[4.052s] -- Installing: /home/wilsonlo/dev_ws/install/articubot_one/share/articubot_one/config/ball_tracker_params_robot.yaml
[4.052s] -- Installing: /home/wilsonlo/dev_ws/install/articubot_one/share/articubot_one/config/view_bot.rviz
[4.052s] -- Installing: /home/wilsonlo/dev_ws/install/articubot_one/share/articubot_one/config/ball_tracker_params_sim.yaml
[4.053s] -- Installing: /home/wilsonlo/dev_ws/install/articubot_one/share/articubot_one/config/main.rviz
[4.053s] -- Installing: /home/wilsonlo/dev_ws/install/articubot_one/share/articubot_one/description
[4.053s] -- Installing: /home/wilsonlo/dev_ws/install/articubot_one/share/articubot_one/description/robot_core.xacro
[4.053s] -- Installing: /home/wilsonlo/dev_ws/install/articubot_one/share/articubot_one/description/face.xacro
[4.054s] -- Installing: /home/wilsonlo/dev_ws/install/articubot_one/share/articubot_one/description/camera.xacro
[4.054s] -- Installing: /home/wilsonlo/dev_ws/install/articubot_one/share/articubot_one/description/depth_camera.xacro
[4.054s] -- Installing: /home/wilsonlo/dev_ws/install/articubot_one/share/articubot_one/description/robot.urdf.xacro
[4.055s] -- Installing: /home/wilsonlo/dev_ws/install/articubot_one/share/articubot_one/description/lidar.xacro
[4.056s] -- Installing: /home/wilsonlo/dev_ws/install/articubot_one/share/articubot_one/description/ros2_control.xacro
[4.056s] -- Installing: /home/wilsonlo/dev_ws/install/articubot_one/share/articubot_one/description/gazebo_control.xacro
[4.056s] -- Installing: /home/wilsonlo/dev_ws/install/articubot_one/share/articubot_one/description/inertial_macros.xacro
[4.056s] -- Installing: /home/wilsonlo/dev_ws/install/articubot_one/share/articubot_one/launch
[4.057s] -- Installing: /home/wilsonlo/dev_ws/install/articubot_one/share/articubot_one/launch/joystick.launch.py
[4.057s] -- Installing: /home/wilsonlo/dev_ws/install/articubot_one/share/articubot_one/launch/online_async_launch.py
[4.057s] -- Installing: /home/wilsonlo/dev_ws/install/articubot_one/share/articubot_one/launch/camera.launch.py
[4.057s] -- Installing: /home/wilsonlo/dev_ws/install/articubot_one/share/articubot_one/launch/launch_sim.launch.py
[4.057s] -- Installing: /home/wilsonlo/dev_ws/install/articubot_one/share/articubot_one/launch/rsp.launch.py
[4.057s] -- Installing: /home/wilsonlo/dev_ws/install/articubot_one/share/articubot_one/launch/launch_robot.launch.py
[4.057s] -- Installing: /home/wilsonlo/dev_ws/install/articubot_one/share/articubot_one/launch/rplidar.launch.py
[4.057s] -- Installing: /home/wilsonlo/dev_ws/install/articubot_one/share/articubot_one/launch/ball_tracker.launch.py
[4.057s] -- Installing: /home/wilsonlo/dev_ws/install/articubot_one/share/articubot_one/launch/localization_launch.py
[4.058s] -- Installing: /home/wilsonlo/dev_ws/install/articubot_one/share/articubot_one/launch/navigation_launch.py
[4.058s] -- Installing: /home/wilsonlo/dev_ws/install/articubot_one/share/articubot_one/worlds
[4.058s] -- Installing: /home/wilsonlo/dev_ws/install/articubot_one/share/articubot_one/worlds/empty.world
[4.058s] -- Installing: /home/wilsonlo/dev_ws/install/articubot_one/share/articubot_one/worlds/obstacles.world
[4.058s] -- Installing: /home/wilsonlo/dev_ws/install/articubot_one/share/ament_index/resource_index/package_run_dependencies/articubot_one
[4.058s] -- Installing: /home/wilsonlo/dev_ws/install/articubot_one/share/ament_index/resource_index/parent_prefix_path/articubot_one
[4.058s] -- Installing: /home/wilsonlo/dev_ws/install/articubot_one/share/articubot_one/environment/ament_prefix_path.sh
[4.059s] -- Installing: /home/wilsonlo/dev_ws/install/articubot_one/share/articubot_one/environment/ament_prefix_path.dsv
[4.059s] -- Installing: /home/wilsonlo/dev_ws/install/articubot_one/share/articubot_one/environment/path.sh
[4.059s] -- Installing: /home/wilsonlo/dev_ws/install/articubot_one/share/articubot_one/environment/path.dsv
[4.059s] -- Installing: /home/wilsonlo/dev_ws/install/articubot_one/share/articubot_one/local_setup.bash
[4.059s] -- Installing: /home/wilsonlo/dev_ws/install/articubot_one/share/articubot_one/local_setup.sh
[4.059s] -- Installing: /home/wilsonlo/dev_ws/install/articubot_one/share/articubot_one/local_setup.zsh
[4.059s] -- Installing: /home/wilsonlo/dev_ws/install/articubot_one/share/articubot_one/local_setup.dsv
[4.060s] -- Installing: /home/wilsonlo/dev_ws/install/articubot_one/share/articubot_one/package.dsv
[4.060s] -- Installing: /home/wilsonlo/dev_ws/install/articubot_one/share/ament_index/resource_index/packages/articubot_one
[4.060s] -- Installing: /home/wilsonlo/dev_ws/install/articubot_one/share/articubot_one/cmake/articubot_oneConfig.cmake
[4.060s] -- Installing: /home/wilsonlo/dev_ws/install/articubot_one/share/articubot_one/cmake/articubot_oneConfig-version.cmake
[4.060s] -- Installing: /home/wilsonlo/dev_ws/install/articubot_one/share/articubot_one/package.xml
[4.073s] Invoked command in '/home/wilsonlo/dev_ws/build/articubot_one' returned '0': CMAKE_PREFIX_PATH=${CMAKE_PREFIX_PATH}:/opt/ros/jazzy DEBUGINFOD_URLS=https://debuginfod.ubuntu.com /usr/bin/cmake --install /home/wilsonlo/dev_ws/build/articubot_one
