[0.013s] Invoking command in '/home/wilsonlo/dev_ws/build/articubot_one': CMAKE_PREFIX_PATH=${CMAKE_PREFIX_PATH}:/opt/ros/jazzy DEBUGINFOD_URLS=https://debuginfod.ubuntu.com /usr/bin/cmake /home/wilsonlo/dev_ws/src/articubot_one -DCMAKE_INSTALL_PREFIX=/home/wilsonlo/dev_ws/install/articubot_one
[0.063s] -- The C compiler identification is GNU 13.3.0
[0.117s] -- The CXX compiler identification is GNU 13.3.0
[0.130s] -- Detecting C compiler ABI info
[0.200s] -- Detecting C compiler ABI info - done
[0.210s] -- Check for working C compiler: /usr/bin/cc - skipped
[0.210s] -- Detecting C compile features
[0.211s] -- Detecting C compile features - done
[0.218s] -- Detecting CXX compiler ABI info
[0.300s] -- Detecting CXX compiler ABI info - done
[0.309s] -- Check for working CXX compiler: /usr/bin/c++ - skipped
[0.309s] -- Detecting CXX compile features
[0.310s] -- Detecting CXX compile features - done
[0.312s] -- Found ament_cmake: 2.5.3 (/opt/ros/jazzy/share/ament_cmake/cmake)
[0.440s] -- Found Python3: /usr/bin/python3 (found version "3.12.3") found components: Interpreter 
[0.532s] -- Found ament_lint_auto: 0.17.1 (/opt/ros/jazzy/share/ament_lint_auto/cmake)
[0.629s] -- Added test 'copyright' to check source files copyright and LICENSE
[0.635s] -- Added test 'flake8' to check Python code syntax and style conventions
[0.635s] -- Configured 'flake8' exclude dirs and/or files: 
[0.636s] -- Added test 'lint_cmake' to check CMake code style
[0.637s] -- Added test 'pep257' to check Python code against some of the docstring style conventions in PEP 257
[0.640s] -- Added test 'xmllint' to check XML markup files
[0.641s] -- Configuring done (0.6s)
[0.644s] -- Generating done (0.0s)
[0.645s] -- Build files have been written to: /home/wilsonlo/dev_ws/build/articubot_one
[0.649s] Invoked command in '/home/wilsonlo/dev_ws/build/articubot_one' returned '0': CMAKE_PREFIX_PATH=${CMAKE_PREFIX_PATH}:/opt/ros/jazzy DEBUGINFOD_URLS=https://debuginfod.ubuntu.com /usr/bin/cmake /home/wilsonlo/dev_ws/src/articubot_one -DCMAKE_INSTALL_PREFIX=/home/wilsonlo/dev_ws/install/articubot_one
[0.649s] Invoking command in '/home/wilsonlo/dev_ws/build/articubot_one': CMAKE_PREFIX_PATH=${CMAKE_PREFIX_PATH}:/opt/ros/jazzy DEBUGINFOD_URLS=https://debuginfod.ubuntu.com /usr/bin/cmake --build /home/wilsonlo/dev_ws/build/articubot_one -- -j8 -l8
[0.680s] Invoked command in '/home/wilsonlo/dev_ws/build/articubot_one' returned '0': CMAKE_PREFIX_PATH=${CMAKE_PREFIX_PATH}:/opt/ros/jazzy DEBUGINFOD_URLS=https://debuginfod.ubuntu.com /usr/bin/cmake --build /home/wilsonlo/dev_ws/build/articubot_one -- -j8 -l8
[0.681s] Invoking command in '/home/wilsonlo/dev_ws/build/articubot_one': CMAKE_PREFIX_PATH=${CMAKE_PREFIX_PATH}:/opt/ros/jazzy DEBUGINFOD_URLS=https://debuginfod.ubuntu.com /usr/bin/cmake --install /home/wilsonlo/dev_ws/build/articubot_one
[0.687s] -- Install configuration: ""
[0.687s] -- Installing: /home/wilsonlo/dev_ws/install/articubot_one/share/articubot_one/config
[0.687s] -- Installing: /home/wilsonlo/dev_ws/install/articubot_one/share/articubot_one/config/mapper_params_online_async.yaml
[0.687s] -- Installing: /home/wilsonlo/dev_ws/install/articubot_one/share/articubot_one/config/my_controllers.yaml
[0.687s] -- Installing: /home/wilsonlo/dev_ws/install/articubot_one/share/articubot_one/config/twist_mux.yaml
[0.688s] -- Installing: /home/wilsonlo/dev_ws/install/articubot_one/share/articubot_one/config/joystick.yaml
[0.688s] -- Installing: /home/wilsonlo/dev_ws/install/articubot_one/share/articubot_one/config/map.rviz
[0.688s] -- Installing: /home/wilsonlo/dev_ws/install/articubot_one/share/articubot_one/config/empty.yaml
[0.688s] -- Installing: /home/wilsonlo/dev_ws/install/articubot_one/share/articubot_one/config/gaz_ros2_ctl_use_sim.yaml
[0.688s] -- Installing: /home/wilsonlo/dev_ws/install/articubot_one/share/articubot_one/config/nav2_params.yaml
[0.688s] -- Installing: /home/wilsonlo/dev_ws/install/articubot_one/share/articubot_one/config/drive_bot.rviz
[0.688s] -- Installing: /home/wilsonlo/dev_ws/install/articubot_one/share/articubot_one/config/ball_tracker_params_robot.yaml
[0.688s] -- Installing: /home/wilsonlo/dev_ws/install/articubot_one/share/articubot_one/config/gazebo_params.yaml
[0.688s] -- Installing: /home/wilsonlo/dev_ws/install/articubot_one/share/articubot_one/config/view_bot.rviz
[0.688s] -- Installing: /home/wilsonlo/dev_ws/install/articubot_one/share/articubot_one/config/ball_tracker_params_sim.yaml
[0.688s] -- Installing: /home/wilsonlo/dev_ws/install/articubot_one/share/articubot_one/config/main.rviz
[0.689s] -- Installing: /home/wilsonlo/dev_ws/install/articubot_one/share/articubot_one/description
[0.689s] -- Installing: /home/wilsonlo/dev_ws/install/articubot_one/share/articubot_one/description/robot_core.xacro
[0.689s] -- Installing: /home/wilsonlo/dev_ws/install/articubot_one/share/articubot_one/description/face.xacro
[0.689s] -- Installing: /home/wilsonlo/dev_ws/install/articubot_one/share/articubot_one/description/camera.xacro
[0.689s] -- Installing: /home/wilsonlo/dev_ws/install/articubot_one/share/articubot_one/description/depth_camera.xacro
[0.689s] -- Installing: /home/wilsonlo/dev_ws/install/articubot_one/share/articubot_one/description/robot.urdf.xacro
[0.689s] -- Installing: /home/wilsonlo/dev_ws/install/articubot_one/share/articubot_one/description/lidar.xacro
[0.689s] -- Installing: /home/wilsonlo/dev_ws/install/articubot_one/share/articubot_one/description/ros2_control.xacro
[0.689s] -- Installing: /home/wilsonlo/dev_ws/install/articubot_one/share/articubot_one/description/gazebo_control.xacro
[0.689s] -- Installing: /home/wilsonlo/dev_ws/install/articubot_one/share/articubot_one/description/inertial_macros.xacro
[0.689s] -- Installing: /home/wilsonlo/dev_ws/install/articubot_one/share/articubot_one/launch
[0.690s] -- Installing: /home/wilsonlo/dev_ws/install/articubot_one/share/articubot_one/launch/joystick.launch.py
[0.690s] -- Installing: /home/wilsonlo/dev_ws/install/articubot_one/share/articubot_one/launch/online_async_launch.py
[0.690s] -- Installing: /home/wilsonlo/dev_ws/install/articubot_one/share/articubot_one/launch/camera.launch.py
[0.690s] -- Installing: /home/wilsonlo/dev_ws/install/articubot_one/share/articubot_one/launch/launch_sim.launch.py
[0.690s] -- Installing: /home/wilsonlo/dev_ws/install/articubot_one/share/articubot_one/launch/rsp.launch.py
[0.690s] -- Installing: /home/wilsonlo/dev_ws/install/articubot_one/share/articubot_one/launch/launch_robot.launch.py
[0.690s] -- Installing: /home/wilsonlo/dev_ws/install/articubot_one/share/articubot_one/launch/rplidar.launch.py
[0.690s] -- Installing: /home/wilsonlo/dev_ws/install/articubot_one/share/articubot_one/launch/ball_tracker.launch.py
[0.690s] -- Installing: /home/wilsonlo/dev_ws/install/articubot_one/share/articubot_one/launch/localization_launch.py
[0.690s] -- Installing: /home/wilsonlo/dev_ws/install/articubot_one/share/articubot_one/launch/navigation_launch.py
[0.691s] -- Installing: /home/wilsonlo/dev_ws/install/articubot_one/share/articubot_one/worlds
[0.691s] -- Installing: /home/wilsonlo/dev_ws/install/articubot_one/share/articubot_one/worlds/empty.world
[0.691s] -- Installing: /home/wilsonlo/dev_ws/install/articubot_one/share/articubot_one/worlds/obstacles.world
[0.691s] -- Installing: /home/wilsonlo/dev_ws/install/articubot_one/share/ament_index/resource_index/package_run_dependencies/articubot_one
[0.691s] -- Installing: /home/wilsonlo/dev_ws/install/articubot_one/share/ament_index/resource_index/parent_prefix_path/articubot_one
[0.691s] -- Installing: /home/wilsonlo/dev_ws/install/articubot_one/share/articubot_one/environment/ament_prefix_path.sh
[0.691s] -- Installing: /home/wilsonlo/dev_ws/install/articubot_one/share/articubot_one/environment/ament_prefix_path.dsv
[0.691s] -- Installing: /home/wilsonlo/dev_ws/install/articubot_one/share/articubot_one/environment/path.sh
[0.691s] -- Installing: /home/wilsonlo/dev_ws/install/articubot_one/share/articubot_one/environment/path.dsv
[0.692s] -- Installing: /home/wilsonlo/dev_ws/install/articubot_one/share/articubot_one/local_setup.bash
[0.692s] -- Installing: /home/wilsonlo/dev_ws/install/articubot_one/share/articubot_one/local_setup.sh
[0.692s] -- Installing: /home/wilsonlo/dev_ws/install/articubot_one/share/articubot_one/local_setup.zsh
[0.692s] -- Installing: /home/wilsonlo/dev_ws/install/articubot_one/share/articubot_one/local_setup.dsv
[0.692s] -- Installing: /home/wilsonlo/dev_ws/install/articubot_one/share/articubot_one/package.dsv
[0.692s] -- Installing: /home/wilsonlo/dev_ws/install/articubot_one/share/ament_index/resource_index/packages/articubot_one
[0.692s] -- Installing: /home/wilsonlo/dev_ws/install/articubot_one/share/articubot_one/cmake/articubot_oneConfig.cmake
[0.692s] -- Installing: /home/wilsonlo/dev_ws/install/articubot_one/share/articubot_one/cmake/articubot_oneConfig-version.cmake
[0.692s] -- Installing: /home/wilsonlo/dev_ws/install/articubot_one/share/articubot_one/package.xml
[0.694s] Invoked command in '/home/wilsonlo/dev_ws/build/articubot_one' returned '0': CMAKE_PREFIX_PATH=${CMAKE_PREFIX_PATH}:/opt/ros/jazzy DEBUGINFOD_URLS=https://debuginfod.ubuntu.com /usr/bin/cmake --install /home/wilsonlo/dev_ws/build/articubot_one
