[0.016s] Invoking command in '/home/wilsonlo/dev_ws/build/my_package': CMAKE_PREFIX_PATH=${CMAKE_PREFIX_PATH}:/opt/ros/jazzy DEBUGINFOD_URLS=https://debuginfod.ubuntu.com /usr/bin/cmake /home/wilsonlo/dev_ws/src/my_package -DCMAKE_INSTALL_PREFIX=/home/wilsonlo/dev_ws/install/my_package
[1.374s] -- The C compiler identification is GNU 13.3.0
[2.386s] -- The CXX compiler identification is GNU 13.3.0
[2.422s] -- Detecting C compiler ABI info
[2.827s] -- Detecting C compiler ABI info - done
[2.838s] -- Check for working C compiler: /usr/bin/cc - skipped
[2.838s] -- Detecting C compile features
[2.838s] -- Detecting C compile features - done
[2.872s] -- Detecting CXX compiler ABI info
[3.214s] -- Detecting CXX compiler ABI info - done
[3.225s] -- Check for working CXX compiler: /usr/bin/c++ - skipped
[3.225s] -- Detecting CXX compile features
[3.226s] -- Detecting CXX compile features - done
[3.336s] -- Found ament_cmake: 2.5.3 (/opt/ros/jazzy/share/ament_cmake/cmake)
[3.606s] -- Found Python3: /usr/bin/python3 (found version "3.12.3") found components: Interpreter 
[3.777s] -- Found ament_lint_auto: 0.17.2 (/opt/ros/jazzy/share/ament_lint_auto/cmake)
[3.945s] -- Added test 'flake8' to check Python code syntax and style conventions
[3.945s] -- Configured 'flake8' exclude dirs and/or files: 
[3.947s] -- Added test 'lint_cmake' to check CMake code style
[3.948s] -- Added test 'pep257' to check Python code against some of the docstring style conventions in PEP 257
[3.952s] -- Added test 'xmllint' to check XML markup files
[3.953s] -- Configuring done (3.9s)
[3.956s] -- Generating done (0.0s)
[3.958s] -- Build files have been written to: /home/wilsonlo/dev_ws/build/my_package
[3.963s] Invoked command in '/home/wilsonlo/dev_ws/build/my_package' returned '0': CMAKE_PREFIX_PATH=${CMAKE_PREFIX_PATH}:/opt/ros/jazzy DEBUGINFOD_URLS=https://debuginfod.ubuntu.com /usr/bin/cmake /home/wilsonlo/dev_ws/src/my_package -DCMAKE_INSTALL_PREFIX=/home/wilsonlo/dev_ws/install/my_package
[3.964s] Invoking command in '/home/wilsonlo/dev_ws/build/my_package': CMAKE_PREFIX_PATH=${CMAKE_PREFIX_PATH}:/opt/ros/jazzy DEBUGINFOD_URLS=https://debuginfod.ubuntu.com /usr/bin/cmake --build /home/wilsonlo/dev_ws/build/my_package -- -j8 -l8
[4.013s] Invoked command in '/home/wilsonlo/dev_ws/build/my_package' returned '0': CMAKE_PREFIX_PATH=${CMAKE_PREFIX_PATH}:/opt/ros/jazzy DEBUGINFOD_URLS=https://debuginfod.ubuntu.com /usr/bin/cmake --build /home/wilsonlo/dev_ws/build/my_package -- -j8 -l8
[4.013s] Invoking command in '/home/wilsonlo/dev_ws/build/my_package': CMAKE_PREFIX_PATH=${CMAKE_PREFIX_PATH}:/opt/ros/jazzy DEBUGINFOD_URLS=https://debuginfod.ubuntu.com /usr/bin/cmake --install /home/wilsonlo/dev_ws/build/my_package
[4.024s] -- Install configuration: ""
[4.024s] -- Installing: /home/wilsonlo/dev_ws/install/my_package/share/my_package/launch
[4.024s] -- Installing: /home/wilsonlo/dev_ws/install/my_package/share/my_package/launch/listener.launch.py
[4.024s] -- Installing: /home/wilsonlo/dev_ws/install/my_package/share/my_package/launch/talker.launch.py
[4.024s] -- Installing: /home/wilsonlo/dev_ws/install/my_package/share/ament_index/resource_index/package_run_dependencies/my_package
[4.025s] -- Installing: /home/wilsonlo/dev_ws/install/my_package/share/ament_index/resource_index/parent_prefix_path/my_package
[4.025s] -- Installing: /home/wilsonlo/dev_ws/install/my_package/share/my_package/environment/ament_prefix_path.sh
[4.025s] -- Installing: /home/wilsonlo/dev_ws/install/my_package/share/my_package/environment/ament_prefix_path.dsv
[4.025s] -- Installing: /home/wilsonlo/dev_ws/install/my_package/share/my_package/environment/path.sh
[4.025s] -- Installing: /home/wilsonlo/dev_ws/install/my_package/share/my_package/environment/path.dsv
[4.029s] -- Installing: /home/wilsonlo/dev_ws/install/my_package/share/my_package/local_setup.bash
[4.029s] -- Installing: /home/wilsonlo/dev_ws/install/my_package/share/my_package/local_setup.sh
[4.029s] -- Installing: /home/wilsonlo/dev_ws/install/my_package/share/my_package/local_setup.zsh
[4.029s] -- Installing: /home/wilsonlo/dev_ws/install/my_package/share/my_package/local_setup.dsv
[4.029s] -- Installing: /home/wilsonlo/dev_ws/install/my_package/share/my_package/package.dsv
[4.029s] -- Installing: /home/wilsonlo/dev_ws/install/my_package/share/ament_index/resource_index/packages/my_package
[4.029s] -- Installing: /home/wilsonlo/dev_ws/install/my_package/share/my_package/cmake/my_packageConfig.cmake
[4.029s] -- Installing: /home/wilsonlo/dev_ws/install/my_package/share/my_package/cmake/my_packageConfig-version.cmake
[4.029s] -- Installing: /home/wilsonlo/dev_ws/install/my_package/share/my_package/package.xml
[4.033s] Invoked command in '/home/wilsonlo/dev_ws/build/my_package' returned '0': CMAKE_PREFIX_PATH=${CMAKE_PREFIX_PATH}:/opt/ros/jazzy DEBUGINFOD_URLS=https://debuginfod.ubuntu.com /usr/bin/cmake --install /home/wilsonlo/dev_ws/build/my_package
