[0.025s] Invoking command in '/home/wilsonlo/dev_ws/build/dd_bot': CMAKE_PREFIX_PATH=${CMAKE_PREFIX_PATH}:/opt/ros/jazzy DEBUGINFOD_URLS=https://debuginfod.ubuntu.com /usr/bin/cmake --build /home/wilsonlo/dev_ws/build/dd_bot -- -j8 -l8
[0.219s] -- Found ament_cmake: 2.5.3 (/opt/ros/jazzy/share/ament_cmake/cmake)
[1.079s] -- Override CMake install command with custom implementation using symlinks instead of copying resources
[1.246s] -- Found ament_lint_auto: 0.17.1 (/opt/ros/jazzy/share/ament_lint_auto/cmake)
[1.559s] -- Added test 'copyright' to check source files copyright and LICENSE
[1.582s] -- Added test 'flake8' to check Python code syntax and style conventions
[1.582s] -- Configured 'flake8' exclude dirs and/or files: 
[1.597s] -- Added test 'lint_cmake' to check CMake code style
[1.598s] -- Added test 'pep257' to check Python code against some of the docstring style conventions in PEP 257
[1.675s] -- Added test 'xmllint' to check XML markup files
[1.678s] -- Configuring done (1.6s)
[1.758s] -- Generating done (0.0s)
[1.760s] -- Build files have been written to: /home/wilsonlo/dev_ws/build/dd_bot
[1.785s] Invoked command in '/home/wilsonlo/dev_ws/build/dd_bot' returned '0': CMAKE_PREFIX_PATH=${CMAKE_PREFIX_PATH}:/opt/ros/jazzy DEBUGINFOD_URLS=https://debuginfod.ubuntu.com /usr/bin/cmake --build /home/wilsonlo/dev_ws/build/dd_bot -- -j8 -l8
[1.786s] Invoking command in '/home/wilsonlo/dev_ws/build/dd_bot': CMAKE_PREFIX_PATH=${CMAKE_PREFIX_PATH}:/opt/ros/jazzy DEBUGINFOD_URLS=https://debuginfod.ubuntu.com /usr/bin/cmake --install /home/wilsonlo/dev_ws/build/dd_bot
[1.794s] -- Install configuration: ""
[1.794s] -- Execute custom install script
[1.794s] -- Up-to-date symlink: /home/wilsonlo/dev_ws/install/dd_bot/share/dd_bot/launch/launch_sim.launch.py
[1.795s] -- Up-to-date symlink: /home/wilsonlo/dev_ws/install/dd_bot/share/dd_bot/launch/rsp.launch.py
[1.795s] [31mCMake Error at ament_cmake_symlink_install/ament_cmake_symlink_install.cmake:100 (message):
[1.795s]   ament_cmake_symlink_install_directory() can't find
[1.795s]   '/home/wilsonlo/dev_ws/src/dd_bot/model'
[1.795s] Call Stack (most recent call first):
[1.795s]   ament_cmake_symlink_install/ament_cmake_symlink_install.cmake:314 (ament_cmake_symlink_install_directory)
[1.795s]   cmake_install.cmake:46 (include)
[1.795s] 
[1.795s] [0m
[1.798s] Invoked command in '/home/wilsonlo/dev_ws/build/dd_bot' returned '1': CMAKE_PREFIX_PATH=${CMAKE_PREFIX_PATH}:/opt/ros/jazzy DEBUGINFOD_URLS=https://debuginfod.ubuntu.com /usr/bin/cmake --install /home/wilsonlo/dev_ws/build/dd_bot
