[0.014s] Invoking command in '/home/wilsonlo/dev_ws/build/articubot_one': CMAKE_PREFIX_PATH=${CMAKE_PREFIX_PATH}:/opt/ros/jazzy DEBUGINFOD_URLS=https://debuginfod.ubuntu.com /usr/bin/cmake --build /home/wilsonlo/dev_ws/build/articubot_one -- -j8 -l8
[0.035s] -- Found ament_cmake: 2.5.3 (/opt/ros/jazzy/share/ament_cmake/cmake)
[0.239s] -- Found ament_lint_auto: 0.17.1 (/opt/ros/jazzy/share/ament_lint_auto/cmake)
[0.328s] -- Added test 'copyright' to check source files copyright and LICENSE
[0.334s] -- Added test 'flake8' to check Python code syntax and style conventions
[0.334s] -- Configured 'flake8' exclude dirs and/or files: 
[0.335s] -- Added test 'lint_cmake' to check CMake code style
[0.336s] -- Added test 'pep257' to check Python code against some of the docstring style conventions in PEP 257
[0.339s] -- Added test 'xmllint' to check XML markup files
[0.340s] -- Configuring done (0.3s)
[0.342s] -- Generating done (0.0s)
[0.344s] -- Build files have been written to: /home/wilsonlo/dev_ws/build/articubot_one
[0.361s] Invoked command in '/home/wilsonlo/dev_ws/build/articubot_one' returned '0': CMAKE_PREFIX_PATH=${CMAKE_PREFIX_PATH}:/opt/ros/jazzy DEBUGINFOD_URLS=https://debuginfod.ubuntu.com /usr/bin/cmake --build /home/wilsonlo/dev_ws/build/articubot_one -- -j8 -l8
[0.362s] Invoking command in '/home/wilsonlo/dev_ws/build/articubot_one': CMAKE_PREFIX_PATH=${CMAKE_PREFIX_PATH}:/opt/ros/jazzy DEBUGINFOD_URLS=https://debuginfod.ubuntu.com /usr/bin/cmake --install /home/wilsonlo/dev_ws/build/articubot_one
[0.369s] -- Install configuration: ""
[0.369s] -- Up-to-date: /home/wilsonlo/dev_ws/install/articubot_one/share/articubot_one/config
[0.369s] -- Installing: /home/wilsonlo/dev_ws/install/articubot_one/share/articubot_one/config/mapper_params_online_async.yaml
[0.369s] -- Installing: /home/wilsonlo/dev_ws/install/articubot_one/share/articubot_one/config/my_controllers.yaml
[0.369s] -- Installing: /home/wilsonlo/dev_ws/install/articubot_one/share/articubot_one/config/twist_mux.yaml
[0.369s] -- Installing: /home/wilsonlo/dev_ws/install/articubot_one/share/articubot_one/config/joystick.yaml
[0.369s] -- Installing: /home/wilsonlo/dev_ws/install/articubot_one/share/articubot_one/config/map.rviz
[0.369s] -- Installing: /home/wilsonlo/dev_ws/install/articubot_one/share/articubot_one/config/empty.yaml
[0.369s] -- Installing: /home/wilsonlo/dev_ws/install/articubot_one/share/articubot_one/config/gaz_ros2_ctl_use_sim.yaml
[0.369s] -- Installing: /home/wilsonlo/dev_ws/install/articubot_one/share/articubot_one/config/nav2_params.yaml
[0.370s] -- Installing: /home/wilsonlo/dev_ws/install/articubot_one/share/articubot_one/config/drive_bot.rviz
[0.370s] -- Installing: /home/wilsonlo/dev_ws/install/articubot_one/share/articubot_one/config/ball_tracker_params_robot.yaml
[0.370s] -- Installing: /home/wilsonlo/dev_ws/install/articubot_one/share/articubot_one/config/gazebo_params.yaml
[0.370s] -- Installing: /home/wilsonlo/dev_ws/install/articubot_one/share/articubot_one/config/view_bot.rviz
[0.370s] -- Installing: /home/wilsonlo/dev_ws/install/articubot_one/share/articubot_one/config/ball_tracker_params_sim.yaml
[0.370s] -- Installing: /home/wilsonlo/dev_ws/install/articubot_one/share/articubot_one/config/main.rviz
[0.370s] -- Up-to-date: /home/wilsonlo/dev_ws/install/articubot_one/share/articubot_one/description
[0.370s] -- Installing: /home/wilsonlo/dev_ws/install/articubot_one/share/articubot_one/description/robot_core.xacro
[0.370s] -- Installing: /home/wilsonlo/dev_ws/install/articubot_one/share/articubot_one/description/face.xacro
[0.370s] -- Installing: /home/wilsonlo/dev_ws/install/articubot_one/share/articubot_one/description/camera.xacro
[0.370s] -- Installing: /home/wilsonlo/dev_ws/install/articubot_one/share/articubot_one/description/depth_camera.xacro
[0.370s] -- Installing: /home/wilsonlo/dev_ws/install/articubot_one/share/articubot_one/description/robot.urdf.xacro
[0.371s] -- Installing: /home/wilsonlo/dev_ws/install/articubot_one/share/articubot_one/description/lidar.xacro
[0.371s] -- Installing: /home/wilsonlo/dev_ws/install/articubot_one/share/articubot_one/description/ros2_control.xacro
[0.371s] -- Installing: /home/wilsonlo/dev_ws/install/articubot_one/share/articubot_one/description/gazebo_control.xacro
[0.371s] -- Installing: /home/wilsonlo/dev_ws/install/articubot_one/share/articubot_one/description/inertial_macros.xacro
[0.371s] -- Up-to-date: /home/wilsonlo/dev_ws/install/articubot_one/share/articubot_one/launch
[0.371s] -- Installing: /home/wilsonlo/dev_ws/install/articubot_one/share/articubot_one/launch/joystick.launch.py
[0.371s] -- Installing: /home/wilsonlo/dev_ws/install/articubot_one/share/articubot_one/launch/online_async_launch.py
[0.371s] -- Installing: /home/wilsonlo/dev_ws/install/articubot_one/share/articubot_one/launch/camera.launch.py
[0.371s] -- Installing: /home/wilsonlo/dev_ws/install/articubot_one/share/articubot_one/launch/launch_sim.launch.py
[0.371s] -- Installing: /home/wilsonlo/dev_ws/install/articubot_one/share/articubot_one/launch/rsp.launch.py
[0.371s] -- Installing: /home/wilsonlo/dev_ws/install/articubot_one/share/articubot_one/launch/launch_robot.launch.py
[0.371s] -- Installing: /home/wilsonlo/dev_ws/install/articubot_one/share/articubot_one/launch/rplidar.launch.py
[0.371s] -- Installing: /home/wilsonlo/dev_ws/install/articubot_one/share/articubot_one/launch/ball_tracker.launch.py
[0.372s] -- Installing: /home/wilsonlo/dev_ws/install/articubot_one/share/articubot_one/launch/localization_launch.py
[0.372s] -- Installing: /home/wilsonlo/dev_ws/install/articubot_one/share/articubot_one/launch/navigation_launch.py
[0.372s] -- Up-to-date: /home/wilsonlo/dev_ws/install/articubot_one/share/articubot_one/worlds
[0.372s] -- Installing: /home/wilsonlo/dev_ws/install/articubot_one/share/articubot_one/worlds/empty.world
[0.372s] -- Installing: /home/wilsonlo/dev_ws/install/articubot_one/share/articubot_one/worlds/obstacles.world
[0.372s] -- Up-to-date: /home/wilsonlo/dev_ws/install/articubot_one/share/ament_index/resource_index/package_run_dependencies/articubot_one
[0.372s] -- Up-to-date: /home/wilsonlo/dev_ws/install/articubot_one/share/ament_index/resource_index/parent_prefix_path/articubot_one
[0.372s] -- Up-to-date: /home/wilsonlo/dev_ws/install/articubot_one/share/articubot_one/environment/ament_prefix_path.sh
[0.372s] -- Up-to-date: /home/wilsonlo/dev_ws/install/articubot_one/share/articubot_one/environment/ament_prefix_path.dsv
[0.372s] -- Up-to-date: /home/wilsonlo/dev_ws/install/articubot_one/share/articubot_one/environment/path.sh
[0.372s] -- Up-to-date: /home/wilsonlo/dev_ws/install/articubot_one/share/articubot_one/environment/path.dsv
[0.372s] -- Up-to-date: /home/wilsonlo/dev_ws/install/articubot_one/share/articubot_one/local_setup.bash
[0.372s] -- Up-to-date: /home/wilsonlo/dev_ws/install/articubot_one/share/articubot_one/local_setup.sh
[0.373s] -- Up-to-date: /home/wilsonlo/dev_ws/install/articubot_one/share/articubot_one/local_setup.zsh
[0.373s] -- Up-to-date: /home/wilsonlo/dev_ws/install/articubot_one/share/articubot_one/local_setup.dsv
[0.373s] -- Up-to-date: /home/wilsonlo/dev_ws/install/articubot_one/share/articubot_one/package.dsv
[0.373s] -- Up-to-date: /home/wilsonlo/dev_ws/install/articubot_one/share/ament_index/resource_index/packages/articubot_one
[0.373s] -- Up-to-date: /home/wilsonlo/dev_ws/install/articubot_one/share/articubot_one/cmake/articubot_oneConfig.cmake
[0.373s] -- Up-to-date: /home/wilsonlo/dev_ws/install/articubot_one/share/articubot_one/cmake/articubot_oneConfig-version.cmake
[0.373s] -- Installing: /home/wilsonlo/dev_ws/install/articubot_one/share/articubot_one/package.xml
[0.374s] Invoked command in '/home/wilsonlo/dev_ws/build/articubot_one' returned '0': CMAKE_PREFIX_PATH=${CMAKE_PREFIX_PATH}:/opt/ros/jazzy DEBUGINFOD_URLS=https://debuginfod.ubuntu.com /usr/bin/cmake --install /home/wilsonlo/dev_ws/build/articubot_one
