[0.875s] Invoking command in '/home/wilsonlo/dev_ws/src/serial_motor_demo/serial_motor_demo': AMENT_PREFIX_PATH=/home/wilsonlo/dev_ws/install/serial_motor_demo_msgs:${AMENT_PREFIX_PATH} CMAKE_PREFIX_PATH=/home/wilsonlo/dev_ws/install/serial_motor_demo_msgs:${CMAKE_PREFIX_PATH} DEBUGINFOD_URLS=https://debuginfod.ubuntu.com LD_LIBRARY_PATH=/home/wilsonlo/dev_ws/install/serial_motor_demo_msgs/lib:${LD_LIBRARY_PATH} PYTHONPATH=/home/wilsonlo/dev_ws/build/serial_motor_demo/prefix_override:/usr/lib/python3/dist-packages/colcon_core/task/python/colcon_distutils_commands:/home/wilsonlo/dev_ws/install/serial_motor_demo/lib/python3.12/site-packages:/home/wilsonlo/dev_ws/install/serial_motor_demo_msgs/lib/python3.12/site-packages:${PYTHONPATH} /usr/bin/python3 -W ignore:setup.py install is deprecated -W ignore:easy_install command is deprecated setup.py egg_info --egg-base ../../../build/serial_motor_demo build --build-base /home/wilsonlo/dev_ws/build/serial_motor_demo/build install --record /home/wilsonlo/dev_ws/build/serial_motor_demo/install.log --single-version-externally-managed install_data
[1.179s] running egg_info
[1.179s] creating ../../../build/serial_motor_demo/serial_motor_demo.egg-info
[1.202s] writing ../../../build/serial_motor_demo/serial_motor_demo.egg-info/PKG-INFO
[1.202s] writing dependency_links to ../../../build/serial_motor_demo/serial_motor_demo.egg-info/dependency_links.txt
[1.203s] writing entry points to ../../../build/serial_motor_demo/serial_motor_demo.egg-info/entry_points.txt
[1.203s] writing requirements to ../../../build/serial_motor_demo/serial_motor_demo.egg-info/requires.txt
[1.203s] writing top-level names to ../../../build/serial_motor_demo/serial_motor_demo.egg-info/top_level.txt
[1.203s] writing manifest file '../../../build/serial_motor_demo/serial_motor_demo.egg-info/SOURCES.txt'
[1.251s] reading manifest file '../../../build/serial_motor_demo/serial_motor_demo.egg-info/SOURCES.txt'
[1.251s] writing manifest file '../../../build/serial_motor_demo/serial_motor_demo.egg-info/SOURCES.txt'
[1.251s] running build
[1.251s] running build_py
[1.252s] creating /home/wilsonlo/dev_ws/build/serial_motor_demo/build
[1.252s] creating /home/wilsonlo/dev_ws/build/serial_motor_demo/build/lib
[1.252s] creating /home/wilsonlo/dev_ws/build/serial_motor_demo/build/lib/serial_motor_demo
[1.252s] copying serial_motor_demo/gui.py -> /home/wilsonlo/dev_ws/build/serial_motor_demo/build/lib/serial_motor_demo
[1.252s] copying serial_motor_demo/__init__.py -> /home/wilsonlo/dev_ws/build/serial_motor_demo/build/lib/serial_motor_demo
[1.252s] copying serial_motor_demo/driver.py -> /home/wilsonlo/dev_ws/build/serial_motor_demo/build/lib/serial_motor_demo
[1.252s] running install
[1.259s] running install_lib
[1.282s] creating /home/wilsonlo/dev_ws/install/serial_motor_demo/lib/python3.12/site-packages/serial_motor_demo
[1.282s] copying /home/wilsonlo/dev_ws/build/serial_motor_demo/build/lib/serial_motor_demo/gui.py -> /home/wilsonlo/dev_ws/install/serial_motor_demo/lib/python3.12/site-packages/serial_motor_demo
[1.282s] copying /home/wilsonlo/dev_ws/build/serial_motor_demo/build/lib/serial_motor_demo/__init__.py -> /home/wilsonlo/dev_ws/install/serial_motor_demo/lib/python3.12/site-packages/serial_motor_demo
[1.282s] copying /home/wilsonlo/dev_ws/build/serial_motor_demo/build/lib/serial_motor_demo/driver.py -> /home/wilsonlo/dev_ws/install/serial_motor_demo/lib/python3.12/site-packages/serial_motor_demo
[1.283s] byte-compiling /home/wilsonlo/dev_ws/install/serial_motor_demo/lib/python3.12/site-packages/serial_motor_demo/gui.py to gui.cpython-312.pyc
[1.285s] byte-compiling /home/wilsonlo/dev_ws/install/serial_motor_demo/lib/python3.12/site-packages/serial_motor_demo/__init__.py to __init__.cpython-312.pyc
[1.285s] byte-compiling /home/wilsonlo/dev_ws/install/serial_motor_demo/lib/python3.12/site-packages/serial_motor_demo/driver.py to driver.cpython-312.pyc
[1.286s] running install_data
[1.287s] creating /home/wilsonlo/dev_ws/install/serial_motor_demo/share/ament_index
[1.287s] creating /home/wilsonlo/dev_ws/install/serial_motor_demo/share/ament_index/resource_index
[1.287s] creating /home/wilsonlo/dev_ws/install/serial_motor_demo/share/ament_index/resource_index/packages
[1.287s] copying resource/serial_motor_demo -> /home/wilsonlo/dev_ws/install/serial_motor_demo/share/ament_index/resource_index/packages
[1.287s] copying package.xml -> /home/wilsonlo/dev_ws/install/serial_motor_demo/share/serial_motor_demo
[1.287s] running install_egg_info
[1.312s] Copying ../../../build/serial_motor_demo/serial_motor_demo.egg-info to /home/wilsonlo/dev_ws/install/serial_motor_demo/lib/python3.12/site-packages/serial_motor_demo-0.0.0-py3.12.egg-info
[1.313s] running install_scripts
[1.462s] Installing driver script to /home/wilsonlo/dev_ws/install/serial_motor_demo/lib/serial_motor_demo
[1.462s] Installing gui script to /home/wilsonlo/dev_ws/install/serial_motor_demo/lib/serial_motor_demo
[1.462s] writing list of installed files to '/home/wilsonlo/dev_ws/build/serial_motor_demo/install.log'
[1.489s] Invoked command in '/home/wilsonlo/dev_ws/src/serial_motor_demo/serial_motor_demo' returned '0': AMENT_PREFIX_PATH=/home/wilsonlo/dev_ws/install/serial_motor_demo_msgs:${AMENT_PREFIX_PATH} CMAKE_PREFIX_PATH=/home/wilsonlo/dev_ws/install/serial_motor_demo_msgs:${CMAKE_PREFIX_PATH} DEBUGINFOD_URLS=https://debuginfod.ubuntu.com LD_LIBRARY_PATH=/home/wilsonlo/dev_ws/install/serial_motor_demo_msgs/lib:${LD_LIBRARY_PATH} PYTHONPATH=/home/wilsonlo/dev_ws/build/serial_motor_demo/prefix_override:/usr/lib/python3/dist-packages/colcon_core/task/python/colcon_distutils_commands:/home/wilsonlo/dev_ws/install/serial_motor_demo/lib/python3.12/site-packages:/home/wilsonlo/dev_ws/install/serial_motor_demo_msgs/lib/python3.12/site-packages:${PYTHONPATH} /usr/bin/python3 -W ignore:setup.py install is deprecated -W ignore:easy_install command is deprecated setup.py egg_info --egg-base ../../../build/serial_motor_demo build --build-base /home/wilsonlo/dev_ws/build/serial_motor_demo/build install --record /home/wilsonlo/dev_ws/build/serial_motor_demo/install.log --single-version-externally-managed install_data
