[0.118s] Invoking command in '/home/wilsonlo/dev_ws/build/dd_bot': CMAKE_PREFIX_PATH=${CMAKE_PREFIX_PATH}:/opt/ros/jazzy DEBUGINFOD_URLS=https://debuginfod.ubuntu.com /usr/bin/cmake --build /home/wilsonlo/dev_ws/build/dd_bot -- -j8 -l8
[0.587s] Invoked command in '/home/wilsonlo/dev_ws/build/dd_bot' returned '0': CMAKE_PREFIX_PATH=${CMAKE_PREFIX_PATH}:/opt/ros/jazzy DEBUGINFOD_URLS=https://debuginfod.ubuntu.com /usr/bin/cmake --build /home/wilsonlo/dev_ws/build/dd_bot -- -j8 -l8
[0.589s] Invoking command in '/home/wilsonlo/dev_ws/build/dd_bot': CMAKE_PREFIX_PATH=${CMAKE_PREFIX_PATH}:/opt/ros/jazzy DEBUGINFOD_URLS=https://debuginfod.ubuntu.com /usr/bin/cmake --install /home/wilsonlo/dev_ws/build/dd_bot
[0.599s] -- Install configuration: ""
[0.600s] -- Execute custom install script
[0.651s] -- Up-to-date symlink: /home/wilsonlo/dev_ws/install/dd_bot/share/dd_bot/config/empty.yaml
[0.651s] -- Up-to-date symlink: /home/wilsonlo/dev_ws/install/dd_bot/share/dd_bot/config/gz_bridge.yaml
[0.652s] -- Up-to-date symlink: /home/wilsonlo/dev_ws/install/dd_bot/share/dd_bot/config/twist_mux.yaml
[0.652s] -- Up-to-date symlink: /home/wilsonlo/dev_ws/install/dd_bot/share/dd_bot/config/view_bot.rviz
[0.652s] -- Up-to-date symlink: /home/wilsonlo/dev_ws/install/dd_bot/share/dd_bot/description/gazebo_control.xacro
[0.653s] -- Up-to-date symlink: /home/wilsonlo/dev_ws/install/dd_bot/share/dd_bot/description/inertial_macros.xacro
[0.653s] -- Up-to-date symlink: /home/wilsonlo/dev_ws/install/dd_bot/share/dd_bot/description/left right wheel.txt
[0.653s] -- Up-to-date symlink: /home/wilsonlo/dev_ws/install/dd_bot/share/dd_bot/description/robot.urdf.xacro
[0.654s] -- Up-to-date symlink: /home/wilsonlo/dev_ws/install/dd_bot/share/dd_bot/description/robot_core.xacro
[0.654s] -- Up-to-date symlink: /home/wilsonlo/dev_ws/install/dd_bot/share/dd_bot/launch/launch_sim.launch.py
[0.654s] -- Up-to-date symlink: /home/wilsonlo/dev_ws/install/dd_bot/share/dd_bot/launch/rsp.launch.py
[0.654s] -- Up-to-date symlink: /home/wilsonlo/dev_ws/install/dd_bot/share/dd_bot/worlds/empty.world
[0.655s] -- Up-to-date symlink: /home/wilsonlo/dev_ws/install/dd_bot/share/ament_index/resource_index/package_run_dependencies/dd_bot
[0.655s] -- Up-to-date symlink: /home/wilsonlo/dev_ws/install/dd_bot/share/ament_index/resource_index/parent_prefix_path/dd_bot
[0.655s] -- Up-to-date symlink: /home/wilsonlo/dev_ws/install/dd_bot/share/dd_bot/environment/ament_prefix_path.sh
[0.655s] -- Up-to-date symlink: /home/wilsonlo/dev_ws/install/dd_bot/share/dd_bot/environment/ament_prefix_path.dsv
[0.655s] -- Up-to-date symlink: /home/wilsonlo/dev_ws/install/dd_bot/share/dd_bot/environment/path.sh
[0.655s] -- Up-to-date symlink: /home/wilsonlo/dev_ws/install/dd_bot/share/dd_bot/environment/path.dsv
[0.655s] -- Up-to-date symlink: /home/wilsonlo/dev_ws/install/dd_bot/share/dd_bot/local_setup.bash
[0.656s] -- Up-to-date symlink: /home/wilsonlo/dev_ws/install/dd_bot/share/dd_bot/local_setup.sh
[0.656s] -- Up-to-date symlink: /home/wilsonlo/dev_ws/install/dd_bot/share/dd_bot/local_setup.zsh
[0.656s] -- Up-to-date symlink: /home/wilsonlo/dev_ws/install/dd_bot/share/dd_bot/local_setup.dsv
[0.656s] -- Symlinking: /home/wilsonlo/dev_ws/install/dd_bot/share/dd_bot/package.dsv
[0.663s] -- Up-to-date symlink: /home/wilsonlo/dev_ws/install/dd_bot/share/ament_index/resource_index/packages/dd_bot
[0.664s] -- Up-to-date symlink: /home/wilsonlo/dev_ws/install/dd_bot/share/dd_bot/cmake/dd_botConfig.cmake
[0.665s] -- Up-to-date symlink: /home/wilsonlo/dev_ws/install/dd_bot/share/dd_bot/cmake/dd_botConfig-version.cmake
[0.665s] -- Up-to-date symlink: /home/wilsonlo/dev_ws/install/dd_bot/share/dd_bot/package.xml
[0.803s] Invoked command in '/home/wilsonlo/dev_ws/build/dd_bot' returned '0': CMAKE_PREFIX_PATH=${CMAKE_PREFIX_PATH}:/opt/ros/jazzy DEBUGINFOD_URLS=https://debuginfod.ubuntu.com /usr/bin/cmake --install /home/wilsonlo/dev_ws/build/dd_bot
