[53.845s] DEBUG:colcon:Command line arguments: ['/usr/bin/colcon', 'build', '--symlink-install']
[53.846s] DEBUG:colcon:Parsed command line arguments: Namespace(log_base=None, log_level=None, verb_name='build', build_base='build', install_base='install', merge_install=False, symlink_install=True, test_result_base=None, continue_on_error=False, executor='parallel', parallel_workers=8, event_handlers=None, ignore_user_meta=False, metas=['./colcon.meta'], base_paths=['.'], packages_ignore=None, packages_ignore_regex=None, paths=None, packages_up_to=None, packages_up_to_regex=None, packages_above=None, packages_above_and_dependencies=None, packages_above_depth=None, packages_select_by_dep=None, packages_skip_by_dep=None, packages_skip_up_to=None, packages_select_build_failed=False, packages_skip_build_finished=False, packages_select_test_failures=False, packages_skip_test_passed=False, packages_select=None, packages_skip=None, packages_select_regex=None, packages_skip_regex=None, packages_start=None, packages_end=None, allow_overriding=[], cmake_args=None, cmake_target=None, cmake_target_skip_unavailable=False, cmake_clean_cache=False, cmake_clean_first=False, cmake_force_configure=False, ament_cmake_args=None, catkin_cmake_args=None, catkin_skip_building_tests=False, mixin_files=None, mixin=None, verb_parser=<colcon_mixin.mixin.mixin_argument.MixinArgumentDecorator object at 0x71c883b906e0>, verb_extension=<colcon_core.verb.build.BuildVerb object at 0x71c883b1e600>, main=<bound method BuildVerb.main of <colcon_core.verb.build.BuildVerb object at 0x71c883b1e600>>, mixin_verb=('build',))
[59.925s] Level 1:colcon.colcon_core.package_discovery:discover_packages(colcon_meta) check parameters
[59.926s] Level 1:colcon.colcon_core.package_discovery:discover_packages(recursive) check parameters
[59.926s] Level 1:colcon.colcon_core.package_discovery:discover_packages(ignore) check parameters
[59.926s] Level 1:colcon.colcon_core.package_discovery:discover_packages(path) check parameters
[59.926s] Level 1:colcon.colcon_core.package_discovery:discover_packages(colcon_meta) discover
[59.926s] Level 1:colcon.colcon_core.package_discovery:discover_packages(recursive) discover
[59.926s] INFO:colcon.colcon_core.package_discovery:Crawling recursively for packages in '/home/wilsonlo/dev_ws'
[59.927s] Level 1:colcon.colcon_core.package_identification:_identify(.) by extensions ['ignore', 'ignore_ament_install']
[59.927s] Level 1:colcon.colcon_core.package_identification:_identify(.) by extension 'ignore'
[59.928s] Level 1:colcon.colcon_core.package_identification:_identify(.) by extension 'ignore_ament_install'
[59.928s] Level 1:colcon.colcon_core.package_identification:_identify(.) by extensions ['colcon_pkg']
[59.928s] Level 1:colcon.colcon_core.package_identification:_identify(.) by extension 'colcon_pkg'
[59.928s] Level 1:colcon.colcon_core.package_identification:_identify(.) by extensions ['colcon_meta']
[59.928s] Level 1:colcon.colcon_core.package_identification:_identify(.) by extension 'colcon_meta'
[59.928s] Level 1:colcon.colcon_core.package_identification:_identify(.) by extensions ['ros']
[59.928s] Level 1:colcon.colcon_core.package_identification:_identify(.) by extension 'ros'
[62.756s] Level 1:colcon.colcon_core.package_identification:_identify(.) by extensions ['cmake', 'python']
[62.756s] Level 1:colcon.colcon_core.package_identification:_identify(.) by extension 'cmake'
[62.756s] Level 1:colcon.colcon_core.package_identification:_identify(.) by extension 'python'
[62.756s] Level 1:colcon.colcon_core.package_identification:_identify(.) by extensions ['python_setup_py']
[62.756s] Level 1:colcon.colcon_core.package_identification:_identify(.) by extension 'python_setup_py'
[62.756s] Level 1:colcon.colcon_core.package_identification:_identify(build) by extensions ['ignore', 'ignore_ament_install']
[62.757s] Level 1:colcon.colcon_core.package_identification:_identify(build) by extension 'ignore'
[62.757s] Level 1:colcon.colcon_core.package_identification:_identify(build) ignored
[62.757s] Level 1:colcon.colcon_core.package_identification:_identify(install) by extensions ['ignore', 'ignore_ament_install']
[62.757s] Level 1:colcon.colcon_core.package_identification:_identify(install) by extension 'ignore'
[62.757s] Level 1:colcon.colcon_core.package_identification:_identify(install) ignored
[62.757s] Level 1:colcon.colcon_core.package_identification:_identify(log) by extensions ['ignore', 'ignore_ament_install']
[62.758s] Level 1:colcon.colcon_core.package_identification:_identify(log) by extension 'ignore'
[62.758s] Level 1:colcon.colcon_core.package_identification:_identify(log) ignored
[62.758s] Level 1:colcon.colcon_core.package_identification:_identify(src) by extensions ['ignore', 'ignore_ament_install']
[62.758s] Level 1:colcon.colcon_core.package_identification:_identify(src) by extension 'ignore'
[62.758s] Level 1:colcon.colcon_core.package_identification:_identify(src) by extension 'ignore_ament_install'
[62.758s] Level 1:colcon.colcon_core.package_identification:_identify(src) by extensions ['colcon_pkg']
[62.758s] Level 1:colcon.colcon_core.package_identification:_identify(src) by extension 'colcon_pkg'
[62.758s] Level 1:colcon.colcon_core.package_identification:_identify(src) by extensions ['colcon_meta']
[62.758s] Level 1:colcon.colcon_core.package_identification:_identify(src) by extension 'colcon_meta'
[62.758s] Level 1:colcon.colcon_core.package_identification:_identify(src) by extensions ['ros']
[62.758s] Level 1:colcon.colcon_core.package_identification:_identify(src) by extension 'ros'
[62.759s] Level 1:colcon.colcon_core.package_identification:_identify(src) by extensions ['cmake', 'python']
[62.759s] Level 1:colcon.colcon_core.package_identification:_identify(src) by extension 'cmake'
[62.759s] Level 1:colcon.colcon_core.package_identification:_identify(src) by extension 'python'
[62.759s] Level 1:colcon.colcon_core.package_identification:_identify(src) by extensions ['python_setup_py']
[62.759s] Level 1:colcon.colcon_core.package_identification:_identify(src) by extension 'python_setup_py'
[62.759s] Level 1:colcon.colcon_core.package_identification:_identify(src/articubot_one) by extensions ['ignore', 'ignore_ament_install']
[62.759s] Level 1:colcon.colcon_core.package_identification:_identify(src/articubot_one) by extension 'ignore'
[62.759s] Level 1:colcon.colcon_core.package_identification:_identify(src/articubot_one) by extension 'ignore_ament_install'
[62.759s] Level 1:colcon.colcon_core.package_identification:_identify(src/articubot_one) by extensions ['colcon_pkg']
[62.759s] Level 1:colcon.colcon_core.package_identification:_identify(src/articubot_one) by extension 'colcon_pkg'
[62.759s] Level 1:colcon.colcon_core.package_identification:_identify(src/articubot_one) by extensions ['colcon_meta']
[62.759s] Level 1:colcon.colcon_core.package_identification:_identify(src/articubot_one) by extension 'colcon_meta'
[62.759s] Level 1:colcon.colcon_core.package_identification:_identify(src/articubot_one) by extensions ['ros']
[62.759s] Level 1:colcon.colcon_core.package_identification:_identify(src/articubot_one) by extension 'ros'
[63.244s] DEBUG:colcon.colcon_core.package_identification:Package 'src/articubot_one' with type 'ros.ament_cmake' and name 'articubot_one'
[63.245s] Level 1:colcon.colcon_core.package_identification:_identify(src/dd_bot) by extensions ['ignore', 'ignore_ament_install']
[63.245s] Level 1:colcon.colcon_core.package_identification:_identify(src/dd_bot) by extension 'ignore'
[63.246s] Level 1:colcon.colcon_core.package_identification:_identify(src/dd_bot) by extension 'ignore_ament_install'
[63.246s] Level 1:colcon.colcon_core.package_identification:_identify(src/dd_bot) by extensions ['colcon_pkg']
[63.246s] Level 1:colcon.colcon_core.package_identification:_identify(src/dd_bot) by extension 'colcon_pkg'
[63.246s] Level 1:colcon.colcon_core.package_identification:_identify(src/dd_bot) by extensions ['colcon_meta']
[63.246s] Level 1:colcon.colcon_core.package_identification:_identify(src/dd_bot) by extension 'colcon_meta'
[63.247s] Level 1:colcon.colcon_core.package_identification:_identify(src/dd_bot) by extensions ['ros']
[63.247s] Level 1:colcon.colcon_core.package_identification:_identify(src/dd_bot) by extension 'ros'
[63.342s] DEBUG:colcon.colcon_core.package_identification:Package 'src/dd_bot' with type 'ros.ament_cmake' and name 'dd_bot'
[63.342s] Level 1:colcon.colcon_core.package_identification:_identify(src/my_package) by extensions ['ignore', 'ignore_ament_install']
[63.343s] Level 1:colcon.colcon_core.package_identification:_identify(src/my_package) by extension 'ignore'
[63.343s] Level 1:colcon.colcon_core.package_identification:_identify(src/my_package) by extension 'ignore_ament_install'
[63.343s] Level 1:colcon.colcon_core.package_identification:_identify(src/my_package) by extensions ['colcon_pkg']
[63.343s] Level 1:colcon.colcon_core.package_identification:_identify(src/my_package) by extension 'colcon_pkg'
[63.344s] Level 1:colcon.colcon_core.package_identification:_identify(src/my_package) by extensions ['colcon_meta']
[63.344s] Level 1:colcon.colcon_core.package_identification:_identify(src/my_package) by extension 'colcon_meta'
[63.344s] Level 1:colcon.colcon_core.package_identification:_identify(src/my_package) by extensions ['ros']
[63.344s] Level 1:colcon.colcon_core.package_identification:_identify(src/my_package) by extension 'ros'
[63.361s] DEBUG:colcon.colcon_core.package_identification:Package 'src/my_package' with type 'ros.ament_cmake' and name 'my_package'
[63.361s] Level 1:colcon.colcon_core.package_identification:_identify(src/serial_motor_demo) by extensions ['ignore', 'ignore_ament_install']
[63.362s] Level 1:colcon.colcon_core.package_identification:_identify(src/serial_motor_demo) by extension 'ignore'
[63.362s] Level 1:colcon.colcon_core.package_identification:_identify(src/serial_motor_demo) by extension 'ignore_ament_install'
[63.363s] Level 1:colcon.colcon_core.package_identification:_identify(src/serial_motor_demo) by extensions ['colcon_pkg']
[63.363s] Level 1:colcon.colcon_core.package_identification:_identify(src/serial_motor_demo) by extension 'colcon_pkg'
[63.363s] Level 1:colcon.colcon_core.package_identification:_identify(src/serial_motor_demo) by extensions ['colcon_meta']
[63.363s] Level 1:colcon.colcon_core.package_identification:_identify(src/serial_motor_demo) by extension 'colcon_meta'
[63.363s] Level 1:colcon.colcon_core.package_identification:_identify(src/serial_motor_demo) by extensions ['ros']
[63.363s] Level 1:colcon.colcon_core.package_identification:_identify(src/serial_motor_demo) by extension 'ros'
[63.364s] Level 1:colcon.colcon_core.package_identification:_identify(src/serial_motor_demo) by extensions ['cmake', 'python']
[63.364s] Level 1:colcon.colcon_core.package_identification:_identify(src/serial_motor_demo) by extension 'cmake'
[63.364s] Level 1:colcon.colcon_core.package_identification:_identify(src/serial_motor_demo) by extension 'python'
[63.364s] Level 1:colcon.colcon_core.package_identification:_identify(src/serial_motor_demo) by extensions ['python_setup_py']
[63.365s] Level 1:colcon.colcon_core.package_identification:_identify(src/serial_motor_demo) by extension 'python_setup_py'
[63.365s] Level 1:colcon.colcon_core.package_identification:_identify(src/serial_motor_demo/serial_motor_demo) by extensions ['ignore', 'ignore_ament_install']
[63.365s] Level 1:colcon.colcon_core.package_identification:_identify(src/serial_motor_demo/serial_motor_demo) by extension 'ignore'
[63.366s] Level 1:colcon.colcon_core.package_identification:_identify(src/serial_motor_demo/serial_motor_demo) by extension 'ignore_ament_install'
[63.366s] Level 1:colcon.colcon_core.package_identification:_identify(src/serial_motor_demo/serial_motor_demo) by extensions ['colcon_pkg']
[63.366s] Level 1:colcon.colcon_core.package_identification:_identify(src/serial_motor_demo/serial_motor_demo) by extension 'colcon_pkg'
[63.366s] Level 1:colcon.colcon_core.package_identification:_identify(src/serial_motor_demo/serial_motor_demo) by extensions ['colcon_meta']
[63.366s] Level 1:colcon.colcon_core.package_identification:_identify(src/serial_motor_demo/serial_motor_demo) by extension 'colcon_meta'
[63.367s] Level 1:colcon.colcon_core.package_identification:_identify(src/serial_motor_demo/serial_motor_demo) by extensions ['ros']
[63.367s] Level 1:colcon.colcon_core.package_identification:_identify(src/serial_motor_demo/serial_motor_demo) by extension 'ros'
[63.388s] DEBUG:colcon.colcon_core.package_identification:Package 'src/serial_motor_demo/serial_motor_demo' with type 'ros.ament_python' and name 'serial_motor_demo'
[63.389s] Level 1:colcon.colcon_core.package_identification:_identify(src/serial_motor_demo/serial_motor_demo_msgs) by extensions ['ignore', 'ignore_ament_install']
[63.389s] Level 1:colcon.colcon_core.package_identification:_identify(src/serial_motor_demo/serial_motor_demo_msgs) by extension 'ignore'
[63.389s] Level 1:colcon.colcon_core.package_identification:_identify(src/serial_motor_demo/serial_motor_demo_msgs) by extension 'ignore_ament_install'
[63.390s] Level 1:colcon.colcon_core.package_identification:_identify(src/serial_motor_demo/serial_motor_demo_msgs) by extensions ['colcon_pkg']
[63.390s] Level 1:colcon.colcon_core.package_identification:_identify(src/serial_motor_demo/serial_motor_demo_msgs) by extension 'colcon_pkg'
[63.390s] Level 1:colcon.colcon_core.package_identification:_identify(src/serial_motor_demo/serial_motor_demo_msgs) by extensions ['colcon_meta']
[63.390s] Level 1:colcon.colcon_core.package_identification:_identify(src/serial_motor_demo/serial_motor_demo_msgs) by extension 'colcon_meta'
[63.390s] Level 1:colcon.colcon_core.package_identification:_identify(src/serial_motor_demo/serial_motor_demo_msgs) by extensions ['ros']
[63.390s] Level 1:colcon.colcon_core.package_identification:_identify(src/serial_motor_demo/serial_motor_demo_msgs) by extension 'ros'
[63.393s] DEBUG:colcon.colcon_core.package_identification:Package 'src/serial_motor_demo/serial_motor_demo_msgs' with type 'ros.ament_cmake' and name 'serial_motor_demo_msgs'
[63.394s] Level 1:colcon.colcon_core.package_identification:_identify(src/urdf_example) by extensions ['ignore', 'ignore_ament_install']
[63.394s] Level 1:colcon.colcon_core.package_identification:_identify(src/urdf_example) by extension 'ignore'
[63.395s] Level 1:colcon.colcon_core.package_identification:_identify(src/urdf_example) by extension 'ignore_ament_install'
[63.395s] Level 1:colcon.colcon_core.package_identification:_identify(src/urdf_example) by extensions ['colcon_pkg']
[63.395s] Level 1:colcon.colcon_core.package_identification:_identify(src/urdf_example) by extension 'colcon_pkg'
[63.396s] Level 1:colcon.colcon_core.package_identification:_identify(src/urdf_example) by extensions ['colcon_meta']
[63.396s] Level 1:colcon.colcon_core.package_identification:_identify(src/urdf_example) by extension 'colcon_meta'
[63.396s] Level 1:colcon.colcon_core.package_identification:_identify(src/urdf_example) by extensions ['ros']
[63.396s] Level 1:colcon.colcon_core.package_identification:_identify(src/urdf_example) by extension 'ros'
[63.419s] DEBUG:colcon.colcon_core.package_identification:Package 'src/urdf_example' with type 'ros.ament_cmake' and name 'urdf_example'
[63.419s] Level 1:colcon.colcon_core.package_discovery:discover_packages(recursive) using defaults
[63.419s] Level 1:colcon.colcon_core.package_discovery:discover_packages(ignore) discover
[63.420s] Level 1:colcon.colcon_core.package_discovery:discover_packages(ignore) using defaults
[63.420s] Level 1:colcon.colcon_core.package_discovery:discover_packages(path) discover
[63.420s] Level 1:colcon.colcon_core.package_discovery:discover_packages(path) using defaults
[65.615s] Level 1:colcon.colcon_core.package_discovery:discover_packages(prefix_path) check parameters
[65.615s] Level 1:colcon.colcon_core.package_discovery:discover_packages(prefix_path) discover
[67.017s] DEBUG:colcon.colcon_installed_package_information.package_discovery:Found 6 installed packages in /home/wilsonlo/dev_ws/install
[67.021s] DEBUG:colcon.colcon_installed_package_information.package_discovery:Found 367 installed packages in /opt/ros/jazzy
[67.023s] Level 1:colcon.colcon_core.package_discovery:discover_packages(prefix_path) using defaults
[68.418s] Level 5:colcon.colcon_core.verb:set package 'articubot_one' build argument 'cmake_args' from command line to 'None'
[68.419s] Level 5:colcon.colcon_core.verb:set package 'articubot_one' build argument 'cmake_target' from command line to 'None'
[68.419s] Level 5:colcon.colcon_core.verb:set package 'articubot_one' build argument 'cmake_target_skip_unavailable' from command line to 'False'
[68.419s] Level 5:colcon.colcon_core.verb:set package 'articubot_one' build argument 'cmake_clean_cache' from command line to 'False'
[68.419s] Level 5:colcon.colcon_core.verb:set package 'articubot_one' build argument 'cmake_clean_first' from command line to 'False'
[68.419s] Level 5:colcon.colcon_core.verb:set package 'articubot_one' build argument 'cmake_force_configure' from command line to 'False'
[68.419s] Level 5:colcon.colcon_core.verb:set package 'articubot_one' build argument 'ament_cmake_args' from command line to 'None'
[68.419s] Level 5:colcon.colcon_core.verb:set package 'articubot_one' build argument 'catkin_cmake_args' from command line to 'None'
[68.419s] Level 5:colcon.colcon_core.verb:set package 'articubot_one' build argument 'catkin_skip_building_tests' from command line to 'False'
[68.419s] DEBUG:colcon.colcon_core.verb:Building package 'articubot_one' with the following arguments: {'ament_cmake_args': None, 'build_base': '/home/wilsonlo/dev_ws/build/articubot_one', 'catkin_cmake_args': None, 'catkin_skip_building_tests': False, 'cmake_args': None, 'cmake_clean_cache': False, 'cmake_clean_first': False, 'cmake_force_configure': False, 'cmake_target': None, 'cmake_target_skip_unavailable': False, 'install_base': '/home/wilsonlo/dev_ws/install/articubot_one', 'merge_install': False, 'path': '/home/wilsonlo/dev_ws/src/articubot_one', 'symlink_install': True, 'test_result_base': None}
[68.419s] Level 5:colcon.colcon_core.verb:set package 'dd_bot' build argument 'cmake_args' from command line to 'None'
[68.419s] Level 5:colcon.colcon_core.verb:set package 'dd_bot' build argument 'cmake_target' from command line to 'None'
[68.419s] Level 5:colcon.colcon_core.verb:set package 'dd_bot' build argument 'cmake_target_skip_unavailable' from command line to 'False'
[68.419s] Level 5:colcon.colcon_core.verb:set package 'dd_bot' build argument 'cmake_clean_cache' from command line to 'False'
[68.419s] Level 5:colcon.colcon_core.verb:set package 'dd_bot' build argument 'cmake_clean_first' from command line to 'False'
[68.419s] Level 5:colcon.colcon_core.verb:set package 'dd_bot' build argument 'cmake_force_configure' from command line to 'False'
[68.419s] Level 5:colcon.colcon_core.verb:set package 'dd_bot' build argument 'ament_cmake_args' from command line to 'None'
[68.419s] Level 5:colcon.colcon_core.verb:set package 'dd_bot' build argument 'catkin_cmake_args' from command line to 'None'
[68.419s] Level 5:colcon.colcon_core.verb:set package 'dd_bot' build argument 'catkin_skip_building_tests' from command line to 'False'
[68.419s] DEBUG:colcon.colcon_core.verb:Building package 'dd_bot' with the following arguments: {'ament_cmake_args': None, 'build_base': '/home/wilsonlo/dev_ws/build/dd_bot', 'catkin_cmake_args': None, 'catkin_skip_building_tests': False, 'cmake_args': None, 'cmake_clean_cache': False, 'cmake_clean_first': False, 'cmake_force_configure': False, 'cmake_target': None, 'cmake_target_skip_unavailable': False, 'install_base': '/home/wilsonlo/dev_ws/install/dd_bot', 'merge_install': False, 'path': '/home/wilsonlo/dev_ws/src/dd_bot', 'symlink_install': True, 'test_result_base': None}
[68.420s] Level 5:colcon.colcon_core.verb:set package 'my_package' build argument 'cmake_args' from command line to 'None'
[68.420s] Level 5:colcon.colcon_core.verb:set package 'my_package' build argument 'cmake_target' from command line to 'None'
[68.420s] Level 5:colcon.colcon_core.verb:set package 'my_package' build argument 'cmake_target_skip_unavailable' from command line to 'False'
[68.420s] Level 5:colcon.colcon_core.verb:set package 'my_package' build argument 'cmake_clean_cache' from command line to 'False'
[68.420s] Level 5:colcon.colcon_core.verb:set package 'my_package' build argument 'cmake_clean_first' from command line to 'False'
[68.420s] Level 5:colcon.colcon_core.verb:set package 'my_package' build argument 'cmake_force_configure' from command line to 'False'
[68.420s] Level 5:colcon.colcon_core.verb:set package 'my_package' build argument 'ament_cmake_args' from command line to 'None'
[68.420s] Level 5:colcon.colcon_core.verb:set package 'my_package' build argument 'catkin_cmake_args' from command line to 'None'
[68.420s] Level 5:colcon.colcon_core.verb:set package 'my_package' build argument 'catkin_skip_building_tests' from command line to 'False'
[68.420s] DEBUG:colcon.colcon_core.verb:Building package 'my_package' with the following arguments: {'ament_cmake_args': None, 'build_base': '/home/wilsonlo/dev_ws/build/my_package', 'catkin_cmake_args': None, 'catkin_skip_building_tests': False, 'cmake_args': None, 'cmake_clean_cache': False, 'cmake_clean_first': False, 'cmake_force_configure': False, 'cmake_target': None, 'cmake_target_skip_unavailable': False, 'install_base': '/home/wilsonlo/dev_ws/install/my_package', 'merge_install': False, 'path': '/home/wilsonlo/dev_ws/src/my_package', 'symlink_install': True, 'test_result_base': None}
[68.420s] Level 5:colcon.colcon_core.verb:set package 'serial_motor_demo_msgs' build argument 'cmake_args' from command line to 'None'
[68.420s] Level 5:colcon.colcon_core.verb:set package 'serial_motor_demo_msgs' build argument 'cmake_target' from command line to 'None'
[68.420s] Level 5:colcon.colcon_core.verb:set package 'serial_motor_demo_msgs' build argument 'cmake_target_skip_unavailable' from command line to 'False'
[68.420s] Level 5:colcon.colcon_core.verb:set package 'serial_motor_demo_msgs' build argument 'cmake_clean_cache' from command line to 'False'
[68.420s] Level 5:colcon.colcon_core.verb:set package 'serial_motor_demo_msgs' build argument 'cmake_clean_first' from command line to 'False'
[68.420s] Level 5:colcon.colcon_core.verb:set package 'serial_motor_demo_msgs' build argument 'cmake_force_configure' from command line to 'False'
[68.420s] Level 5:colcon.colcon_core.verb:set package 'serial_motor_demo_msgs' build argument 'ament_cmake_args' from command line to 'None'
[68.420s] Level 5:colcon.colcon_core.verb:set package 'serial_motor_demo_msgs' build argument 'catkin_cmake_args' from command line to 'None'
[68.420s] Level 5:colcon.colcon_core.verb:set package 'serial_motor_demo_msgs' build argument 'catkin_skip_building_tests' from command line to 'False'
[68.420s] DEBUG:colcon.colcon_core.verb:Building package 'serial_motor_demo_msgs' with the following arguments: {'ament_cmake_args': None, 'build_base': '/home/wilsonlo/dev_ws/build/serial_motor_demo_msgs', 'catkin_cmake_args': None, 'catkin_skip_building_tests': False, 'cmake_args': None, 'cmake_clean_cache': False, 'cmake_clean_first': False, 'cmake_force_configure': False, 'cmake_target': None, 'cmake_target_skip_unavailable': False, 'install_base': '/home/wilsonlo/dev_ws/install/serial_motor_demo_msgs', 'merge_install': False, 'path': '/home/wilsonlo/dev_ws/src/serial_motor_demo/serial_motor_demo_msgs', 'symlink_install': True, 'test_result_base': None}
[68.420s] Level 5:colcon.colcon_core.verb:set package 'urdf_example' build argument 'cmake_args' from command line to 'None'
[68.421s] Level 5:colcon.colcon_core.verb:set package 'urdf_example' build argument 'cmake_target' from command line to 'None'
[68.421s] Level 5:colcon.colcon_core.verb:set package 'urdf_example' build argument 'cmake_target_skip_unavailable' from command line to 'False'
[68.421s] Level 5:colcon.colcon_core.verb:set package 'urdf_example' build argument 'cmake_clean_cache' from command line to 'False'
[68.421s] Level 5:colcon.colcon_core.verb:set package 'urdf_example' build argument 'cmake_clean_first' from command line to 'False'
[68.421s] Level 5:colcon.colcon_core.verb:set package 'urdf_example' build argument 'cmake_force_configure' from command line to 'False'
[68.421s] Level 5:colcon.colcon_core.verb:set package 'urdf_example' build argument 'ament_cmake_args' from command line to 'None'
[68.421s] Level 5:colcon.colcon_core.verb:set package 'urdf_example' build argument 'catkin_cmake_args' from command line to 'None'
[68.421s] Level 5:colcon.colcon_core.verb:set package 'urdf_example' build argument 'catkin_skip_building_tests' from command line to 'False'
[68.421s] DEBUG:colcon.colcon_core.verb:Building package 'urdf_example' with the following arguments: {'ament_cmake_args': None, 'build_base': '/home/wilsonlo/dev_ws/build/urdf_example', 'catkin_cmake_args': None, 'catkin_skip_building_tests': False, 'cmake_args': None, 'cmake_clean_cache': False, 'cmake_clean_first': False, 'cmake_force_configure': False, 'cmake_target': None, 'cmake_target_skip_unavailable': False, 'install_base': '/home/wilsonlo/dev_ws/install/urdf_example', 'merge_install': False, 'path': '/home/wilsonlo/dev_ws/src/urdf_example', 'symlink_install': True, 'test_result_base': None}
[68.421s] Level 5:colcon.colcon_core.verb:set package 'serial_motor_demo' build argument 'cmake_args' from command line to 'None'
[68.421s] Level 5:colcon.colcon_core.verb:set package 'serial_motor_demo' build argument 'cmake_target' from command line to 'None'
[68.421s] Level 5:colcon.colcon_core.verb:set package 'serial_motor_demo' build argument 'cmake_target_skip_unavailable' from command line to 'False'
[68.421s] Level 5:colcon.colcon_core.verb:set package 'serial_motor_demo' build argument 'cmake_clean_cache' from command line to 'False'
[68.421s] Level 5:colcon.colcon_core.verb:set package 'serial_motor_demo' build argument 'cmake_clean_first' from command line to 'False'
[68.421s] Level 5:colcon.colcon_core.verb:set package 'serial_motor_demo' build argument 'cmake_force_configure' from command line to 'False'
[68.421s] Level 5:colcon.colcon_core.verb:set package 'serial_motor_demo' build argument 'ament_cmake_args' from command line to 'None'
[68.421s] Level 5:colcon.colcon_core.verb:set package 'serial_motor_demo' build argument 'catkin_cmake_args' from command line to 'None'
[68.421s] Level 5:colcon.colcon_core.verb:set package 'serial_motor_demo' build argument 'catkin_skip_building_tests' from command line to 'False'
[68.421s] DEBUG:colcon.colcon_core.verb:Building package 'serial_motor_demo' with the following arguments: {'ament_cmake_args': None, 'build_base': '/home/wilsonlo/dev_ws/build/serial_motor_demo', 'catkin_cmake_args': None, 'catkin_skip_building_tests': False, 'cmake_args': None, 'cmake_clean_cache': False, 'cmake_clean_first': False, 'cmake_force_configure': False, 'cmake_target': None, 'cmake_target_skip_unavailable': False, 'install_base': '/home/wilsonlo/dev_ws/install/serial_motor_demo', 'merge_install': False, 'path': '/home/wilsonlo/dev_ws/src/serial_motor_demo/serial_motor_demo', 'symlink_install': True, 'test_result_base': None}
[68.421s] INFO:colcon.colcon_core.executor:Executing jobs using 'parallel' executor
[68.422s] DEBUG:colcon.colcon_parallel_executor.executor.parallel:run_until_complete
[68.422s] INFO:colcon.colcon_ros.task.ament_cmake.build:Building ROS package in '/home/wilsonlo/dev_ws/src/serial_motor_demo/serial_motor_demo_msgs' with build type 'ament_cmake'
[68.422s] INFO:colcon.colcon_cmake.task.cmake.build:Building CMake package in '/home/wilsonlo/dev_ws/src/serial_motor_demo/serial_motor_demo_msgs'
[69.942s] INFO:colcon.colcon_core.plugin_system:Skipping extension 'colcon_core.shell.bat': Not used on non-Windows systems
[70.076s] INFO:colcon.colcon_core.shell:Skip shell extension 'powershell' for command environment: Not usable outside of PowerShell
[70.076s] DEBUG:colcon.colcon_core.shell:Skip shell extension 'dsv' for command environment
[70.496s] INFO:colcon.colcon_ros.task.ament_cmake.build:Building ROS package in '/home/wilsonlo/dev_ws/src/articubot_one' with build type 'ament_cmake'
[70.497s] INFO:colcon.colcon_cmake.task.cmake.build:Building CMake package in '/home/wilsonlo/dev_ws/src/articubot_one'
[70.498s] INFO:colcon.colcon_core.shell:Skip shell extension 'powershell' for command environment: Not usable outside of PowerShell
[70.498s] DEBUG:colcon.colcon_core.shell:Skip shell extension 'dsv' for command environment
[70.774s] INFO:colcon.colcon_ros.task.ament_cmake.build:Building ROS package in '/home/wilsonlo/dev_ws/src/dd_bot' with build type 'ament_cmake'
[70.775s] INFO:colcon.colcon_cmake.task.cmake.build:Building CMake package in '/home/wilsonlo/dev_ws/src/dd_bot'
[70.776s] INFO:colcon.colcon_core.shell:Skip shell extension 'powershell' for command environment: Not usable outside of PowerShell
[70.776s] DEBUG:colcon.colcon_core.shell:Skip shell extension 'dsv' for command environment
[71.181s] INFO:colcon.colcon_ros.task.ament_cmake.build:Building ROS package in '/home/wilsonlo/dev_ws/src/my_package' with build type 'ament_cmake'
[71.181s] INFO:colcon.colcon_cmake.task.cmake.build:Building CMake package in '/home/wilsonlo/dev_ws/src/my_package'
[71.182s] INFO:colcon.colcon_core.shell:Skip shell extension 'powershell' for command environment: Not usable outside of PowerShell
[71.182s] DEBUG:colcon.colcon_core.shell:Skip shell extension 'dsv' for command environment
[71.401s] INFO:colcon.colcon_ros.task.ament_cmake.build:Building ROS package in '/home/wilsonlo/dev_ws/src/urdf_example' with build type 'ament_cmake'
[71.401s] INFO:colcon.colcon_cmake.task.cmake.build:Building CMake package in '/home/wilsonlo/dev_ws/src/urdf_example'
[71.402s] INFO:colcon.colcon_core.shell:Skip shell extension 'powershell' for command environment: Not usable outside of PowerShell
[71.402s] DEBUG:colcon.colcon_core.shell:Skip shell extension 'dsv' for command environment
[72.128s] DEBUG:colcon.colcon_core.event_handler.log_command:Invoking command in '/home/wilsonlo/dev_ws/build/serial_motor_demo_msgs': CMAKE_PREFIX_PATH=${CMAKE_PREFIX_PATH}:/home/wilsonlo/dev_ws/install/serial_motor_demo:/opt/ros/jazzy DEBUGINFOD_URLS=https://debuginfod.ubuntu.com /usr/bin/cmake --build /home/wilsonlo/dev_ws/build/serial_motor_demo_msgs -- -j8 -l8
[73.034s] DEBUG:colcon.colcon_core.event_handler.log_command:Invoking command in '/home/wilsonlo/dev_ws/build/articubot_one': CMAKE_PREFIX_PATH=${CMAKE_PREFIX_PATH}:/home/wilsonlo/dev_ws/install/serial_motor_demo:/opt/ros/jazzy DEBUGINFOD_URLS=https://debuginfod.ubuntu.com /usr/bin/cmake --build /home/wilsonlo/dev_ws/build/articubot_one -- -j8 -l8
[74.015s] DEBUG:colcon.colcon_core.event_handler.log_command:Invoking command in '/home/wilsonlo/dev_ws/build/dd_bot': CMAKE_PREFIX_PATH=${CMAKE_PREFIX_PATH}:/home/wilsonlo/dev_ws/install/serial_motor_demo:/opt/ros/jazzy DEBUGINFOD_URLS=https://debuginfod.ubuntu.com /usr/bin/cmake --build /home/wilsonlo/dev_ws/build/dd_bot -- -j8 -l8
[74.249s] DEBUG:colcon.colcon_core.event_handler.log_command:Invoking command in '/home/wilsonlo/dev_ws/build/my_package': CMAKE_PREFIX_PATH=${CMAKE_PREFIX_PATH}:/home/wilsonlo/dev_ws/install/serial_motor_demo:/opt/ros/jazzy DEBUGINFOD_URLS=https://debuginfod.ubuntu.com /usr/bin/cmake --build /home/wilsonlo/dev_ws/build/my_package -- -j8 -l8
[75.337s] DEBUG:colcon.colcon_core.event_handler.log_command:Invoking command in '/home/wilsonlo/dev_ws/build/urdf_example': CMAKE_PREFIX_PATH=${CMAKE_PREFIX_PATH}:/home/wilsonlo/dev_ws/install/serial_motor_demo:/opt/ros/jazzy DEBUGINFOD_URLS=https://debuginfod.ubuntu.com /usr/bin/cmake --build /home/wilsonlo/dev_ws/build/urdf_example -- -j8 -l8
[84.906s] DEBUG:colcon.colcon_core.event_handler.log_command:Invoked command in '/home/wilsonlo/dev_ws/build/dd_bot' returned '0': CMAKE_PREFIX_PATH=${CMAKE_PREFIX_PATH}:/home/wilsonlo/dev_ws/install/serial_motor_demo:/opt/ros/jazzy DEBUGINFOD_URLS=https://debuginfod.ubuntu.com /usr/bin/cmake --build /home/wilsonlo/dev_ws/build/dd_bot -- -j8 -l8
[86.260s] DEBUG:colcon.colcon_core.event_handler.log_command:Invoking command in '/home/wilsonlo/dev_ws/build/dd_bot': CMAKE_PREFIX_PATH=${CMAKE_PREFIX_PATH}:/home/wilsonlo/dev_ws/install/serial_motor_demo:/opt/ros/jazzy DEBUGINFOD_URLS=https://debuginfod.ubuntu.com /usr/bin/cmake --install /home/wilsonlo/dev_ws/build/dd_bot
[87.818s] Level 1:colcon.colcon_core.environment:create_environment_scripts_only(dd_bot)
[87.819s] DEBUG:colcon.colcon_core.event_handler.log_command:Invoked command in '/home/wilsonlo/dev_ws/build/dd_bot' returned '0': CMAKE_PREFIX_PATH=${CMAKE_PREFIX_PATH}:/home/wilsonlo/dev_ws/install/serial_motor_demo:/opt/ros/jazzy DEBUGINFOD_URLS=https://debuginfod.ubuntu.com /usr/bin/cmake --install /home/wilsonlo/dev_ws/build/dd_bot
[90.078s] Level 1:colcon.colcon_core.environment:checking '/home/wilsonlo/dev_ws/install/dd_bot' for CMake module files
[90.080s] Level 1:colcon.colcon_core.environment:checking '/home/wilsonlo/dev_ws/install/dd_bot' for CMake config files
[90.081s] Level 1:colcon.colcon_core.shell:create_environment_hook('dd_bot', 'cmake_prefix_path')
[90.082s] INFO:colcon.colcon_core.shell:Creating environment hook '/home/wilsonlo/dev_ws/install/dd_bot/share/dd_bot/hook/cmake_prefix_path.ps1'
[90.405s] INFO:colcon.colcon_core.shell:Creating environment descriptor '/home/wilsonlo/dev_ws/install/dd_bot/share/dd_bot/hook/cmake_prefix_path.dsv'
[91.295s] INFO:colcon.colcon_core.shell:Creating environment hook '/home/wilsonlo/dev_ws/install/dd_bot/share/dd_bot/hook/cmake_prefix_path.sh'
[91.299s] Level 1:colcon.colcon_core.environment:checking '/home/wilsonlo/dev_ws/install/dd_bot/bin'
[91.299s] Level 1:colcon.colcon_core.environment:checking '/home/wilsonlo/dev_ws/install/dd_bot/lib/pkgconfig/dd_bot.pc'
[91.299s] Level 1:colcon.colcon_core.environment:checking '/home/wilsonlo/dev_ws/install/dd_bot/lib/python3.12/site-packages'
[91.300s] Level 1:colcon.colcon_core.environment:checking '/home/wilsonlo/dev_ws/install/dd_bot/bin'
[91.300s] INFO:colcon.colcon_core.shell:Creating package script '/home/wilsonlo/dev_ws/install/dd_bot/share/dd_bot/package.ps1'
[91.631s] INFO:colcon.colcon_core.shell:Creating package descriptor '/home/wilsonlo/dev_ws/install/dd_bot/share/dd_bot/package.dsv'
[92.702s] INFO:colcon.colcon_core.shell:Creating package script '/home/wilsonlo/dev_ws/install/dd_bot/share/dd_bot/package.sh'
[92.955s] INFO:colcon.colcon_core.shell:Creating package script '/home/wilsonlo/dev_ws/install/dd_bot/share/dd_bot/package.bash'
[93.189s] INFO:colcon.colcon_core.shell:Creating package script '/home/wilsonlo/dev_ws/install/dd_bot/share/dd_bot/package.zsh'
[93.675s] Level 1:colcon.colcon_core.environment:create_file_with_runtime_dependencies(/home/wilsonlo/dev_ws/install/dd_bot/share/colcon-core/packages/dd_bot)
[93.676s] Level 1:colcon.colcon_core.environment:create_environment_scripts_only(dd_bot)
[93.676s] Level 1:colcon.colcon_core.environment:checking '/home/wilsonlo/dev_ws/install/dd_bot' for CMake module files
[93.677s] Level 1:colcon.colcon_core.environment:checking '/home/wilsonlo/dev_ws/install/dd_bot' for CMake config files
[93.678s] Level 1:colcon.colcon_core.shell:create_environment_hook('dd_bot', 'cmake_prefix_path')
[93.678s] INFO:colcon.colcon_core.shell:Creating environment hook '/home/wilsonlo/dev_ws/install/dd_bot/share/dd_bot/hook/cmake_prefix_path.ps1'
[93.679s] INFO:colcon.colcon_core.shell:Creating environment descriptor '/home/wilsonlo/dev_ws/install/dd_bot/share/dd_bot/hook/cmake_prefix_path.dsv'
[93.679s] INFO:colcon.colcon_core.shell:Creating environment hook '/home/wilsonlo/dev_ws/install/dd_bot/share/dd_bot/hook/cmake_prefix_path.sh'
[93.680s] Level 1:colcon.colcon_core.environment:checking '/home/wilsonlo/dev_ws/install/dd_bot/bin'
[93.680s] Level 1:colcon.colcon_core.environment:checking '/home/wilsonlo/dev_ws/install/dd_bot/lib/pkgconfig/dd_bot.pc'
[93.680s] Level 1:colcon.colcon_core.environment:checking '/home/wilsonlo/dev_ws/install/dd_bot/lib/python3.12/site-packages'
[93.681s] Level 1:colcon.colcon_core.environment:checking '/home/wilsonlo/dev_ws/install/dd_bot/bin'
[93.681s] INFO:colcon.colcon_core.shell:Creating package script '/home/wilsonlo/dev_ws/install/dd_bot/share/dd_bot/package.ps1'
[93.681s] INFO:colcon.colcon_core.shell:Creating package descriptor '/home/wilsonlo/dev_ws/install/dd_bot/share/dd_bot/package.dsv'
[93.682s] INFO:colcon.colcon_core.shell:Creating package script '/home/wilsonlo/dev_ws/install/dd_bot/share/dd_bot/package.sh'
[93.682s] INFO:colcon.colcon_core.shell:Creating package script '/home/wilsonlo/dev_ws/install/dd_bot/share/dd_bot/package.bash'
[93.683s] INFO:colcon.colcon_core.shell:Creating package script '/home/wilsonlo/dev_ws/install/dd_bot/share/dd_bot/package.zsh'
[94.169s] Level 1:colcon.colcon_core.environment:create_file_with_runtime_dependencies(/home/wilsonlo/dev_ws/install/dd_bot/share/colcon-core/packages/dd_bot)
[98.098s] DEBUG:colcon.colcon_core.event_handler.log_command:Invoked command in '/home/wilsonlo/dev_ws/build/serial_motor_demo_msgs' returned '0': CMAKE_PREFIX_PATH=${CMAKE_PREFIX_PATH}:/home/wilsonlo/dev_ws/install/serial_motor_demo:/opt/ros/jazzy DEBUGINFOD_URLS=https://debuginfod.ubuntu.com /usr/bin/cmake --build /home/wilsonlo/dev_ws/build/serial_motor_demo_msgs -- -j8 -l8
[98.112s] DEBUG:colcon.colcon_core.event_handler.log_command:Invoking command in '/home/wilsonlo/dev_ws/build/serial_motor_demo_msgs': CMAKE_PREFIX_PATH=${CMAKE_PREFIX_PATH}:/home/wilsonlo/dev_ws/install/serial_motor_demo:/opt/ros/jazzy DEBUGINFOD_URLS=https://debuginfod.ubuntu.com /usr/bin/cmake --install /home/wilsonlo/dev_ws/build/serial_motor_demo_msgs
[98.360s] DEBUG:colcon.colcon_core.event_handler.log_command:Invoked command in '/home/wilsonlo/dev_ws/build/my_package' returned '0': CMAKE_PREFIX_PATH=${CMAKE_PREFIX_PATH}:/home/wilsonlo/dev_ws/install/serial_motor_demo:/opt/ros/jazzy DEBUGINFOD_URLS=https://debuginfod.ubuntu.com /usr/bin/cmake --build /home/wilsonlo/dev_ws/build/my_package -- -j8 -l8
[98.428s] DEBUG:colcon.colcon_core.event_handler.log_command:Invoking command in '/home/wilsonlo/dev_ws/build/my_package': CMAKE_PREFIX_PATH=${CMAKE_PREFIX_PATH}:/home/wilsonlo/dev_ws/install/serial_motor_demo:/opt/ros/jazzy DEBUGINFOD_URLS=https://debuginfod.ubuntu.com /usr/bin/cmake --install /home/wilsonlo/dev_ws/build/my_package
[98.455s] Level 1:colcon.colcon_core.environment:create_environment_scripts_only(my_package)
[98.456s] Level 1:colcon.colcon_core.environment:checking '/home/wilsonlo/dev_ws/install/my_package' for CMake module files
[98.456s] DEBUG:colcon.colcon_core.event_handler.log_command:Invoked command in '/home/wilsonlo/dev_ws/build/my_package' returned '0': CMAKE_PREFIX_PATH=${CMAKE_PREFIX_PATH}:/home/wilsonlo/dev_ws/install/serial_motor_demo:/opt/ros/jazzy DEBUGINFOD_URLS=https://debuginfod.ubuntu.com /usr/bin/cmake --install /home/wilsonlo/dev_ws/build/my_package
[98.456s] Level 1:colcon.colcon_core.environment:checking '/home/wilsonlo/dev_ws/install/my_package' for CMake config files
[98.456s] Level 1:colcon.colcon_core.shell:create_environment_hook('my_package', 'cmake_prefix_path')
[98.457s] INFO:colcon.colcon_core.shell:Creating environment hook '/home/wilsonlo/dev_ws/install/my_package/share/my_package/hook/cmake_prefix_path.ps1'
[98.457s] INFO:colcon.colcon_core.shell:Creating environment descriptor '/home/wilsonlo/dev_ws/install/my_package/share/my_package/hook/cmake_prefix_path.dsv'
[98.457s] INFO:colcon.colcon_core.shell:Creating environment hook '/home/wilsonlo/dev_ws/install/my_package/share/my_package/hook/cmake_prefix_path.sh'
[98.458s] Level 1:colcon.colcon_core.environment:checking '/home/wilsonlo/dev_ws/install/my_package/bin'
[98.458s] Level 1:colcon.colcon_core.environment:checking '/home/wilsonlo/dev_ws/install/my_package/lib/pkgconfig/my_package.pc'
[98.458s] Level 1:colcon.colcon_core.environment:checking '/home/wilsonlo/dev_ws/install/my_package/lib/python3.12/site-packages'
[98.459s] Level 1:colcon.colcon_core.environment:checking '/home/wilsonlo/dev_ws/install/my_package/bin'
[98.459s] INFO:colcon.colcon_core.shell:Creating package script '/home/wilsonlo/dev_ws/install/my_package/share/my_package/package.ps1'
[98.459s] INFO:colcon.colcon_core.shell:Creating package descriptor '/home/wilsonlo/dev_ws/install/my_package/share/my_package/package.dsv'
[98.460s] INFO:colcon.colcon_core.shell:Creating package script '/home/wilsonlo/dev_ws/install/my_package/share/my_package/package.sh'
[98.460s] INFO:colcon.colcon_core.shell:Creating package script '/home/wilsonlo/dev_ws/install/my_package/share/my_package/package.bash'
[98.460s] INFO:colcon.colcon_core.shell:Creating package script '/home/wilsonlo/dev_ws/install/my_package/share/my_package/package.zsh'
[98.461s] Level 1:colcon.colcon_core.environment:create_file_with_runtime_dependencies(/home/wilsonlo/dev_ws/install/my_package/share/colcon-core/packages/my_package)
[98.461s] Level 1:colcon.colcon_core.environment:create_environment_scripts_only(my_package)
[98.461s] Level 1:colcon.colcon_core.environment:checking '/home/wilsonlo/dev_ws/install/my_package' for CMake module files
[98.462s] Level 1:colcon.colcon_core.environment:checking '/home/wilsonlo/dev_ws/install/my_package' for CMake config files
[98.462s] Level 1:colcon.colcon_core.shell:create_environment_hook('my_package', 'cmake_prefix_path')
[98.462s] INFO:colcon.colcon_core.shell:Creating environment hook '/home/wilsonlo/dev_ws/install/my_package/share/my_package/hook/cmake_prefix_path.ps1'
[98.462s] INFO:colcon.colcon_core.shell:Creating environment descriptor '/home/wilsonlo/dev_ws/install/my_package/share/my_package/hook/cmake_prefix_path.dsv'
[98.463s] INFO:colcon.colcon_core.shell:Creating environment hook '/home/wilsonlo/dev_ws/install/my_package/share/my_package/hook/cmake_prefix_path.sh'
[98.463s] Level 1:colcon.colcon_core.environment:checking '/home/wilsonlo/dev_ws/install/my_package/bin'
[98.463s] Level 1:colcon.colcon_core.environment:checking '/home/wilsonlo/dev_ws/install/my_package/lib/pkgconfig/my_package.pc'
[98.463s] Level 1:colcon.colcon_core.environment:checking '/home/wilsonlo/dev_ws/install/my_package/lib/python3.12/site-packages'
[98.463s] Level 1:colcon.colcon_core.environment:checking '/home/wilsonlo/dev_ws/install/my_package/bin'
[98.464s] INFO:colcon.colcon_core.shell:Creating package script '/home/wilsonlo/dev_ws/install/my_package/share/my_package/package.ps1'
[98.464s] INFO:colcon.colcon_core.shell:Creating package descriptor '/home/wilsonlo/dev_ws/install/my_package/share/my_package/package.dsv'
[98.465s] INFO:colcon.colcon_core.shell:Creating package script '/home/wilsonlo/dev_ws/install/my_package/share/my_package/package.sh'
[98.465s] INFO:colcon.colcon_core.shell:Creating package script '/home/wilsonlo/dev_ws/install/my_package/share/my_package/package.bash'
[98.474s] INFO:colcon.colcon_core.shell:Creating package script '/home/wilsonlo/dev_ws/install/my_package/share/my_package/package.zsh'
[98.475s] Level 1:colcon.colcon_core.environment:create_file_with_runtime_dependencies(/home/wilsonlo/dev_ws/install/my_package/share/colcon-core/packages/my_package)
[100.252s] DEBUG:colcon.colcon_core.event_handler.log_command:Invoked command in '/home/wilsonlo/dev_ws/build/urdf_example' returned '0': CMAKE_PREFIX_PATH=${CMAKE_PREFIX_PATH}:/home/wilsonlo/dev_ws/install/serial_motor_demo:/opt/ros/jazzy DEBUGINFOD_URLS=https://debuginfod.ubuntu.com /usr/bin/cmake --build /home/wilsonlo/dev_ws/build/urdf_example -- -j8 -l8
[100.498s] DEBUG:colcon.colcon_core.event_handler.log_command:Invoking command in '/home/wilsonlo/dev_ws/build/urdf_example': CMAKE_PREFIX_PATH=${CMAKE_PREFIX_PATH}:/home/wilsonlo/dev_ws/install/serial_motor_demo:/opt/ros/jazzy DEBUGINFOD_URLS=https://debuginfod.ubuntu.com /usr/bin/cmake --install /home/wilsonlo/dev_ws/build/urdf_example
[100.540s] Level 1:colcon.colcon_core.environment:create_environment_scripts_only(urdf_example)
[100.540s] Level 1:colcon.colcon_core.environment:checking '/home/wilsonlo/dev_ws/install/urdf_example' for CMake module files
[100.541s] DEBUG:colcon.colcon_core.event_handler.log_command:Invoked command in '/home/wilsonlo/dev_ws/build/urdf_example' returned '0': CMAKE_PREFIX_PATH=${CMAKE_PREFIX_PATH}:/home/wilsonlo/dev_ws/install/serial_motor_demo:/opt/ros/jazzy DEBUGINFOD_URLS=https://debuginfod.ubuntu.com /usr/bin/cmake --install /home/wilsonlo/dev_ws/build/urdf_example
[100.542s] Level 1:colcon.colcon_core.environment:checking '/home/wilsonlo/dev_ws/install/urdf_example' for CMake config files
[100.543s] Level 1:colcon.colcon_core.shell:create_environment_hook('urdf_example', 'cmake_prefix_path')
[100.543s] INFO:colcon.colcon_core.shell:Creating environment hook '/home/wilsonlo/dev_ws/install/urdf_example/share/urdf_example/hook/cmake_prefix_path.ps1'
[100.544s] INFO:colcon.colcon_core.shell:Creating environment descriptor '/home/wilsonlo/dev_ws/install/urdf_example/share/urdf_example/hook/cmake_prefix_path.dsv'
[100.545s] INFO:colcon.colcon_core.shell:Creating environment hook '/home/wilsonlo/dev_ws/install/urdf_example/share/urdf_example/hook/cmake_prefix_path.sh'
[100.546s] Level 1:colcon.colcon_core.environment:checking '/home/wilsonlo/dev_ws/install/urdf_example/bin'
[100.546s] Level 1:colcon.colcon_core.environment:checking '/home/wilsonlo/dev_ws/install/urdf_example/lib/pkgconfig/urdf_example.pc'
[100.546s] Level 1:colcon.colcon_core.environment:checking '/home/wilsonlo/dev_ws/install/urdf_example/lib/python3.12/site-packages'
[100.547s] Level 1:colcon.colcon_core.environment:checking '/home/wilsonlo/dev_ws/install/urdf_example/bin'
[100.547s] INFO:colcon.colcon_core.shell:Creating package script '/home/wilsonlo/dev_ws/install/urdf_example/share/urdf_example/package.ps1'
[100.548s] INFO:colcon.colcon_core.shell:Creating package descriptor '/home/wilsonlo/dev_ws/install/urdf_example/share/urdf_example/package.dsv'
[100.548s] INFO:colcon.colcon_core.shell:Creating package script '/home/wilsonlo/dev_ws/install/urdf_example/share/urdf_example/package.sh'
[100.549s] INFO:colcon.colcon_core.shell:Creating package script '/home/wilsonlo/dev_ws/install/urdf_example/share/urdf_example/package.bash'
[100.549s] INFO:colcon.colcon_core.shell:Creating package script '/home/wilsonlo/dev_ws/install/urdf_example/share/urdf_example/package.zsh'
[100.550s] Level 1:colcon.colcon_core.environment:create_file_with_runtime_dependencies(/home/wilsonlo/dev_ws/install/urdf_example/share/colcon-core/packages/urdf_example)
[100.551s] Level 1:colcon.colcon_core.environment:create_environment_scripts_only(urdf_example)
[100.551s] Level 1:colcon.colcon_core.environment:checking '/home/wilsonlo/dev_ws/install/urdf_example' for CMake module files
[100.552s] Level 1:colcon.colcon_core.environment:checking '/home/wilsonlo/dev_ws/install/urdf_example' for CMake config files
[100.552s] Level 1:colcon.colcon_core.shell:create_environment_hook('urdf_example', 'cmake_prefix_path')
[100.552s] INFO:colcon.colcon_core.shell:Creating environment hook '/home/wilsonlo/dev_ws/install/urdf_example/share/urdf_example/hook/cmake_prefix_path.ps1'
[100.553s] INFO:colcon.colcon_core.shell:Creating environment descriptor '/home/wilsonlo/dev_ws/install/urdf_example/share/urdf_example/hook/cmake_prefix_path.dsv'
[100.554s] INFO:colcon.colcon_core.shell:Creating environment hook '/home/wilsonlo/dev_ws/install/urdf_example/share/urdf_example/hook/cmake_prefix_path.sh'
[100.555s] Level 1:colcon.colcon_core.environment:checking '/home/wilsonlo/dev_ws/install/urdf_example/bin'
[100.555s] Level 1:colcon.colcon_core.environment:checking '/home/wilsonlo/dev_ws/install/urdf_example/lib/pkgconfig/urdf_example.pc'
[100.555s] Level 1:colcon.colcon_core.environment:checking '/home/wilsonlo/dev_ws/install/urdf_example/lib/python3.12/site-packages'
[100.555s] Level 1:colcon.colcon_core.environment:checking '/home/wilsonlo/dev_ws/install/urdf_example/bin'
[100.555s] INFO:colcon.colcon_core.shell:Creating package script '/home/wilsonlo/dev_ws/install/urdf_example/share/urdf_example/package.ps1'
[100.556s] INFO:colcon.colcon_core.shell:Creating package descriptor '/home/wilsonlo/dev_ws/install/urdf_example/share/urdf_example/package.dsv'
[100.557s] INFO:colcon.colcon_core.shell:Creating package script '/home/wilsonlo/dev_ws/install/urdf_example/share/urdf_example/package.sh'
[100.557s] INFO:colcon.colcon_core.shell:Creating package script '/home/wilsonlo/dev_ws/install/urdf_example/share/urdf_example/package.bash'
[100.558s] INFO:colcon.colcon_core.shell:Creating package script '/home/wilsonlo/dev_ws/install/urdf_example/share/urdf_example/package.zsh'
[100.558s] Level 1:colcon.colcon_core.environment:create_file_with_runtime_dependencies(/home/wilsonlo/dev_ws/install/urdf_example/share/colcon-core/packages/urdf_example)
[100.639s] Level 1:colcon.colcon_core.environment:create_environment_scripts_only(serial_motor_demo_msgs)
[100.640s] Level 1:colcon.colcon_core.environment:checking '/home/wilsonlo/dev_ws/install/serial_motor_demo_msgs' for CMake module files
[100.643s] DEBUG:colcon.colcon_core.event_handler.log_command:Invoked command in '/home/wilsonlo/dev_ws/build/serial_motor_demo_msgs' returned '0': CMAKE_PREFIX_PATH=${CMAKE_PREFIX_PATH}:/home/wilsonlo/dev_ws/install/serial_motor_demo:/opt/ros/jazzy DEBUGINFOD_URLS=https://debuginfod.ubuntu.com /usr/bin/cmake --install /home/wilsonlo/dev_ws/build/serial_motor_demo_msgs
[100.646s] Level 1:colcon.colcon_core.environment:checking '/home/wilsonlo/dev_ws/install/serial_motor_demo_msgs' for CMake config files
[100.650s] Level 1:colcon.colcon_core.shell:create_environment_hook('serial_motor_demo_msgs', 'cmake_prefix_path')
[100.650s] INFO:colcon.colcon_core.shell:Creating environment hook '/home/wilsonlo/dev_ws/install/serial_motor_demo_msgs/share/serial_motor_demo_msgs/hook/cmake_prefix_path.ps1'
[100.652s] INFO:colcon.colcon_core.shell:Creating environment descriptor '/home/wilsonlo/dev_ws/install/serial_motor_demo_msgs/share/serial_motor_demo_msgs/hook/cmake_prefix_path.dsv'
[100.653s] INFO:colcon.colcon_core.shell:Creating environment hook '/home/wilsonlo/dev_ws/install/serial_motor_demo_msgs/share/serial_motor_demo_msgs/hook/cmake_prefix_path.sh'
[100.655s] Level 1:colcon.colcon_core.environment:checking '/home/wilsonlo/dev_ws/install/serial_motor_demo_msgs/lib'
[100.655s] Level 1:colcon.colcon_core.shell:create_environment_hook('serial_motor_demo_msgs', 'ld_library_path_lib')
[100.656s] INFO:colcon.colcon_core.shell:Creating environment hook '/home/wilsonlo/dev_ws/install/serial_motor_demo_msgs/share/serial_motor_demo_msgs/hook/ld_library_path_lib.ps1'
[100.657s] INFO:colcon.colcon_core.shell:Creating environment descriptor '/home/wilsonlo/dev_ws/install/serial_motor_demo_msgs/share/serial_motor_demo_msgs/hook/ld_library_path_lib.dsv'
[100.658s] INFO:colcon.colcon_core.shell:Creating environment hook '/home/wilsonlo/dev_ws/install/serial_motor_demo_msgs/share/serial_motor_demo_msgs/hook/ld_library_path_lib.sh'
[100.659s] Level 1:colcon.colcon_core.environment:checking '/home/wilsonlo/dev_ws/install/serial_motor_demo_msgs/bin'
[100.659s] Level 1:colcon.colcon_core.environment:checking '/home/wilsonlo/dev_ws/install/serial_motor_demo_msgs/lib/pkgconfig/serial_motor_demo_msgs.pc'
[100.659s] Level 1:colcon.colcon_core.environment:checking '/home/wilsonlo/dev_ws/install/serial_motor_demo_msgs/lib/python3.12/site-packages'
[100.660s] Level 1:colcon.colcon_core.shell:create_environment_hook('serial_motor_demo_msgs', 'pythonpath')
[100.660s] INFO:colcon.colcon_core.shell:Creating environment hook '/home/wilsonlo/dev_ws/install/serial_motor_demo_msgs/share/serial_motor_demo_msgs/hook/pythonpath.ps1'
[100.661s] INFO:colcon.colcon_core.shell:Creating environment descriptor '/home/wilsonlo/dev_ws/install/serial_motor_demo_msgs/share/serial_motor_demo_msgs/hook/pythonpath.dsv'
[100.662s] INFO:colcon.colcon_core.shell:Creating environment hook '/home/wilsonlo/dev_ws/install/serial_motor_demo_msgs/share/serial_motor_demo_msgs/hook/pythonpath.sh'
[100.663s] Level 1:colcon.colcon_core.environment:checking '/home/wilsonlo/dev_ws/install/serial_motor_demo_msgs/bin'
[100.664s] INFO:colcon.colcon_core.shell:Creating package script '/home/wilsonlo/dev_ws/install/serial_motor_demo_msgs/share/serial_motor_demo_msgs/package.ps1'
[100.665s] INFO:colcon.colcon_core.shell:Creating package descriptor '/home/wilsonlo/dev_ws/install/serial_motor_demo_msgs/share/serial_motor_demo_msgs/package.dsv'
[100.666s] INFO:colcon.colcon_core.shell:Creating package script '/home/wilsonlo/dev_ws/install/serial_motor_demo_msgs/share/serial_motor_demo_msgs/package.sh'
[100.666s] INFO:colcon.colcon_core.shell:Creating package script '/home/wilsonlo/dev_ws/install/serial_motor_demo_msgs/share/serial_motor_demo_msgs/package.bash'
[100.667s] INFO:colcon.colcon_core.shell:Creating package script '/home/wilsonlo/dev_ws/install/serial_motor_demo_msgs/share/serial_motor_demo_msgs/package.zsh'
[100.667s] Level 1:colcon.colcon_core.environment:create_file_with_runtime_dependencies(/home/wilsonlo/dev_ws/install/serial_motor_demo_msgs/share/colcon-core/packages/serial_motor_demo_msgs)
[100.668s] Level 1:colcon.colcon_core.environment:create_environment_scripts_only(serial_motor_demo_msgs)
[100.668s] Level 1:colcon.colcon_core.environment:checking '/home/wilsonlo/dev_ws/install/serial_motor_demo_msgs' for CMake module files
[100.669s] Level 1:colcon.colcon_core.environment:checking '/home/wilsonlo/dev_ws/install/serial_motor_demo_msgs' for CMake config files
[100.670s] Level 1:colcon.colcon_core.shell:create_environment_hook('serial_motor_demo_msgs', 'cmake_prefix_path')
[100.670s] INFO:colcon.colcon_core.shell:Creating environment hook '/home/wilsonlo/dev_ws/install/serial_motor_demo_msgs/share/serial_motor_demo_msgs/hook/cmake_prefix_path.ps1'
[100.671s] INFO:colcon.colcon_core.shell:Creating environment descriptor '/home/wilsonlo/dev_ws/install/serial_motor_demo_msgs/share/serial_motor_demo_msgs/hook/cmake_prefix_path.dsv'
[100.671s] INFO:colcon.colcon_core.shell:Creating environment hook '/home/wilsonlo/dev_ws/install/serial_motor_demo_msgs/share/serial_motor_demo_msgs/hook/cmake_prefix_path.sh'
[100.672s] Level 1:colcon.colcon_core.environment:checking '/home/wilsonlo/dev_ws/install/serial_motor_demo_msgs/lib'
[100.672s] Level 1:colcon.colcon_core.shell:create_environment_hook('serial_motor_demo_msgs', 'ld_library_path_lib')
[100.672s] INFO:colcon.colcon_core.shell:Creating environment hook '/home/wilsonlo/dev_ws/install/serial_motor_demo_msgs/share/serial_motor_demo_msgs/hook/ld_library_path_lib.ps1'
[100.672s] INFO:colcon.colcon_core.shell:Creating environment descriptor '/home/wilsonlo/dev_ws/install/serial_motor_demo_msgs/share/serial_motor_demo_msgs/hook/ld_library_path_lib.dsv'
[100.673s] INFO:colcon.colcon_core.shell:Creating environment hook '/home/wilsonlo/dev_ws/install/serial_motor_demo_msgs/share/serial_motor_demo_msgs/hook/ld_library_path_lib.sh'
[100.674s] Level 1:colcon.colcon_core.environment:checking '/home/wilsonlo/dev_ws/install/serial_motor_demo_msgs/bin'
[100.674s] Level 1:colcon.colcon_core.environment:checking '/home/wilsonlo/dev_ws/install/serial_motor_demo_msgs/lib/pkgconfig/serial_motor_demo_msgs.pc'
[100.674s] Level 1:colcon.colcon_core.environment:checking '/home/wilsonlo/dev_ws/install/serial_motor_demo_msgs/lib/python3.12/site-packages'
[100.674s] Level 1:colcon.colcon_core.shell:create_environment_hook('serial_motor_demo_msgs', 'pythonpath')
[100.675s] INFO:colcon.colcon_core.shell:Creating environment hook '/home/wilsonlo/dev_ws/install/serial_motor_demo_msgs/share/serial_motor_demo_msgs/hook/pythonpath.ps1'
[100.675s] INFO:colcon.colcon_core.shell:Creating environment descriptor '/home/wilsonlo/dev_ws/install/serial_motor_demo_msgs/share/serial_motor_demo_msgs/hook/pythonpath.dsv'
[100.675s] INFO:colcon.colcon_core.shell:Creating environment hook '/home/wilsonlo/dev_ws/install/serial_motor_demo_msgs/share/serial_motor_demo_msgs/hook/pythonpath.sh'
[100.676s] Level 1:colcon.colcon_core.environment:checking '/home/wilsonlo/dev_ws/install/serial_motor_demo_msgs/bin'
[100.676s] INFO:colcon.colcon_core.shell:Creating package script '/home/wilsonlo/dev_ws/install/serial_motor_demo_msgs/share/serial_motor_demo_msgs/package.ps1'
[100.677s] INFO:colcon.colcon_core.shell:Creating package descriptor '/home/wilsonlo/dev_ws/install/serial_motor_demo_msgs/share/serial_motor_demo_msgs/package.dsv'
[100.677s] INFO:colcon.colcon_core.shell:Creating package script '/home/wilsonlo/dev_ws/install/serial_motor_demo_msgs/share/serial_motor_demo_msgs/package.sh'
[100.678s] INFO:colcon.colcon_core.shell:Creating package script '/home/wilsonlo/dev_ws/install/serial_motor_demo_msgs/share/serial_motor_demo_msgs/package.bash'
[100.678s] INFO:colcon.colcon_core.shell:Creating package script '/home/wilsonlo/dev_ws/install/serial_motor_demo_msgs/share/serial_motor_demo_msgs/package.zsh'
[100.688s] Level 1:colcon.colcon_core.environment:create_file_with_runtime_dependencies(/home/wilsonlo/dev_ws/install/serial_motor_demo_msgs/share/colcon-core/packages/serial_motor_demo_msgs)
[100.688s] INFO:colcon.colcon_ros.task.ament_python.build:Building ROS package in '/home/wilsonlo/dev_ws/src/serial_motor_demo/serial_motor_demo' with build type 'ament_python'
[100.689s] Level 1:colcon.colcon_core.shell:create_environment_hook('serial_motor_demo', 'ament_prefix_path')
[100.689s] INFO:colcon.colcon_core.shell:Creating environment hook '/home/wilsonlo/dev_ws/install/serial_motor_demo/share/serial_motor_demo/hook/ament_prefix_path.ps1'
[100.689s] INFO:colcon.colcon_core.shell:Creating environment descriptor '/home/wilsonlo/dev_ws/install/serial_motor_demo/share/serial_motor_demo/hook/ament_prefix_path.dsv'
[100.690s] INFO:colcon.colcon_core.shell:Creating environment hook '/home/wilsonlo/dev_ws/install/serial_motor_demo/share/serial_motor_demo/hook/ament_prefix_path.sh'
[100.690s] INFO:colcon.colcon_core.shell:Skip shell extension 'powershell' for command environment: Not usable outside of PowerShell
[100.690s] DEBUG:colcon.colcon_core.shell:Skip shell extension 'dsv' for command environment
[100.695s] DEBUG:colcon.colcon_core.event_handler.log_command:Invoked command in '/home/wilsonlo/dev_ws/build/articubot_one' returned '0': CMAKE_PREFIX_PATH=${CMAKE_PREFIX_PATH}:/home/wilsonlo/dev_ws/install/serial_motor_demo:/opt/ros/jazzy DEBUGINFOD_URLS=https://debuginfod.ubuntu.com /usr/bin/cmake --build /home/wilsonlo/dev_ws/build/articubot_one -- -j8 -l8
[100.761s] DEBUG:colcon.colcon_core.event_handler.log_command:Invoking command in '/home/wilsonlo/dev_ws/build/articubot_one': CMAKE_PREFIX_PATH=${CMAKE_PREFIX_PATH}:/home/wilsonlo/dev_ws/install/serial_motor_demo:/opt/ros/jazzy DEBUGINFOD_URLS=https://debuginfod.ubuntu.com /usr/bin/cmake --install /home/wilsonlo/dev_ws/build/articubot_one
[101.243s] INFO:colcon.colcon_core.task.python.build:Building Python package in '/home/wilsonlo/dev_ws/src/serial_motor_demo/serial_motor_demo'
[101.243s] INFO:colcon.colcon_core.shell:Skip shell extension 'powershell' for command environment: Not usable outside of PowerShell
[101.243s] DEBUG:colcon.colcon_core.shell:Skip shell extension 'dsv' for command environment
[101.248s] Level 1:colcon.colcon_core.environment:create_environment_scripts_only(articubot_one)
[101.248s] Level 1:colcon.colcon_core.environment:checking '/home/wilsonlo/dev_ws/install/articubot_one' for CMake module files
[101.249s] DEBUG:colcon.colcon_core.event_handler.log_command:Invoked command in '/home/wilsonlo/dev_ws/build/articubot_one' returned '0': CMAKE_PREFIX_PATH=${CMAKE_PREFIX_PATH}:/home/wilsonlo/dev_ws/install/serial_motor_demo:/opt/ros/jazzy DEBUGINFOD_URLS=https://debuginfod.ubuntu.com /usr/bin/cmake --install /home/wilsonlo/dev_ws/build/articubot_one
[101.250s] Level 1:colcon.colcon_core.environment:checking '/home/wilsonlo/dev_ws/install/articubot_one' for CMake config files
[101.250s] Level 1:colcon.colcon_core.shell:create_environment_hook('articubot_one', 'cmake_prefix_path')
[101.250s] INFO:colcon.colcon_core.shell:Creating environment hook '/home/wilsonlo/dev_ws/install/articubot_one/share/articubot_one/hook/cmake_prefix_path.ps1'
[101.251s] INFO:colcon.colcon_core.shell:Creating environment descriptor '/home/wilsonlo/dev_ws/install/articubot_one/share/articubot_one/hook/cmake_prefix_path.dsv'
[101.251s] INFO:colcon.colcon_core.shell:Creating environment hook '/home/wilsonlo/dev_ws/install/articubot_one/share/articubot_one/hook/cmake_prefix_path.sh'
[101.252s] Level 1:colcon.colcon_core.environment:checking '/home/wilsonlo/dev_ws/install/articubot_one/bin'
[101.252s] Level 1:colcon.colcon_core.environment:checking '/home/wilsonlo/dev_ws/install/articubot_one/lib/pkgconfig/articubot_one.pc'
[101.252s] Level 1:colcon.colcon_core.environment:checking '/home/wilsonlo/dev_ws/install/articubot_one/lib/python3.12/site-packages'
[101.252s] Level 1:colcon.colcon_core.environment:checking '/home/wilsonlo/dev_ws/install/articubot_one/bin'
[101.252s] INFO:colcon.colcon_core.shell:Creating package script '/home/wilsonlo/dev_ws/install/articubot_one/share/articubot_one/package.ps1'
[101.253s] INFO:colcon.colcon_core.shell:Creating package descriptor '/home/wilsonlo/dev_ws/install/articubot_one/share/articubot_one/package.dsv'
[101.253s] INFO:colcon.colcon_core.shell:Creating package script '/home/wilsonlo/dev_ws/install/articubot_one/share/articubot_one/package.sh'
[101.253s] INFO:colcon.colcon_core.shell:Creating package script '/home/wilsonlo/dev_ws/install/articubot_one/share/articubot_one/package.bash'
[101.254s] INFO:colcon.colcon_core.shell:Creating package script '/home/wilsonlo/dev_ws/install/articubot_one/share/articubot_one/package.zsh'
[101.254s] Level 1:colcon.colcon_core.environment:create_file_with_runtime_dependencies(/home/wilsonlo/dev_ws/install/articubot_one/share/colcon-core/packages/articubot_one)
[101.255s] Level 1:colcon.colcon_core.environment:create_environment_scripts_only(articubot_one)
[101.255s] Level 1:colcon.colcon_core.environment:checking '/home/wilsonlo/dev_ws/install/articubot_one' for CMake module files
[101.255s] Level 1:colcon.colcon_core.environment:checking '/home/wilsonlo/dev_ws/install/articubot_one' for CMake config files
[101.256s] Level 1:colcon.colcon_core.shell:create_environment_hook('articubot_one', 'cmake_prefix_path')
[101.256s] INFO:colcon.colcon_core.shell:Creating environment hook '/home/wilsonlo/dev_ws/install/articubot_one/share/articubot_one/hook/cmake_prefix_path.ps1'
[101.256s] INFO:colcon.colcon_core.shell:Creating environment descriptor '/home/wilsonlo/dev_ws/install/articubot_one/share/articubot_one/hook/cmake_prefix_path.dsv'
[101.256s] INFO:colcon.colcon_core.shell:Creating environment hook '/home/wilsonlo/dev_ws/install/articubot_one/share/articubot_one/hook/cmake_prefix_path.sh'
[101.257s] Level 1:colcon.colcon_core.environment:checking '/home/wilsonlo/dev_ws/install/articubot_one/bin'
[101.257s] Level 1:colcon.colcon_core.environment:checking '/home/wilsonlo/dev_ws/install/articubot_one/lib/pkgconfig/articubot_one.pc'
[101.259s] Level 1:colcon.colcon_core.environment:checking '/home/wilsonlo/dev_ws/install/articubot_one/lib/python3.12/site-packages'
[101.259s] Level 1:colcon.colcon_core.environment:checking '/home/wilsonlo/dev_ws/install/articubot_one/bin'
[101.260s] INFO:colcon.colcon_core.shell:Creating package script '/home/wilsonlo/dev_ws/install/articubot_one/share/articubot_one/package.ps1'
[101.260s] INFO:colcon.colcon_core.shell:Creating package descriptor '/home/wilsonlo/dev_ws/install/articubot_one/share/articubot_one/package.dsv'
[101.261s] INFO:colcon.colcon_core.shell:Creating package script '/home/wilsonlo/dev_ws/install/articubot_one/share/articubot_one/package.sh'
[101.261s] INFO:colcon.colcon_core.shell:Creating package script '/home/wilsonlo/dev_ws/install/articubot_one/share/articubot_one/package.bash'
[101.262s] INFO:colcon.colcon_core.shell:Creating package script '/home/wilsonlo/dev_ws/install/articubot_one/share/articubot_one/package.zsh'
[101.262s] Level 1:colcon.colcon_core.environment:create_file_with_runtime_dependencies(/home/wilsonlo/dev_ws/install/articubot_one/share/colcon-core/packages/articubot_one)
[152.720s] DEBUG:colcon.colcon_core.event_handler.log_command:Invoking command in '/home/wilsonlo/dev_ws/build/serial_motor_demo': CMAKE_PREFIX_PATH=/home/wilsonlo/dev_ws/install/serial_motor_demo_msgs:/home/wilsonlo/dev_ws/install/urdf_example:/home/wilsonlo/dev_ws/install/my_package:/home/wilsonlo/dev_ws/install/dd_bot:/home/wilsonlo/dev_ws/install/articubot_one:/opt/ros/jazzy/opt/gz_sim_vendor:/opt/ros/jazzy/opt/gz_sensors_vendor:/opt/ros/jazzy/opt/gz_physics_vendor:/opt/ros/jazzy/opt/sdformat_vendor:/opt/ros/jazzy/opt/gz_gui_vendor:/opt/ros/jazzy/opt/gz_transport_vendor:/opt/ros/jazzy/opt/gz_rendering_vendor:/opt/ros/jazzy/opt/gz_plugin_vendor:/opt/ros/jazzy/opt/gz_fuel_tools_vendor:/opt/ros/jazzy/opt/gz_msgs_vendor:/opt/ros/jazzy/opt/gz_common_vendor:/opt/ros/jazzy/opt/gz_math_vendor:/opt/ros/jazzy/opt/gz_utils_vendor:/opt/ros/jazzy/opt/gz_tools_vendor:/opt/ros/jazzy/opt/gz_ogre_next_vendor:/opt/ros/jazzy/opt/gz_dartsim_vendor:/opt/ros/jazzy/opt/gz_cmake_vendor DEBUGINFOD_URLS=https://debuginfod.ubuntu.com PYTHONPATH=/home/wilsonlo/dev_ws/build/serial_motor_demo/prefix_override:/usr/lib/python3/dist-packages/colcon_core/task/python/colcon_distutils_commands:/home/wilsonlo/dev_ws/install/serial_motor_demo/lib/python3.12/site-packages:/home/wilsonlo/dev_ws/install/serial_motor_demo_msgs/lib/python3.12/site-packages:/home/wilsonlo/dev_ws/build/serial_motor_demo:/home/wilsonlo/dev_ws/install/serial_motor_demo/lib/python3.12/site-packages:/opt/ros/jazzy/lib/python3.12/site-packages /usr/bin/python3 -W ignore:setup.py install is deprecated -W ignore:easy_install command is deprecated setup.py develop --editable --build-directory /home/wilsonlo/dev_ws/build/serial_motor_demo/build --no-deps symlink_data
[154.252s] Level 1:colcon.colcon_core.shell:create_environment_hook('serial_motor_demo', 'pythonpath_develop')
[154.252s] INFO:colcon.colcon_core.shell:Creating environment hook '/home/wilsonlo/dev_ws/build/serial_motor_demo/share/serial_motor_demo/hook/pythonpath_develop.ps1'
[154.253s] DEBUG:colcon.colcon_core.event_handler.log_command:Invoked command in '/home/wilsonlo/dev_ws/build/serial_motor_demo' returned '0': CMAKE_PREFIX_PATH=/home/wilsonlo/dev_ws/install/serial_motor_demo_msgs:/home/wilsonlo/dev_ws/install/urdf_example:/home/wilsonlo/dev_ws/install/my_package:/home/wilsonlo/dev_ws/install/dd_bot:/home/wilsonlo/dev_ws/install/articubot_one:/opt/ros/jazzy/opt/gz_sim_vendor:/opt/ros/jazzy/opt/gz_sensors_vendor:/opt/ros/jazzy/opt/gz_physics_vendor:/opt/ros/jazzy/opt/sdformat_vendor:/opt/ros/jazzy/opt/gz_gui_vendor:/opt/ros/jazzy/opt/gz_transport_vendor:/opt/ros/jazzy/opt/gz_rendering_vendor:/opt/ros/jazzy/opt/gz_plugin_vendor:/opt/ros/jazzy/opt/gz_fuel_tools_vendor:/opt/ros/jazzy/opt/gz_msgs_vendor:/opt/ros/jazzy/opt/gz_common_vendor:/opt/ros/jazzy/opt/gz_math_vendor:/opt/ros/jazzy/opt/gz_utils_vendor:/opt/ros/jazzy/opt/gz_tools_vendor:/opt/ros/jazzy/opt/gz_ogre_next_vendor:/opt/ros/jazzy/opt/gz_dartsim_vendor:/opt/ros/jazzy/opt/gz_cmake_vendor DEBUGINFOD_URLS=https://debuginfod.ubuntu.com PYTHONPATH=/home/wilsonlo/dev_ws/build/serial_motor_demo/prefix_override:/usr/lib/python3/dist-packages/colcon_core/task/python/colcon_distutils_commands:/home/wilsonlo/dev_ws/install/serial_motor_demo/lib/python3.12/site-packages:/home/wilsonlo/dev_ws/install/serial_motor_demo_msgs/lib/python3.12/site-packages:/home/wilsonlo/dev_ws/build/serial_motor_demo:/home/wilsonlo/dev_ws/install/serial_motor_demo/lib/python3.12/site-packages:/opt/ros/jazzy/lib/python3.12/site-packages /usr/bin/python3 -W ignore:setup.py install is deprecated -W ignore:easy_install command is deprecated setup.py develop --editable --build-directory /home/wilsonlo/dev_ws/build/serial_motor_demo/build --no-deps symlink_data
[155.763s] INFO:colcon.colcon_core.shell:Creating environment descriptor '/home/wilsonlo/dev_ws/build/serial_motor_demo/share/serial_motor_demo/hook/pythonpath_develop.dsv'
[155.868s] INFO:colcon.colcon_core.shell:Creating environment hook '/home/wilsonlo/dev_ws/build/serial_motor_demo/share/serial_motor_demo/hook/pythonpath_develop.sh'
[156.442s] Level 1:colcon.colcon_core.environment:checking '/home/wilsonlo/dev_ws/install/serial_motor_demo' for CMake module files
[156.444s] Level 1:colcon.colcon_core.environment:checking '/home/wilsonlo/dev_ws/install/serial_motor_demo' for CMake config files
[156.446s] Level 1:colcon.colcon_core.environment:checking '/home/wilsonlo/dev_ws/install/serial_motor_demo/lib'
[156.446s] Level 1:colcon.colcon_core.environment:checking '/home/wilsonlo/dev_ws/install/serial_motor_demo/bin'
[156.447s] Level 1:colcon.colcon_core.environment:checking '/home/wilsonlo/dev_ws/install/serial_motor_demo/lib/pkgconfig/serial_motor_demo.pc'
[156.448s] Level 1:colcon.colcon_core.environment:checking '/home/wilsonlo/dev_ws/install/serial_motor_demo/lib/python3.12/site-packages'
[156.448s] Level 1:colcon.colcon_core.shell:create_environment_hook('serial_motor_demo', 'pythonpath')
[156.449s] INFO:colcon.colcon_core.shell:Creating environment hook '/home/wilsonlo/dev_ws/install/serial_motor_demo/share/serial_motor_demo/hook/pythonpath.ps1'
[156.951s] INFO:colcon.colcon_core.shell:Creating environment descriptor '/home/wilsonlo/dev_ws/install/serial_motor_demo/share/serial_motor_demo/hook/pythonpath.dsv'
[157.177s] INFO:colcon.colcon_core.shell:Creating environment hook '/home/wilsonlo/dev_ws/install/serial_motor_demo/share/serial_motor_demo/hook/pythonpath.sh'
[157.329s] Level 1:colcon.colcon_core.environment:checking '/home/wilsonlo/dev_ws/install/serial_motor_demo/bin'
[157.330s] Level 1:colcon.colcon_core.environment:create_environment_scripts_only(serial_motor_demo)
[157.331s] INFO:colcon.colcon_core.shell:Creating package script '/home/wilsonlo/dev_ws/install/serial_motor_demo/share/serial_motor_demo/package.ps1'
[157.362s] INFO:colcon.colcon_core.shell:Creating package descriptor '/home/wilsonlo/dev_ws/install/serial_motor_demo/share/serial_motor_demo/package.dsv'
[157.366s] INFO:colcon.colcon_core.shell:Creating package script '/home/wilsonlo/dev_ws/install/serial_motor_demo/share/serial_motor_demo/package.sh'
[157.370s] INFO:colcon.colcon_core.shell:Creating package script '/home/wilsonlo/dev_ws/install/serial_motor_demo/share/serial_motor_demo/package.bash'
[157.373s] INFO:colcon.colcon_core.shell:Creating package script '/home/wilsonlo/dev_ws/install/serial_motor_demo/share/serial_motor_demo/package.zsh'
[157.674s] Level 1:colcon.colcon_core.environment:create_file_with_runtime_dependencies(/home/wilsonlo/dev_ws/install/serial_motor_demo/share/colcon-core/packages/serial_motor_demo)
[157.697s] DEBUG:colcon.colcon_parallel_executor.executor.parallel:closing loop
[157.699s] DEBUG:colcon.colcon_parallel_executor.executor.parallel:loop closed
[157.700s] DEBUG:colcon.colcon_parallel_executor.executor.parallel:run_until_complete finished with '0'
[157.701s] DEBUG:colcon.colcon_core.event_reactor:joining thread
[158.198s] INFO:colcon.colcon_core.plugin_system:Skipping extension 'colcon_notification.desktop_notification.terminal_notifier': Not used on non-Darwin systems
[158.198s] INFO:colcon.colcon_core.plugin_system:Skipping extension 'colcon_notification.desktop_notification.win32': Not used on non-Windows systems
[158.198s] INFO:colcon.colcon_notification.desktop_notification:Sending desktop notification using 'notify2'
[158.220s] DEBUG:colcon.colcon_core.event_reactor:joined thread
[158.220s] INFO:colcon.colcon_core.shell:Creating prefix script '/home/wilsonlo/dev_ws/install/local_setup.ps1'
[158.781s] INFO:colcon.colcon_core.shell:Creating prefix util module '/home/wilsonlo/dev_ws/install/_local_setup_util_ps1.py'
[159.375s] INFO:colcon.colcon_core.shell:Creating prefix chain script '/home/wilsonlo/dev_ws/install/setup.ps1'
[160.721s] INFO:colcon.colcon_core.shell:Creating prefix script '/home/wilsonlo/dev_ws/install/local_setup.sh'
[161.369s] INFO:colcon.colcon_core.shell:Creating prefix util module '/home/wilsonlo/dev_ws/install/_local_setup_util_sh.py'
[161.565s] INFO:colcon.colcon_core.shell:Creating prefix chain script '/home/wilsonlo/dev_ws/install/setup.sh'
[161.625s] INFO:colcon.colcon_core.shell:Creating prefix script '/home/wilsonlo/dev_ws/install/local_setup.bash'
[161.780s] INFO:colcon.colcon_core.shell:Creating prefix chain script '/home/wilsonlo/dev_ws/install/setup.bash'
[161.786s] INFO:colcon.colcon_core.shell:Creating prefix script '/home/wilsonlo/dev_ws/install/local_setup.zsh'
[161.854s] INFO:colcon.colcon_core.shell:Creating prefix chain script '/home/wilsonlo/dev_ws/install/setup.zsh'
