[0.142s] Invoking command in '/home/wilsonlo/dev_ws/build/my_package': CMAKE_PREFIX_PATH=${CMAKE_PREFIX_PATH}:/opt/ros/jazzy DEBUGINFOD_URLS=https://debuginfod.ubuntu.com /usr/bin/cmake --build /home/wilsonlo/dev_ws/build/my_package -- -j8 -l8
[0.531s] Invoked command in '/home/wilsonlo/dev_ws/build/my_package' returned '0': CMAKE_PREFIX_PATH=${CMAKE_PREFIX_PATH}:/opt/ros/jazzy DEBUGINFOD_URLS=https://debuginfod.ubuntu.com /usr/bin/cmake --build /home/wilsonlo/dev_ws/build/my_package -- -j8 -l8
[0.583s] Invoking command in '/home/wilsonlo/dev_ws/build/my_package': CMAKE_PREFIX_PATH=${CMAKE_PREFIX_PATH}:/opt/ros/jazzy DEBUGINFOD_URLS=https://debuginfod.ubuntu.com /usr/bin/cmake --install /home/wilsonlo/dev_ws/build/my_package
[0.593s] -- Install configuration: ""
[0.658s] -- Execute custom install script
[0.659s] -- Up-to-date symlink: /home/wilsonlo/dev_ws/install/my_package/share/my_package/launch/listener.launch.py
[0.659s] -- Up-to-date symlink: /home/wilsonlo/dev_ws/install/my_package/share/my_package/launch/talker.launch.py
[0.659s] -- Up-to-date symlink: /home/wilsonlo/dev_ws/install/my_package/share/ament_index/resource_index/package_run_dependencies/my_package
[0.659s] -- Up-to-date symlink: /home/wilsonlo/dev_ws/install/my_package/share/ament_index/resource_index/parent_prefix_path/my_package
[0.659s] -- Up-to-date symlink: /home/wilsonlo/dev_ws/install/my_package/share/my_package/environment/ament_prefix_path.sh
[0.660s] -- Up-to-date symlink: /home/wilsonlo/dev_ws/install/my_package/share/my_package/environment/ament_prefix_path.dsv
[0.660s] -- Up-to-date symlink: /home/wilsonlo/dev_ws/install/my_package/share/my_package/environment/path.sh
[0.661s] -- Up-to-date symlink: /home/wilsonlo/dev_ws/install/my_package/share/my_package/environment/path.dsv
[0.661s] -- Up-to-date symlink: /home/wilsonlo/dev_ws/install/my_package/share/my_package/local_setup.bash
[0.661s] -- Up-to-date symlink: /home/wilsonlo/dev_ws/install/my_package/share/my_package/local_setup.sh
[0.661s] -- Up-to-date symlink: /home/wilsonlo/dev_ws/install/my_package/share/my_package/local_setup.zsh
[0.662s] -- Up-to-date symlink: /home/wilsonlo/dev_ws/install/my_package/share/my_package/local_setup.dsv
[0.662s] -- Symlinking: /home/wilsonlo/dev_ws/install/my_package/share/my_package/package.dsv
[0.671s] -- Up-to-date symlink: /home/wilsonlo/dev_ws/install/my_package/share/ament_index/resource_index/packages/my_package
[0.671s] -- Up-to-date symlink: /home/wilsonlo/dev_ws/install/my_package/share/my_package/cmake/my_packageConfig.cmake
[0.671s] -- Up-to-date symlink: /home/wilsonlo/dev_ws/install/my_package/share/my_package/cmake/my_packageConfig-version.cmake
[0.671s] -- Up-to-date symlink: /home/wilsonlo/dev_ws/install/my_package/share/my_package/package.xml
[0.848s] Invoked command in '/home/wilsonlo/dev_ws/build/my_package' returned '0': CMAKE_PREFIX_PATH=${CMAKE_PREFIX_PATH}:/opt/ros/jazzy DEBUGINFOD_URLS=https://debuginfod.ubuntu.com /usr/bin/cmake --install /home/wilsonlo/dev_ws/build/my_package
