[0.020s] Invoking command in '/home/wilsonlo/dev_ws/build/dd_bot': CMAKE_PREFIX_PATH=${CMAKE_PREFIX_PATH}:/home/wilsonlo/dev_ws/install/serial_motor_demo:/opt/ros/jazzy DEBUGINFOD_URLS=https://debuginfod.ubuntu.com /usr/bin/cmake --build /home/wilsonlo/dev_ws/build/dd_bot -- -j8 -l8
[0.073s] Invoked command in '/home/wilsonlo/dev_ws/build/dd_bot' returned '0': CMAKE_PREFIX_PATH=${CMAKE_PREFIX_PATH}:/home/wilsonlo/dev_ws/install/serial_motor_demo:/opt/ros/jazzy DEBUGINFOD_URLS=https://debuginfod.ubuntu.com /usr/bin/cmake --build /home/wilsonlo/dev_ws/build/dd_bot -- -j8 -l8
[0.074s] Invoking command in '/home/wilsonlo/dev_ws/build/dd_bot': CMAKE_PREFIX_PATH=${CMAKE_PREFIX_PATH}:/home/wilsonlo/dev_ws/install/serial_motor_demo:/opt/ros/jazzy DEBUGINFOD_URLS=https://debuginfod.ubuntu.com /usr/bin/cmake --install /home/wilsonlo/dev_ws/build/dd_bot
[0.087s] -- Install configuration: ""
[0.087s] -- Execute custom install script
[0.087s] -- Up-to-date symlink: /home/wilsonlo/dev_ws/install/dd_bot/share/dd_bot/config/empty.yaml
[0.087s] -- Up-to-date symlink: /home/wilsonlo/dev_ws/install/dd_bot/share/dd_bot/config/gz_bridge.yaml
[0.088s] -- Up-to-date symlink: /home/wilsonlo/dev_ws/install/dd_bot/share/dd_bot/config/joystick.yaml
[0.088s] -- Up-to-date symlink: /home/wilsonlo/dev_ws/install/dd_bot/share/dd_bot/config/my_controllers.yaml
[0.088s] -- Up-to-date symlink: /home/wilsonlo/dev_ws/install/dd_bot/share/dd_bot/config/twist_mux.yaml
[0.088s] -- Up-to-date symlink: /home/wilsonlo/dev_ws/install/dd_bot/share/dd_bot/config/view_bot.rviz
[0.088s] -- Up-to-date symlink: /home/wilsonlo/dev_ws/install/dd_bot/share/dd_bot/description/camera.xacro
[0.088s] -- Up-to-date symlink: /home/wilsonlo/dev_ws/install/dd_bot/share/dd_bot/description/depth_camera.xacro
[0.088s] -- Up-to-date symlink: /home/wilsonlo/dev_ws/install/dd_bot/share/dd_bot/description/gazebo_control.xacro
[0.088s] -- Up-to-date symlink: /home/wilsonlo/dev_ws/install/dd_bot/share/dd_bot/description/inertial_macros.xacro
[0.088s] -- Up-to-date symlink: /home/wilsonlo/dev_ws/install/dd_bot/share/dd_bot/description/left right wheel.txt
[0.088s] -- Up-to-date symlink: /home/wilsonlo/dev_ws/install/dd_bot/share/dd_bot/description/lidar.xacro
[0.088s] -- Up-to-date symlink: /home/wilsonlo/dev_ws/install/dd_bot/share/dd_bot/description/robot.urdf.xacro
[0.089s] -- Up-to-date symlink: /home/wilsonlo/dev_ws/install/dd_bot/share/dd_bot/description/robot_core.xacro
[0.089s] -- Up-to-date symlink: /home/wilsonlo/dev_ws/install/dd_bot/share/dd_bot/description/ros2_control.xacro
[0.089s] -- Up-to-date symlink: /home/wilsonlo/dev_ws/install/dd_bot/share/dd_bot/description/stereo_camera.xacro
[0.089s] -- Up-to-date symlink: /home/wilsonlo/dev_ws/install/dd_bot/share/dd_bot/launch/joystick.launch.py
[0.089s] -- Up-to-date symlink: /home/wilsonlo/dev_ws/install/dd_bot/share/dd_bot/launch/launch_sim.launch.py
[0.089s] -- Up-to-date symlink: /home/wilsonlo/dev_ws/install/dd_bot/share/dd_bot/launch/rplidar.launch.py
[0.089s] -- Up-to-date symlink: /home/wilsonlo/dev_ws/install/dd_bot/share/dd_bot/launch/rsp.launch.py
[0.089s] -- Up-to-date symlink: /home/wilsonlo/dev_ws/install/dd_bot/share/dd_bot/launch/stereo_image_proc.launch.py
[0.089s] -- Up-to-date symlink: /home/wilsonlo/dev_ws/install/dd_bot/share/dd_bot/worlds/empty.world
[0.090s] -- Up-to-date symlink: /home/wilsonlo/dev_ws/install/dd_bot/share/dd_bot/worlds/forest.world
[0.090s] -- Symlinking: /home/wilsonlo/dev_ws/install/dd_bot/share/dd_bot/worlds/materials/textures/Grass_Albedo.png
[0.099s] -- Symlinking: /home/wilsonlo/dev_ws/install/dd_bot/share/dd_bot/worlds/materials/textures/Grass_Normal.png
[0.108s] -- Symlinking: /home/wilsonlo/dev_ws/install/dd_bot/share/dd_bot/worlds/materials/textures/Heightmap.png
[0.115s] -- Symlinking: /home/wilsonlo/dev_ws/install/dd_bot/share/dd_bot/worlds/materials/textures/Rock_Albedo.png
[0.124s] -- Symlinking: /home/wilsonlo/dev_ws/install/dd_bot/share/dd_bot/worlds/materials/textures/Rock_Normal.png
[0.132s] -- Symlinking: /home/wilsonlo/dev_ws/install/dd_bot/share/dd_bot/worlds/materials/textures/Sand_Albedo.png
[0.140s] -- Symlinking: /home/wilsonlo/dev_ws/install/dd_bot/share/dd_bot/worlds/materials/textures/Sand_Normal.png
[0.148s] -- Symlinking: /home/wilsonlo/dev_ws/install/dd_bot/share/dd_bot/worlds/model.config
[0.156s] -- Symlinking: /home/wilsonlo/dev_ws/install/dd_bot/share/dd_bot/worlds/model.sdf
[0.164s] -- Up-to-date symlink: /home/wilsonlo/dev_ws/install/dd_bot/share/dd_bot/worlds/obstacles.world
[0.164s] -- Up-to-date symlink: /home/wilsonlo/dev_ws/install/dd_bot/share/ament_index/resource_index/package_run_dependencies/dd_bot
[0.165s] -- Up-to-date symlink: /home/wilsonlo/dev_ws/install/dd_bot/share/ament_index/resource_index/parent_prefix_path/dd_bot
[0.165s] -- Up-to-date symlink: /home/wilsonlo/dev_ws/install/dd_bot/share/dd_bot/environment/ament_prefix_path.sh
[0.165s] -- Up-to-date symlink: /home/wilsonlo/dev_ws/install/dd_bot/share/dd_bot/environment/ament_prefix_path.dsv
[0.165s] -- Up-to-date symlink: /home/wilsonlo/dev_ws/install/dd_bot/share/dd_bot/environment/path.sh
[0.165s] -- Up-to-date symlink: /home/wilsonlo/dev_ws/install/dd_bot/share/dd_bot/environment/path.dsv
[0.165s] -- Up-to-date symlink: /home/wilsonlo/dev_ws/install/dd_bot/share/dd_bot/local_setup.bash
[0.165s] -- Up-to-date symlink: /home/wilsonlo/dev_ws/install/dd_bot/share/dd_bot/local_setup.sh
[0.166s] -- Up-to-date symlink: /home/wilsonlo/dev_ws/install/dd_bot/share/dd_bot/local_setup.zsh
[0.166s] -- Up-to-date symlink: /home/wilsonlo/dev_ws/install/dd_bot/share/dd_bot/local_setup.dsv
[0.166s] -- Symlinking: /home/wilsonlo/dev_ws/install/dd_bot/share/dd_bot/package.dsv
[0.174s] -- Up-to-date symlink: /home/wilsonlo/dev_ws/install/dd_bot/share/ament_index/resource_index/packages/dd_bot
[0.174s] -- Up-to-date symlink: /home/wilsonlo/dev_ws/install/dd_bot/share/dd_bot/cmake/dd_botConfig.cmake
[0.174s] -- Up-to-date symlink: /home/wilsonlo/dev_ws/install/dd_bot/share/dd_bot/cmake/dd_botConfig-version.cmake
[0.174s] -- Up-to-date symlink: /home/wilsonlo/dev_ws/install/dd_bot/share/dd_bot/package.xml
