[0.008s] Invoking command in '/home/wilsonlo/dev_ws/build/my_package': CMAKE_PREFIX_PATH=${CMAKE_PREFIX_PATH}:/opt/ros/jazzy DEBUGINFOD_URLS=https://debuginfod.ubuntu.com /usr/bin/cmake /home/wilsonlo/dev_ws/src/my_package -DAMENT_CMAKE_SYMLINK_INSTALL=1 -DCMAKE_INSTALL_PREFIX=/home/wilsonlo/dev_ws/install/my_package
[0.059s] -- The C compiler identification is GNU 13.3.0
[0.132s] -- The CXX compiler identification is GNU 13.3.0
[0.147s] -- Detecting C compiler ABI info
[0.221s] -- Detecting C compiler ABI info - done
[0.231s] -- Check for working C compiler: /usr/bin/cc - skipped
[0.231s] -- Detecting C compile features
[0.232s] -- Detecting C compile features - done
[0.240s] -- Detecting CXX compiler ABI info
[0.373s] -- Detecting CXX compiler ABI info - done
[0.384s] -- Check for working CXX compiler: /usr/bin/c++ - skipped
[0.384s] -- Detecting CXX compile features
[0.384s] -- Detecting CXX compile features - done
[0.488s] -- Found ament_cmake: 2.5.3 (/opt/ros/jazzy/share/ament_cmake/cmake)
[0.751s] -- Found Python3: /usr/bin/python3 (found version "3.12.3") found components: Interpreter 
[0.920s] -- Override CMake install command with custom implementation using symlinks instead of copying resources
[1.040s] -- Found ament_lint_auto: 0.17.1 (/opt/ros/jazzy/share/ament_lint_auto/cmake)
[1.419s] [31mCMake Error at CMakeLists.txt:26 (install):
[1.419s]   Syntax error in cmake code at
[1.419s] 
[1.420s]     /home/wilsonlo/dev_ws/src/my_package/CMakeLists.txt:27
[1.420s] 
[1.420s]   when parsing string
[1.420s] 
[1.421s]     share/${PROJECT_NAME
[1.421s] 
[1.421s]   There is an unterminated variable reference.
[1.422s] 
[1.423s] [0m
[1.423s] -- Configuring incomplete, errors occurred!
[1.435s] Invoked command in '/home/wilsonlo/dev_ws/build/my_package' returned '1': CMAKE_PREFIX_PATH=${CMAKE_PREFIX_PATH}:/opt/ros/jazzy DEBUGINFOD_URLS=https://debuginfod.ubuntu.com /usr/bin/cmake /home/wilsonlo/dev_ws/src/my_package -DAMENT_CMAKE_SYMLINK_INSTALL=1 -DCMAKE_INSTALL_PREFIX=/home/wilsonlo/dev_ws/install/my_package
