[0.112s] Invoking command in '/home/wilsonlo/dev_ws/build/articubot_one': CMAKE_PREFIX_PATH=${CMAKE_PREFIX_PATH}:/home/wilsonlo/dev_ws/install/serial_motor_demo:/opt/ros/jazzy DEBUGINFOD_URLS=https://debuginfod.ubuntu.com /usr/bin/cmake /home/wilsonlo/dev_ws/src/articubot_one -DCMAKE_INSTALL_PREFIX=/home/wilsonlo/dev_ws/install/articubot_one
[1.140s] -- Found ament_cmake: 2.5.4 (/opt/ros/jazzy/share/ament_cmake/cmake)
[1.813s] -- Override CMake install command with custom implementation using symlinks instead of copying resources
[2.311s] -- Found ament_lint_auto: 0.17.2 (/opt/ros/jazzy/share/ament_lint_auto/cmake)
[2.722s] -- Added test 'copyright' to check source files copyright and LICENSE
[2.753s] -- Added test 'flake8' to check Python code syntax and style conventions
[2.754s] -- Configured 'flake8' exclude dirs and/or files: 
[2.756s] -- Added test 'lint_cmake' to check CMake code style
[2.760s] -- Added test 'pep257' to check Python code against some of the docstring style conventions in PEP 257
[2.770s] -- Added test 'xmllint' to check XML markup files
[2.777s] -- Configuring done (2.7s)
[2.953s] -- Generating done (0.1s)
[2.954s] -- Build files have been written to: /home/wilsonlo/dev_ws/build/articubot_one
[2.957s] Invoked command in '/home/wilsonlo/dev_ws/build/articubot_one' returned '0': CMAKE_PREFIX_PATH=${CMAKE_PREFIX_PATH}:/home/wilsonlo/dev_ws/install/serial_motor_demo:/opt/ros/jazzy DEBUGINFOD_URLS=https://debuginfod.ubuntu.com /usr/bin/cmake /home/wilsonlo/dev_ws/src/articubot_one -DCMAKE_INSTALL_PREFIX=/home/wilsonlo/dev_ws/install/articubot_one
[2.958s] Invoking command in '/home/wilsonlo/dev_ws/build/articubot_one': CMAKE_PREFIX_PATH=${CMAKE_PREFIX_PATH}:/home/wilsonlo/dev_ws/install/serial_motor_demo:/opt/ros/jazzy DEBUGINFOD_URLS=https://debuginfod.ubuntu.com /usr/bin/cmake --build /home/wilsonlo/dev_ws/build/articubot_one -- -j8 -l8
[3.148s] Invoked command in '/home/wilsonlo/dev_ws/build/articubot_one' returned '0': CMAKE_PREFIX_PATH=${CMAKE_PREFIX_PATH}:/home/wilsonlo/dev_ws/install/serial_motor_demo:/opt/ros/jazzy DEBUGINFOD_URLS=https://debuginfod.ubuntu.com /usr/bin/cmake --build /home/wilsonlo/dev_ws/build/articubot_one -- -j8 -l8
[3.172s] Invoking command in '/home/wilsonlo/dev_ws/build/articubot_one': CMAKE_PREFIX_PATH=${CMAKE_PREFIX_PATH}:/home/wilsonlo/dev_ws/install/serial_motor_demo:/opt/ros/jazzy DEBUGINFOD_URLS=https://debuginfod.ubuntu.com /usr/bin/cmake --install /home/wilsonlo/dev_ws/build/articubot_one
[3.179s] -- Install configuration: ""
[3.180s] -- Execute custom install script
[3.180s] -- Up-to-date symlink: /home/wilsonlo/dev_ws/install/articubot_one/share/articubot_one/config/ball_tracker_params_robot.yaml
[3.180s] -- Up-to-date symlink: /home/wilsonlo/dev_ws/install/articubot_one/share/articubot_one/config/ball_tracker_params_sim.yaml
[3.180s] -- Up-to-date symlink: /home/wilsonlo/dev_ws/install/articubot_one/share/articubot_one/config/drive_bot.rviz
[3.181s] -- Up-to-date symlink: /home/wilsonlo/dev_ws/install/articubot_one/share/articubot_one/config/empty.yaml
[3.181s] -- Up-to-date symlink: /home/wilsonlo/dev_ws/install/articubot_one/share/articubot_one/config/gaz_ros2_ctl_use_sim.yaml
[3.181s] -- Up-to-date symlink: /home/wilsonlo/dev_ws/install/articubot_one/share/articubot_one/config/gz_bridge.yaml
[3.181s] -- Up-to-date symlink: /home/wilsonlo/dev_ws/install/articubot_one/share/articubot_one/config/joystick.yaml
[3.181s] -- Up-to-date symlink: /home/wilsonlo/dev_ws/install/articubot_one/share/articubot_one/config/main.rviz
[3.181s] -- Up-to-date symlink: /home/wilsonlo/dev_ws/install/articubot_one/share/articubot_one/config/map.rviz
[3.181s] -- Up-to-date symlink: /home/wilsonlo/dev_ws/install/articubot_one/share/articubot_one/config/mapper_params_online_async.yaml
[3.181s] -- Up-to-date symlink: /home/wilsonlo/dev_ws/install/articubot_one/share/articubot_one/config/my_controllers.yaml
[3.181s] -- Up-to-date symlink: /home/wilsonlo/dev_ws/install/articubot_one/share/articubot_one/config/nav2_params.yaml
[3.181s] -- Up-to-date symlink: /home/wilsonlo/dev_ws/install/articubot_one/share/articubot_one/config/twist_mux.yaml
[3.182s] -- Up-to-date symlink: /home/wilsonlo/dev_ws/install/articubot_one/share/articubot_one/config/view_bot.rviz
[3.182s] -- Up-to-date symlink: /home/wilsonlo/dev_ws/install/articubot_one/share/articubot_one/description/camera.xacro
[3.182s] -- Up-to-date symlink: /home/wilsonlo/dev_ws/install/articubot_one/share/articubot_one/description/depth_camera.xacro
[3.182s] -- Up-to-date symlink: /home/wilsonlo/dev_ws/install/articubot_one/share/articubot_one/description/face.xacro
[3.182s] -- Up-to-date symlink: /home/wilsonlo/dev_ws/install/articubot_one/share/articubot_one/description/gazebo_control.xacro
[3.182s] -- Up-to-date symlink: /home/wilsonlo/dev_ws/install/articubot_one/share/articubot_one/description/inertial_macros.xacro
[3.182s] -- Up-to-date symlink: /home/wilsonlo/dev_ws/install/articubot_one/share/articubot_one/description/lidar.xacro
[3.182s] -- Up-to-date symlink: /home/wilsonlo/dev_ws/install/articubot_one/share/articubot_one/description/robot.urdf.xacro
[3.182s] -- Up-to-date symlink: /home/wilsonlo/dev_ws/install/articubot_one/share/articubot_one/description/robot_core.xacro
[3.183s] -- Up-to-date symlink: /home/wilsonlo/dev_ws/install/articubot_one/share/articubot_one/description/ros2_control.xacro
[3.183s] -- Up-to-date symlink: /home/wilsonlo/dev_ws/install/articubot_one/share/articubot_one/launch/ball_tracker.launch.py
[3.183s] -- Up-to-date symlink: /home/wilsonlo/dev_ws/install/articubot_one/share/articubot_one/launch/camera.launch.py
[3.183s] -- Up-to-date symlink: /home/wilsonlo/dev_ws/install/articubot_one/share/articubot_one/launch/joystick.launch.py
[3.184s] -- Up-to-date symlink: /home/wilsonlo/dev_ws/install/articubot_one/share/articubot_one/launch/launch_robot.launch.py
[3.184s] -- Up-to-date symlink: /home/wilsonlo/dev_ws/install/articubot_one/share/articubot_one/launch/launch_sim.launch.py
[3.184s] -- Up-to-date symlink: /home/wilsonlo/dev_ws/install/articubot_one/share/articubot_one/launch/localization_launch.py
[3.184s] -- Up-to-date symlink: /home/wilsonlo/dev_ws/install/articubot_one/share/articubot_one/launch/navigation_launch.py
[3.184s] -- Up-to-date symlink: /home/wilsonlo/dev_ws/install/articubot_one/share/articubot_one/launch/online_async_launch.py
[3.184s] -- Up-to-date symlink: /home/wilsonlo/dev_ws/install/articubot_one/share/articubot_one/launch/rplidar.launch.py
[3.184s] -- Up-to-date symlink: /home/wilsonlo/dev_ws/install/articubot_one/share/articubot_one/launch/rsp.launch.py
[3.185s] -- Up-to-date symlink: /home/wilsonlo/dev_ws/install/articubot_one/share/articubot_one/worlds/empty.world
[3.185s] -- Up-to-date symlink: /home/wilsonlo/dev_ws/install/articubot_one/share/articubot_one/worlds/obstacles.world
[3.185s] -- Up-to-date symlink: /home/wilsonlo/dev_ws/install/articubot_one/share/ament_index/resource_index/package_run_dependencies/articubot_one
[3.185s] -- Up-to-date symlink: /home/wilsonlo/dev_ws/install/articubot_one/share/ament_index/resource_index/parent_prefix_path/articubot_one
[3.185s] -- Up-to-date symlink: /home/wilsonlo/dev_ws/install/articubot_one/share/articubot_one/environment/ament_prefix_path.sh
[3.185s] -- Up-to-date symlink: /home/wilsonlo/dev_ws/install/articubot_one/share/articubot_one/environment/ament_prefix_path.dsv
[3.185s] -- Up-to-date symlink: /home/wilsonlo/dev_ws/install/articubot_one/share/articubot_one/environment/path.sh
[3.185s] -- Up-to-date symlink: /home/wilsonlo/dev_ws/install/articubot_one/share/articubot_one/environment/path.dsv
[3.186s] -- Up-to-date symlink: /home/wilsonlo/dev_ws/install/articubot_one/share/articubot_one/local_setup.bash
[3.186s] -- Up-to-date symlink: /home/wilsonlo/dev_ws/install/articubot_one/share/articubot_one/local_setup.sh
[3.186s] -- Up-to-date symlink: /home/wilsonlo/dev_ws/install/articubot_one/share/articubot_one/local_setup.zsh
[3.186s] -- Up-to-date symlink: /home/wilsonlo/dev_ws/install/articubot_one/share/articubot_one/local_setup.dsv
[3.186s] -- Symlinking: /home/wilsonlo/dev_ws/install/articubot_one/share/articubot_one/package.dsv
[3.194s] -- Up-to-date symlink: /home/wilsonlo/dev_ws/install/articubot_one/share/ament_index/resource_index/packages/articubot_one
[3.194s] -- Up-to-date symlink: /home/wilsonlo/dev_ws/install/articubot_one/share/articubot_one/cmake/articubot_oneConfig.cmake
[3.195s] -- Up-to-date symlink: /home/wilsonlo/dev_ws/install/articubot_one/share/articubot_one/cmake/articubot_oneConfig-version.cmake
[3.195s] -- Up-to-date symlink: /home/wilsonlo/dev_ws/install/articubot_one/share/articubot_one/package.xml
[3.207s] Invoked command in '/home/wilsonlo/dev_ws/build/articubot_one' returned '0': CMAKE_PREFIX_PATH=${CMAKE_PREFIX_PATH}:/home/wilsonlo/dev_ws/install/serial_motor_demo:/opt/ros/jazzy DEBUGINFOD_URLS=https://debuginfod.ubuntu.com /usr/bin/cmake --install /home/wilsonlo/dev_ws/build/articubot_one
