[0.148s] Invoking command in '/home/wilsonlo/dev_ws/build/urdf_example': CMAKE_PREFIX_PATH=${CMAKE_PREFIX_PATH}:/opt/ros/jazzy DEBUGINFOD_URLS=https://debuginfod.ubuntu.com /usr/bin/cmake /home/wilsonlo/dev_ws/src/urdf_example -DCMAKE_INSTALL_PREFIX=/home/wilsonlo/dev_ws/install/urdf_example
[0.631s] -- Found ament_cmake: 2.5.3 (/opt/ros/jazzy/share/ament_cmake/cmake)
[1.160s] -- Override CMake install command with custom implementation using symlinks instead of copying resources
[1.259s] -- Found ament_lint_auto: 0.17.1 (/opt/ros/jazzy/share/ament_lint_auto/cmake)
[1.818s] -- Added test 'copyright' to check source files copyright and LICENSE
[1.857s] -- Added test 'flake8' to check Python code syntax and style conventions
[1.857s] -- Configured 'flake8' exclude dirs and/or files: 
[1.860s] -- Added test 'lint_cmake' to check CMake code style
[1.862s] -- Added test 'pep257' to check Python code against some of the docstring style conventions in PEP 257
[1.870s] -- Added test 'xmllint' to check XML markup files
[1.873s] -- Configuring done (1.7s)
[2.124s] -- Generating done (0.2s)
[2.132s] -- Build files have been written to: /home/wilsonlo/dev_ws/build/urdf_example
[2.140s] Invoked command in '/home/wilsonlo/dev_ws/build/urdf_example' returned '0': CMAKE_PREFIX_PATH=${CMAKE_PREFIX_PATH}:/opt/ros/jazzy DEBUGINFOD_URLS=https://debuginfod.ubuntu.com /usr/bin/cmake /home/wilsonlo/dev_ws/src/urdf_example -DCMAKE_INSTALL_PREFIX=/home/wilsonlo/dev_ws/install/urdf_example
[2.141s] Invoking command in '/home/wilsonlo/dev_ws/build/urdf_example': CMAKE_PREFIX_PATH=${CMAKE_PREFIX_PATH}:/opt/ros/jazzy DEBUGINFOD_URLS=https://debuginfod.ubuntu.com /usr/bin/cmake --build /home/wilsonlo/dev_ws/build/urdf_example -- -j8 -l8
[2.260s] Invoked command in '/home/wilsonlo/dev_ws/build/urdf_example' returned '0': CMAKE_PREFIX_PATH=${CMAKE_PREFIX_PATH}:/opt/ros/jazzy DEBUGINFOD_URLS=https://debuginfod.ubuntu.com /usr/bin/cmake --build /home/wilsonlo/dev_ws/build/urdf_example -- -j8 -l8
[2.263s] Invoking command in '/home/wilsonlo/dev_ws/build/urdf_example': CMAKE_PREFIX_PATH=${CMAKE_PREFIX_PATH}:/opt/ros/jazzy DEBUGINFOD_URLS=https://debuginfod.ubuntu.com /usr/bin/cmake --install /home/wilsonlo/dev_ws/build/urdf_example
[2.278s] -- Install configuration: ""
[2.279s] -- Execute custom install script
[2.284s] -- Up-to-date symlink: /home/wilsonlo/dev_ws/install/urdf_example/share/urdf_example/description/example_gazebo.xacro
[2.286s] -- Up-to-date symlink: /home/wilsonlo/dev_ws/install/urdf_example/share/urdf_example/description/example_include.xacro
[2.286s] -- Up-to-date symlink: /home/wilsonlo/dev_ws/install/urdf_example/share/urdf_example/description/example_robot.urdf.xacro
[2.287s] -- Up-to-date symlink: /home/wilsonlo/dev_ws/install/urdf_example/share/urdf_example/launch/rsp.launch.py
[2.287s] -- Up-to-date symlink: /home/wilsonlo/dev_ws/install/urdf_example/share/urdf_example/launch/rsp_sim.launch.py
[2.288s] -- Up-to-date symlink: /home/wilsonlo/dev_ws/install/urdf_example/share/urdf_example/worlds/test_world.world
[2.289s] -- Up-to-date symlink: /home/wilsonlo/dev_ws/install/urdf_example/share/ament_index/resource_index/package_run_dependencies/urdf_example
[2.289s] -- Up-to-date symlink: /home/wilsonlo/dev_ws/install/urdf_example/share/ament_index/resource_index/parent_prefix_path/urdf_example
[2.289s] -- Up-to-date symlink: /home/wilsonlo/dev_ws/install/urdf_example/share/urdf_example/environment/ament_prefix_path.sh
[2.289s] -- Up-to-date symlink: /home/wilsonlo/dev_ws/install/urdf_example/share/urdf_example/environment/ament_prefix_path.dsv
[2.289s] -- Up-to-date symlink: /home/wilsonlo/dev_ws/install/urdf_example/share/urdf_example/environment/path.sh
[2.289s] -- Up-to-date symlink: /home/wilsonlo/dev_ws/install/urdf_example/share/urdf_example/environment/path.dsv
[2.289s] -- Up-to-date symlink: /home/wilsonlo/dev_ws/install/urdf_example/share/urdf_example/local_setup.bash
[2.289s] -- Up-to-date symlink: /home/wilsonlo/dev_ws/install/urdf_example/share/urdf_example/local_setup.sh
[2.290s] -- Up-to-date symlink: /home/wilsonlo/dev_ws/install/urdf_example/share/urdf_example/local_setup.zsh
[2.290s] -- Up-to-date symlink: /home/wilsonlo/dev_ws/install/urdf_example/share/urdf_example/local_setup.dsv
[2.290s] -- Symlinking: /home/wilsonlo/dev_ws/install/urdf_example/share/urdf_example/package.dsv
[2.307s] -- Up-to-date symlink: /home/wilsonlo/dev_ws/install/urdf_example/share/ament_index/resource_index/packages/urdf_example
[2.307s] -- Up-to-date symlink: /home/wilsonlo/dev_ws/install/urdf_example/share/urdf_example/cmake/urdf_exampleConfig.cmake
[2.308s] -- Up-to-date symlink: /home/wilsonlo/dev_ws/install/urdf_example/share/urdf_example/cmake/urdf_exampleConfig-version.cmake
[2.308s] -- Up-to-date symlink: /home/wilsonlo/dev_ws/install/urdf_example/share/urdf_example/package.xml
[2.432s] Invoked command in '/home/wilsonlo/dev_ws/build/urdf_example' returned '0': CMAKE_PREFIX_PATH=${CMAKE_PREFIX_PATH}:/opt/ros/jazzy DEBUGINFOD_URLS=https://debuginfod.ubuntu.com /usr/bin/cmake --install /home/wilsonlo/dev_ws/build/urdf_example
