[4.362s] DEBUG:colcon:Command line arguments: ['/usr/bin/colcon', 'build', '--symlink-install']
[4.362s] DEBUG:colcon:Parsed command line arguments: Namespace(log_base=None, log_level=None, verb_name='build', build_base='build', install_base='install', merge_install=False, symlink_install=True, test_result_base=None, continue_on_error=False, executor='parallel', parallel_workers=8, event_handlers=None, ignore_user_meta=False, metas=['./colcon.meta'], base_paths=['.'], packages_ignore=None, packages_ignore_regex=None, paths=None, packages_up_to=None, packages_up_to_regex=None, packages_above=None, packages_above_and_dependencies=None, packages_above_depth=None, packages_select_by_dep=None, packages_skip_by_dep=None, packages_skip_up_to=None, packages_select_build_failed=False, packages_skip_build_finished=False, packages_select_test_failures=False, packages_skip_test_passed=False, packages_select=None, packages_skip=None, packages_select_regex=None, packages_skip_regex=None, packages_start=None, packages_end=None, allow_overriding=[], cmake_args=None, cmake_target=None, cmake_target_skip_unavailable=False, cmake_clean_cache=False, cmake_clean_first=False, cmake_force_configure=False, ament_cmake_args=None, catkin_cmake_args=None, catkin_skip_building_tests=False, mixin_files=None, mixin=None, verb_parser=<colcon_mixin.mixin.mixin_argument.MixinArgumentDecorator object at 0x7fe4794a4830>, verb_extension=<colcon_core.verb.build.BuildVerb object at 0x7fe479432600>, main=<bound method BuildVerb.main of <colcon_core.verb.build.BuildVerb object at 0x7fe479432600>>, mixin_verb=('build',))
[4.650s] Level 1:colcon.colcon_core.package_discovery:discover_packages(colcon_meta) check parameters
[4.650s] Level 1:colcon.colcon_core.package_discovery:discover_packages(recursive) check parameters
[4.650s] Level 1:colcon.colcon_core.package_discovery:discover_packages(ignore) check parameters
[4.650s] Level 1:colcon.colcon_core.package_discovery:discover_packages(path) check parameters
[4.651s] Level 1:colcon.colcon_core.package_discovery:discover_packages(colcon_meta) discover
[4.651s] Level 1:colcon.colcon_core.package_discovery:discover_packages(recursive) discover
[4.651s] INFO:colcon.colcon_core.package_discovery:Crawling recursively for packages in '/home/wilsonlo/dev_ws'
[4.651s] Level 1:colcon.colcon_core.package_identification:_identify(.) by extensions ['ignore', 'ignore_ament_install']
[4.651s] Level 1:colcon.colcon_core.package_identification:_identify(.) by extension 'ignore'
[4.651s] Level 1:colcon.colcon_core.package_identification:_identify(.) by extension 'ignore_ament_install'
[4.651s] Level 1:colcon.colcon_core.package_identification:_identify(.) by extensions ['colcon_pkg']
[4.651s] Level 1:colcon.colcon_core.package_identification:_identify(.) by extension 'colcon_pkg'
[4.651s] Level 1:colcon.colcon_core.package_identification:_identify(.) by extensions ['colcon_meta']
[4.651s] Level 1:colcon.colcon_core.package_identification:_identify(.) by extension 'colcon_meta'
[4.651s] Level 1:colcon.colcon_core.package_identification:_identify(.) by extensions ['ros']
[4.651s] Level 1:colcon.colcon_core.package_identification:_identify(.) by extension 'ros'
[4.722s] Level 1:colcon.colcon_core.package_identification:_identify(.) by extensions ['cmake', 'python']
[4.722s] Level 1:colcon.colcon_core.package_identification:_identify(.) by extension 'cmake'
[4.722s] Level 1:colcon.colcon_core.package_identification:_identify(.) by extension 'python'
[4.722s] Level 1:colcon.colcon_core.package_identification:_identify(.) by extensions ['python_setup_py']
[4.722s] Level 1:colcon.colcon_core.package_identification:_identify(.) by extension 'python_setup_py'
[4.722s] Level 1:colcon.colcon_core.package_identification:_identify(build) by extensions ['ignore', 'ignore_ament_install']
[4.722s] Level 1:colcon.colcon_core.package_identification:_identify(build) by extension 'ignore'
[4.723s] Level 1:colcon.colcon_core.package_identification:_identify(build) ignored
[4.723s] Level 1:colcon.colcon_core.package_identification:_identify(install) by extensions ['ignore', 'ignore_ament_install']
[4.723s] Level 1:colcon.colcon_core.package_identification:_identify(install) by extension 'ignore'
[4.723s] Level 1:colcon.colcon_core.package_identification:_identify(install) ignored
[4.723s] Level 1:colcon.colcon_core.package_identification:_identify(log) by extensions ['ignore', 'ignore_ament_install']
[4.723s] Level 1:colcon.colcon_core.package_identification:_identify(log) by extension 'ignore'
[4.723s] Level 1:colcon.colcon_core.package_identification:_identify(log) ignored
[4.723s] Level 1:colcon.colcon_core.package_identification:_identify(src) by extensions ['ignore', 'ignore_ament_install']
[4.723s] Level 1:colcon.colcon_core.package_identification:_identify(src) by extension 'ignore'
[4.724s] Level 1:colcon.colcon_core.package_identification:_identify(src) by extension 'ignore_ament_install'
[4.724s] Level 1:colcon.colcon_core.package_identification:_identify(src) by extensions ['colcon_pkg']
[4.724s] Level 1:colcon.colcon_core.package_identification:_identify(src) by extension 'colcon_pkg'
[4.724s] Level 1:colcon.colcon_core.package_identification:_identify(src) by extensions ['colcon_meta']
[4.724s] Level 1:colcon.colcon_core.package_identification:_identify(src) by extension 'colcon_meta'
[4.724s] Level 1:colcon.colcon_core.package_identification:_identify(src) by extensions ['ros']
[4.724s] Level 1:colcon.colcon_core.package_identification:_identify(src) by extension 'ros'
[4.724s] Level 1:colcon.colcon_core.package_identification:_identify(src) by extensions ['cmake', 'python']
[4.724s] Level 1:colcon.colcon_core.package_identification:_identify(src) by extension 'cmake'
[4.724s] Level 1:colcon.colcon_core.package_identification:_identify(src) by extension 'python'
[4.724s] Level 1:colcon.colcon_core.package_identification:_identify(src) by extensions ['python_setup_py']
[4.724s] Level 1:colcon.colcon_core.package_identification:_identify(src) by extension 'python_setup_py'
[4.724s] Level 1:colcon.colcon_core.package_identification:_identify(src/articubot_one) by extensions ['ignore', 'ignore_ament_install']
[4.724s] Level 1:colcon.colcon_core.package_identification:_identify(src/articubot_one) by extension 'ignore'
[4.724s] Level 1:colcon.colcon_core.package_identification:_identify(src/articubot_one) by extension 'ignore_ament_install'
[4.724s] Level 1:colcon.colcon_core.package_identification:_identify(src/articubot_one) by extensions ['colcon_pkg']
[4.724s] Level 1:colcon.colcon_core.package_identification:_identify(src/articubot_one) by extension 'colcon_pkg'
[4.724s] Level 1:colcon.colcon_core.package_identification:_identify(src/articubot_one) by extensions ['colcon_meta']
[4.725s] Level 1:colcon.colcon_core.package_identification:_identify(src/articubot_one) by extension 'colcon_meta'
[4.725s] Level 1:colcon.colcon_core.package_identification:_identify(src/articubot_one) by extensions ['ros']
[4.725s] Level 1:colcon.colcon_core.package_identification:_identify(src/articubot_one) by extension 'ros'
[4.764s] DEBUG:colcon.colcon_core.package_identification:Package 'src/articubot_one' with type 'ros.ament_cmake' and name 'articubot_one'
[4.764s] Level 1:colcon.colcon_core.package_identification:_identify(src/dd_bot) by extensions ['ignore', 'ignore_ament_install']
[4.765s] Level 1:colcon.colcon_core.package_identification:_identify(src/dd_bot) by extension 'ignore'
[4.765s] Level 1:colcon.colcon_core.package_identification:_identify(src/dd_bot) by extension 'ignore_ament_install'
[4.765s] Level 1:colcon.colcon_core.package_identification:_identify(src/dd_bot) by extensions ['colcon_pkg']
[4.766s] Level 1:colcon.colcon_core.package_identification:_identify(src/dd_bot) by extension 'colcon_pkg'
[4.766s] Level 1:colcon.colcon_core.package_identification:_identify(src/dd_bot) by extensions ['colcon_meta']
[4.766s] Level 1:colcon.colcon_core.package_identification:_identify(src/dd_bot) by extension 'colcon_meta'
[4.766s] Level 1:colcon.colcon_core.package_identification:_identify(src/dd_bot) by extensions ['ros']
[4.766s] Level 1:colcon.colcon_core.package_identification:_identify(src/dd_bot) by extension 'ros'
[4.795s] DEBUG:colcon.colcon_core.package_identification:Package 'src/dd_bot' with type 'ros.ament_cmake' and name 'dd_bot'
[4.795s] Level 1:colcon.colcon_core.package_identification:_identify(src/my_package) by extensions ['ignore', 'ignore_ament_install']
[4.795s] Level 1:colcon.colcon_core.package_identification:_identify(src/my_package) by extension 'ignore'
[4.796s] Level 1:colcon.colcon_core.package_identification:_identify(src/my_package) by extension 'ignore_ament_install'
[4.796s] Level 1:colcon.colcon_core.package_identification:_identify(src/my_package) by extensions ['colcon_pkg']
[4.796s] Level 1:colcon.colcon_core.package_identification:_identify(src/my_package) by extension 'colcon_pkg'
[4.797s] Level 1:colcon.colcon_core.package_identification:_identify(src/my_package) by extensions ['colcon_meta']
[4.797s] Level 1:colcon.colcon_core.package_identification:_identify(src/my_package) by extension 'colcon_meta'
[4.797s] Level 1:colcon.colcon_core.package_identification:_identify(src/my_package) by extensions ['ros']
[4.797s] Level 1:colcon.colcon_core.package_identification:_identify(src/my_package) by extension 'ros'
[4.814s] DEBUG:colcon.colcon_core.package_identification:Package 'src/my_package' with type 'ros.ament_cmake' and name 'my_package'
[4.814s] Level 1:colcon.colcon_core.package_identification:_identify(src/serial_motor_demo) by extensions ['ignore', 'ignore_ament_install']
[4.814s] Level 1:colcon.colcon_core.package_identification:_identify(src/serial_motor_demo) by extension 'ignore'
[4.815s] Level 1:colcon.colcon_core.package_identification:_identify(src/serial_motor_demo) by extension 'ignore_ament_install'
[4.815s] Level 1:colcon.colcon_core.package_identification:_identify(src/serial_motor_demo) by extensions ['colcon_pkg']
[4.815s] Level 1:colcon.colcon_core.package_identification:_identify(src/serial_motor_demo) by extension 'colcon_pkg'
[4.815s] Level 1:colcon.colcon_core.package_identification:_identify(src/serial_motor_demo) by extensions ['colcon_meta']
[4.816s] Level 1:colcon.colcon_core.package_identification:_identify(src/serial_motor_demo) by extension 'colcon_meta'
[4.816s] Level 1:colcon.colcon_core.package_identification:_identify(src/serial_motor_demo) by extensions ['ros']
[4.816s] Level 1:colcon.colcon_core.package_identification:_identify(src/serial_motor_demo) by extension 'ros'
[4.816s] Level 1:colcon.colcon_core.package_identification:_identify(src/serial_motor_demo) by extensions ['cmake', 'python']
[4.816s] Level 1:colcon.colcon_core.package_identification:_identify(src/serial_motor_demo) by extension 'cmake'
[4.817s] Level 1:colcon.colcon_core.package_identification:_identify(src/serial_motor_demo) by extension 'python'
[4.817s] Level 1:colcon.colcon_core.package_identification:_identify(src/serial_motor_demo) by extensions ['python_setup_py']
[4.817s] Level 1:colcon.colcon_core.package_identification:_identify(src/serial_motor_demo) by extension 'python_setup_py'
[4.817s] Level 1:colcon.colcon_core.package_identification:_identify(src/serial_motor_demo/serial_motor_demo) by extensions ['ignore', 'ignore_ament_install']
[4.818s] Level 1:colcon.colcon_core.package_identification:_identify(src/serial_motor_demo/serial_motor_demo) by extension 'ignore'
[4.818s] Level 1:colcon.colcon_core.package_identification:_identify(src/serial_motor_demo/serial_motor_demo) by extension 'ignore_ament_install'
[4.818s] Level 1:colcon.colcon_core.package_identification:_identify(src/serial_motor_demo/serial_motor_demo) by extensions ['colcon_pkg']
[4.818s] Level 1:colcon.colcon_core.package_identification:_identify(src/serial_motor_demo/serial_motor_demo) by extension 'colcon_pkg'
[4.819s] Level 1:colcon.colcon_core.package_identification:_identify(src/serial_motor_demo/serial_motor_demo) by extensions ['colcon_meta']
[4.819s] Level 1:colcon.colcon_core.package_identification:_identify(src/serial_motor_demo/serial_motor_demo) by extension 'colcon_meta'
[4.819s] Level 1:colcon.colcon_core.package_identification:_identify(src/serial_motor_demo/serial_motor_demo) by extensions ['ros']
[4.819s] Level 1:colcon.colcon_core.package_identification:_identify(src/serial_motor_demo/serial_motor_demo) by extension 'ros'
[4.840s] DEBUG:colcon.colcon_core.package_identification:Package 'src/serial_motor_demo/serial_motor_demo' with type 'ros.ament_python' and name 'serial_motor_demo'
[4.841s] Level 1:colcon.colcon_core.package_identification:_identify(src/serial_motor_demo/serial_motor_demo_msgs) by extensions ['ignore', 'ignore_ament_install']
[4.841s] Level 1:colcon.colcon_core.package_identification:_identify(src/serial_motor_demo/serial_motor_demo_msgs) by extension 'ignore'
[4.841s] Level 1:colcon.colcon_core.package_identification:_identify(src/serial_motor_demo/serial_motor_demo_msgs) by extension 'ignore_ament_install'
[4.841s] Level 1:colcon.colcon_core.package_identification:_identify(src/serial_motor_demo/serial_motor_demo_msgs) by extensions ['colcon_pkg']
[4.841s] Level 1:colcon.colcon_core.package_identification:_identify(src/serial_motor_demo/serial_motor_demo_msgs) by extension 'colcon_pkg'
[4.842s] Level 1:colcon.colcon_core.package_identification:_identify(src/serial_motor_demo/serial_motor_demo_msgs) by extensions ['colcon_meta']
[4.842s] Level 1:colcon.colcon_core.package_identification:_identify(src/serial_motor_demo/serial_motor_demo_msgs) by extension 'colcon_meta'
[4.842s] Level 1:colcon.colcon_core.package_identification:_identify(src/serial_motor_demo/serial_motor_demo_msgs) by extensions ['ros']
[4.842s] Level 1:colcon.colcon_core.package_identification:_identify(src/serial_motor_demo/serial_motor_demo_msgs) by extension 'ros'
[4.844s] DEBUG:colcon.colcon_core.package_identification:Package 'src/serial_motor_demo/serial_motor_demo_msgs' with type 'ros.ament_cmake' and name 'serial_motor_demo_msgs'
[4.844s] Level 1:colcon.colcon_core.package_identification:_identify(src/urdf_example) by extensions ['ignore', 'ignore_ament_install']
[4.844s] Level 1:colcon.colcon_core.package_identification:_identify(src/urdf_example) by extension 'ignore'
[4.844s] Level 1:colcon.colcon_core.package_identification:_identify(src/urdf_example) by extension 'ignore_ament_install'
[4.844s] Level 1:colcon.colcon_core.package_identification:_identify(src/urdf_example) by extensions ['colcon_pkg']
[4.844s] Level 1:colcon.colcon_core.package_identification:_identify(src/urdf_example) by extension 'colcon_pkg'
[4.844s] Level 1:colcon.colcon_core.package_identification:_identify(src/urdf_example) by extensions ['colcon_meta']
[4.844s] Level 1:colcon.colcon_core.package_identification:_identify(src/urdf_example) by extension 'colcon_meta'
[4.844s] Level 1:colcon.colcon_core.package_identification:_identify(src/urdf_example) by extensions ['ros']
[4.844s] Level 1:colcon.colcon_core.package_identification:_identify(src/urdf_example) by extension 'ros'
[4.861s] DEBUG:colcon.colcon_core.package_identification:Package 'src/urdf_example' with type 'ros.ament_cmake' and name 'urdf_example'
[4.861s] Level 1:colcon.colcon_core.package_discovery:discover_packages(recursive) using defaults
[4.861s] Level 1:colcon.colcon_core.package_discovery:discover_packages(ignore) discover
[4.861s] Level 1:colcon.colcon_core.package_discovery:discover_packages(ignore) using defaults
[4.861s] Level 1:colcon.colcon_core.package_discovery:discover_packages(path) discover
[4.862s] Level 1:colcon.colcon_core.package_discovery:discover_packages(path) using defaults
[5.079s] Level 1:colcon.colcon_core.package_discovery:discover_packages(prefix_path) check parameters
[5.079s] Level 1:colcon.colcon_core.package_discovery:discover_packages(prefix_path) discover
[5.086s] DEBUG:colcon.colcon_installed_package_information.package_discovery:Found 6 installed packages in /home/wilsonlo/dev_ws/install
[5.089s] DEBUG:colcon.colcon_installed_package_information.package_discovery:Found 367 installed packages in /opt/ros/jazzy
[5.091s] Level 1:colcon.colcon_core.package_discovery:discover_packages(prefix_path) using defaults
[5.384s] Level 5:colcon.colcon_core.verb:set package 'articubot_one' build argument 'cmake_args' from command line to 'None'
[5.384s] Level 5:colcon.colcon_core.verb:set package 'articubot_one' build argument 'cmake_target' from command line to 'None'
[5.384s] Level 5:colcon.colcon_core.verb:set package 'articubot_one' build argument 'cmake_target_skip_unavailable' from command line to 'False'
[5.384s] Level 5:colcon.colcon_core.verb:set package 'articubot_one' build argument 'cmake_clean_cache' from command line to 'False'
[5.384s] Level 5:colcon.colcon_core.verb:set package 'articubot_one' build argument 'cmake_clean_first' from command line to 'False'
[5.384s] Level 5:colcon.colcon_core.verb:set package 'articubot_one' build argument 'cmake_force_configure' from command line to 'False'
[5.384s] Level 5:colcon.colcon_core.verb:set package 'articubot_one' build argument 'ament_cmake_args' from command line to 'None'
[5.384s] Level 5:colcon.colcon_core.verb:set package 'articubot_one' build argument 'catkin_cmake_args' from command line to 'None'
[5.384s] Level 5:colcon.colcon_core.verb:set package 'articubot_one' build argument 'catkin_skip_building_tests' from command line to 'False'
[5.384s] DEBUG:colcon.colcon_core.verb:Building package 'articubot_one' with the following arguments: {'ament_cmake_args': None, 'build_base': '/home/wilsonlo/dev_ws/build/articubot_one', 'catkin_cmake_args': None, 'catkin_skip_building_tests': False, 'cmake_args': None, 'cmake_clean_cache': False, 'cmake_clean_first': False, 'cmake_force_configure': False, 'cmake_target': None, 'cmake_target_skip_unavailable': False, 'install_base': '/home/wilsonlo/dev_ws/install/articubot_one', 'merge_install': False, 'path': '/home/wilsonlo/dev_ws/src/articubot_one', 'symlink_install': True, 'test_result_base': None}
[5.385s] Level 5:colcon.colcon_core.verb:set package 'dd_bot' build argument 'cmake_args' from command line to 'None'
[5.385s] Level 5:colcon.colcon_core.verb:set package 'dd_bot' build argument 'cmake_target' from command line to 'None'
[5.385s] Level 5:colcon.colcon_core.verb:set package 'dd_bot' build argument 'cmake_target_skip_unavailable' from command line to 'False'
[5.385s] Level 5:colcon.colcon_core.verb:set package 'dd_bot' build argument 'cmake_clean_cache' from command line to 'False'
[5.385s] Level 5:colcon.colcon_core.verb:set package 'dd_bot' build argument 'cmake_clean_first' from command line to 'False'
[5.385s] Level 5:colcon.colcon_core.verb:set package 'dd_bot' build argument 'cmake_force_configure' from command line to 'False'
[5.385s] Level 5:colcon.colcon_core.verb:set package 'dd_bot' build argument 'ament_cmake_args' from command line to 'None'
[5.385s] Level 5:colcon.colcon_core.verb:set package 'dd_bot' build argument 'catkin_cmake_args' from command line to 'None'
[5.385s] Level 5:colcon.colcon_core.verb:set package 'dd_bot' build argument 'catkin_skip_building_tests' from command line to 'False'
[5.385s] DEBUG:colcon.colcon_core.verb:Building package 'dd_bot' with the following arguments: {'ament_cmake_args': None, 'build_base': '/home/wilsonlo/dev_ws/build/dd_bot', 'catkin_cmake_args': None, 'catkin_skip_building_tests': False, 'cmake_args': None, 'cmake_clean_cache': False, 'cmake_clean_first': False, 'cmake_force_configure': False, 'cmake_target': None, 'cmake_target_skip_unavailable': False, 'install_base': '/home/wilsonlo/dev_ws/install/dd_bot', 'merge_install': False, 'path': '/home/wilsonlo/dev_ws/src/dd_bot', 'symlink_install': True, 'test_result_base': None}
[5.386s] Level 5:colcon.colcon_core.verb:set package 'my_package' build argument 'cmake_args' from command line to 'None'
[5.386s] Level 5:colcon.colcon_core.verb:set package 'my_package' build argument 'cmake_target' from command line to 'None'
[5.386s] Level 5:colcon.colcon_core.verb:set package 'my_package' build argument 'cmake_target_skip_unavailable' from command line to 'False'
[5.386s] Level 5:colcon.colcon_core.verb:set package 'my_package' build argument 'cmake_clean_cache' from command line to 'False'
[5.386s] Level 5:colcon.colcon_core.verb:set package 'my_package' build argument 'cmake_clean_first' from command line to 'False'
[5.386s] Level 5:colcon.colcon_core.verb:set package 'my_package' build argument 'cmake_force_configure' from command line to 'False'
[5.386s] Level 5:colcon.colcon_core.verb:set package 'my_package' build argument 'ament_cmake_args' from command line to 'None'
[5.386s] Level 5:colcon.colcon_core.verb:set package 'my_package' build argument 'catkin_cmake_args' from command line to 'None'
[5.386s] Level 5:colcon.colcon_core.verb:set package 'my_package' build argument 'catkin_skip_building_tests' from command line to 'False'
[5.386s] DEBUG:colcon.colcon_core.verb:Building package 'my_package' with the following arguments: {'ament_cmake_args': None, 'build_base': '/home/wilsonlo/dev_ws/build/my_package', 'catkin_cmake_args': None, 'catkin_skip_building_tests': False, 'cmake_args': None, 'cmake_clean_cache': False, 'cmake_clean_first': False, 'cmake_force_configure': False, 'cmake_target': None, 'cmake_target_skip_unavailable': False, 'install_base': '/home/wilsonlo/dev_ws/install/my_package', 'merge_install': False, 'path': '/home/wilsonlo/dev_ws/src/my_package', 'symlink_install': True, 'test_result_base': None}
[5.386s] Level 5:colcon.colcon_core.verb:set package 'serial_motor_demo_msgs' build argument 'cmake_args' from command line to 'None'
[5.386s] Level 5:colcon.colcon_core.verb:set package 'serial_motor_demo_msgs' build argument 'cmake_target' from command line to 'None'
[5.386s] Level 5:colcon.colcon_core.verb:set package 'serial_motor_demo_msgs' build argument 'cmake_target_skip_unavailable' from command line to 'False'
[5.386s] Level 5:colcon.colcon_core.verb:set package 'serial_motor_demo_msgs' build argument 'cmake_clean_cache' from command line to 'False'
[5.386s] Level 5:colcon.colcon_core.verb:set package 'serial_motor_demo_msgs' build argument 'cmake_clean_first' from command line to 'False'
[5.386s] Level 5:colcon.colcon_core.verb:set package 'serial_motor_demo_msgs' build argument 'cmake_force_configure' from command line to 'False'
[5.386s] Level 5:colcon.colcon_core.verb:set package 'serial_motor_demo_msgs' build argument 'ament_cmake_args' from command line to 'None'
[5.387s] Level 5:colcon.colcon_core.verb:set package 'serial_motor_demo_msgs' build argument 'catkin_cmake_args' from command line to 'None'
[5.387s] Level 5:colcon.colcon_core.verb:set package 'serial_motor_demo_msgs' build argument 'catkin_skip_building_tests' from command line to 'False'
[5.387s] DEBUG:colcon.colcon_core.verb:Building package 'serial_motor_demo_msgs' with the following arguments: {'ament_cmake_args': None, 'build_base': '/home/wilsonlo/dev_ws/build/serial_motor_demo_msgs', 'catkin_cmake_args': None, 'catkin_skip_building_tests': False, 'cmake_args': None, 'cmake_clean_cache': False, 'cmake_clean_first': False, 'cmake_force_configure': False, 'cmake_target': None, 'cmake_target_skip_unavailable': False, 'install_base': '/home/wilsonlo/dev_ws/install/serial_motor_demo_msgs', 'merge_install': False, 'path': '/home/wilsonlo/dev_ws/src/serial_motor_demo/serial_motor_demo_msgs', 'symlink_install': True, 'test_result_base': None}
[5.387s] Level 5:colcon.colcon_core.verb:set package 'urdf_example' build argument 'cmake_args' from command line to 'None'
[5.387s] Level 5:colcon.colcon_core.verb:set package 'urdf_example' build argument 'cmake_target' from command line to 'None'
[5.387s] Level 5:colcon.colcon_core.verb:set package 'urdf_example' build argument 'cmake_target_skip_unavailable' from command line to 'False'
[5.387s] Level 5:colcon.colcon_core.verb:set package 'urdf_example' build argument 'cmake_clean_cache' from command line to 'False'
[5.387s] Level 5:colcon.colcon_core.verb:set package 'urdf_example' build argument 'cmake_clean_first' from command line to 'False'
[5.387s] Level 5:colcon.colcon_core.verb:set package 'urdf_example' build argument 'cmake_force_configure' from command line to 'False'
[5.387s] Level 5:colcon.colcon_core.verb:set package 'urdf_example' build argument 'ament_cmake_args' from command line to 'None'
[5.387s] Level 5:colcon.colcon_core.verb:set package 'urdf_example' build argument 'catkin_cmake_args' from command line to 'None'
[5.387s] Level 5:colcon.colcon_core.verb:set package 'urdf_example' build argument 'catkin_skip_building_tests' from command line to 'False'
[5.387s] DEBUG:colcon.colcon_core.verb:Building package 'urdf_example' with the following arguments: {'ament_cmake_args': None, 'build_base': '/home/wilsonlo/dev_ws/build/urdf_example', 'catkin_cmake_args': None, 'catkin_skip_building_tests': False, 'cmake_args': None, 'cmake_clean_cache': False, 'cmake_clean_first': False, 'cmake_force_configure': False, 'cmake_target': None, 'cmake_target_skip_unavailable': False, 'install_base': '/home/wilsonlo/dev_ws/install/urdf_example', 'merge_install': False, 'path': '/home/wilsonlo/dev_ws/src/urdf_example', 'symlink_install': True, 'test_result_base': None}
[5.388s] Level 5:colcon.colcon_core.verb:set package 'serial_motor_demo' build argument 'cmake_args' from command line to 'None'
[5.388s] Level 5:colcon.colcon_core.verb:set package 'serial_motor_demo' build argument 'cmake_target' from command line to 'None'
[5.388s] Level 5:colcon.colcon_core.verb:set package 'serial_motor_demo' build argument 'cmake_target_skip_unavailable' from command line to 'False'
[5.388s] Level 5:colcon.colcon_core.verb:set package 'serial_motor_demo' build argument 'cmake_clean_cache' from command line to 'False'
[5.388s] Level 5:colcon.colcon_core.verb:set package 'serial_motor_demo' build argument 'cmake_clean_first' from command line to 'False'
[5.388s] Level 5:colcon.colcon_core.verb:set package 'serial_motor_demo' build argument 'cmake_force_configure' from command line to 'False'
[5.388s] Level 5:colcon.colcon_core.verb:set package 'serial_motor_demo' build argument 'ament_cmake_args' from command line to 'None'
[5.388s] Level 5:colcon.colcon_core.verb:set package 'serial_motor_demo' build argument 'catkin_cmake_args' from command line to 'None'
[5.388s] Level 5:colcon.colcon_core.verb:set package 'serial_motor_demo' build argument 'catkin_skip_building_tests' from command line to 'False'
[5.388s] DEBUG:colcon.colcon_core.verb:Building package 'serial_motor_demo' with the following arguments: {'ament_cmake_args': None, 'build_base': '/home/wilsonlo/dev_ws/build/serial_motor_demo', 'catkin_cmake_args': None, 'catkin_skip_building_tests': False, 'cmake_args': None, 'cmake_clean_cache': False, 'cmake_clean_first': False, 'cmake_force_configure': False, 'cmake_target': None, 'cmake_target_skip_unavailable': False, 'install_base': '/home/wilsonlo/dev_ws/install/serial_motor_demo', 'merge_install': False, 'path': '/home/wilsonlo/dev_ws/src/serial_motor_demo/serial_motor_demo', 'symlink_install': True, 'test_result_base': None}
[5.389s] INFO:colcon.colcon_core.executor:Executing jobs using 'parallel' executor
[5.390s] DEBUG:colcon.colcon_parallel_executor.executor.parallel:run_until_complete
[5.390s] INFO:colcon.colcon_ros.task.ament_cmake.build:Building ROS package in '/home/wilsonlo/dev_ws/src/serial_motor_demo/serial_motor_demo_msgs' with build type 'ament_cmake'
[5.390s] INFO:colcon.colcon_cmake.task.cmake.build:Building CMake package in '/home/wilsonlo/dev_ws/src/serial_motor_demo/serial_motor_demo_msgs'
[5.398s] INFO:colcon.colcon_core.plugin_system:Skipping extension 'colcon_core.shell.bat': Not used on non-Windows systems
[5.398s] INFO:colcon.colcon_core.shell:Skip shell extension 'powershell' for command environment: Not usable outside of PowerShell
[5.398s] DEBUG:colcon.colcon_core.shell:Skip shell extension 'dsv' for command environment
[5.412s] INFO:colcon.colcon_ros.task.ament_cmake.build:Building ROS package in '/home/wilsonlo/dev_ws/src/articubot_one' with build type 'ament_cmake'
[5.413s] INFO:colcon.colcon_cmake.task.cmake.build:Building CMake package in '/home/wilsonlo/dev_ws/src/articubot_one'
[5.413s] INFO:colcon.colcon_core.shell:Skip shell extension 'powershell' for command environment: Not usable outside of PowerShell
[5.413s] DEBUG:colcon.colcon_core.shell:Skip shell extension 'dsv' for command environment
[5.417s] INFO:colcon.colcon_ros.task.ament_cmake.build:Building ROS package in '/home/wilsonlo/dev_ws/src/dd_bot' with build type 'ament_cmake'
[5.417s] INFO:colcon.colcon_cmake.task.cmake.build:Building CMake package in '/home/wilsonlo/dev_ws/src/dd_bot'
[5.418s] INFO:colcon.colcon_core.shell:Skip shell extension 'powershell' for command environment: Not usable outside of PowerShell
[5.418s] DEBUG:colcon.colcon_core.shell:Skip shell extension 'dsv' for command environment
[5.422s] INFO:colcon.colcon_ros.task.ament_cmake.build:Building ROS package in '/home/wilsonlo/dev_ws/src/my_package' with build type 'ament_cmake'
[5.422s] INFO:colcon.colcon_cmake.task.cmake.build:Building CMake package in '/home/wilsonlo/dev_ws/src/my_package'
[5.423s] INFO:colcon.colcon_core.shell:Skip shell extension 'powershell' for command environment: Not usable outside of PowerShell
[5.423s] DEBUG:colcon.colcon_core.shell:Skip shell extension 'dsv' for command environment
[5.427s] INFO:colcon.colcon_ros.task.ament_cmake.build:Building ROS package in '/home/wilsonlo/dev_ws/src/urdf_example' with build type 'ament_cmake'
[5.427s] INFO:colcon.colcon_cmake.task.cmake.build:Building CMake package in '/home/wilsonlo/dev_ws/src/urdf_example'
[5.427s] INFO:colcon.colcon_core.shell:Skip shell extension 'powershell' for command environment: Not usable outside of PowerShell
[5.427s] DEBUG:colcon.colcon_core.shell:Skip shell extension 'dsv' for command environment
[5.483s] DEBUG:colcon.colcon_core.event_handler.log_command:Invoking command in '/home/wilsonlo/dev_ws/build/serial_motor_demo_msgs': CMAKE_PREFIX_PATH=${CMAKE_PREFIX_PATH}:/home/wilsonlo/dev_ws/install/serial_motor_demo:/opt/ros/jazzy DEBUGINFOD_URLS=https://debuginfod.ubuntu.com /usr/bin/cmake --build /home/wilsonlo/dev_ws/build/serial_motor_demo_msgs -- -j8 -l8
[5.607s] DEBUG:colcon.colcon_core.event_handler.log_command:Invoking command in '/home/wilsonlo/dev_ws/build/articubot_one': CMAKE_PREFIX_PATH=${CMAKE_PREFIX_PATH}:/home/wilsonlo/dev_ws/install/serial_motor_demo:/opt/ros/jazzy DEBUGINFOD_URLS=https://debuginfod.ubuntu.com /usr/bin/cmake --build /home/wilsonlo/dev_ws/build/articubot_one -- -j8 -l8
[5.633s] DEBUG:colcon.colcon_core.event_handler.log_command:Invoking command in '/home/wilsonlo/dev_ws/build/dd_bot': CMAKE_PREFIX_PATH=${CMAKE_PREFIX_PATH}:/home/wilsonlo/dev_ws/install/serial_motor_demo:/opt/ros/jazzy DEBUGINFOD_URLS=https://debuginfod.ubuntu.com /usr/bin/cmake --build /home/wilsonlo/dev_ws/build/dd_bot -- -j8 -l8
[5.666s] DEBUG:colcon.colcon_core.event_handler.log_command:Invoking command in '/home/wilsonlo/dev_ws/build/my_package': CMAKE_PREFIX_PATH=${CMAKE_PREFIX_PATH}:/home/wilsonlo/dev_ws/install/serial_motor_demo:/opt/ros/jazzy DEBUGINFOD_URLS=https://debuginfod.ubuntu.com /usr/bin/cmake --build /home/wilsonlo/dev_ws/build/my_package -- -j8 -l8
[5.709s] DEBUG:colcon.colcon_core.event_handler.log_command:Invoking command in '/home/wilsonlo/dev_ws/build/urdf_example': CMAKE_PREFIX_PATH=${CMAKE_PREFIX_PATH}:/home/wilsonlo/dev_ws/install/serial_motor_demo:/opt/ros/jazzy DEBUGINFOD_URLS=https://debuginfod.ubuntu.com /usr/bin/cmake --build /home/wilsonlo/dev_ws/build/urdf_example -- -j8 -l8
[5.999s] DEBUG:colcon.colcon_core.event_handler.log_command:Invoked command in '/home/wilsonlo/dev_ws/build/articubot_one' returned '0': CMAKE_PREFIX_PATH=${CMAKE_PREFIX_PATH}:/home/wilsonlo/dev_ws/install/serial_motor_demo:/opt/ros/jazzy DEBUGINFOD_URLS=https://debuginfod.ubuntu.com /usr/bin/cmake --build /home/wilsonlo/dev_ws/build/articubot_one -- -j8 -l8
[6.014s] DEBUG:colcon.colcon_core.event_handler.log_command:Invoking command in '/home/wilsonlo/dev_ws/build/articubot_one': CMAKE_PREFIX_PATH=${CMAKE_PREFIX_PATH}:/home/wilsonlo/dev_ws/install/serial_motor_demo:/opt/ros/jazzy DEBUGINFOD_URLS=https://debuginfod.ubuntu.com /usr/bin/cmake --install /home/wilsonlo/dev_ws/build/articubot_one
[6.016s] DEBUG:colcon.colcon_core.event_handler.log_command:Invoked command in '/home/wilsonlo/dev_ws/build/dd_bot' returned '0': CMAKE_PREFIX_PATH=${CMAKE_PREFIX_PATH}:/home/wilsonlo/dev_ws/install/serial_motor_demo:/opt/ros/jazzy DEBUGINFOD_URLS=https://debuginfod.ubuntu.com /usr/bin/cmake --build /home/wilsonlo/dev_ws/build/dd_bot -- -j8 -l8
[6.029s] DEBUG:colcon.colcon_core.event_handler.log_command:Invoking command in '/home/wilsonlo/dev_ws/build/dd_bot': CMAKE_PREFIX_PATH=${CMAKE_PREFIX_PATH}:/home/wilsonlo/dev_ws/install/serial_motor_demo:/opt/ros/jazzy DEBUGINFOD_URLS=https://debuginfod.ubuntu.com /usr/bin/cmake --install /home/wilsonlo/dev_ws/build/dd_bot
[6.029s] DEBUG:colcon.colcon_core.event_handler.log_command:Invoked command in '/home/wilsonlo/dev_ws/build/my_package' returned '0': CMAKE_PREFIX_PATH=${CMAKE_PREFIX_PATH}:/home/wilsonlo/dev_ws/install/serial_motor_demo:/opt/ros/jazzy DEBUGINFOD_URLS=https://debuginfod.ubuntu.com /usr/bin/cmake --build /home/wilsonlo/dev_ws/build/my_package -- -j8 -l8
[6.031s] DEBUG:colcon.colcon_core.event_handler.log_command:Invoking command in '/home/wilsonlo/dev_ws/build/my_package': CMAKE_PREFIX_PATH=${CMAKE_PREFIX_PATH}:/home/wilsonlo/dev_ws/install/serial_motor_demo:/opt/ros/jazzy DEBUGINFOD_URLS=https://debuginfod.ubuntu.com /usr/bin/cmake --install /home/wilsonlo/dev_ws/build/my_package
[6.031s] DEBUG:colcon.colcon_core.event_handler.log_command:Invoked command in '/home/wilsonlo/dev_ws/build/urdf_example' returned '0': CMAKE_PREFIX_PATH=${CMAKE_PREFIX_PATH}:/home/wilsonlo/dev_ws/install/serial_motor_demo:/opt/ros/jazzy DEBUGINFOD_URLS=https://debuginfod.ubuntu.com /usr/bin/cmake --build /home/wilsonlo/dev_ws/build/urdf_example -- -j8 -l8
[6.033s] DEBUG:colcon.colcon_core.event_handler.log_command:Invoking command in '/home/wilsonlo/dev_ws/build/urdf_example': CMAKE_PREFIX_PATH=${CMAKE_PREFIX_PATH}:/home/wilsonlo/dev_ws/install/serial_motor_demo:/opt/ros/jazzy DEBUGINFOD_URLS=https://debuginfod.ubuntu.com /usr/bin/cmake --install /home/wilsonlo/dev_ws/build/urdf_example
[6.214s] Level 1:colcon.colcon_core.environment:create_environment_scripts_only(urdf_example)
[6.231s] DEBUG:colcon.colcon_core.event_handler.log_command:Invoked command in '/home/wilsonlo/dev_ws/build/urdf_example' returned '0': CMAKE_PREFIX_PATH=${CMAKE_PREFIX_PATH}:/home/wilsonlo/dev_ws/install/serial_motor_demo:/opt/ros/jazzy DEBUGINFOD_URLS=https://debuginfod.ubuntu.com /usr/bin/cmake --install /home/wilsonlo/dev_ws/build/urdf_example
[6.310s] Level 1:colcon.colcon_core.environment:checking '/home/wilsonlo/dev_ws/install/urdf_example' for CMake module files
[6.311s] Level 1:colcon.colcon_core.environment:checking '/home/wilsonlo/dev_ws/install/urdf_example' for CMake config files
[6.311s] Level 1:colcon.colcon_core.shell:create_environment_hook('urdf_example', 'cmake_prefix_path')
[6.311s] INFO:colcon.colcon_core.shell:Creating environment hook '/home/wilsonlo/dev_ws/install/urdf_example/share/urdf_example/hook/cmake_prefix_path.ps1'
[6.350s] INFO:colcon.colcon_core.shell:Creating environment descriptor '/home/wilsonlo/dev_ws/install/urdf_example/share/urdf_example/hook/cmake_prefix_path.dsv'
[6.352s] INFO:colcon.colcon_core.shell:Creating environment hook '/home/wilsonlo/dev_ws/install/urdf_example/share/urdf_example/hook/cmake_prefix_path.sh'
[6.354s] Level 1:colcon.colcon_core.environment:checking '/home/wilsonlo/dev_ws/install/urdf_example/bin'
[6.354s] Level 1:colcon.colcon_core.environment:checking '/home/wilsonlo/dev_ws/install/urdf_example/lib/pkgconfig/urdf_example.pc'
[6.354s] Level 1:colcon.colcon_core.environment:checking '/home/wilsonlo/dev_ws/install/urdf_example/lib/python3.12/site-packages'
[6.355s] Level 1:colcon.colcon_core.environment:checking '/home/wilsonlo/dev_ws/install/urdf_example/bin'
[6.355s] INFO:colcon.colcon_core.shell:Creating package script '/home/wilsonlo/dev_ws/install/urdf_example/share/urdf_example/package.ps1'
[6.357s] INFO:colcon.colcon_core.shell:Creating package descriptor '/home/wilsonlo/dev_ws/install/urdf_example/share/urdf_example/package.dsv'
[6.357s] INFO:colcon.colcon_core.shell:Creating package script '/home/wilsonlo/dev_ws/install/urdf_example/share/urdf_example/package.sh'
[6.358s] INFO:colcon.colcon_core.shell:Creating package script '/home/wilsonlo/dev_ws/install/urdf_example/share/urdf_example/package.bash'
[6.559s] INFO:colcon.colcon_core.shell:Creating package script '/home/wilsonlo/dev_ws/install/urdf_example/share/urdf_example/package.zsh'
[6.569s] Level 1:colcon.colcon_core.environment:create_file_with_runtime_dependencies(/home/wilsonlo/dev_ws/install/urdf_example/share/colcon-core/packages/urdf_example)
[6.571s] Level 1:colcon.colcon_core.environment:create_environment_scripts_only(urdf_example)
[6.572s] Level 1:colcon.colcon_core.environment:checking '/home/wilsonlo/dev_ws/install/urdf_example' for CMake module files
[6.575s] Level 1:colcon.colcon_core.environment:checking '/home/wilsonlo/dev_ws/install/urdf_example' for CMake config files
[6.576s] Level 1:colcon.colcon_core.shell:create_environment_hook('urdf_example', 'cmake_prefix_path')
[6.577s] INFO:colcon.colcon_core.shell:Creating environment hook '/home/wilsonlo/dev_ws/install/urdf_example/share/urdf_example/hook/cmake_prefix_path.ps1'
[6.578s] INFO:colcon.colcon_core.shell:Creating environment descriptor '/home/wilsonlo/dev_ws/install/urdf_example/share/urdf_example/hook/cmake_prefix_path.dsv'
[6.579s] INFO:colcon.colcon_core.shell:Creating environment hook '/home/wilsonlo/dev_ws/install/urdf_example/share/urdf_example/hook/cmake_prefix_path.sh'
[6.581s] Level 1:colcon.colcon_core.environment:checking '/home/wilsonlo/dev_ws/install/urdf_example/bin'
[6.581s] Level 1:colcon.colcon_core.environment:checking '/home/wilsonlo/dev_ws/install/urdf_example/lib/pkgconfig/urdf_example.pc'
[6.582s] Level 1:colcon.colcon_core.environment:checking '/home/wilsonlo/dev_ws/install/urdf_example/lib/python3.12/site-packages'
[6.583s] Level 1:colcon.colcon_core.environment:checking '/home/wilsonlo/dev_ws/install/urdf_example/bin'
[6.584s] INFO:colcon.colcon_core.shell:Creating package script '/home/wilsonlo/dev_ws/install/urdf_example/share/urdf_example/package.ps1'
[6.586s] INFO:colcon.colcon_core.shell:Creating package descriptor '/home/wilsonlo/dev_ws/install/urdf_example/share/urdf_example/package.dsv'
[6.588s] INFO:colcon.colcon_core.shell:Creating package script '/home/wilsonlo/dev_ws/install/urdf_example/share/urdf_example/package.sh'
[6.589s] INFO:colcon.colcon_core.shell:Creating package script '/home/wilsonlo/dev_ws/install/urdf_example/share/urdf_example/package.bash'
[6.591s] INFO:colcon.colcon_core.shell:Creating package script '/home/wilsonlo/dev_ws/install/urdf_example/share/urdf_example/package.zsh'
[6.593s] Level 1:colcon.colcon_core.environment:create_file_with_runtime_dependencies(/home/wilsonlo/dev_ws/install/urdf_example/share/colcon-core/packages/urdf_example)
[6.598s] Level 1:colcon.colcon_core.environment:create_environment_scripts_only(my_package)
[6.599s] Level 1:colcon.colcon_core.environment:checking '/home/wilsonlo/dev_ws/install/my_package' for CMake module files
[6.600s] DEBUG:colcon.colcon_core.event_handler.log_command:Invoked command in '/home/wilsonlo/dev_ws/build/my_package' returned '0': CMAKE_PREFIX_PATH=${CMAKE_PREFIX_PATH}:/home/wilsonlo/dev_ws/install/serial_motor_demo:/opt/ros/jazzy DEBUGINFOD_URLS=https://debuginfod.ubuntu.com /usr/bin/cmake --install /home/wilsonlo/dev_ws/build/my_package
[6.602s] Level 1:colcon.colcon_core.environment:checking '/home/wilsonlo/dev_ws/install/my_package' for CMake config files
[6.603s] Level 1:colcon.colcon_core.shell:create_environment_hook('my_package', 'cmake_prefix_path')
[6.604s] INFO:colcon.colcon_core.shell:Creating environment hook '/home/wilsonlo/dev_ws/install/my_package/share/my_package/hook/cmake_prefix_path.ps1'
[6.606s] INFO:colcon.colcon_core.shell:Creating environment descriptor '/home/wilsonlo/dev_ws/install/my_package/share/my_package/hook/cmake_prefix_path.dsv'
[6.608s] INFO:colcon.colcon_core.shell:Creating environment hook '/home/wilsonlo/dev_ws/install/my_package/share/my_package/hook/cmake_prefix_path.sh'
[6.611s] Level 1:colcon.colcon_core.environment:checking '/home/wilsonlo/dev_ws/install/my_package/bin'
[6.611s] Level 1:colcon.colcon_core.environment:checking '/home/wilsonlo/dev_ws/install/my_package/lib/pkgconfig/my_package.pc'
[6.612s] Level 1:colcon.colcon_core.environment:checking '/home/wilsonlo/dev_ws/install/my_package/lib/python3.12/site-packages'
[6.613s] Level 1:colcon.colcon_core.environment:checking '/home/wilsonlo/dev_ws/install/my_package/bin'
[6.614s] INFO:colcon.colcon_core.shell:Creating package script '/home/wilsonlo/dev_ws/install/my_package/share/my_package/package.ps1'
[6.616s] INFO:colcon.colcon_core.shell:Creating package descriptor '/home/wilsonlo/dev_ws/install/my_package/share/my_package/package.dsv'
[6.617s] INFO:colcon.colcon_core.shell:Creating package script '/home/wilsonlo/dev_ws/install/my_package/share/my_package/package.sh'
[6.619s] INFO:colcon.colcon_core.shell:Creating package script '/home/wilsonlo/dev_ws/install/my_package/share/my_package/package.bash'
[6.620s] INFO:colcon.colcon_core.shell:Creating package script '/home/wilsonlo/dev_ws/install/my_package/share/my_package/package.zsh'
[6.622s] Level 1:colcon.colcon_core.environment:create_file_with_runtime_dependencies(/home/wilsonlo/dev_ws/install/my_package/share/colcon-core/packages/my_package)
[6.623s] Level 1:colcon.colcon_core.environment:create_environment_scripts_only(my_package)
[6.624s] Level 1:colcon.colcon_core.environment:checking '/home/wilsonlo/dev_ws/install/my_package' for CMake module files
[6.627s] Level 1:colcon.colcon_core.environment:checking '/home/wilsonlo/dev_ws/install/my_package' for CMake config files
[6.628s] Level 1:colcon.colcon_core.shell:create_environment_hook('my_package', 'cmake_prefix_path')
[6.628s] INFO:colcon.colcon_core.shell:Creating environment hook '/home/wilsonlo/dev_ws/install/my_package/share/my_package/hook/cmake_prefix_path.ps1'
[6.630s] INFO:colcon.colcon_core.shell:Creating environment descriptor '/home/wilsonlo/dev_ws/install/my_package/share/my_package/hook/cmake_prefix_path.dsv'
[6.632s] INFO:colcon.colcon_core.shell:Creating environment hook '/home/wilsonlo/dev_ws/install/my_package/share/my_package/hook/cmake_prefix_path.sh'
[6.634s] Level 1:colcon.colcon_core.environment:checking '/home/wilsonlo/dev_ws/install/my_package/bin'
[6.635s] Level 1:colcon.colcon_core.environment:checking '/home/wilsonlo/dev_ws/install/my_package/lib/pkgconfig/my_package.pc'
[6.636s] Level 1:colcon.colcon_core.environment:checking '/home/wilsonlo/dev_ws/install/my_package/lib/python3.12/site-packages'
[6.636s] Level 1:colcon.colcon_core.environment:checking '/home/wilsonlo/dev_ws/install/my_package/bin'
[6.637s] INFO:colcon.colcon_core.shell:Creating package script '/home/wilsonlo/dev_ws/install/my_package/share/my_package/package.ps1'
[6.640s] INFO:colcon.colcon_core.shell:Creating package descriptor '/home/wilsonlo/dev_ws/install/my_package/share/my_package/package.dsv'
[6.642s] INFO:colcon.colcon_core.shell:Creating package script '/home/wilsonlo/dev_ws/install/my_package/share/my_package/package.sh'
[6.644s] INFO:colcon.colcon_core.shell:Creating package script '/home/wilsonlo/dev_ws/install/my_package/share/my_package/package.bash'
[6.645s] INFO:colcon.colcon_core.shell:Creating package script '/home/wilsonlo/dev_ws/install/my_package/share/my_package/package.zsh'
[6.647s] Level 1:colcon.colcon_core.environment:create_file_with_runtime_dependencies(/home/wilsonlo/dev_ws/install/my_package/share/colcon-core/packages/my_package)
[6.648s] Level 1:colcon.colcon_core.environment:create_environment_scripts_only(articubot_one)
[6.649s] Level 1:colcon.colcon_core.environment:checking '/home/wilsonlo/dev_ws/install/articubot_one' for CMake module files
[6.654s] Level 1:colcon.colcon_core.environment:checking '/home/wilsonlo/dev_ws/install/articubot_one' for CMake config files
[6.656s] DEBUG:colcon.colcon_core.event_handler.log_command:Invoked command in '/home/wilsonlo/dev_ws/build/articubot_one' returned '0': CMAKE_PREFIX_PATH=${CMAKE_PREFIX_PATH}:/home/wilsonlo/dev_ws/install/serial_motor_demo:/opt/ros/jazzy DEBUGINFOD_URLS=https://debuginfod.ubuntu.com /usr/bin/cmake --install /home/wilsonlo/dev_ws/build/articubot_one
[6.657s] Level 1:colcon.colcon_core.shell:create_environment_hook('articubot_one', 'cmake_prefix_path')
[6.658s] INFO:colcon.colcon_core.shell:Creating environment hook '/home/wilsonlo/dev_ws/install/articubot_one/share/articubot_one/hook/cmake_prefix_path.ps1'
[6.660s] INFO:colcon.colcon_core.shell:Creating environment descriptor '/home/wilsonlo/dev_ws/install/articubot_one/share/articubot_one/hook/cmake_prefix_path.dsv'
[6.662s] INFO:colcon.colcon_core.shell:Creating environment hook '/home/wilsonlo/dev_ws/install/articubot_one/share/articubot_one/hook/cmake_prefix_path.sh'
[6.664s] Level 1:colcon.colcon_core.environment:checking '/home/wilsonlo/dev_ws/install/articubot_one/bin'
[6.664s] Level 1:colcon.colcon_core.environment:checking '/home/wilsonlo/dev_ws/install/articubot_one/lib/pkgconfig/articubot_one.pc'
[6.665s] Level 1:colcon.colcon_core.environment:checking '/home/wilsonlo/dev_ws/install/articubot_one/lib/python3.12/site-packages'
[6.667s] Level 1:colcon.colcon_core.environment:checking '/home/wilsonlo/dev_ws/install/articubot_one/bin'
[6.668s] INFO:colcon.colcon_core.shell:Creating package script '/home/wilsonlo/dev_ws/install/articubot_one/share/articubot_one/package.ps1'
[6.670s] INFO:colcon.colcon_core.shell:Creating package descriptor '/home/wilsonlo/dev_ws/install/articubot_one/share/articubot_one/package.dsv'
[6.672s] INFO:colcon.colcon_core.shell:Creating package script '/home/wilsonlo/dev_ws/install/articubot_one/share/articubot_one/package.sh'
[6.676s] INFO:colcon.colcon_core.shell:Creating package script '/home/wilsonlo/dev_ws/install/articubot_one/share/articubot_one/package.bash'
[6.678s] INFO:colcon.colcon_core.shell:Creating package script '/home/wilsonlo/dev_ws/install/articubot_one/share/articubot_one/package.zsh'
[6.680s] Level 1:colcon.colcon_core.environment:create_file_with_runtime_dependencies(/home/wilsonlo/dev_ws/install/articubot_one/share/colcon-core/packages/articubot_one)
[6.684s] Level 1:colcon.colcon_core.environment:create_environment_scripts_only(articubot_one)
[6.685s] Level 1:colcon.colcon_core.environment:checking '/home/wilsonlo/dev_ws/install/articubot_one' for CMake module files
[6.688s] Level 1:colcon.colcon_core.environment:checking '/home/wilsonlo/dev_ws/install/articubot_one' for CMake config files
[6.691s] Level 1:colcon.colcon_core.shell:create_environment_hook('articubot_one', 'cmake_prefix_path')
[6.692s] INFO:colcon.colcon_core.shell:Creating environment hook '/home/wilsonlo/dev_ws/install/articubot_one/share/articubot_one/hook/cmake_prefix_path.ps1'
[6.695s] INFO:colcon.colcon_core.shell:Creating environment descriptor '/home/wilsonlo/dev_ws/install/articubot_one/share/articubot_one/hook/cmake_prefix_path.dsv'
[6.697s] INFO:colcon.colcon_core.shell:Creating environment hook '/home/wilsonlo/dev_ws/install/articubot_one/share/articubot_one/hook/cmake_prefix_path.sh'
[6.699s] Level 1:colcon.colcon_core.environment:checking '/home/wilsonlo/dev_ws/install/articubot_one/bin'
[6.699s] Level 1:colcon.colcon_core.environment:checking '/home/wilsonlo/dev_ws/install/articubot_one/lib/pkgconfig/articubot_one.pc'
[6.700s] Level 1:colcon.colcon_core.environment:checking '/home/wilsonlo/dev_ws/install/articubot_one/lib/python3.12/site-packages'
[6.701s] Level 1:colcon.colcon_core.environment:checking '/home/wilsonlo/dev_ws/install/articubot_one/bin'
[6.703s] INFO:colcon.colcon_core.shell:Creating package script '/home/wilsonlo/dev_ws/install/articubot_one/share/articubot_one/package.ps1'
[6.705s] INFO:colcon.colcon_core.shell:Creating package descriptor '/home/wilsonlo/dev_ws/install/articubot_one/share/articubot_one/package.dsv'
[6.706s] INFO:colcon.colcon_core.shell:Creating package script '/home/wilsonlo/dev_ws/install/articubot_one/share/articubot_one/package.sh'
[6.708s] INFO:colcon.colcon_core.shell:Creating package script '/home/wilsonlo/dev_ws/install/articubot_one/share/articubot_one/package.bash'
[6.708s] INFO:colcon.colcon_core.shell:Creating package script '/home/wilsonlo/dev_ws/install/articubot_one/share/articubot_one/package.zsh'
[6.709s] Level 1:colcon.colcon_core.environment:create_file_with_runtime_dependencies(/home/wilsonlo/dev_ws/install/articubot_one/share/colcon-core/packages/articubot_one)
[6.710s] Level 1:colcon.colcon_core.environment:create_environment_scripts_only(dd_bot)
[6.710s] Level 1:colcon.colcon_core.environment:checking '/home/wilsonlo/dev_ws/install/dd_bot' for CMake module files
[6.712s] DEBUG:colcon.colcon_core.event_handler.log_command:Invoked command in '/home/wilsonlo/dev_ws/build/dd_bot' returned '0': CMAKE_PREFIX_PATH=${CMAKE_PREFIX_PATH}:/home/wilsonlo/dev_ws/install/serial_motor_demo:/opt/ros/jazzy DEBUGINFOD_URLS=https://debuginfod.ubuntu.com /usr/bin/cmake --install /home/wilsonlo/dev_ws/build/dd_bot
[6.713s] Level 1:colcon.colcon_core.environment:checking '/home/wilsonlo/dev_ws/install/dd_bot' for CMake config files
[6.715s] Level 1:colcon.colcon_core.shell:create_environment_hook('dd_bot', 'cmake_prefix_path')
[6.715s] INFO:colcon.colcon_core.shell:Creating environment hook '/home/wilsonlo/dev_ws/install/dd_bot/share/dd_bot/hook/cmake_prefix_path.ps1'
[6.716s] INFO:colcon.colcon_core.shell:Creating environment descriptor '/home/wilsonlo/dev_ws/install/dd_bot/share/dd_bot/hook/cmake_prefix_path.dsv'
[6.717s] INFO:colcon.colcon_core.shell:Creating environment hook '/home/wilsonlo/dev_ws/install/dd_bot/share/dd_bot/hook/cmake_prefix_path.sh'
[6.718s] Level 1:colcon.colcon_core.environment:checking '/home/wilsonlo/dev_ws/install/dd_bot/bin'
[6.718s] Level 1:colcon.colcon_core.environment:checking '/home/wilsonlo/dev_ws/install/dd_bot/lib/pkgconfig/dd_bot.pc'
[6.719s] Level 1:colcon.colcon_core.environment:checking '/home/wilsonlo/dev_ws/install/dd_bot/lib/python3.12/site-packages'
[6.720s] Level 1:colcon.colcon_core.environment:checking '/home/wilsonlo/dev_ws/install/dd_bot/bin'
[6.720s] INFO:colcon.colcon_core.shell:Creating package script '/home/wilsonlo/dev_ws/install/dd_bot/share/dd_bot/package.ps1'
[6.722s] INFO:colcon.colcon_core.shell:Creating package descriptor '/home/wilsonlo/dev_ws/install/dd_bot/share/dd_bot/package.dsv'
[6.723s] INFO:colcon.colcon_core.shell:Creating package script '/home/wilsonlo/dev_ws/install/dd_bot/share/dd_bot/package.sh'
[6.724s] INFO:colcon.colcon_core.shell:Creating package script '/home/wilsonlo/dev_ws/install/dd_bot/share/dd_bot/package.bash'
[6.725s] INFO:colcon.colcon_core.shell:Creating package script '/home/wilsonlo/dev_ws/install/dd_bot/share/dd_bot/package.zsh'
[6.726s] Level 1:colcon.colcon_core.environment:create_file_with_runtime_dependencies(/home/wilsonlo/dev_ws/install/dd_bot/share/colcon-core/packages/dd_bot)
[6.726s] Level 1:colcon.colcon_core.environment:create_environment_scripts_only(dd_bot)
[6.727s] Level 1:colcon.colcon_core.environment:checking '/home/wilsonlo/dev_ws/install/dd_bot' for CMake module files
[6.728s] Level 1:colcon.colcon_core.environment:checking '/home/wilsonlo/dev_ws/install/dd_bot' for CMake config files
[6.728s] Level 1:colcon.colcon_core.shell:create_environment_hook('dd_bot', 'cmake_prefix_path')
[6.729s] INFO:colcon.colcon_core.shell:Creating environment hook '/home/wilsonlo/dev_ws/install/dd_bot/share/dd_bot/hook/cmake_prefix_path.ps1'
[6.730s] INFO:colcon.colcon_core.shell:Creating environment descriptor '/home/wilsonlo/dev_ws/install/dd_bot/share/dd_bot/hook/cmake_prefix_path.dsv'
[6.731s] INFO:colcon.colcon_core.shell:Creating environment hook '/home/wilsonlo/dev_ws/install/dd_bot/share/dd_bot/hook/cmake_prefix_path.sh'
[6.731s] Level 1:colcon.colcon_core.environment:checking '/home/wilsonlo/dev_ws/install/dd_bot/bin'
[6.732s] Level 1:colcon.colcon_core.environment:checking '/home/wilsonlo/dev_ws/install/dd_bot/lib/pkgconfig/dd_bot.pc'
[6.732s] Level 1:colcon.colcon_core.environment:checking '/home/wilsonlo/dev_ws/install/dd_bot/lib/python3.12/site-packages'
[6.732s] Level 1:colcon.colcon_core.environment:checking '/home/wilsonlo/dev_ws/install/dd_bot/bin'
[6.732s] INFO:colcon.colcon_core.shell:Creating package script '/home/wilsonlo/dev_ws/install/dd_bot/share/dd_bot/package.ps1'
[6.733s] INFO:colcon.colcon_core.shell:Creating package descriptor '/home/wilsonlo/dev_ws/install/dd_bot/share/dd_bot/package.dsv'
[6.734s] INFO:colcon.colcon_core.shell:Creating package script '/home/wilsonlo/dev_ws/install/dd_bot/share/dd_bot/package.sh'
[6.734s] INFO:colcon.colcon_core.shell:Creating package script '/home/wilsonlo/dev_ws/install/dd_bot/share/dd_bot/package.bash'
[6.735s] INFO:colcon.colcon_core.shell:Creating package script '/home/wilsonlo/dev_ws/install/dd_bot/share/dd_bot/package.zsh'
[6.735s] Level 1:colcon.colcon_core.environment:create_file_with_runtime_dependencies(/home/wilsonlo/dev_ws/install/dd_bot/share/colcon-core/packages/dd_bot)
[6.944s] DEBUG:colcon.colcon_core.event_handler.log_command:Invoked command in '/home/wilsonlo/dev_ws/build/serial_motor_demo_msgs' returned '0': CMAKE_PREFIX_PATH=${CMAKE_PREFIX_PATH}:/home/wilsonlo/dev_ws/install/serial_motor_demo:/opt/ros/jazzy DEBUGINFOD_URLS=https://debuginfod.ubuntu.com /usr/bin/cmake --build /home/wilsonlo/dev_ws/build/serial_motor_demo_msgs -- -j8 -l8
[6.948s] DEBUG:colcon.colcon_core.event_handler.log_command:Invoking command in '/home/wilsonlo/dev_ws/build/serial_motor_demo_msgs': CMAKE_PREFIX_PATH=${CMAKE_PREFIX_PATH}:/home/wilsonlo/dev_ws/install/serial_motor_demo:/opt/ros/jazzy DEBUGINFOD_URLS=https://debuginfod.ubuntu.com /usr/bin/cmake --install /home/wilsonlo/dev_ws/build/serial_motor_demo_msgs
[7.279s] Level 1:colcon.colcon_core.environment:create_environment_scripts_only(serial_motor_demo_msgs)
[7.280s] Level 1:colcon.colcon_core.environment:checking '/home/wilsonlo/dev_ws/install/serial_motor_demo_msgs' for CMake module files
[7.282s] DEBUG:colcon.colcon_core.event_handler.log_command:Invoked command in '/home/wilsonlo/dev_ws/build/serial_motor_demo_msgs' returned '0': CMAKE_PREFIX_PATH=${CMAKE_PREFIX_PATH}:/home/wilsonlo/dev_ws/install/serial_motor_demo:/opt/ros/jazzy DEBUGINFOD_URLS=https://debuginfod.ubuntu.com /usr/bin/cmake --install /home/wilsonlo/dev_ws/build/serial_motor_demo_msgs
[7.285s] Level 1:colcon.colcon_core.environment:checking '/home/wilsonlo/dev_ws/install/serial_motor_demo_msgs' for CMake config files
[7.290s] Level 1:colcon.colcon_core.shell:create_environment_hook('serial_motor_demo_msgs', 'cmake_prefix_path')
[7.291s] INFO:colcon.colcon_core.shell:Creating environment hook '/home/wilsonlo/dev_ws/install/serial_motor_demo_msgs/share/serial_motor_demo_msgs/hook/cmake_prefix_path.ps1'
[7.292s] INFO:colcon.colcon_core.shell:Creating environment descriptor '/home/wilsonlo/dev_ws/install/serial_motor_demo_msgs/share/serial_motor_demo_msgs/hook/cmake_prefix_path.dsv'
[7.294s] INFO:colcon.colcon_core.shell:Creating environment hook '/home/wilsonlo/dev_ws/install/serial_motor_demo_msgs/share/serial_motor_demo_msgs/hook/cmake_prefix_path.sh'
[7.297s] Level 1:colcon.colcon_core.environment:checking '/home/wilsonlo/dev_ws/install/serial_motor_demo_msgs/lib'
[7.297s] Level 1:colcon.colcon_core.shell:create_environment_hook('serial_motor_demo_msgs', 'ld_library_path_lib')
[7.298s] INFO:colcon.colcon_core.shell:Creating environment hook '/home/wilsonlo/dev_ws/install/serial_motor_demo_msgs/share/serial_motor_demo_msgs/hook/ld_library_path_lib.ps1'
[7.300s] INFO:colcon.colcon_core.shell:Creating environment descriptor '/home/wilsonlo/dev_ws/install/serial_motor_demo_msgs/share/serial_motor_demo_msgs/hook/ld_library_path_lib.dsv'
[7.301s] INFO:colcon.colcon_core.shell:Creating environment hook '/home/wilsonlo/dev_ws/install/serial_motor_demo_msgs/share/serial_motor_demo_msgs/hook/ld_library_path_lib.sh'
[7.303s] Level 1:colcon.colcon_core.environment:checking '/home/wilsonlo/dev_ws/install/serial_motor_demo_msgs/bin'
[7.303s] Level 1:colcon.colcon_core.environment:checking '/home/wilsonlo/dev_ws/install/serial_motor_demo_msgs/lib/pkgconfig/serial_motor_demo_msgs.pc'
[7.304s] Level 1:colcon.colcon_core.environment:checking '/home/wilsonlo/dev_ws/install/serial_motor_demo_msgs/lib/python3.12/site-packages'
[7.304s] Level 1:colcon.colcon_core.shell:create_environment_hook('serial_motor_demo_msgs', 'pythonpath')
[7.305s] INFO:colcon.colcon_core.shell:Creating environment hook '/home/wilsonlo/dev_ws/install/serial_motor_demo_msgs/share/serial_motor_demo_msgs/hook/pythonpath.ps1'
[7.307s] INFO:colcon.colcon_core.shell:Creating environment descriptor '/home/wilsonlo/dev_ws/install/serial_motor_demo_msgs/share/serial_motor_demo_msgs/hook/pythonpath.dsv'
[7.308s] INFO:colcon.colcon_core.shell:Creating environment hook '/home/wilsonlo/dev_ws/install/serial_motor_demo_msgs/share/serial_motor_demo_msgs/hook/pythonpath.sh'
[7.311s] Level 1:colcon.colcon_core.environment:checking '/home/wilsonlo/dev_ws/install/serial_motor_demo_msgs/bin'
[7.312s] INFO:colcon.colcon_core.shell:Creating package script '/home/wilsonlo/dev_ws/install/serial_motor_demo_msgs/share/serial_motor_demo_msgs/package.ps1'
[7.316s] INFO:colcon.colcon_core.shell:Creating package descriptor '/home/wilsonlo/dev_ws/install/serial_motor_demo_msgs/share/serial_motor_demo_msgs/package.dsv'
[7.318s] INFO:colcon.colcon_core.shell:Creating package script '/home/wilsonlo/dev_ws/install/serial_motor_demo_msgs/share/serial_motor_demo_msgs/package.sh'
[7.321s] INFO:colcon.colcon_core.shell:Creating package script '/home/wilsonlo/dev_ws/install/serial_motor_demo_msgs/share/serial_motor_demo_msgs/package.bash'
[7.324s] INFO:colcon.colcon_core.shell:Creating package script '/home/wilsonlo/dev_ws/install/serial_motor_demo_msgs/share/serial_motor_demo_msgs/package.zsh'
[7.326s] Level 1:colcon.colcon_core.environment:create_file_with_runtime_dependencies(/home/wilsonlo/dev_ws/install/serial_motor_demo_msgs/share/colcon-core/packages/serial_motor_demo_msgs)
[7.328s] Level 1:colcon.colcon_core.environment:create_environment_scripts_only(serial_motor_demo_msgs)
[7.329s] Level 1:colcon.colcon_core.environment:checking '/home/wilsonlo/dev_ws/install/serial_motor_demo_msgs' for CMake module files
[7.332s] Level 1:colcon.colcon_core.environment:checking '/home/wilsonlo/dev_ws/install/serial_motor_demo_msgs' for CMake config files
[7.335s] Level 1:colcon.colcon_core.shell:create_environment_hook('serial_motor_demo_msgs', 'cmake_prefix_path')
[7.336s] INFO:colcon.colcon_core.shell:Creating environment hook '/home/wilsonlo/dev_ws/install/serial_motor_demo_msgs/share/serial_motor_demo_msgs/hook/cmake_prefix_path.ps1'
[7.338s] INFO:colcon.colcon_core.shell:Creating environment descriptor '/home/wilsonlo/dev_ws/install/serial_motor_demo_msgs/share/serial_motor_demo_msgs/hook/cmake_prefix_path.dsv'
[7.339s] INFO:colcon.colcon_core.shell:Creating environment hook '/home/wilsonlo/dev_ws/install/serial_motor_demo_msgs/share/serial_motor_demo_msgs/hook/cmake_prefix_path.sh'
[7.342s] Level 1:colcon.colcon_core.environment:checking '/home/wilsonlo/dev_ws/install/serial_motor_demo_msgs/lib'
[7.343s] Level 1:colcon.colcon_core.shell:create_environment_hook('serial_motor_demo_msgs', 'ld_library_path_lib')
[7.343s] INFO:colcon.colcon_core.shell:Creating environment hook '/home/wilsonlo/dev_ws/install/serial_motor_demo_msgs/share/serial_motor_demo_msgs/hook/ld_library_path_lib.ps1'
[7.345s] INFO:colcon.colcon_core.shell:Creating environment descriptor '/home/wilsonlo/dev_ws/install/serial_motor_demo_msgs/share/serial_motor_demo_msgs/hook/ld_library_path_lib.dsv'
[7.347s] INFO:colcon.colcon_core.shell:Creating environment hook '/home/wilsonlo/dev_ws/install/serial_motor_demo_msgs/share/serial_motor_demo_msgs/hook/ld_library_path_lib.sh'
[7.348s] Level 1:colcon.colcon_core.environment:checking '/home/wilsonlo/dev_ws/install/serial_motor_demo_msgs/bin'
[7.349s] Level 1:colcon.colcon_core.environment:checking '/home/wilsonlo/dev_ws/install/serial_motor_demo_msgs/lib/pkgconfig/serial_motor_demo_msgs.pc'
[7.350s] Level 1:colcon.colcon_core.environment:checking '/home/wilsonlo/dev_ws/install/serial_motor_demo_msgs/lib/python3.12/site-packages'
[7.351s] Level 1:colcon.colcon_core.shell:create_environment_hook('serial_motor_demo_msgs', 'pythonpath')
[7.351s] INFO:colcon.colcon_core.shell:Creating environment hook '/home/wilsonlo/dev_ws/install/serial_motor_demo_msgs/share/serial_motor_demo_msgs/hook/pythonpath.ps1'
[7.352s] INFO:colcon.colcon_core.shell:Creating environment descriptor '/home/wilsonlo/dev_ws/install/serial_motor_demo_msgs/share/serial_motor_demo_msgs/hook/pythonpath.dsv'
[7.353s] INFO:colcon.colcon_core.shell:Creating environment hook '/home/wilsonlo/dev_ws/install/serial_motor_demo_msgs/share/serial_motor_demo_msgs/hook/pythonpath.sh'
[7.356s] Level 1:colcon.colcon_core.environment:checking '/home/wilsonlo/dev_ws/install/serial_motor_demo_msgs/bin'
[7.357s] INFO:colcon.colcon_core.shell:Creating package script '/home/wilsonlo/dev_ws/install/serial_motor_demo_msgs/share/serial_motor_demo_msgs/package.ps1'
[7.358s] INFO:colcon.colcon_core.shell:Creating package descriptor '/home/wilsonlo/dev_ws/install/serial_motor_demo_msgs/share/serial_motor_demo_msgs/package.dsv'
[7.360s] INFO:colcon.colcon_core.shell:Creating package script '/home/wilsonlo/dev_ws/install/serial_motor_demo_msgs/share/serial_motor_demo_msgs/package.sh'
[7.361s] INFO:colcon.colcon_core.shell:Creating package script '/home/wilsonlo/dev_ws/install/serial_motor_demo_msgs/share/serial_motor_demo_msgs/package.bash'
[7.362s] INFO:colcon.colcon_core.shell:Creating package script '/home/wilsonlo/dev_ws/install/serial_motor_demo_msgs/share/serial_motor_demo_msgs/package.zsh'
[7.364s] Level 1:colcon.colcon_core.environment:create_file_with_runtime_dependencies(/home/wilsonlo/dev_ws/install/serial_motor_demo_msgs/share/colcon-core/packages/serial_motor_demo_msgs)
[7.365s] INFO:colcon.colcon_ros.task.ament_python.build:Building ROS package in '/home/wilsonlo/dev_ws/src/serial_motor_demo/serial_motor_demo' with build type 'ament_python'
[7.365s] Level 1:colcon.colcon_core.shell:create_environment_hook('serial_motor_demo', 'ament_prefix_path')
[7.366s] INFO:colcon.colcon_core.shell:Creating environment hook '/home/wilsonlo/dev_ws/install/serial_motor_demo/share/serial_motor_demo/hook/ament_prefix_path.ps1'
[7.367s] INFO:colcon.colcon_core.shell:Creating environment descriptor '/home/wilsonlo/dev_ws/install/serial_motor_demo/share/serial_motor_demo/hook/ament_prefix_path.dsv'
[7.368s] INFO:colcon.colcon_core.shell:Creating environment hook '/home/wilsonlo/dev_ws/install/serial_motor_demo/share/serial_motor_demo/hook/ament_prefix_path.sh'
[7.369s] INFO:colcon.colcon_core.shell:Skip shell extension 'powershell' for command environment: Not usable outside of PowerShell
[7.369s] DEBUG:colcon.colcon_core.shell:Skip shell extension 'dsv' for command environment
[7.880s] INFO:colcon.colcon_core.task.python.build:Building Python package in '/home/wilsonlo/dev_ws/src/serial_motor_demo/serial_motor_demo'
[7.880s] INFO:colcon.colcon_core.shell:Skip shell extension 'powershell' for command environment: Not usable outside of PowerShell
[7.880s] DEBUG:colcon.colcon_core.shell:Skip shell extension 'dsv' for command environment
[14.380s] DEBUG:colcon.colcon_core.event_handler.log_command:Invoking command in '/home/wilsonlo/dev_ws/build/serial_motor_demo': CMAKE_PREFIX_PATH=/home/wilsonlo/dev_ws/install/serial_motor_demo_msgs:/home/wilsonlo/dev_ws/install/urdf_example:/home/wilsonlo/dev_ws/install/my_package:/home/wilsonlo/dev_ws/install/dd_bot:/home/wilsonlo/dev_ws/install/articubot_one:/opt/ros/jazzy/opt/gz_sim_vendor:/opt/ros/jazzy/opt/gz_sensors_vendor:/opt/ros/jazzy/opt/gz_physics_vendor:/opt/ros/jazzy/opt/sdformat_vendor:/opt/ros/jazzy/opt/gz_gui_vendor:/opt/ros/jazzy/opt/gz_transport_vendor:/opt/ros/jazzy/opt/gz_rendering_vendor:/opt/ros/jazzy/opt/gz_plugin_vendor:/opt/ros/jazzy/opt/gz_fuel_tools_vendor:/opt/ros/jazzy/opt/gz_msgs_vendor:/opt/ros/jazzy/opt/gz_common_vendor:/opt/ros/jazzy/opt/gz_math_vendor:/opt/ros/jazzy/opt/gz_utils_vendor:/opt/ros/jazzy/opt/gz_tools_vendor:/opt/ros/jazzy/opt/gz_ogre_next_vendor:/opt/ros/jazzy/opt/gz_dartsim_vendor:/opt/ros/jazzy/opt/gz_cmake_vendor DEBUGINFOD_URLS=https://debuginfod.ubuntu.com PYTHONPATH=/home/wilsonlo/dev_ws/build/serial_motor_demo/prefix_override:/usr/lib/python3/dist-packages/colcon_core/task/python/colcon_distutils_commands:/home/wilsonlo/dev_ws/install/serial_motor_demo/lib/python3.12/site-packages:/home/wilsonlo/dev_ws/install/serial_motor_demo_msgs/lib/python3.12/site-packages:/home/wilsonlo/dev_ws/build/serial_motor_demo:/home/wilsonlo/dev_ws/install/serial_motor_demo/lib/python3.12/site-packages:/opt/ros/jazzy/lib/python3.12/site-packages /usr/bin/python3 -W ignore:setup.py install is deprecated -W ignore:easy_install command is deprecated setup.py develop --editable --build-directory /home/wilsonlo/dev_ws/build/serial_motor_demo/build --no-deps symlink_data
[15.313s] Level 1:colcon.colcon_core.shell:create_environment_hook('serial_motor_demo', 'pythonpath_develop')
[15.313s] INFO:colcon.colcon_core.shell:Creating environment hook '/home/wilsonlo/dev_ws/build/serial_motor_demo/share/serial_motor_demo/hook/pythonpath_develop.ps1'
[15.314s] DEBUG:colcon.colcon_core.event_handler.log_command:Invoked command in '/home/wilsonlo/dev_ws/build/serial_motor_demo' returned '0': CMAKE_PREFIX_PATH=/home/wilsonlo/dev_ws/install/serial_motor_demo_msgs:/home/wilsonlo/dev_ws/install/urdf_example:/home/wilsonlo/dev_ws/install/my_package:/home/wilsonlo/dev_ws/install/dd_bot:/home/wilsonlo/dev_ws/install/articubot_one:/opt/ros/jazzy/opt/gz_sim_vendor:/opt/ros/jazzy/opt/gz_sensors_vendor:/opt/ros/jazzy/opt/gz_physics_vendor:/opt/ros/jazzy/opt/sdformat_vendor:/opt/ros/jazzy/opt/gz_gui_vendor:/opt/ros/jazzy/opt/gz_transport_vendor:/opt/ros/jazzy/opt/gz_rendering_vendor:/opt/ros/jazzy/opt/gz_plugin_vendor:/opt/ros/jazzy/opt/gz_fuel_tools_vendor:/opt/ros/jazzy/opt/gz_msgs_vendor:/opt/ros/jazzy/opt/gz_common_vendor:/opt/ros/jazzy/opt/gz_math_vendor:/opt/ros/jazzy/opt/gz_utils_vendor:/opt/ros/jazzy/opt/gz_tools_vendor:/opt/ros/jazzy/opt/gz_ogre_next_vendor:/opt/ros/jazzy/opt/gz_dartsim_vendor:/opt/ros/jazzy/opt/gz_cmake_vendor DEBUGINFOD_URLS=https://debuginfod.ubuntu.com PYTHONPATH=/home/wilsonlo/dev_ws/build/serial_motor_demo/prefix_override:/usr/lib/python3/dist-packages/colcon_core/task/python/colcon_distutils_commands:/home/wilsonlo/dev_ws/install/serial_motor_demo/lib/python3.12/site-packages:/home/wilsonlo/dev_ws/install/serial_motor_demo_msgs/lib/python3.12/site-packages:/home/wilsonlo/dev_ws/build/serial_motor_demo:/home/wilsonlo/dev_ws/install/serial_motor_demo/lib/python3.12/site-packages:/opt/ros/jazzy/lib/python3.12/site-packages /usr/bin/python3 -W ignore:setup.py install is deprecated -W ignore:easy_install command is deprecated setup.py develop --editable --build-directory /home/wilsonlo/dev_ws/build/serial_motor_demo/build --no-deps symlink_data
[15.314s] INFO:colcon.colcon_core.shell:Creating environment descriptor '/home/wilsonlo/dev_ws/build/serial_motor_demo/share/serial_motor_demo/hook/pythonpath_develop.dsv'
[15.314s] INFO:colcon.colcon_core.shell:Creating environment hook '/home/wilsonlo/dev_ws/build/serial_motor_demo/share/serial_motor_demo/hook/pythonpath_develop.sh'
[15.315s] Level 1:colcon.colcon_core.environment:checking '/home/wilsonlo/dev_ws/install/serial_motor_demo' for CMake module files
[15.316s] Level 1:colcon.colcon_core.environment:checking '/home/wilsonlo/dev_ws/install/serial_motor_demo' for CMake config files
[15.316s] Level 1:colcon.colcon_core.environment:checking '/home/wilsonlo/dev_ws/install/serial_motor_demo/lib'
[15.316s] Level 1:colcon.colcon_core.environment:checking '/home/wilsonlo/dev_ws/install/serial_motor_demo/bin'
[15.316s] Level 1:colcon.colcon_core.environment:checking '/home/wilsonlo/dev_ws/install/serial_motor_demo/lib/pkgconfig/serial_motor_demo.pc'
[15.317s] Level 1:colcon.colcon_core.environment:checking '/home/wilsonlo/dev_ws/install/serial_motor_demo/lib/python3.12/site-packages'
[15.317s] Level 1:colcon.colcon_core.shell:create_environment_hook('serial_motor_demo', 'pythonpath')
[15.317s] INFO:colcon.colcon_core.shell:Creating environment hook '/home/wilsonlo/dev_ws/install/serial_motor_demo/share/serial_motor_demo/hook/pythonpath.ps1'
[15.317s] INFO:colcon.colcon_core.shell:Creating environment descriptor '/home/wilsonlo/dev_ws/install/serial_motor_demo/share/serial_motor_demo/hook/pythonpath.dsv'
[15.318s] INFO:colcon.colcon_core.shell:Creating environment hook '/home/wilsonlo/dev_ws/install/serial_motor_demo/share/serial_motor_demo/hook/pythonpath.sh'
[15.318s] Level 1:colcon.colcon_core.environment:checking '/home/wilsonlo/dev_ws/install/serial_motor_demo/bin'
[15.319s] Level 1:colcon.colcon_core.environment:create_environment_scripts_only(serial_motor_demo)
[15.319s] INFO:colcon.colcon_core.shell:Creating package script '/home/wilsonlo/dev_ws/install/serial_motor_demo/share/serial_motor_demo/package.ps1'
[15.319s] INFO:colcon.colcon_core.shell:Creating package descriptor '/home/wilsonlo/dev_ws/install/serial_motor_demo/share/serial_motor_demo/package.dsv'
[15.320s] INFO:colcon.colcon_core.shell:Creating package script '/home/wilsonlo/dev_ws/install/serial_motor_demo/share/serial_motor_demo/package.sh'
[15.321s] INFO:colcon.colcon_core.shell:Creating package script '/home/wilsonlo/dev_ws/install/serial_motor_demo/share/serial_motor_demo/package.bash'
[15.321s] INFO:colcon.colcon_core.shell:Creating package script '/home/wilsonlo/dev_ws/install/serial_motor_demo/share/serial_motor_demo/package.zsh'
[15.321s] Level 1:colcon.colcon_core.environment:create_file_with_runtime_dependencies(/home/wilsonlo/dev_ws/install/serial_motor_demo/share/colcon-core/packages/serial_motor_demo)
[15.322s] DEBUG:colcon.colcon_parallel_executor.executor.parallel:closing loop
[15.322s] DEBUG:colcon.colcon_parallel_executor.executor.parallel:loop closed
[15.322s] DEBUG:colcon.colcon_parallel_executor.executor.parallel:run_until_complete finished with '0'
[15.322s] DEBUG:colcon.colcon_core.event_reactor:joining thread
[15.374s] INFO:colcon.colcon_core.plugin_system:Skipping extension 'colcon_notification.desktop_notification.terminal_notifier': Not used on non-Darwin systems
[15.374s] INFO:colcon.colcon_core.plugin_system:Skipping extension 'colcon_notification.desktop_notification.win32': Not used on non-Windows systems
[15.374s] INFO:colcon.colcon_notification.desktop_notification:Sending desktop notification using 'notify2'
[15.420s] DEBUG:colcon.colcon_core.event_reactor:joined thread
[15.421s] INFO:colcon.colcon_core.shell:Creating prefix script '/home/wilsonlo/dev_ws/install/local_setup.ps1'
[15.443s] INFO:colcon.colcon_core.shell:Creating prefix util module '/home/wilsonlo/dev_ws/install/_local_setup_util_ps1.py'
[15.459s] INFO:colcon.colcon_core.shell:Creating prefix chain script '/home/wilsonlo/dev_ws/install/setup.ps1'
[15.464s] INFO:colcon.colcon_core.shell:Creating prefix script '/home/wilsonlo/dev_ws/install/local_setup.sh'
[15.467s] INFO:colcon.colcon_core.shell:Creating prefix util module '/home/wilsonlo/dev_ws/install/_local_setup_util_sh.py'
[15.469s] INFO:colcon.colcon_core.shell:Creating prefix chain script '/home/wilsonlo/dev_ws/install/setup.sh'
[15.474s] INFO:colcon.colcon_core.shell:Creating prefix script '/home/wilsonlo/dev_ws/install/local_setup.bash'
[15.475s] INFO:colcon.colcon_core.shell:Creating prefix chain script '/home/wilsonlo/dev_ws/install/setup.bash'
[15.479s] INFO:colcon.colcon_core.shell:Creating prefix script '/home/wilsonlo/dev_ws/install/local_setup.zsh'
[15.549s] INFO:colcon.colcon_core.shell:Creating prefix chain script '/home/wilsonlo/dev_ws/install/setup.zsh'
