[0.030s] Invoking command in '/home/wilsonlo/dev_ws/build/serial_motor_demo_msgs': CMAKE_PREFIX_PATH=${CMAKE_PREFIX_PATH}:/home/wilsonlo/dev_ws/install/serial_motor_demo:/opt/ros/jazzy DEBUGINFOD_URLS=https://debuginfod.ubuntu.com /usr/bin/cmake /home/wilsonlo/dev_ws/src/serial_motor_demo/serial_motor_demo_msgs -DAMENT_CMAKE_SYMLINK_INSTALL=1 -DCMAKE_INSTALL_PREFIX=/home/wilsonlo/dev_ws/install/serial_motor_demo_msgs
[0.098s] -- The C compiler identification is GNU 13.3.0
[0.177s] -- The CXX compiler identification is GNU 13.3.0
[0.192s] -- Detecting C compiler ABI info
[0.272s] -- Detecting C compiler ABI info - done
[0.281s] -- Check for working C compiler: /usr/bin/cc - skipped
[0.281s] -- Detecting C compile features
[0.282s] -- Detecting C compile features - done
[0.289s] -- Detecting CXX compiler ABI info
[0.380s] -- Detecting CXX compiler ABI info - done
[0.390s] -- Check for working CXX compiler: /usr/bin/c++ - skipped
[0.390s] -- Detecting CXX compile features
[0.391s] -- Detecting CXX compile features - done
[0.395s] -- Found ament_cmake: 2.5.3 (/opt/ros/jazzy/share/ament_cmake/cmake)
[0.543s] -- Found Python3: /usr/bin/python3 (found version "3.12.3") found components: Interpreter 
[0.617s] -- Override CMake install command with custom implementation using symlinks instead of copying resources
[0.674s] -- Found ament_lint_auto: 0.17.2 (/opt/ros/jazzy/share/ament_lint_auto/cmake)
[0.797s] -- Found rosidl_default_generators: 1.6.0 (/opt/ros/jazzy/share/rosidl_default_generators/cmake)
[0.807s] -- Using all available rosidl_typesupport_c: rosidl_typesupport_fastrtps_c;rosidl_typesupport_introspection_c
[0.876s] -- Using all available rosidl_typesupport_cpp: rosidl_typesupport_fastrtps_cpp;rosidl_typesupport_introspection_cpp
[0.935s] -- Found rosidl_adapter: 4.6.5 (/opt/ros/jazzy/share/rosidl_adapter/cmake)
[1.422s] -- Found ament_cmake_ros: 0.12.0 (/opt/ros/jazzy/share/ament_cmake_ros/cmake)
[1.898s] -- Using all available rosidl_typesupport_c: rosidl_typesupport_fastrtps_c;rosidl_typesupport_introspection_c
[2.428s] -- Using all available rosidl_typesupport_cpp: rosidl_typesupport_fastrtps_cpp;rosidl_typesupport_introspection_cpp
[2.432s] -- Found python_cmake_module: 0.11.1 (/opt/ros/jazzy/share/python_cmake_module/cmake)
[2.558s] -- Found PythonExtra: /usr/bin/python3  
[2.984s] -- Found Python3: /usr/bin/python3 (found version "3.12.3") found components: Interpreter Development NumPy Development.Module Development.Embed 
[3.025s] -- Added test 'copyright' to check source files copyright and LICENSE
[3.027s] -- Added test 'lint_cmake' to check CMake code style
[3.029s] -- Added test 'xmllint' to check XML markup files
[3.037s] -- Configuring done (3.0s)
[3.072s] -- Generating done (0.0s)
[3.082s] -- Build files have been written to: /home/wilsonlo/dev_ws/build/serial_motor_demo_msgs
[3.087s] Invoked command in '/home/wilsonlo/dev_ws/build/serial_motor_demo_msgs' returned '0': CMAKE_PREFIX_PATH=${CMAKE_PREFIX_PATH}:/home/wilsonlo/dev_ws/install/serial_motor_demo:/opt/ros/jazzy DEBUGINFOD_URLS=https://debuginfod.ubuntu.com /usr/bin/cmake /home/wilsonlo/dev_ws/src/serial_motor_demo/serial_motor_demo_msgs -DAMENT_CMAKE_SYMLINK_INSTALL=1 -DCMAKE_INSTALL_PREFIX=/home/wilsonlo/dev_ws/install/serial_motor_demo_msgs
[3.088s] Invoking command in '/home/wilsonlo/dev_ws/build/serial_motor_demo_msgs': CMAKE_PREFIX_PATH=${CMAKE_PREFIX_PATH}:/home/wilsonlo/dev_ws/install/serial_motor_demo:/opt/ros/jazzy DEBUGINFOD_URLS=https://debuginfod.ubuntu.com /usr/bin/cmake --build /home/wilsonlo/dev_ws/build/serial_motor_demo_msgs -- -j8 -l8
[3.135s] [  1%] [34m[1mGenerating type hashes for ROS interfaces[0m
[3.145s] [  1%] Built target ament_cmake_python_symlink_serial_motor_demo_msgs
[3.370s] [  1%] Built target serial_motor_demo_msgs__rosidl_generator_type_description
[3.379s] [  3%] [34m[1mGenerating C code for ROS interfaces[0m
[3.389s] [  5%] [34m[1mGenerating C++ code for ROS interfaces[0m
[3.417s] running egg_info
[3.418s] creating serial_motor_demo_msgs.egg-info
[3.455s] writing serial_motor_demo_msgs.egg-info/PKG-INFO
[3.455s] writing dependency_links to serial_motor_demo_msgs.egg-info/dependency_links.txt
[3.455s] writing top-level names to serial_motor_demo_msgs.egg-info/top_level.txt
[3.455s] writing manifest file 'serial_motor_demo_msgs.egg-info/SOURCES.txt'
[3.557s] reading manifest file 'serial_motor_demo_msgs.egg-info/SOURCES.txt'
[3.557s] writing manifest file 'serial_motor_demo_msgs.egg-info/SOURCES.txt'
[3.589s] [  5%] Built target ament_cmake_python_build_serial_motor_demo_msgs_egg
[3.734s] [  5%] Built target serial_motor_demo_msgs__cpp
[3.796s] [  7%] [32mBuilding C object CMakeFiles/serial_motor_demo_msgs__rosidl_generator_c.dir/rosidl_generator_c/serial_motor_demo_msgs/msg/detail/motor_command__description.c.o[0m
[3.797s] [ 12%] [32mBuilding C object CMakeFiles/serial_motor_demo_msgs__rosidl_generator_c.dir/rosidl_generator_c/serial_motor_demo_msgs/msg/detail/motor_vels__description.c.o[0m
[3.797s] [ 12%] [32mBuilding C object CMakeFiles/serial_motor_demo_msgs__rosidl_generator_c.dir/rosidl_generator_c/serial_motor_demo_msgs/msg/detail/motor_vels__functions.c.o[0m
[3.797s] [ 12%] [32mBuilding C object CMakeFiles/serial_motor_demo_msgs__rosidl_generator_c.dir/rosidl_generator_c/serial_motor_demo_msgs/msg/detail/encoder_vals__description.c.o[0m
[3.798s] [ 14%] [32mBuilding C object CMakeFiles/serial_motor_demo_msgs__rosidl_generator_c.dir/rosidl_generator_c/serial_motor_demo_msgs/msg/detail/motor_vels__type_support.c.o[0m
[3.798s] [ 16%] [32mBuilding C object CMakeFiles/serial_motor_demo_msgs__rosidl_generator_c.dir/rosidl_generator_c/serial_motor_demo_msgs/msg/detail/encoder_vals__functions.c.o[0m
[3.800s] [ 18%] [32mBuilding C object CMakeFiles/serial_motor_demo_msgs__rosidl_generator_c.dir/rosidl_generator_c/serial_motor_demo_msgs/msg/detail/motor_command__functions.c.o[0m
[3.802s] [ 20%] [32mBuilding C object CMakeFiles/serial_motor_demo_msgs__rosidl_generator_c.dir/rosidl_generator_c/serial_motor_demo_msgs/msg/detail/motor_command__type_support.c.o[0m
[3.846s] [ 22%] [32mBuilding C object CMakeFiles/serial_motor_demo_msgs__rosidl_generator_c.dir/rosidl_generator_c/serial_motor_demo_msgs/msg/detail/encoder_vals__type_support.c.o[0m
[3.877s] [ 24%] [32m[1mLinking C shared library libserial_motor_demo_msgs__rosidl_generator_c.so[0m
[3.910s] [ 24%] Built target serial_motor_demo_msgs__rosidl_generator_c
[3.922s] [ 25%] [34m[1mGenerating C type support for eProsima Fast-RTPS[0m
[3.923s] [ 27%] [34m[1mGenerating C++ type support dispatch for ROS interfaces[0m
[3.923s] [ 33%] [34m[1mGenerating C++ type support for eProsima Fast-RTPS[0m
[3.924s] [ 33%] [34m[1mGenerating C++ introspection for ROS interfaces[0m
[3.924s] [ 35%] [34m[1mGenerating C type support dispatch for ROS interfaces[0m
[3.924s] [ 35%] [34m[1mGenerating C introspection for ROS interfaces[0m
[4.299s] [ 38%] [32mBuilding CXX object CMakeFiles/serial_motor_demo_msgs__rosidl_typesupport_c.dir/rosidl_typesupport_c/serial_motor_demo_msgs/msg/encoder_vals__type_support.cpp.o[0m
[4.299s] [ 38%] [32mBuilding CXX object CMakeFiles/serial_motor_demo_msgs__rosidl_typesupport_c.dir/rosidl_typesupport_c/serial_motor_demo_msgs/msg/motor_vels__type_support.cpp.o[0m
[4.299s] [ 40%] [32mBuilding C object CMakeFiles/serial_motor_demo_msgs__rosidl_typesupport_introspection_c.dir/rosidl_typesupport_introspection_c/serial_motor_demo_msgs/msg/detail/motor_command__type_support.c.o[0m
[4.304s] [ 42%] [32mBuilding CXX object CMakeFiles/serial_motor_demo_msgs__rosidl_typesupport_c.dir/rosidl_typesupport_c/serial_motor_demo_msgs/msg/motor_command__type_support.cpp.o[0m
[4.360s] [ 44%] [32mBuilding C object CMakeFiles/serial_motor_demo_msgs__rosidl_typesupport_introspection_c.dir/rosidl_typesupport_introspection_c/serial_motor_demo_msgs/msg/detail/motor_vels__type_support.c.o[0m
[4.367s] [ 46%] [32mBuilding C object CMakeFiles/serial_motor_demo_msgs__rosidl_typesupport_introspection_c.dir/rosidl_typesupport_introspection_c/serial_motor_demo_msgs/msg/detail/encoder_vals__type_support.c.o[0m
[4.403s] [ 48%] [32m[1mLinking CXX shared library libserial_motor_demo_msgs__rosidl_typesupport_c.so[0m
[4.403s] [ 50%] [32mBuilding CXX object CMakeFiles/serial_motor_demo_msgs__rosidl_typesupport_cpp.dir/rosidl_typesupport_cpp/serial_motor_demo_msgs/msg/motor_command__type_support.cpp.o[0m
[4.420s] [ 51%] [32m[1mLinking C shared library libserial_motor_demo_msgs__rosidl_typesupport_introspection_c.so[0m
[4.420s] [ 53%] [32mBuilding CXX object CMakeFiles/serial_motor_demo_msgs__rosidl_typesupport_cpp.dir/rosidl_typesupport_cpp/serial_motor_demo_msgs/msg/motor_vels__type_support.cpp.o[0m
[4.431s] [ 55%] [32mBuilding CXX object CMakeFiles/serial_motor_demo_msgs__rosidl_typesupport_cpp.dir/rosidl_typesupport_cpp/serial_motor_demo_msgs/msg/encoder_vals__type_support.cpp.o[0m
[4.454s] [ 57%] [32mBuilding CXX object CMakeFiles/serial_motor_demo_msgs__rosidl_typesupport_introspection_cpp.dir/rosidl_typesupport_introspection_cpp/serial_motor_demo_msgs/msg/detail/motor_command__type_support.cpp.o[0m
[4.474s] [ 57%] Built target serial_motor_demo_msgs__rosidl_typesupport_c
[4.474s] [ 57%] Built target serial_motor_demo_msgs__rosidl_typesupport_introspection_c
[4.503s] [ 59%] [32mBuilding CXX object CMakeFiles/serial_motor_demo_msgs__rosidl_typesupport_introspection_cpp.dir/rosidl_typesupport_introspection_cpp/serial_motor_demo_msgs/msg/detail/motor_vels__type_support.cpp.o[0m
[4.526s] [ 61%] [32mBuilding CXX object CMakeFiles/serial_motor_demo_msgs__rosidl_typesupport_introspection_cpp.dir/rosidl_typesupport_introspection_cpp/serial_motor_demo_msgs/msg/detail/encoder_vals__type_support.cpp.o[0m
[4.546s] [ 62%] [32mBuilding CXX object CMakeFiles/serial_motor_demo_msgs__rosidl_typesupport_fastrtps_cpp.dir/rosidl_typesupport_fastrtps_cpp/serial_motor_demo_msgs/msg/detail/dds_fastrtps/motor_command__type_support.cpp.o[0m
[4.564s] [ 64%] [32mBuilding CXX object CMakeFiles/serial_motor_demo_msgs__rosidl_typesupport_fastrtps_c.dir/rosidl_typesupport_fastrtps_c/serial_motor_demo_msgs/msg/detail/motor_command__type_support_c.cpp.o[0m
[4.905s] [ 66%] [32mBuilding CXX object CMakeFiles/serial_motor_demo_msgs__rosidl_typesupport_fastrtps_c.dir/rosidl_typesupport_fastrtps_c/serial_motor_demo_msgs/msg/detail/motor_vels__type_support_c.cpp.o[0m
[4.911s] [ 68%] [32mBuilding CXX object CMakeFiles/serial_motor_demo_msgs__rosidl_typesupport_fastrtps_cpp.dir/rosidl_typesupport_fastrtps_cpp/serial_motor_demo_msgs/msg/detail/dds_fastrtps/motor_vels__type_support.cpp.o[0m
[4.934s] [ 70%] [32mBuilding CXX object CMakeFiles/serial_motor_demo_msgs__rosidl_typesupport_fastrtps_cpp.dir/rosidl_typesupport_fastrtps_cpp/serial_motor_demo_msgs/msg/detail/dds_fastrtps/encoder_vals__type_support.cpp.o[0m
[4.937s] [ 72%] [32m[1mLinking CXX shared library libserial_motor_demo_msgs__rosidl_typesupport_cpp.so[0m
[5.006s] [ 72%] Built target serial_motor_demo_msgs__rosidl_typesupport_cpp
[5.006s] [ 74%] [32mBuilding CXX object CMakeFiles/serial_motor_demo_msgs__rosidl_typesupport_fastrtps_c.dir/rosidl_typesupport_fastrtps_c/serial_motor_demo_msgs/msg/detail/encoder_vals__type_support_c.cpp.o[0m
[5.059s] [ 75%] [32m[1mLinking CXX shared library libserial_motor_demo_msgs__rosidl_typesupport_introspection_cpp.so[0m
[5.129s] [ 75%] Built target serial_motor_demo_msgs__rosidl_typesupport_introspection_cpp
[5.624s] [ 77%] [32m[1mLinking CXX shared library libserial_motor_demo_msgs__rosidl_typesupport_fastrtps_c.so[0m
[5.648s] [ 79%] [32m[1mLinking CXX shared library libserial_motor_demo_msgs__rosidl_typesupport_fastrtps_cpp.so[0m
[5.668s] [ 79%] Built target serial_motor_demo_msgs__rosidl_typesupport_fastrtps_c
[5.695s] [ 79%] Built target serial_motor_demo_msgs__rosidl_typesupport_fastrtps_cpp
[5.713s] [ 79%] Built target serial_motor_demo_msgs
[5.733s] [ 81%] [34m[1mGenerating Python code for ROS interfaces[0m
[6.154s] [ 81%] Built target serial_motor_demo_msgs__py
[6.173s] [ 87%] [32mBuilding C object CMakeFiles/serial_motor_demo_msgs__rosidl_generator_py.dir/rosidl_generator_py/serial_motor_demo_msgs/msg/_encoder_vals_s.c.o[0m
[6.173s] [ 87%] [32mBuilding C object CMakeFiles/serial_motor_demo_msgs__rosidl_generator_py.dir/rosidl_generator_py/serial_motor_demo_msgs/msg/_motor_vels_s.c.o[0m
[6.173s] [ 87%] [32mBuilding C object CMakeFiles/serial_motor_demo_msgs__rosidl_generator_py.dir/rosidl_generator_py/serial_motor_demo_msgs/msg/_motor_command_s.c.o[0m
[6.294s] [ 88%] [32m[1mLinking C shared library libserial_motor_demo_msgs__rosidl_generator_py.so[0m
[6.329s] [ 88%] Built target serial_motor_demo_msgs__rosidl_generator_py
[6.348s] [ 90%] [32mBuilding C object CMakeFiles/serial_motor_demo_msgs_s__rosidl_typesupport_introspection_c.dir/rosidl_generator_py/serial_motor_demo_msgs/_serial_motor_demo_msgs_s.ep.rosidl_typesupport_introspection_c.c.o[0m
[6.348s] [ 92%] [32mBuilding C object CMakeFiles/serial_motor_demo_msgs_s__rosidl_typesupport_fastrtps_c.dir/rosidl_generator_py/serial_motor_demo_msgs/_serial_motor_demo_msgs_s.ep.rosidl_typesupport_fastrtps_c.c.o[0m
[6.349s] [ 94%] [32mBuilding C object CMakeFiles/serial_motor_demo_msgs_s__rosidl_typesupport_c.dir/rosidl_generator_py/serial_motor_demo_msgs/_serial_motor_demo_msgs_s.ep.rosidl_typesupport_c.c.o[0m
[6.452s] [ 96%] [32m[1mLinking C shared module rosidl_generator_py/serial_motor_demo_msgs/serial_motor_demo_msgs_s__rosidl_typesupport_introspection_c.so[0m
[6.455s] [ 98%] [32m[1mLinking C shared module rosidl_generator_py/serial_motor_demo_msgs/serial_motor_demo_msgs_s__rosidl_typesupport_c.so[0m
[6.476s] [100%] [32m[1mLinking C shared module rosidl_generator_py/serial_motor_demo_msgs/serial_motor_demo_msgs_s__rosidl_typesupport_fastrtps_c.so[0m
[6.481s] [100%] Built target serial_motor_demo_msgs_s__rosidl_typesupport_introspection_c
[6.483s] [100%] Built target serial_motor_demo_msgs_s__rosidl_typesupport_c
[6.509s] [100%] Built target serial_motor_demo_msgs_s__rosidl_typesupport_fastrtps_c
[6.520s] Invoked command in '/home/wilsonlo/dev_ws/build/serial_motor_demo_msgs' returned '0': CMAKE_PREFIX_PATH=${CMAKE_PREFIX_PATH}:/home/wilsonlo/dev_ws/install/serial_motor_demo:/opt/ros/jazzy DEBUGINFOD_URLS=https://debuginfod.ubuntu.com /usr/bin/cmake --build /home/wilsonlo/dev_ws/build/serial_motor_demo_msgs -- -j8 -l8
[6.521s] Invoking command in '/home/wilsonlo/dev_ws/build/serial_motor_demo_msgs': CMAKE_PREFIX_PATH=${CMAKE_PREFIX_PATH}:/home/wilsonlo/dev_ws/install/serial_motor_demo:/opt/ros/jazzy DEBUGINFOD_URLS=https://debuginfod.ubuntu.com /usr/bin/cmake --install /home/wilsonlo/dev_ws/build/serial_motor_demo_msgs
[6.529s] -- Install configuration: ""
[6.529s] -- Execute custom install script
[6.529s] -- Up-to-date symlink: /home/wilsonlo/dev_ws/install/serial_motor_demo_msgs/share/ament_index/resource_index/rosidl_interfaces/serial_motor_demo_msgs
[6.529s] -- Up-to-date symlink: /home/wilsonlo/dev_ws/install/serial_motor_demo_msgs/share/serial_motor_demo_msgs/msg/MotorCommand.json
[6.530s] -- Up-to-date symlink: /home/wilsonlo/dev_ws/install/serial_motor_demo_msgs/share/serial_motor_demo_msgs/msg/MotorVels.json
[6.530s] -- Up-to-date symlink: /home/wilsonlo/dev_ws/install/serial_motor_demo_msgs/share/serial_motor_demo_msgs/msg/EncoderVals.json
[6.530s] -- Up-to-date symlink: /home/wilsonlo/dev_ws/install/serial_motor_demo_msgs/include/serial_motor_demo_msgs/serial_motor_demo_msgs/msg/detail/encoder_vals__functions.h
[6.530s] -- Up-to-date symlink: /home/wilsonlo/dev_ws/install/serial_motor_demo_msgs/include/serial_motor_demo_msgs/serial_motor_demo_msgs/msg/detail/encoder_vals__struct.h
[6.530s] -- Up-to-date symlink: /home/wilsonlo/dev_ws/install/serial_motor_demo_msgs/include/serial_motor_demo_msgs/serial_motor_demo_msgs/msg/detail/encoder_vals__type_support.h
[6.531s] -- Up-to-date symlink: /home/wilsonlo/dev_ws/install/serial_motor_demo_msgs/include/serial_motor_demo_msgs/serial_motor_demo_msgs/msg/detail/motor_command__functions.h
[6.531s] -- Up-to-date symlink: /home/wilsonlo/dev_ws/install/serial_motor_demo_msgs/include/serial_motor_demo_msgs/serial_motor_demo_msgs/msg/detail/motor_command__struct.h
[6.531s] -- Up-to-date symlink: /home/wilsonlo/dev_ws/install/serial_motor_demo_msgs/include/serial_motor_demo_msgs/serial_motor_demo_msgs/msg/detail/motor_command__type_support.h
[6.531s] -- Up-to-date symlink: /home/wilsonlo/dev_ws/install/serial_motor_demo_msgs/include/serial_motor_demo_msgs/serial_motor_demo_msgs/msg/detail/motor_vels__functions.h
[6.531s] -- Up-to-date symlink: /home/wilsonlo/dev_ws/install/serial_motor_demo_msgs/include/serial_motor_demo_msgs/serial_motor_demo_msgs/msg/detail/motor_vels__struct.h
[6.531s] -- Up-to-date symlink: /home/wilsonlo/dev_ws/install/serial_motor_demo_msgs/include/serial_motor_demo_msgs/serial_motor_demo_msgs/msg/detail/motor_vels__type_support.h
[6.531s] -- Up-to-date symlink: /home/wilsonlo/dev_ws/install/serial_motor_demo_msgs/include/serial_motor_demo_msgs/serial_motor_demo_msgs/msg/encoder_vals.h
[6.531s] -- Up-to-date symlink: /home/wilsonlo/dev_ws/install/serial_motor_demo_msgs/include/serial_motor_demo_msgs/serial_motor_demo_msgs/msg/motor_command.h
[6.531s] -- Up-to-date symlink: /home/wilsonlo/dev_ws/install/serial_motor_demo_msgs/include/serial_motor_demo_msgs/serial_motor_demo_msgs/msg/motor_vels.h
[6.531s] -- Up-to-date symlink: /home/wilsonlo/dev_ws/install/serial_motor_demo_msgs/include/serial_motor_demo_msgs/serial_motor_demo_msgs/msg/rosidl_generator_c__visibility_control.h
[6.532s] -- Up-to-date symlink: /home/wilsonlo/dev_ws/install/serial_motor_demo_msgs/share/serial_motor_demo_msgs/environment/library_path.sh
[6.532s] -- Up-to-date symlink: /home/wilsonlo/dev_ws/install/serial_motor_demo_msgs/share/serial_motor_demo_msgs/environment/library_path.dsv
[6.532s] -- Up-to-date symlink: /home/wilsonlo/dev_ws/install/serial_motor_demo_msgs/include/serial_motor_demo_msgs/serial_motor_demo_msgs/msg/detail/encoder_vals__rosidl_typesupport_fastrtps_c.h
[6.532s] -- Up-to-date symlink: /home/wilsonlo/dev_ws/install/serial_motor_demo_msgs/include/serial_motor_demo_msgs/serial_motor_demo_msgs/msg/detail/motor_command__rosidl_typesupport_fastrtps_c.h
[6.533s] -- Up-to-date symlink: /home/wilsonlo/dev_ws/install/serial_motor_demo_msgs/include/serial_motor_demo_msgs/serial_motor_demo_msgs/msg/detail/motor_vels__rosidl_typesupport_fastrtps_c.h
[6.533s] -- Up-to-date symlink: /home/wilsonlo/dev_ws/install/serial_motor_demo_msgs/include/serial_motor_demo_msgs/serial_motor_demo_msgs/msg/rosidl_typesupport_fastrtps_c__visibility_control.h
[6.533s] -- Up-to-date symlink: /home/wilsonlo/dev_ws/install/serial_motor_demo_msgs/include/serial_motor_demo_msgs/serial_motor_demo_msgs/msg/detail/encoder_vals__rosidl_typesupport_introspection_c.h
[6.533s] -- Up-to-date symlink: /home/wilsonlo/dev_ws/install/serial_motor_demo_msgs/include/serial_motor_demo_msgs/serial_motor_demo_msgs/msg/detail/motor_command__rosidl_typesupport_introspection_c.h
[6.533s] -- Up-to-date symlink: /home/wilsonlo/dev_ws/install/serial_motor_demo_msgs/include/serial_motor_demo_msgs/serial_motor_demo_msgs/msg/detail/motor_vels__rosidl_typesupport_introspection_c.h
[6.534s] -- Up-to-date symlink: /home/wilsonlo/dev_ws/install/serial_motor_demo_msgs/include/serial_motor_demo_msgs/serial_motor_demo_msgs/msg/rosidl_typesupport_introspection_c__visibility_control.h
[6.534s] -- Up-to-date symlink: /home/wilsonlo/dev_ws/install/serial_motor_demo_msgs/include/serial_motor_demo_msgs/serial_motor_demo_msgs/msg/detail/encoder_vals__builder.hpp
[6.534s] -- Up-to-date symlink: /home/wilsonlo/dev_ws/install/serial_motor_demo_msgs/include/serial_motor_demo_msgs/serial_motor_demo_msgs/msg/detail/encoder_vals__struct.hpp
[6.535s] -- Up-to-date symlink: /home/wilsonlo/dev_ws/install/serial_motor_demo_msgs/include/serial_motor_demo_msgs/serial_motor_demo_msgs/msg/detail/encoder_vals__traits.hpp
[6.535s] -- Up-to-date symlink: /home/wilsonlo/dev_ws/install/serial_motor_demo_msgs/include/serial_motor_demo_msgs/serial_motor_demo_msgs/msg/detail/encoder_vals__type_support.hpp
[6.535s] -- Up-to-date symlink: /home/wilsonlo/dev_ws/install/serial_motor_demo_msgs/include/serial_motor_demo_msgs/serial_motor_demo_msgs/msg/detail/motor_command__builder.hpp
[6.535s] -- Up-to-date symlink: /home/wilsonlo/dev_ws/install/serial_motor_demo_msgs/include/serial_motor_demo_msgs/serial_motor_demo_msgs/msg/detail/motor_command__struct.hpp
[6.535s] -- Up-to-date symlink: /home/wilsonlo/dev_ws/install/serial_motor_demo_msgs/include/serial_motor_demo_msgs/serial_motor_demo_msgs/msg/detail/motor_command__traits.hpp
[6.535s] -- Up-to-date symlink: /home/wilsonlo/dev_ws/install/serial_motor_demo_msgs/include/serial_motor_demo_msgs/serial_motor_demo_msgs/msg/detail/motor_command__type_support.hpp
[6.536s] -- Up-to-date symlink: /home/wilsonlo/dev_ws/install/serial_motor_demo_msgs/include/serial_motor_demo_msgs/serial_motor_demo_msgs/msg/detail/motor_vels__builder.hpp
[6.536s] -- Up-to-date symlink: /home/wilsonlo/dev_ws/install/serial_motor_demo_msgs/include/serial_motor_demo_msgs/serial_motor_demo_msgs/msg/detail/motor_vels__struct.hpp
[6.536s] -- Up-to-date symlink: /home/wilsonlo/dev_ws/install/serial_motor_demo_msgs/include/serial_motor_demo_msgs/serial_motor_demo_msgs/msg/detail/motor_vels__traits.hpp
[6.536s] -- Up-to-date symlink: /home/wilsonlo/dev_ws/install/serial_motor_demo_msgs/include/serial_motor_demo_msgs/serial_motor_demo_msgs/msg/detail/motor_vels__type_support.hpp
[6.536s] -- Up-to-date symlink: /home/wilsonlo/dev_ws/install/serial_motor_demo_msgs/include/serial_motor_demo_msgs/serial_motor_demo_msgs/msg/encoder_vals.hpp
[6.536s] -- Up-to-date symlink: /home/wilsonlo/dev_ws/install/serial_motor_demo_msgs/include/serial_motor_demo_msgs/serial_motor_demo_msgs/msg/motor_command.hpp
[6.537s] -- Up-to-date symlink: /home/wilsonlo/dev_ws/install/serial_motor_demo_msgs/include/serial_motor_demo_msgs/serial_motor_demo_msgs/msg/motor_vels.hpp
[6.537s] -- Up-to-date symlink: /home/wilsonlo/dev_ws/install/serial_motor_demo_msgs/include/serial_motor_demo_msgs/serial_motor_demo_msgs/msg/rosidl_generator_cpp__visibility_control.hpp
[6.537s] -- Up-to-date symlink: /home/wilsonlo/dev_ws/install/serial_motor_demo_msgs/include/serial_motor_demo_msgs/serial_motor_demo_msgs/msg/detail/encoder_vals__rosidl_typesupport_fastrtps_cpp.hpp
[6.537s] -- Up-to-date symlink: /home/wilsonlo/dev_ws/install/serial_motor_demo_msgs/include/serial_motor_demo_msgs/serial_motor_demo_msgs/msg/detail/motor_command__rosidl_typesupport_fastrtps_cpp.hpp
[6.538s] -- Up-to-date symlink: /home/wilsonlo/dev_ws/install/serial_motor_demo_msgs/include/serial_motor_demo_msgs/serial_motor_demo_msgs/msg/detail/motor_vels__rosidl_typesupport_fastrtps_cpp.hpp
[6.538s] -- Up-to-date symlink: /home/wilsonlo/dev_ws/install/serial_motor_demo_msgs/include/serial_motor_demo_msgs/serial_motor_demo_msgs/msg/rosidl_typesupport_fastrtps_cpp__visibility_control.h
[6.538s] -- Up-to-date symlink: /home/wilsonlo/dev_ws/install/serial_motor_demo_msgs/include/serial_motor_demo_msgs/serial_motor_demo_msgs/msg/detail/encoder_vals__rosidl_typesupport_introspection_cpp.hpp
[6.538s] -- Up-to-date symlink: /home/wilsonlo/dev_ws/install/serial_motor_demo_msgs/include/serial_motor_demo_msgs/serial_motor_demo_msgs/msg/detail/motor_command__rosidl_typesupport_introspection_cpp.hpp
[6.539s] -- Up-to-date symlink: /home/wilsonlo/dev_ws/install/serial_motor_demo_msgs/include/serial_motor_demo_msgs/serial_motor_demo_msgs/msg/detail/motor_vels__rosidl_typesupport_introspection_cpp.hpp
[6.539s] -- Up-to-date symlink: /home/wilsonlo/dev_ws/install/serial_motor_demo_msgs/share/serial_motor_demo_msgs/environment/pythonpath.sh
[6.539s] -- Up-to-date symlink: /home/wilsonlo/dev_ws/install/serial_motor_demo_msgs/share/serial_motor_demo_msgs/environment/pythonpath.dsv
[6.539s] -- Up-to-date symlink: /home/wilsonlo/dev_ws/install/serial_motor_demo_msgs/lib/python3.12/site-packages/serial_motor_demo_msgs-0.0.0-py3.12.egg-info/PKG-INFO
[6.539s] -- Up-to-date symlink: /home/wilsonlo/dev_ws/install/serial_motor_demo_msgs/lib/python3.12/site-packages/serial_motor_demo_msgs-0.0.0-py3.12.egg-info/SOURCES.txt
[6.539s] -- Up-to-date symlink: /home/wilsonlo/dev_ws/install/serial_motor_demo_msgs/lib/python3.12/site-packages/serial_motor_demo_msgs-0.0.0-py3.12.egg-info/dependency_links.txt
[6.540s] -- Up-to-date symlink: /home/wilsonlo/dev_ws/install/serial_motor_demo_msgs/lib/python3.12/site-packages/serial_motor_demo_msgs-0.0.0-py3.12.egg-info/top_level.txt
[6.540s] -- Up-to-date symlink: /home/wilsonlo/dev_ws/install/serial_motor_demo_msgs/lib/python3.12/site-packages/serial_motor_demo_msgs/__init__.py
[6.540s] -- Up-to-date symlink: /home/wilsonlo/dev_ws/install/serial_motor_demo_msgs/lib/python3.12/site-packages/serial_motor_demo_msgs/_serial_motor_demo_msgs_s.ep.rosidl_typesupport_c.c
[6.540s] -- Up-to-date symlink: /home/wilsonlo/dev_ws/install/serial_motor_demo_msgs/lib/python3.12/site-packages/serial_motor_demo_msgs/_serial_motor_demo_msgs_s.ep.rosidl_typesupport_fastrtps_c.c
[6.540s] -- Up-to-date symlink: /home/wilsonlo/dev_ws/install/serial_motor_demo_msgs/lib/python3.12/site-packages/serial_motor_demo_msgs/_serial_motor_demo_msgs_s.ep.rosidl_typesupport_introspection_c.c
[6.540s] -- Up-to-date symlink: /home/wilsonlo/dev_ws/install/serial_motor_demo_msgs/lib/python3.12/site-packages/serial_motor_demo_msgs/msg/__init__.py
[6.541s] -- Up-to-date symlink: /home/wilsonlo/dev_ws/install/serial_motor_demo_msgs/lib/python3.12/site-packages/serial_motor_demo_msgs/msg/_encoder_vals.py
[6.541s] -- Up-to-date symlink: /home/wilsonlo/dev_ws/install/serial_motor_demo_msgs/lib/python3.12/site-packages/serial_motor_demo_msgs/msg/_encoder_vals_s.c
[6.541s] -- Up-to-date symlink: /home/wilsonlo/dev_ws/install/serial_motor_demo_msgs/lib/python3.12/site-packages/serial_motor_demo_msgs/msg/_motor_command.py
[6.541s] -- Up-to-date symlink: /home/wilsonlo/dev_ws/install/serial_motor_demo_msgs/lib/python3.12/site-packages/serial_motor_demo_msgs/msg/_motor_command_s.c
[6.541s] -- Up-to-date symlink: /home/wilsonlo/dev_ws/install/serial_motor_demo_msgs/lib/python3.12/site-packages/serial_motor_demo_msgs/msg/_motor_vels.py
[6.541s] -- Up-to-date symlink: /home/wilsonlo/dev_ws/install/serial_motor_demo_msgs/lib/python3.12/site-packages/serial_motor_demo_msgs/msg/_motor_vels_s.c
[6.541s] -- Up-to-date symlink: /home/wilsonlo/dev_ws/install/serial_motor_demo_msgs/lib/python3.12/site-packages/serial_motor_demo_msgs/serial_motor_demo_msgs_s__rosidl_typesupport_c.so
[6.541s] -- Up-to-date symlink: /home/wilsonlo/dev_ws/install/serial_motor_demo_msgs/lib/python3.12/site-packages/serial_motor_demo_msgs/serial_motor_demo_msgs_s__rosidl_typesupport_fastrtps_c.so
[6.541s] -- Up-to-date symlink: /home/wilsonlo/dev_ws/install/serial_motor_demo_msgs/lib/python3.12/site-packages/serial_motor_demo_msgs/serial_motor_demo_msgs_s__rosidl_typesupport_introspection_c.so
[6.542s] -- Up-to-date symlink: /home/wilsonlo/dev_ws/install/serial_motor_demo_msgs/lib/python3.12/site-packages/serial_motor_demo_msgs/serial_motor_demo_msgs_s__rosidl_typesupport_fastrtps_c.so
[6.542s] -- Up-to-date symlink: /home/wilsonlo/dev_ws/install/serial_motor_demo_msgs/lib/python3.12/site-packages/serial_motor_demo_msgs/serial_motor_demo_msgs_s__rosidl_typesupport_introspection_c.so
[6.542s] -- Up-to-date symlink: /home/wilsonlo/dev_ws/install/serial_motor_demo_msgs/lib/python3.12/site-packages/serial_motor_demo_msgs/serial_motor_demo_msgs_s__rosidl_typesupport_c.so
[6.542s] -- Up-to-date symlink: /home/wilsonlo/dev_ws/install/serial_motor_demo_msgs/share/serial_motor_demo_msgs/msg/MotorCommand.idl
[6.542s] -- Up-to-date symlink: /home/wilsonlo/dev_ws/install/serial_motor_demo_msgs/share/serial_motor_demo_msgs/msg/MotorVels.idl
[6.543s] -- Up-to-date symlink: /home/wilsonlo/dev_ws/install/serial_motor_demo_msgs/share/serial_motor_demo_msgs/msg/EncoderVals.idl
[6.543s] -- Up-to-date symlink: /home/wilsonlo/dev_ws/install/serial_motor_demo_msgs/share/serial_motor_demo_msgs/msg/MotorCommand.msg
[6.543s] -- Up-to-date symlink: /home/wilsonlo/dev_ws/install/serial_motor_demo_msgs/share/serial_motor_demo_msgs/msg/MotorVels.msg
[6.543s] -- Up-to-date symlink: /home/wilsonlo/dev_ws/install/serial_motor_demo_msgs/share/serial_motor_demo_msgs/msg/EncoderVals.msg
[6.543s] -- Up-to-date symlink: /home/wilsonlo/dev_ws/install/serial_motor_demo_msgs/share/ament_index/resource_index/package_run_dependencies/serial_motor_demo_msgs
[6.543s] -- Up-to-date symlink: /home/wilsonlo/dev_ws/install/serial_motor_demo_msgs/share/ament_index/resource_index/parent_prefix_path/serial_motor_demo_msgs
[6.543s] -- Up-to-date symlink: /home/wilsonlo/dev_ws/install/serial_motor_demo_msgs/share/serial_motor_demo_msgs/environment/ament_prefix_path.sh
[6.544s] -- Up-to-date symlink: /home/wilsonlo/dev_ws/install/serial_motor_demo_msgs/share/serial_motor_demo_msgs/environment/ament_prefix_path.dsv
[6.544s] -- Up-to-date symlink: /home/wilsonlo/dev_ws/install/serial_motor_demo_msgs/share/serial_motor_demo_msgs/environment/path.sh
[6.544s] -- Up-to-date symlink: /home/wilsonlo/dev_ws/install/serial_motor_demo_msgs/share/serial_motor_demo_msgs/environment/path.dsv
[6.544s] -- Up-to-date symlink: /home/wilsonlo/dev_ws/install/serial_motor_demo_msgs/share/serial_motor_demo_msgs/local_setup.bash
[6.544s] -- Up-to-date symlink: /home/wilsonlo/dev_ws/install/serial_motor_demo_msgs/share/serial_motor_demo_msgs/local_setup.sh
[6.544s] -- Up-to-date symlink: /home/wilsonlo/dev_ws/install/serial_motor_demo_msgs/share/serial_motor_demo_msgs/local_setup.zsh
[6.544s] -- Up-to-date symlink: /home/wilsonlo/dev_ws/install/serial_motor_demo_msgs/share/serial_motor_demo_msgs/local_setup.dsv
[6.545s] -- Symlinking: /home/wilsonlo/dev_ws/install/serial_motor_demo_msgs/share/serial_motor_demo_msgs/package.dsv
[6.553s] -- Up-to-date symlink: /home/wilsonlo/dev_ws/install/serial_motor_demo_msgs/share/ament_index/resource_index/packages/serial_motor_demo_msgs
[6.553s] -- Up-to-date symlink: /home/wilsonlo/dev_ws/install/serial_motor_demo_msgs/share/serial_motor_demo_msgs/cmake/rosidl_cmake-extras.cmake
[6.553s] -- Up-to-date symlink: /home/wilsonlo/dev_ws/install/serial_motor_demo_msgs/share/serial_motor_demo_msgs/cmake/ament_cmake_export_include_directories-extras.cmake
[6.553s] -- Up-to-date symlink: /home/wilsonlo/dev_ws/install/serial_motor_demo_msgs/share/serial_motor_demo_msgs/cmake/ament_cmake_export_libraries-extras.cmake
[6.554s] -- Up-to-date symlink: /home/wilsonlo/dev_ws/install/serial_motor_demo_msgs/share/serial_motor_demo_msgs/cmake/ament_cmake_export_targets-extras.cmake
[6.554s] -- Up-to-date symlink: /home/wilsonlo/dev_ws/install/serial_motor_demo_msgs/share/serial_motor_demo_msgs/cmake/rosidl_cmake_export_typesupport_targets-extras.cmake
[6.554s] -- Up-to-date symlink: /home/wilsonlo/dev_ws/install/serial_motor_demo_msgs/share/serial_motor_demo_msgs/cmake/ament_cmake_export_dependencies-extras.cmake
[6.554s] -- Up-to-date symlink: /home/wilsonlo/dev_ws/install/serial_motor_demo_msgs/share/serial_motor_demo_msgs/cmake/rosidl_cmake_export_typesupport_libraries-extras.cmake
[6.554s] -- Up-to-date symlink: /home/wilsonlo/dev_ws/install/serial_motor_demo_msgs/share/serial_motor_demo_msgs/cmake/serial_motor_demo_msgsConfig.cmake
[6.554s] -- Up-to-date symlink: /home/wilsonlo/dev_ws/install/serial_motor_demo_msgs/share/serial_motor_demo_msgs/cmake/serial_motor_demo_msgsConfig-version.cmake
[6.554s] -- Up-to-date symlink: /home/wilsonlo/dev_ws/install/serial_motor_demo_msgs/share/serial_motor_demo_msgs/package.xml
[6.555s] -- Installing: /home/wilsonlo/dev_ws/install/serial_motor_demo_msgs/lib/libserial_motor_demo_msgs__rosidl_generator_c.so
[6.555s] -- Set non-toolchain portion of runtime path of "/home/wilsonlo/dev_ws/install/serial_motor_demo_msgs/lib/libserial_motor_demo_msgs__rosidl_generator_c.so" to ""
[6.555s] -- Installing: /home/wilsonlo/dev_ws/install/serial_motor_demo_msgs/lib/libserial_motor_demo_msgs__rosidl_typesupport_fastrtps_c.so
[6.555s] -- Set non-toolchain portion of runtime path of "/home/wilsonlo/dev_ws/install/serial_motor_demo_msgs/lib/libserial_motor_demo_msgs__rosidl_typesupport_fastrtps_c.so" to ""
[6.555s] -- Installing: /home/wilsonlo/dev_ws/install/serial_motor_demo_msgs/lib/libserial_motor_demo_msgs__rosidl_typesupport_introspection_c.so
[6.556s] -- Set non-toolchain portion of runtime path of "/home/wilsonlo/dev_ws/install/serial_motor_demo_msgs/lib/libserial_motor_demo_msgs__rosidl_typesupport_introspection_c.so" to ""
[6.556s] -- Installing: /home/wilsonlo/dev_ws/install/serial_motor_demo_msgs/lib/libserial_motor_demo_msgs__rosidl_typesupport_c.so
[6.556s] -- Set non-toolchain portion of runtime path of "/home/wilsonlo/dev_ws/install/serial_motor_demo_msgs/lib/libserial_motor_demo_msgs__rosidl_typesupport_c.so" to ""
[6.556s] -- Installing: /home/wilsonlo/dev_ws/install/serial_motor_demo_msgs/lib/libserial_motor_demo_msgs__rosidl_typesupport_fastrtps_cpp.so
[6.556s] -- Set non-toolchain portion of runtime path of "/home/wilsonlo/dev_ws/install/serial_motor_demo_msgs/lib/libserial_motor_demo_msgs__rosidl_typesupport_fastrtps_cpp.so" to ""
[6.556s] -- Installing: /home/wilsonlo/dev_ws/install/serial_motor_demo_msgs/lib/libserial_motor_demo_msgs__rosidl_typesupport_introspection_cpp.so
[6.557s] -- Set non-toolchain portion of runtime path of "/home/wilsonlo/dev_ws/install/serial_motor_demo_msgs/lib/libserial_motor_demo_msgs__rosidl_typesupport_introspection_cpp.so" to ""
[6.557s] -- Installing: /home/wilsonlo/dev_ws/install/serial_motor_demo_msgs/lib/libserial_motor_demo_msgs__rosidl_typesupport_cpp.so
[6.557s] -- Set non-toolchain portion of runtime path of "/home/wilsonlo/dev_ws/install/serial_motor_demo_msgs/lib/libserial_motor_demo_msgs__rosidl_typesupport_cpp.so" to ""
[6.596s] Listing '/home/wilsonlo/dev_ws/install/serial_motor_demo_msgs/lib/python3.12/site-packages/serial_motor_demo_msgs'...
[6.596s] Compiling '/home/wilsonlo/dev_ws/install/serial_motor_demo_msgs/lib/python3.12/site-packages/serial_motor_demo_msgs/__init__.py'...
[6.596s] Listing '/home/wilsonlo/dev_ws/install/serial_motor_demo_msgs/lib/python3.12/site-packages/serial_motor_demo_msgs/msg'...
[6.596s] Compiling '/home/wilsonlo/dev_ws/install/serial_motor_demo_msgs/lib/python3.12/site-packages/serial_motor_demo_msgs/msg/__init__.py'...
[6.596s] Compiling '/home/wilsonlo/dev_ws/install/serial_motor_demo_msgs/lib/python3.12/site-packages/serial_motor_demo_msgs/msg/_encoder_vals.py'...
[6.596s] Compiling '/home/wilsonlo/dev_ws/install/serial_motor_demo_msgs/lib/python3.12/site-packages/serial_motor_demo_msgs/msg/_motor_command.py'...
[6.596s] Compiling '/home/wilsonlo/dev_ws/install/serial_motor_demo_msgs/lib/python3.12/site-packages/serial_motor_demo_msgs/msg/_motor_vels.py'...
[6.601s] -- Installing: /home/wilsonlo/dev_ws/install/serial_motor_demo_msgs/lib/libserial_motor_demo_msgs__rosidl_generator_py.so
[6.601s] -- Set non-toolchain portion of runtime path of "/home/wilsonlo/dev_ws/install/serial_motor_demo_msgs/lib/libserial_motor_demo_msgs__rosidl_generator_py.so" to ""
[6.601s] -- Installing: /home/wilsonlo/dev_ws/install/serial_motor_demo_msgs/share/serial_motor_demo_msgs/cmake/export_serial_motor_demo_msgs__rosidl_generator_cExport.cmake
[6.602s] -- Installing: /home/wilsonlo/dev_ws/install/serial_motor_demo_msgs/share/serial_motor_demo_msgs/cmake/export_serial_motor_demo_msgs__rosidl_generator_cExport-noconfig.cmake
[6.602s] -- Installing: /home/wilsonlo/dev_ws/install/serial_motor_demo_msgs/share/serial_motor_demo_msgs/cmake/export_serial_motor_demo_msgs__rosidl_typesupport_fastrtps_cExport.cmake
[6.602s] -- Installing: /home/wilsonlo/dev_ws/install/serial_motor_demo_msgs/share/serial_motor_demo_msgs/cmake/export_serial_motor_demo_msgs__rosidl_typesupport_fastrtps_cExport-noconfig.cmake
[6.602s] -- Installing: /home/wilsonlo/dev_ws/install/serial_motor_demo_msgs/share/serial_motor_demo_msgs/cmake/serial_motor_demo_msgs__rosidl_typesupport_introspection_cExport.cmake
[6.602s] -- Installing: /home/wilsonlo/dev_ws/install/serial_motor_demo_msgs/share/serial_motor_demo_msgs/cmake/serial_motor_demo_msgs__rosidl_typesupport_introspection_cExport-noconfig.cmake
[6.602s] -- Installing: /home/wilsonlo/dev_ws/install/serial_motor_demo_msgs/share/serial_motor_demo_msgs/cmake/serial_motor_demo_msgs__rosidl_typesupport_cExport.cmake
[6.602s] -- Installing: /home/wilsonlo/dev_ws/install/serial_motor_demo_msgs/share/serial_motor_demo_msgs/cmake/serial_motor_demo_msgs__rosidl_typesupport_cExport-noconfig.cmake
[6.603s] -- Installing: /home/wilsonlo/dev_ws/install/serial_motor_demo_msgs/share/serial_motor_demo_msgs/cmake/export_serial_motor_demo_msgs__rosidl_generator_cppExport.cmake
[6.603s] -- Installing: /home/wilsonlo/dev_ws/install/serial_motor_demo_msgs/share/serial_motor_demo_msgs/cmake/export_serial_motor_demo_msgs__rosidl_typesupport_fastrtps_cppExport.cmake
[6.603s] -- Installing: /home/wilsonlo/dev_ws/install/serial_motor_demo_msgs/share/serial_motor_demo_msgs/cmake/export_serial_motor_demo_msgs__rosidl_typesupport_fastrtps_cppExport-noconfig.cmake
[6.603s] -- Installing: /home/wilsonlo/dev_ws/install/serial_motor_demo_msgs/share/serial_motor_demo_msgs/cmake/serial_motor_demo_msgs__rosidl_typesupport_introspection_cppExport.cmake
[6.603s] -- Installing: /home/wilsonlo/dev_ws/install/serial_motor_demo_msgs/share/serial_motor_demo_msgs/cmake/serial_motor_demo_msgs__rosidl_typesupport_introspection_cppExport-noconfig.cmake
[6.603s] -- Installing: /home/wilsonlo/dev_ws/install/serial_motor_demo_msgs/share/serial_motor_demo_msgs/cmake/serial_motor_demo_msgs__rosidl_typesupport_cppExport.cmake
[6.603s] -- Installing: /home/wilsonlo/dev_ws/install/serial_motor_demo_msgs/share/serial_motor_demo_msgs/cmake/serial_motor_demo_msgs__rosidl_typesupport_cppExport-noconfig.cmake
[6.603s] -- Installing: /home/wilsonlo/dev_ws/install/serial_motor_demo_msgs/share/serial_motor_demo_msgs/cmake/export_serial_motor_demo_msgs__rosidl_generator_pyExport.cmake
[6.604s] -- Installing: /home/wilsonlo/dev_ws/install/serial_motor_demo_msgs/share/serial_motor_demo_msgs/cmake/export_serial_motor_demo_msgs__rosidl_generator_pyExport-noconfig.cmake
[6.605s] Invoked command in '/home/wilsonlo/dev_ws/build/serial_motor_demo_msgs' returned '0': CMAKE_PREFIX_PATH=${CMAKE_PREFIX_PATH}:/home/wilsonlo/dev_ws/install/serial_motor_demo:/opt/ros/jazzy DEBUGINFOD_URLS=https://debuginfod.ubuntu.com /usr/bin/cmake --install /home/wilsonlo/dev_ws/build/serial_motor_demo_msgs
