[0.011s] Invoking command in '/home/wilsonlo/dev_ws/build/dd_bot': CMAKE_PREFIX_PATH=${CMAKE_PREFIX_PATH}:/opt/ros/jazzy DEBUGINFOD_URLS=https://debuginfod.ubuntu.com /usr/bin/cmake --build /home/wilsonlo/dev_ws/build/dd_bot -- -j8 -l8
[0.034s] -- Found ament_cmake: 2.5.4 (/opt/ros/jazzy/share/ament_cmake/cmake)
[0.237s] -- Found ament_lint_auto: 0.17.2 (/opt/ros/jazzy/share/ament_lint_auto/cmake)
[0.333s] -- Added test 'copyright' to check source files copyright and LICENSE
[0.336s] -- Added test 'flake8' to check Python code syntax and style conventions
[0.336s] -- Configured 'flake8' exclude dirs and/or files: 
[0.337s] -- Added test 'lint_cmake' to check CMake code style
[0.338s] -- Added test 'pep257' to check Python code against some of the docstring style conventions in PEP 257
[0.339s] -- Added test 'xmllint' to check XML markup files
[0.340s] -- Configuring done (0.3s)
[0.352s] -- Generating done (0.0s)
[0.365s] -- Build files have been written to: /home/wilsonlo/dev_ws/build/dd_bot
[0.385s] Invoked command in '/home/wilsonlo/dev_ws/build/dd_bot' returned '0': CMAKE_PREFIX_PATH=${CMAKE_PREFIX_PATH}:/opt/ros/jazzy DEBUGINFOD_URLS=https://debuginfod.ubuntu.com /usr/bin/cmake --build /home/wilsonlo/dev_ws/build/dd_bot -- -j8 -l8
[0.394s] Invoking command in '/home/wilsonlo/dev_ws/build/dd_bot': CMAKE_PREFIX_PATH=${CMAKE_PREFIX_PATH}:/opt/ros/jazzy DEBUGINFOD_URLS=https://debuginfod.ubuntu.com /usr/bin/cmake --install /home/wilsonlo/dev_ws/build/dd_bot
[0.401s] -- Install configuration: ""
[0.401s] -- Up-to-date: /home/wilsonlo/dev_ws/install/dd_bot/share/dd_bot/config
[0.401s] -- Up-to-date: /home/wilsonlo/dev_ws/install/dd_bot/share/dd_bot/config/twist_mux.yaml
[0.402s] -- Up-to-date: /home/wilsonlo/dev_ws/install/dd_bot/share/dd_bot/config/empty.yaml
[0.402s] -- Up-to-date: /home/wilsonlo/dev_ws/install/dd_bot/share/dd_bot/config/gz_bridge.yaml
[0.402s] -- Up-to-date: /home/wilsonlo/dev_ws/install/dd_bot/share/dd_bot/config/view_bot.rviz
[0.402s] -- Up-to-date: /home/wilsonlo/dev_ws/install/dd_bot/share/dd_bot/description
[0.402s] -- Up-to-date: /home/wilsonlo/dev_ws/install/dd_bot/share/dd_bot/description/inertial_macros.xacro
[0.402s] -- Up-to-date: /home/wilsonlo/dev_ws/install/dd_bot/share/dd_bot/description/left right wheel.txt
[0.402s] -- Up-to-date: /home/wilsonlo/dev_ws/install/dd_bot/share/dd_bot/description/robot_core.xacro
[0.402s] -- Up-to-date: /home/wilsonlo/dev_ws/install/dd_bot/share/dd_bot/description/gazebo_control.xacro
[0.402s] -- Up-to-date: /home/wilsonlo/dev_ws/install/dd_bot/share/dd_bot/description/robot.urdf.xacro
[0.402s] -- Up-to-date: /home/wilsonlo/dev_ws/install/dd_bot/share/dd_bot/launch
[0.402s] -- Up-to-date: /home/wilsonlo/dev_ws/install/dd_bot/share/dd_bot/launch/launch_sim.launch.py
[0.403s] -- Up-to-date: /home/wilsonlo/dev_ws/install/dd_bot/share/dd_bot/launch/rsp.launch.py
[0.403s] -- Up-to-date: /home/wilsonlo/dev_ws/install/dd_bot/share/dd_bot/worlds
[0.403s] -- Up-to-date: /home/wilsonlo/dev_ws/install/dd_bot/share/dd_bot/worlds/empty.world
[0.403s] -- Up-to-date: /home/wilsonlo/dev_ws/install/dd_bot/share/ament_index/resource_index/package_run_dependencies/dd_bot
[0.403s] -- Installing: /home/wilsonlo/dev_ws/install/dd_bot/share/ament_index/resource_index/parent_prefix_path/dd_bot
[0.403s] -- Installing: /home/wilsonlo/dev_ws/install/dd_bot/share/dd_bot/environment/ament_prefix_path.sh
[0.403s] -- Up-to-date: /home/wilsonlo/dev_ws/install/dd_bot/share/dd_bot/environment/ament_prefix_path.dsv
[0.403s] -- Installing: /home/wilsonlo/dev_ws/install/dd_bot/share/dd_bot/environment/path.sh
[0.404s] -- Up-to-date: /home/wilsonlo/dev_ws/install/dd_bot/share/dd_bot/environment/path.dsv
[0.404s] -- Up-to-date: /home/wilsonlo/dev_ws/install/dd_bot/share/dd_bot/local_setup.bash
[0.404s] -- Up-to-date: /home/wilsonlo/dev_ws/install/dd_bot/share/dd_bot/local_setup.sh
[0.404s] -- Up-to-date: /home/wilsonlo/dev_ws/install/dd_bot/share/dd_bot/local_setup.zsh
[0.404s] -- Up-to-date: /home/wilsonlo/dev_ws/install/dd_bot/share/dd_bot/local_setup.dsv
[0.404s] -- Up-to-date: /home/wilsonlo/dev_ws/install/dd_bot/share/dd_bot/package.dsv
[0.404s] -- Up-to-date: /home/wilsonlo/dev_ws/install/dd_bot/share/ament_index/resource_index/packages/dd_bot
[0.404s] -- Up-to-date: /home/wilsonlo/dev_ws/install/dd_bot/share/dd_bot/cmake/dd_botConfig.cmake
[0.404s] -- Up-to-date: /home/wilsonlo/dev_ws/install/dd_bot/share/dd_bot/cmake/dd_botConfig-version.cmake
[0.404s] -- Up-to-date: /home/wilsonlo/dev_ws/install/dd_bot/share/dd_bot/package.xml
[0.410s] Invoked command in '/home/wilsonlo/dev_ws/build/dd_bot' returned '0': CMAKE_PREFIX_PATH=${CMAKE_PREFIX_PATH}:/opt/ros/jazzy DEBUGINFOD_URLS=https://debuginfod.ubuntu.com /usr/bin/cmake --install /home/wilsonlo/dev_ws/build/dd_bot
