In file included from [01m[K/home/wilsonlo/dev_ws/build/serial_motor_demo_msgs/rosidl_generator_c/serial_motor_demo_msgs/msg/detail/motor_vels__type_support.c:5[m[K:
[01m[K/usr/include/string.h:26:10:[m[K [01;31m[Kfatal error: [m[Kbits/libc-header-start.h: No such file or directory
   26 | #include [01;31m[K<bits/libc-header-start.h>[m[K
      |          [01;31m[K^~~~~~~~~~~~~~~~~~~~~~~~~~[m[K
In file included from [01m[K/home/wilsonlo/dev_ws/build/serial_motor_demo_msgs/rosidl_generator_c/serial_motor_demo_msgs/msg/detail/motor_command__type_support.c:5[m[K:
[01m[K/usr/include/string.h:26:10:[m[K [01;31m[Kfatal error: [m[Kbits/libc-header-start.h: No such file or directory
   26 | #include [01;31m[K<bits/libc-header-start.h>[m[K
      |          [01;31m[K^~~~~~~~~~~~~~~~~~~~~~~~~~[m[K
In file included from [01m[K/home/wilsonlo/dev_ws/build/serial_motor_demo_msgs/rosidl_generator_c/serial_motor_demo_msgs/msg/detail/motor_vels__functions.h:17[m[K,
                 from [01m[K/home/wilsonlo/dev_ws/build/serial_motor_demo_msgs/rosidl_generator_c/serial_motor_demo_msgs/msg/detail/motor_vels__description.c:5[m[K:
[01m[K/usr/include/stdlib.h:26:10:[m[K [01;31m[Kfatal error: [m[Kbits/libc-header-start.h: No such file or directory
   26 | #include [01;31m[K<bits/libc-header-start.h>[m[K
      |          [01;31m[K^~~~~~~~~~~~~~~~~~~~~~~~~~[m[K
compilation terminated.
compilation terminated.
In file included from [01m[K/home/wilsonlo/dev_ws/build/serial_motor_demo_msgs/rosidl_generator_c/serial_motor_demo_msgs/msg/detail/motor_vels__functions.h:17[m[K,
                 from [01m[K/home/wilsonlo/dev_ws/build/serial_motor_demo_msgs/rosidl_generator_c/serial_motor_demo_msgs/msg/detail/motor_vels__functions.c:4[m[K:
[01m[K/usr/include/stdlib.h:26:10:[m[K [01;31m[Kfatal error: [m[Kbits/libc-header-start.h: No such file or directory
   26 | #include [01;31m[K<bits/libc-header-start.h>[m[K
      |          [01;31m[K^~~~~~~~~~~~~~~~~~~~~~~~~~[m[K
In file included from [01m[K/home/wilsonlo/dev_ws/build/serial_motor_demo_msgs/rosidl_generator_c/serial_motor_demo_msgs/msg/detail/motor_command__functions.h:17[m[K,
                 from [01m[K/home/wilsonlo/dev_ws/build/serial_motor_demo_msgs/rosidl_generator_c/serial_motor_demo_msgs/msg/detail/motor_command__description.c:5[m[K:
[01m[K/usr/include/stdlib.h:26:10:[m[K [01;31m[Kfatal error: [m[Kbits/libc-header-start.h: No such file or directory
   26 | #include [01;31m[K<bits/libc-header-start.h>[m[K
      |          [01;31m[K^~~~~~~~~~~~~~~~~~~~~~~~~~[m[K
compilation terminated.
In file included from [01m[K/home/wilsonlo/dev_ws/build/serial_motor_demo_msgs/rosidl_generator_c/serial_motor_demo_msgs/msg/detail/motor_command__functions.h:17[m[K,
                 from [01m[K/home/wilsonlo/dev_ws/build/serial_motor_demo_msgs/rosidl_generator_c/serial_motor_demo_msgs/msg/detail/motor_command__functions.c:4[m[K:
[01m[K/usr/include/stdlib.h:26:10:[m[K [01;31m[Kfatal error: [m[Kbits/libc-header-start.h: No such file or directory
   26 | #include [01;31m[K<bits/libc-header-start.h>[m[K
      |          [01;31m[K^~~~~~~~~~~~~~~~~~~~~~~~~~[m[K
In file included from [01m[K/home/wilsonlo/dev_ws/build/serial_motor_demo_msgs/rosidl_generator_c/serial_motor_demo_msgs/msg/detail/encoder_vals__functions.h:17[m[K,
                 from [01m[K/home/wilsonlo/dev_ws/build/serial_motor_demo_msgs/rosidl_generator_c/serial_motor_demo_msgs/msg/detail/encoder_vals__description.c:5[m[K:
[01m[K/usr/include/stdlib.h:26:10:[m[K [01;31m[Kfatal error: [m[Kbits/libc-header-start.h: No such file or directory
   26 | #include [01;31m[K<bits/libc-header-start.h>[m[K
      |          [01;31m[K^~~~~~~~~~~~~~~~~~~~~~~~~~[m[K
compilation terminated.
compilation terminated.
compilation terminated.
compilation terminated.
gmake[2]: *** [CMakeFiles/serial_motor_demo_msgs__rosidl_generator_c.dir/build.make:231: CMakeFiles/serial_motor_demo_msgs__rosidl_generator_c.dir/rosidl_generator_c/serial_motor_demo_msgs/msg/detail/motor_vels__type_support.c.o] Error 1
gmake[2]: *** Waiting for unfinished jobs....
gmake[2]: *** [CMakeFiles/serial_motor_demo_msgs__rosidl_generator_c.dir/build.make:175: CMakeFiles/serial_motor_demo_msgs__rosidl_generator_c.dir/rosidl_generator_c/serial_motor_demo_msgs/msg/detail/motor_command__functions.c.o] Error 1
gmake[2]: *** [CMakeFiles/serial_motor_demo_msgs__rosidl_generator_c.dir/build.make:189: CMakeFiles/serial_motor_demo_msgs__rosidl_generator_c.dir/rosidl_generator_c/serial_motor_demo_msgs/msg/detail/motor_command__type_support.c.o] Error 1
gmake[2]: *** [CMakeFiles/serial_motor_demo_msgs__rosidl_generator_c.dir/build.make:245: CMakeFiles/serial_motor_demo_msgs__rosidl_generator_c.dir/rosidl_generator_c/serial_motor_demo_msgs/msg/detail/encoder_vals__description.c.o] Error 1
gmake[2]: *** [CMakeFiles/serial_motor_demo_msgs__rosidl_generator_c.dir/build.make:203: CMakeFiles/serial_motor_demo_msgs__rosidl_generator_c.dir/rosidl_generator_c/serial_motor_demo_msgs/msg/detail/motor_vels__description.c.o] Error 1
gmake[2]: *** [CMakeFiles/serial_motor_demo_msgs__rosidl_generator_c.dir/build.make:161: CMakeFiles/serial_motor_demo_msgs__rosidl_generator_c.dir/rosidl_generator_c/serial_motor_demo_msgs/msg/detail/motor_command__description.c.o] Error 1
gmake[2]: *** [CMakeFiles/serial_motor_demo_msgs__rosidl_generator_c.dir/build.make:217: CMakeFiles/serial_motor_demo_msgs__rosidl_generator_c.dir/rosidl_generator_c/serial_motor_demo_msgs/msg/detail/motor_vels__functions.c.o] Error 1
gmake[1]: *** [CMakeFiles/Makefile2:241: CMakeFiles/serial_motor_demo_msgs__rosidl_generator_c.dir/all] Error 2
gmake[1]: *** Waiting for unfinished jobs....
gmake: *** [Makefile:146: all] Error 2
