[0.182s] Invoking command in '/home/wilsonlo/dev_ws/build/serial_motor_demo_msgs': CMAKE_PREFIX_PATH=${CMAKE_PREFIX_PATH}:/home/wilsonlo/dev_ws/install/serial_motor_demo:/opt/ros/jazzy DEBUGINFOD_URLS=https://debuginfod.ubuntu.com /usr/bin/cmake --build /home/wilsonlo/dev_ws/build/serial_motor_demo_msgs -- -j8 -l8
[1.041s] -- Found ament_cmake: 2.5.3 (/opt/ros/jazzy/share/ament_cmake/cmake)
[1.459s] -- Found Python3: /usr/bin/python3 (found version "3.12.3") found components: Interpreter 
[1.778s] -- Override CMake install command with custom implementation using symlinks instead of copying resources
[1.928s] -- Found ament_lint_auto: 0.17.2 (/opt/ros/jazzy/share/ament_lint_auto/cmake)
[2.489s] -- Found rosidl_default_generators: 1.6.0 (/opt/ros/jazzy/share/rosidl_default_generators/cmake)
[2.789s] -- Using all available rosidl_typesupport_c: rosidl_typesupport_fastrtps_c;rosidl_typesupport_introspection_c
[3.968s] -- Using all available rosidl_typesupport_cpp: rosidl_typesupport_fastrtps_cpp;rosidl_typesupport_introspection_cpp
[4.067s] -- Found rosidl_adapter: 4.6.5 (/opt/ros/jazzy/share/rosidl_adapter/cmake)
[4.353s] -- Found ament_cmake_ros: 0.12.0 (/opt/ros/jazzy/share/ament_cmake_ros/cmake)
[4.487s] -- Using all available rosidl_typesupport_c: rosidl_typesupport_fastrtps_c;rosidl_typesupport_introspection_c
[4.650s] -- Using all available rosidl_typesupport_cpp: rosidl_typesupport_fastrtps_cpp;rosidl_typesupport_introspection_cpp
[4.663s] -- Found python_cmake_module: 0.11.1 (/opt/ros/jazzy/share/python_cmake_module/cmake)
[4.993s] -- Found Python3: /usr/bin/python3 (found version "3.12.3") found components: Interpreter Development NumPy Development.Module Development.Embed 
[5.064s] -- Added test 'copyright' to check source files copyright and LICENSE
[5.090s] -- Added test 'lint_cmake' to check CMake code style
[5.094s] -- Added test 'xmllint' to check XML markup files
[5.139s] -- Configuring done (4.7s)
[5.514s] -- Generating done (0.3s)
[5.529s] -- Build files have been written to: /home/wilsonlo/dev_ws/build/serial_motor_demo_msgs
[5.566s] failed to create symbolic link '/home/wilsonlo/dev_ws/build/serial_motor_demo_msgs/ament_cmake_python/serial_motor_demo_msgs/serial_motor_demo_msgs' because existing path cannot be removed: Is a directory
[5.567s] gmake[2]: *** [CMakeFiles/ament_cmake_python_symlink_serial_motor_demo_msgs.dir/build.make:70: CMakeFiles/ament_cmake_python_symlink_serial_motor_demo_msgs] Error 1
[5.567s] gmake[1]: *** [CMakeFiles/Makefile2:452: CMakeFiles/ament_cmake_python_symlink_serial_motor_demo_msgs.dir/all] Error 2
[5.568s] gmake[1]: *** Waiting for unfinished jobs....
[5.578s] [  1%] Built target serial_motor_demo_msgs__rosidl_generator_type_description
[5.579s] gmake: *** [Makefile:146: all] Error 2
[5.581s] Invoked command in '/home/wilsonlo/dev_ws/build/serial_motor_demo_msgs' returned '2': CMAKE_PREFIX_PATH=${CMAKE_PREFIX_PATH}:/home/wilsonlo/dev_ws/install/serial_motor_demo:/opt/ros/jazzy DEBUGINFOD_URLS=https://debuginfod.ubuntu.com /usr/bin/cmake --build /home/wilsonlo/dev_ws/build/serial_motor_demo_msgs -- -j8 -l8
