[0.124s] Invoking command in '/home/wilsonlo/dev_ws/build/dd_bot': CMAKE_PREFIX_PATH=${CMAKE_PREFIX_PATH}:/opt/ros/jazzy DEBUGINFOD_URLS=https://debuginfod.ubuntu.com /usr/bin/cmake --build /home/wilsonlo/dev_ws/build/dd_bot -- -j8 -l8
[0.484s] Invoked command in '/home/wilsonlo/dev_ws/build/dd_bot' returned '0': CMAKE_PREFIX_PATH=${CMAKE_PREFIX_PATH}:/opt/ros/jazzy DEBUGINFOD_URLS=https://debuginfod.ubuntu.com /usr/bin/cmake --build /home/wilsonlo/dev_ws/build/dd_bot -- -j8 -l8
[0.486s] Invoking command in '/home/wilsonlo/dev_ws/build/dd_bot': CMAKE_PREFIX_PATH=${CMAKE_PREFIX_PATH}:/opt/ros/jazzy DEBUGINFOD_URLS=https://debuginfod.ubuntu.com /usr/bin/cmake --install /home/wilsonlo/dev_ws/build/dd_bot
[0.505s] -- Install configuration: ""
[0.513s] -- Execute custom install script
[0.560s] -- Up-to-date symlink: /home/wilsonlo/dev_ws/install/dd_bot/share/dd_bot/config/empty.yaml
[0.565s] -- Up-to-date symlink: /home/wilsonlo/dev_ws/install/dd_bot/share/dd_bot/config/twist_mux.yaml
[0.565s] -- Up-to-date symlink: /home/wilsonlo/dev_ws/install/dd_bot/share/dd_bot/config/view_bot.rviz
[0.566s] -- Up-to-date symlink: /home/wilsonlo/dev_ws/install/dd_bot/share/dd_bot/description/gazebo_control.xacro
[0.566s] -- Up-to-date symlink: /home/wilsonlo/dev_ws/install/dd_bot/share/dd_bot/description/inertial_macros.xacro
[0.566s] -- Symlinking: /home/wilsonlo/dev_ws/install/dd_bot/share/dd_bot/description/left right wheel.txt
[0.577s] -- Up-to-date symlink: /home/wilsonlo/dev_ws/install/dd_bot/share/dd_bot/description/robot.urdf.xacro
[0.578s] -- Up-to-date symlink: /home/wilsonlo/dev_ws/install/dd_bot/share/dd_bot/description/robot_core.xacro
[0.578s] -- Up-to-date symlink: /home/wilsonlo/dev_ws/install/dd_bot/share/dd_bot/launch/launch_sim.launch.py
[0.578s] -- Up-to-date symlink: /home/wilsonlo/dev_ws/install/dd_bot/share/dd_bot/launch/rsp.launch.py
[0.579s] -- Up-to-date symlink: /home/wilsonlo/dev_ws/install/dd_bot/share/dd_bot/worlds/empty.world
[0.580s] -- Up-to-date symlink: /home/wilsonlo/dev_ws/install/dd_bot/share/ament_index/resource_index/package_run_dependencies/dd_bot
[0.580s] -- Up-to-date symlink: /home/wilsonlo/dev_ws/install/dd_bot/share/ament_index/resource_index/parent_prefix_path/dd_bot
[0.580s] -- Up-to-date symlink: /home/wilsonlo/dev_ws/install/dd_bot/share/dd_bot/environment/ament_prefix_path.sh
[0.580s] -- Up-to-date symlink: /home/wilsonlo/dev_ws/install/dd_bot/share/dd_bot/environment/ament_prefix_path.dsv
[0.581s] -- Up-to-date symlink: /home/wilsonlo/dev_ws/install/dd_bot/share/dd_bot/environment/path.sh
[0.581s] -- Up-to-date symlink: /home/wilsonlo/dev_ws/install/dd_bot/share/dd_bot/environment/path.dsv
[0.581s] -- Up-to-date symlink: /home/wilsonlo/dev_ws/install/dd_bot/share/dd_bot/local_setup.bash
[0.581s] -- Up-to-date symlink: /home/wilsonlo/dev_ws/install/dd_bot/share/dd_bot/local_setup.sh
[0.582s] -- Up-to-date symlink: /home/wilsonlo/dev_ws/install/dd_bot/share/dd_bot/local_setup.zsh
[0.582s] -- Up-to-date symlink: /home/wilsonlo/dev_ws/install/dd_bot/share/dd_bot/local_setup.dsv
[0.582s] -- Symlinking: /home/wilsonlo/dev_ws/install/dd_bot/share/dd_bot/package.dsv
[0.609s] -- Up-to-date symlink: /home/wilsonlo/dev_ws/install/dd_bot/share/ament_index/resource_index/packages/dd_bot
[0.609s] -- Up-to-date symlink: /home/wilsonlo/dev_ws/install/dd_bot/share/dd_bot/cmake/dd_botConfig.cmake
[0.609s] -- Up-to-date symlink: /home/wilsonlo/dev_ws/install/dd_bot/share/dd_bot/cmake/dd_botConfig-version.cmake
[0.609s] -- Up-to-date symlink: /home/wilsonlo/dev_ws/install/dd_bot/share/dd_bot/package.xml
[0.688s] Invoked command in '/home/wilsonlo/dev_ws/build/dd_bot' returned '0': CMAKE_PREFIX_PATH=${CMAKE_PREFIX_PATH}:/opt/ros/jazzy DEBUGINFOD_URLS=https://debuginfod.ubuntu.com /usr/bin/cmake --install /home/wilsonlo/dev_ws/build/dd_bot
