[0.403s] Invoking command in '/home/wilsonlo/dev_ws/build/urdf_example': CMAKE_PREFIX_PATH=${CMAKE_PREFIX_PATH}:/opt/ros/jazzy DEBUGINFOD_URLS=https://debuginfod.ubuntu.com /usr/bin/cmake /home/wilsonlo/dev_ws/src/urdf_example -DCMAKE_INSTALL_PREFIX=/home/wilsonlo/dev_ws/install/urdf_example
[2.991s] -- The C compiler identification is GNU 13.3.0
[3.853s] -- The CXX compiler identification is GNU 13.3.0
[4.008s] -- Detecting C compiler ABI info
[4.300s] -- Detecting C compiler ABI info - done
[4.310s] -- Check for working C compiler: /usr/bin/cc - skipped
[4.311s] -- Detecting C compile features
[4.312s] -- Detecting C compile features - done
[4.440s] -- Detecting CXX compiler ABI info
[5.192s] -- Detecting CXX compiler ABI info - done
[5.202s] -- Check for working CXX compiler: /usr/bin/c++ - skipped
[5.202s] -- Detecting CXX compile features
[5.202s] -- Detecting CXX compile features - done
[5.361s] -- Found ament_cmake: 2.5.3 (/opt/ros/jazzy/share/ament_cmake/cmake)
[5.666s] -- Found Python3: /usr/bin/python3 (found version "3.12.3") found components: Interpreter 
[6.122s] -- Found ament_lint_auto: 0.17.1 (/opt/ros/jazzy/share/ament_lint_auto/cmake)
[6.522s] -- Added test 'copyright' to check source files copyright and LICENSE
[6.531s] -- Added test 'flake8' to check Python code syntax and style conventions
[6.531s] -- Configured 'flake8' exclude dirs and/or files: 
[6.533s] -- Added test 'lint_cmake' to check CMake code style
[6.535s] -- Added test 'pep257' to check Python code against some of the docstring style conventions in PEP 257
[6.540s] -- Added test 'xmllint' to check XML markup files
[6.542s] -- Configuring done (5.6s)
[6.545s] -- Generating done (0.0s)
[6.548s] -- Build files have been written to: /home/wilsonlo/dev_ws/build/urdf_example
[6.556s] Invoked command in '/home/wilsonlo/dev_ws/build/urdf_example' returned '0': CMAKE_PREFIX_PATH=${CMAKE_PREFIX_PATH}:/opt/ros/jazzy DEBUGINFOD_URLS=https://debuginfod.ubuntu.com /usr/bin/cmake /home/wilsonlo/dev_ws/src/urdf_example -DCMAKE_INSTALL_PREFIX=/home/wilsonlo/dev_ws/install/urdf_example
[6.557s] Invoking command in '/home/wilsonlo/dev_ws/build/urdf_example': CMAKE_PREFIX_PATH=${CMAKE_PREFIX_PATH}:/opt/ros/jazzy DEBUGINFOD_URLS=https://debuginfod.ubuntu.com /usr/bin/cmake --build /home/wilsonlo/dev_ws/build/urdf_example -- -j8 -l8
[6.600s] Invoked command in '/home/wilsonlo/dev_ws/build/urdf_example' returned '0': CMAKE_PREFIX_PATH=${CMAKE_PREFIX_PATH}:/opt/ros/jazzy DEBUGINFOD_URLS=https://debuginfod.ubuntu.com /usr/bin/cmake --build /home/wilsonlo/dev_ws/build/urdf_example -- -j8 -l8
[6.601s] Invoking command in '/home/wilsonlo/dev_ws/build/urdf_example': CMAKE_PREFIX_PATH=${CMAKE_PREFIX_PATH}:/opt/ros/jazzy DEBUGINFOD_URLS=https://debuginfod.ubuntu.com /usr/bin/cmake --install /home/wilsonlo/dev_ws/build/urdf_example
[6.611s] -- Install configuration: ""
[6.611s] -- Installing: /home/wilsonlo/dev_ws/install/urdf_example/share/urdf_example/description
[6.611s] -- Installing: /home/wilsonlo/dev_ws/install/urdf_example/share/urdf_example/description/example_include.xacro
[6.611s] -- Installing: /home/wilsonlo/dev_ws/install/urdf_example/share/urdf_example/description/example_robot.urdf.xacro
[6.611s] -- Installing: /home/wilsonlo/dev_ws/install/urdf_example/share/urdf_example/description/example_gazebo.xacro
[6.612s] -- Installing: /home/wilsonlo/dev_ws/install/urdf_example/share/urdf_example/launch
[6.612s] -- Installing: /home/wilsonlo/dev_ws/install/urdf_example/share/urdf_example/launch/rsp.launch.py
[6.612s] -- Installing: /home/wilsonlo/dev_ws/install/urdf_example/share/urdf_example/launch/rsp_sim.launch.py
[6.612s] -- Installing: /home/wilsonlo/dev_ws/install/urdf_example/share/urdf_example/worlds
[6.612s] -- Installing: /home/wilsonlo/dev_ws/install/urdf_example/share/urdf_example/worlds/test_world.world
[6.612s] -- Installing: /home/wilsonlo/dev_ws/install/urdf_example/share/ament_index/resource_index/package_run_dependencies/urdf_example
[6.613s] -- Installing: /home/wilsonlo/dev_ws/install/urdf_example/share/ament_index/resource_index/parent_prefix_path/urdf_example
[6.613s] -- Installing: /home/wilsonlo/dev_ws/install/urdf_example/share/urdf_example/environment/ament_prefix_path.sh
[6.613s] -- Installing: /home/wilsonlo/dev_ws/install/urdf_example/share/urdf_example/environment/ament_prefix_path.dsv
[6.613s] -- Installing: /home/wilsonlo/dev_ws/install/urdf_example/share/urdf_example/environment/path.sh
[6.613s] -- Installing: /home/wilsonlo/dev_ws/install/urdf_example/share/urdf_example/environment/path.dsv
[6.614s] -- Installing: /home/wilsonlo/dev_ws/install/urdf_example/share/urdf_example/local_setup.bash
[6.614s] -- Installing: /home/wilsonlo/dev_ws/install/urdf_example/share/urdf_example/local_setup.sh
[6.614s] -- Installing: /home/wilsonlo/dev_ws/install/urdf_example/share/urdf_example/local_setup.zsh
[6.614s] -- Installing: /home/wilsonlo/dev_ws/install/urdf_example/share/urdf_example/local_setup.dsv
[6.615s] -- Installing: /home/wilsonlo/dev_ws/install/urdf_example/share/urdf_example/package.dsv
[6.615s] -- Installing: /home/wilsonlo/dev_ws/install/urdf_example/share/ament_index/resource_index/packages/urdf_example
[6.615s] -- Installing: /home/wilsonlo/dev_ws/install/urdf_example/share/urdf_example/cmake/urdf_exampleConfig.cmake
[6.615s] -- Installing: /home/wilsonlo/dev_ws/install/urdf_example/share/urdf_example/cmake/urdf_exampleConfig-version.cmake
[6.615s] -- Installing: /home/wilsonlo/dev_ws/install/urdf_example/share/urdf_example/package.xml
[6.618s] Invoked command in '/home/wilsonlo/dev_ws/build/urdf_example' returned '0': CMAKE_PREFIX_PATH=${CMAKE_PREFIX_PATH}:/opt/ros/jazzy DEBUGINFOD_URLS=https://debuginfod.ubuntu.com /usr/bin/cmake --install /home/wilsonlo/dev_ws/build/urdf_example
