[0.125s] DEBUG:colcon:Command line arguments: ['/usr/bin/colcon', 'build', '--symlink-install']
[0.125s] DEBUG:colcon:Parsed command line arguments: Namespace(log_base=None, log_level=None, verb_name='build', build_base='build', install_base='install', merge_install=False, symlink_install=True, test_result_base=None, continue_on_error=False, executor='parallel', parallel_workers=8, event_handlers=None, ignore_user_meta=False, metas=['./colcon.meta'], base_paths=['.'], packages_ignore=None, packages_ignore_regex=None, paths=None, packages_up_to=None, packages_up_to_regex=None, packages_above=None, packages_above_and_dependencies=None, packages_above_depth=None, packages_select_by_dep=None, packages_skip_by_dep=None, packages_skip_up_to=None, packages_select_build_failed=False, packages_skip_build_finished=False, packages_select_test_failures=False, packages_skip_test_passed=False, packages_select=None, packages_skip=None, packages_select_regex=None, packages_skip_regex=None, packages_start=None, packages_end=None, allow_overriding=[], cmake_args=None, cmake_target=None, cmake_target_skip_unavailable=False, cmake_clean_cache=False, cmake_clean_first=False, cmake_force_configure=False, ament_cmake_args=None, catkin_cmake_args=None, catkin_skip_building_tests=False, mixin_files=None, mixin=None, verb_parser=<colcon_mixin.mixin.mixin_argument.MixinArgumentDecorator object at 0x7098ecca8e60>, verb_extension=<colcon_core.verb.build.BuildVerb object at 0x7098ecc26cf0>, main=<bound method BuildVerb.main of <colcon_core.verb.build.BuildVerb object at 0x7098ecc26cf0>>, mixin_verb=('build',))
[0.164s] Level 1:colcon.colcon_core.package_discovery:discover_packages(colcon_meta) check parameters
[0.164s] Level 1:colcon.colcon_core.package_discovery:discover_packages(recursive) check parameters
[0.164s] Level 1:colcon.colcon_core.package_discovery:discover_packages(ignore) check parameters
[0.165s] Level 1:colcon.colcon_core.package_discovery:discover_packages(path) check parameters
[0.165s] Level 1:colcon.colcon_core.package_discovery:discover_packages(colcon_meta) discover
[0.165s] Level 1:colcon.colcon_core.package_discovery:discover_packages(recursive) discover
[0.165s] INFO:colcon.colcon_core.package_discovery:Crawling recursively for packages in '/home/wilsonlo/dev_ws'
[0.165s] Level 1:colcon.colcon_core.package_identification:_identify(.) by extensions ['ignore', 'ignore_ament_install']
[0.165s] Level 1:colcon.colcon_core.package_identification:_identify(.) by extension 'ignore'
[0.165s] Level 1:colcon.colcon_core.package_identification:_identify(.) by extension 'ignore_ament_install'
[0.165s] Level 1:colcon.colcon_core.package_identification:_identify(.) by extensions ['colcon_pkg']
[0.165s] Level 1:colcon.colcon_core.package_identification:_identify(.) by extension 'colcon_pkg'
[0.165s] Level 1:colcon.colcon_core.package_identification:_identify(.) by extensions ['colcon_meta']
[0.165s] Level 1:colcon.colcon_core.package_identification:_identify(.) by extension 'colcon_meta'
[0.165s] Level 1:colcon.colcon_core.package_identification:_identify(.) by extensions ['ros']
[0.165s] Level 1:colcon.colcon_core.package_identification:_identify(.) by extension 'ros'
[0.190s] Level 1:colcon.colcon_core.package_identification:_identify(.) by extensions ['cmake', 'python']
[0.190s] Level 1:colcon.colcon_core.package_identification:_identify(.) by extension 'cmake'
[0.190s] Level 1:colcon.colcon_core.package_identification:_identify(.) by extension 'python'
[0.190s] Level 1:colcon.colcon_core.package_identification:_identify(.) by extensions ['python_setup_py']
[0.190s] Level 1:colcon.colcon_core.package_identification:_identify(.) by extension 'python_setup_py'
[0.190s] Level 1:colcon.colcon_core.package_identification:_identify(build) by extensions ['ignore', 'ignore_ament_install']
[0.191s] Level 1:colcon.colcon_core.package_identification:_identify(build) by extension 'ignore'
[0.191s] Level 1:colcon.colcon_core.package_identification:_identify(build) ignored
[0.191s] Level 1:colcon.colcon_core.package_identification:_identify(install) by extensions ['ignore', 'ignore_ament_install']
[0.191s] Level 1:colcon.colcon_core.package_identification:_identify(install) by extension 'ignore'
[0.191s] Level 1:colcon.colcon_core.package_identification:_identify(install) ignored
[0.191s] Level 1:colcon.colcon_core.package_identification:_identify(log) by extensions ['ignore', 'ignore_ament_install']
[0.191s] Level 1:colcon.colcon_core.package_identification:_identify(log) by extension 'ignore'
[0.191s] Level 1:colcon.colcon_core.package_identification:_identify(log) ignored
[0.191s] Level 1:colcon.colcon_core.package_identification:_identify(src) by extensions ['ignore', 'ignore_ament_install']
[0.191s] Level 1:colcon.colcon_core.package_identification:_identify(src) by extension 'ignore'
[0.191s] Level 1:colcon.colcon_core.package_identification:_identify(src) by extension 'ignore_ament_install'
[0.191s] Level 1:colcon.colcon_core.package_identification:_identify(src) by extensions ['colcon_pkg']
[0.191s] Level 1:colcon.colcon_core.package_identification:_identify(src) by extension 'colcon_pkg'
[0.191s] Level 1:colcon.colcon_core.package_identification:_identify(src) by extensions ['colcon_meta']
[0.191s] Level 1:colcon.colcon_core.package_identification:_identify(src) by extension 'colcon_meta'
[0.191s] Level 1:colcon.colcon_core.package_identification:_identify(src) by extensions ['ros']
[0.192s] Level 1:colcon.colcon_core.package_identification:_identify(src) by extension 'ros'
[0.192s] Level 1:colcon.colcon_core.package_identification:_identify(src) by extensions ['cmake', 'python']
[0.192s] Level 1:colcon.colcon_core.package_identification:_identify(src) by extension 'cmake'
[0.192s] Level 1:colcon.colcon_core.package_identification:_identify(src) by extension 'python'
[0.192s] Level 1:colcon.colcon_core.package_identification:_identify(src) by extensions ['python_setup_py']
[0.192s] Level 1:colcon.colcon_core.package_identification:_identify(src) by extension 'python_setup_py'
[0.192s] Level 1:colcon.colcon_core.package_identification:_identify(src/articubot_one) by extensions ['ignore', 'ignore_ament_install']
[0.192s] Level 1:colcon.colcon_core.package_identification:_identify(src/articubot_one) by extension 'ignore'
[0.192s] Level 1:colcon.colcon_core.package_identification:_identify(src/articubot_one) by extension 'ignore_ament_install'
[0.192s] Level 1:colcon.colcon_core.package_identification:_identify(src/articubot_one) by extensions ['colcon_pkg']
[0.192s] Level 1:colcon.colcon_core.package_identification:_identify(src/articubot_one) by extension 'colcon_pkg'
[0.192s] Level 1:colcon.colcon_core.package_identification:_identify(src/articubot_one) by extensions ['colcon_meta']
[0.192s] Level 1:colcon.colcon_core.package_identification:_identify(src/articubot_one) by extension 'colcon_meta'
[0.192s] Level 1:colcon.colcon_core.package_identification:_identify(src/articubot_one) by extensions ['ros']
[0.192s] Level 1:colcon.colcon_core.package_identification:_identify(src/articubot_one) by extension 'ros'
[0.194s] DEBUG:colcon.colcon_core.package_identification:Package 'src/articubot_one' with type 'ros.ament_cmake' and name 'articubot_one'
[0.194s] Level 1:colcon.colcon_core.package_identification:_identify(src/dd_bot) by extensions ['ignore', 'ignore_ament_install']
[0.195s] Level 1:colcon.colcon_core.package_identification:_identify(src/dd_bot) by extension 'ignore'
[0.195s] Level 1:colcon.colcon_core.package_identification:_identify(src/dd_bot) by extension 'ignore_ament_install'
[0.195s] Level 1:colcon.colcon_core.package_identification:_identify(src/dd_bot) by extensions ['colcon_pkg']
[0.195s] Level 1:colcon.colcon_core.package_identification:_identify(src/dd_bot) by extension 'colcon_pkg'
[0.195s] Level 1:colcon.colcon_core.package_identification:_identify(src/dd_bot) by extensions ['colcon_meta']
[0.195s] Level 1:colcon.colcon_core.package_identification:_identify(src/dd_bot) by extension 'colcon_meta'
[0.195s] Level 1:colcon.colcon_core.package_identification:_identify(src/dd_bot) by extensions ['ros']
[0.195s] Level 1:colcon.colcon_core.package_identification:_identify(src/dd_bot) by extension 'ros'
[0.195s] DEBUG:colcon.colcon_core.package_identification:Package 'src/dd_bot' with type 'ros.ament_cmake' and name 'dd_bot'
[0.195s] Level 1:colcon.colcon_core.package_identification:_identify(src/my_package) by extensions ['ignore', 'ignore_ament_install']
[0.195s] Level 1:colcon.colcon_core.package_identification:_identify(src/my_package) by extension 'ignore'
[0.196s] Level 1:colcon.colcon_core.package_identification:_identify(src/my_package) by extension 'ignore_ament_install'
[0.196s] Level 1:colcon.colcon_core.package_identification:_identify(src/my_package) by extensions ['colcon_pkg']
[0.196s] Level 1:colcon.colcon_core.package_identification:_identify(src/my_package) by extension 'colcon_pkg'
[0.196s] Level 1:colcon.colcon_core.package_identification:_identify(src/my_package) by extensions ['colcon_meta']
[0.196s] Level 1:colcon.colcon_core.package_identification:_identify(src/my_package) by extension 'colcon_meta'
[0.196s] Level 1:colcon.colcon_core.package_identification:_identify(src/my_package) by extensions ['ros']
[0.196s] Level 1:colcon.colcon_core.package_identification:_identify(src/my_package) by extension 'ros'
[0.196s] DEBUG:colcon.colcon_core.package_identification:Package 'src/my_package' with type 'ros.ament_cmake' and name 'my_package'
[0.196s] Level 1:colcon.colcon_core.package_identification:_identify(src/serial_motor_demo) by extensions ['ignore', 'ignore_ament_install']
[0.196s] Level 1:colcon.colcon_core.package_identification:_identify(src/serial_motor_demo) by extension 'ignore'
[0.196s] Level 1:colcon.colcon_core.package_identification:_identify(src/serial_motor_demo) by extension 'ignore_ament_install'
[0.196s] Level 1:colcon.colcon_core.package_identification:_identify(src/serial_motor_demo) by extensions ['colcon_pkg']
[0.196s] Level 1:colcon.colcon_core.package_identification:_identify(src/serial_motor_demo) by extension 'colcon_pkg'
[0.197s] Level 1:colcon.colcon_core.package_identification:_identify(src/serial_motor_demo) by extensions ['colcon_meta']
[0.197s] Level 1:colcon.colcon_core.package_identification:_identify(src/serial_motor_demo) by extension 'colcon_meta'
[0.197s] Level 1:colcon.colcon_core.package_identification:_identify(src/serial_motor_demo) by extensions ['ros']
[0.197s] Level 1:colcon.colcon_core.package_identification:_identify(src/serial_motor_demo) by extension 'ros'
[0.197s] Level 1:colcon.colcon_core.package_identification:_identify(src/serial_motor_demo) by extensions ['cmake', 'python']
[0.197s] Level 1:colcon.colcon_core.package_identification:_identify(src/serial_motor_demo) by extension 'cmake'
[0.197s] Level 1:colcon.colcon_core.package_identification:_identify(src/serial_motor_demo) by extension 'python'
[0.197s] Level 1:colcon.colcon_core.package_identification:_identify(src/serial_motor_demo) by extensions ['python_setup_py']
[0.197s] Level 1:colcon.colcon_core.package_identification:_identify(src/serial_motor_demo) by extension 'python_setup_py'
[0.197s] Level 1:colcon.colcon_core.package_identification:_identify(src/serial_motor_demo/serial_motor_demo) by extensions ['ignore', 'ignore_ament_install']
[0.197s] Level 1:colcon.colcon_core.package_identification:_identify(src/serial_motor_demo/serial_motor_demo) by extension 'ignore'
[0.197s] Level 1:colcon.colcon_core.package_identification:_identify(src/serial_motor_demo/serial_motor_demo) by extension 'ignore_ament_install'
[0.197s] Level 1:colcon.colcon_core.package_identification:_identify(src/serial_motor_demo/serial_motor_demo) by extensions ['colcon_pkg']
[0.197s] Level 1:colcon.colcon_core.package_identification:_identify(src/serial_motor_demo/serial_motor_demo) by extension 'colcon_pkg'
[0.197s] Level 1:colcon.colcon_core.package_identification:_identify(src/serial_motor_demo/serial_motor_demo) by extensions ['colcon_meta']
[0.197s] Level 1:colcon.colcon_core.package_identification:_identify(src/serial_motor_demo/serial_motor_demo) by extension 'colcon_meta'
[0.197s] Level 1:colcon.colcon_core.package_identification:_identify(src/serial_motor_demo/serial_motor_demo) by extensions ['ros']
[0.197s] Level 1:colcon.colcon_core.package_identification:_identify(src/serial_motor_demo/serial_motor_demo) by extension 'ros'
[0.198s] DEBUG:colcon.colcon_core.package_identification:Package 'src/serial_motor_demo/serial_motor_demo' with type 'ros.ament_python' and name 'serial_motor_demo'
[0.198s] Level 1:colcon.colcon_core.package_identification:_identify(src/serial_motor_demo/serial_motor_demo_msgs) by extensions ['ignore', 'ignore_ament_install']
[0.198s] Level 1:colcon.colcon_core.package_identification:_identify(src/serial_motor_demo/serial_motor_demo_msgs) by extension 'ignore'
[0.198s] Level 1:colcon.colcon_core.package_identification:_identify(src/serial_motor_demo/serial_motor_demo_msgs) by extension 'ignore_ament_install'
[0.198s] Level 1:colcon.colcon_core.package_identification:_identify(src/serial_motor_demo/serial_motor_demo_msgs) by extensions ['colcon_pkg']
[0.198s] Level 1:colcon.colcon_core.package_identification:_identify(src/serial_motor_demo/serial_motor_demo_msgs) by extension 'colcon_pkg'
[0.198s] Level 1:colcon.colcon_core.package_identification:_identify(src/serial_motor_demo/serial_motor_demo_msgs) by extensions ['colcon_meta']
[0.198s] Level 1:colcon.colcon_core.package_identification:_identify(src/serial_motor_demo/serial_motor_demo_msgs) by extension 'colcon_meta'
[0.198s] Level 1:colcon.colcon_core.package_identification:_identify(src/serial_motor_demo/serial_motor_demo_msgs) by extensions ['ros']
[0.198s] Level 1:colcon.colcon_core.package_identification:_identify(src/serial_motor_demo/serial_motor_demo_msgs) by extension 'ros'
[0.199s] DEBUG:colcon.colcon_core.package_identification:Package 'src/serial_motor_demo/serial_motor_demo_msgs' with type 'ros.ament_cmake' and name 'serial_motor_demo_msgs'
[0.199s] Level 1:colcon.colcon_core.package_identification:_identify(src/urdf_example) by extensions ['ignore', 'ignore_ament_install']
[0.199s] Level 1:colcon.colcon_core.package_identification:_identify(src/urdf_example) by extension 'ignore'
[0.199s] Level 1:colcon.colcon_core.package_identification:_identify(src/urdf_example) by extension 'ignore_ament_install'
[0.199s] Level 1:colcon.colcon_core.package_identification:_identify(src/urdf_example) by extensions ['colcon_pkg']
[0.199s] Level 1:colcon.colcon_core.package_identification:_identify(src/urdf_example) by extension 'colcon_pkg'
[0.199s] Level 1:colcon.colcon_core.package_identification:_identify(src/urdf_example) by extensions ['colcon_meta']
[0.199s] Level 1:colcon.colcon_core.package_identification:_identify(src/urdf_example) by extension 'colcon_meta'
[0.199s] Level 1:colcon.colcon_core.package_identification:_identify(src/urdf_example) by extensions ['ros']
[0.199s] Level 1:colcon.colcon_core.package_identification:_identify(src/urdf_example) by extension 'ros'
[0.200s] DEBUG:colcon.colcon_core.package_identification:Package 'src/urdf_example' with type 'ros.ament_cmake' and name 'urdf_example'
[0.200s] Level 1:colcon.colcon_core.package_discovery:discover_packages(recursive) using defaults
[0.200s] Level 1:colcon.colcon_core.package_discovery:discover_packages(ignore) discover
[0.200s] Level 1:colcon.colcon_core.package_discovery:discover_packages(ignore) using defaults
[0.200s] Level 1:colcon.colcon_core.package_discovery:discover_packages(path) discover
[0.200s] Level 1:colcon.colcon_core.package_discovery:discover_packages(path) using defaults
[0.218s] Level 1:colcon.colcon_core.package_discovery:discover_packages(prefix_path) check parameters
[0.218s] Level 1:colcon.colcon_core.package_discovery:discover_packages(prefix_path) discover
[0.219s] WARNING:colcon.colcon_ros.prefix_path.ament:The path '/home/wilsonlo/dev_ws/install/serial_motor_demo' in the environment variable AMENT_PREFIX_PATH doesn't exist
[0.219s] WARNING:colcon.colcon_ros.prefix_path.ament:The path '/home/wilsonlo/dev_ws/install/serial_motor_demo_msgs' in the environment variable AMENT_PREFIX_PATH doesn't exist
[0.219s] WARNING:colcon.colcon_ros.prefix_path.catkin:The path '/home/wilsonlo/dev_ws/install/serial_motor_demo_msgs' in the environment variable CMAKE_PREFIX_PATH doesn't exist
[0.220s] DEBUG:colcon.colcon_installed_package_information.package_discovery:Found 4 installed packages in /home/wilsonlo/dev_ws/install
[0.222s] DEBUG:colcon.colcon_installed_package_information.package_discovery:Found 461 installed packages in /opt/ros/jazzy
[0.224s] Level 1:colcon.colcon_core.package_discovery:discover_packages(prefix_path) using defaults
[0.288s] Level 5:colcon.colcon_core.verb:set package 'articubot_one' build argument 'cmake_args' from command line to 'None'
[0.288s] Level 5:colcon.colcon_core.verb:set package 'articubot_one' build argument 'cmake_target' from command line to 'None'
[0.288s] Level 5:colcon.colcon_core.verb:set package 'articubot_one' build argument 'cmake_target_skip_unavailable' from command line to 'False'
[0.288s] Level 5:colcon.colcon_core.verb:set package 'articubot_one' build argument 'cmake_clean_cache' from command line to 'False'
[0.288s] Level 5:colcon.colcon_core.verb:set package 'articubot_one' build argument 'cmake_clean_first' from command line to 'False'
[0.288s] Level 5:colcon.colcon_core.verb:set package 'articubot_one' build argument 'cmake_force_configure' from command line to 'False'
[0.288s] Level 5:colcon.colcon_core.verb:set package 'articubot_one' build argument 'ament_cmake_args' from command line to 'None'
[0.288s] Level 5:colcon.colcon_core.verb:set package 'articubot_one' build argument 'catkin_cmake_args' from command line to 'None'
[0.288s] Level 5:colcon.colcon_core.verb:set package 'articubot_one' build argument 'catkin_skip_building_tests' from command line to 'False'
[0.288s] DEBUG:colcon.colcon_core.verb:Building package 'articubot_one' with the following arguments: {'ament_cmake_args': None, 'build_base': '/home/wilsonlo/dev_ws/build/articubot_one', 'catkin_cmake_args': None, 'catkin_skip_building_tests': False, 'cmake_args': None, 'cmake_clean_cache': False, 'cmake_clean_first': False, 'cmake_force_configure': False, 'cmake_target': None, 'cmake_target_skip_unavailable': False, 'install_base': '/home/wilsonlo/dev_ws/install/articubot_one', 'merge_install': False, 'path': '/home/wilsonlo/dev_ws/src/articubot_one', 'symlink_install': True, 'test_result_base': None}
[0.288s] Level 5:colcon.colcon_core.verb:set package 'dd_bot' build argument 'cmake_args' from command line to 'None'
[0.288s] Level 5:colcon.colcon_core.verb:set package 'dd_bot' build argument 'cmake_target' from command line to 'None'
[0.289s] Level 5:colcon.colcon_core.verb:set package 'dd_bot' build argument 'cmake_target_skip_unavailable' from command line to 'False'
[0.289s] Level 5:colcon.colcon_core.verb:set package 'dd_bot' build argument 'cmake_clean_cache' from command line to 'False'
[0.289s] Level 5:colcon.colcon_core.verb:set package 'dd_bot' build argument 'cmake_clean_first' from command line to 'False'
[0.289s] Level 5:colcon.colcon_core.verb:set package 'dd_bot' build argument 'cmake_force_configure' from command line to 'False'
[0.289s] Level 5:colcon.colcon_core.verb:set package 'dd_bot' build argument 'ament_cmake_args' from command line to 'None'
[0.289s] Level 5:colcon.colcon_core.verb:set package 'dd_bot' build argument 'catkin_cmake_args' from command line to 'None'
[0.289s] Level 5:colcon.colcon_core.verb:set package 'dd_bot' build argument 'catkin_skip_building_tests' from command line to 'False'
[0.289s] DEBUG:colcon.colcon_core.verb:Building package 'dd_bot' with the following arguments: {'ament_cmake_args': None, 'build_base': '/home/wilsonlo/dev_ws/build/dd_bot', 'catkin_cmake_args': None, 'catkin_skip_building_tests': False, 'cmake_args': None, 'cmake_clean_cache': False, 'cmake_clean_first': False, 'cmake_force_configure': False, 'cmake_target': None, 'cmake_target_skip_unavailable': False, 'install_base': '/home/wilsonlo/dev_ws/install/dd_bot', 'merge_install': False, 'path': '/home/wilsonlo/dev_ws/src/dd_bot', 'symlink_install': True, 'test_result_base': None}
[0.289s] Level 5:colcon.colcon_core.verb:set package 'my_package' build argument 'cmake_args' from command line to 'None'
[0.289s] Level 5:colcon.colcon_core.verb:set package 'my_package' build argument 'cmake_target' from command line to 'None'
[0.289s] Level 5:colcon.colcon_core.verb:set package 'my_package' build argument 'cmake_target_skip_unavailable' from command line to 'False'
[0.289s] Level 5:colcon.colcon_core.verb:set package 'my_package' build argument 'cmake_clean_cache' from command line to 'False'
[0.289s] Level 5:colcon.colcon_core.verb:set package 'my_package' build argument 'cmake_clean_first' from command line to 'False'
[0.289s] Level 5:colcon.colcon_core.verb:set package 'my_package' build argument 'cmake_force_configure' from command line to 'False'
[0.289s] Level 5:colcon.colcon_core.verb:set package 'my_package' build argument 'ament_cmake_args' from command line to 'None'
[0.289s] Level 5:colcon.colcon_core.verb:set package 'my_package' build argument 'catkin_cmake_args' from command line to 'None'
[0.289s] Level 5:colcon.colcon_core.verb:set package 'my_package' build argument 'catkin_skip_building_tests' from command line to 'False'
[0.289s] DEBUG:colcon.colcon_core.verb:Building package 'my_package' with the following arguments: {'ament_cmake_args': None, 'build_base': '/home/wilsonlo/dev_ws/build/my_package', 'catkin_cmake_args': None, 'catkin_skip_building_tests': False, 'cmake_args': None, 'cmake_clean_cache': False, 'cmake_clean_first': False, 'cmake_force_configure': False, 'cmake_target': None, 'cmake_target_skip_unavailable': False, 'install_base': '/home/wilsonlo/dev_ws/install/my_package', 'merge_install': False, 'path': '/home/wilsonlo/dev_ws/src/my_package', 'symlink_install': True, 'test_result_base': None}
[0.289s] Level 5:colcon.colcon_core.verb:set package 'serial_motor_demo_msgs' build argument 'cmake_args' from command line to 'None'
[0.289s] Level 5:colcon.colcon_core.verb:set package 'serial_motor_demo_msgs' build argument 'cmake_target' from command line to 'None'
[0.289s] Level 5:colcon.colcon_core.verb:set package 'serial_motor_demo_msgs' build argument 'cmake_target_skip_unavailable' from command line to 'False'
[0.289s] Level 5:colcon.colcon_core.verb:set package 'serial_motor_demo_msgs' build argument 'cmake_clean_cache' from command line to 'False'
[0.289s] Level 5:colcon.colcon_core.verb:set package 'serial_motor_demo_msgs' build argument 'cmake_clean_first' from command line to 'False'
[0.290s] Level 5:colcon.colcon_core.verb:set package 'serial_motor_demo_msgs' build argument 'cmake_force_configure' from command line to 'False'
[0.290s] Level 5:colcon.colcon_core.verb:set package 'serial_motor_demo_msgs' build argument 'ament_cmake_args' from command line to 'None'
[0.290s] Level 5:colcon.colcon_core.verb:set package 'serial_motor_demo_msgs' build argument 'catkin_cmake_args' from command line to 'None'
[0.290s] Level 5:colcon.colcon_core.verb:set package 'serial_motor_demo_msgs' build argument 'catkin_skip_building_tests' from command line to 'False'
[0.290s] DEBUG:colcon.colcon_core.verb:Building package 'serial_motor_demo_msgs' with the following arguments: {'ament_cmake_args': None, 'build_base': '/home/wilsonlo/dev_ws/build/serial_motor_demo_msgs', 'catkin_cmake_args': None, 'catkin_skip_building_tests': False, 'cmake_args': None, 'cmake_clean_cache': False, 'cmake_clean_first': False, 'cmake_force_configure': False, 'cmake_target': None, 'cmake_target_skip_unavailable': False, 'install_base': '/home/wilsonlo/dev_ws/install/serial_motor_demo_msgs', 'merge_install': False, 'path': '/home/wilsonlo/dev_ws/src/serial_motor_demo/serial_motor_demo_msgs', 'symlink_install': True, 'test_result_base': None}
[0.290s] Level 5:colcon.colcon_core.verb:set package 'urdf_example' build argument 'cmake_args' from command line to 'None'
[0.290s] Level 5:colcon.colcon_core.verb:set package 'urdf_example' build argument 'cmake_target' from command line to 'None'
[0.290s] Level 5:colcon.colcon_core.verb:set package 'urdf_example' build argument 'cmake_target_skip_unavailable' from command line to 'False'
[0.290s] Level 5:colcon.colcon_core.verb:set package 'urdf_example' build argument 'cmake_clean_cache' from command line to 'False'
[0.290s] Level 5:colcon.colcon_core.verb:set package 'urdf_example' build argument 'cmake_clean_first' from command line to 'False'
[0.290s] Level 5:colcon.colcon_core.verb:set package 'urdf_example' build argument 'cmake_force_configure' from command line to 'False'
[0.290s] Level 5:colcon.colcon_core.verb:set package 'urdf_example' build argument 'ament_cmake_args' from command line to 'None'
[0.290s] Level 5:colcon.colcon_core.verb:set package 'urdf_example' build argument 'catkin_cmake_args' from command line to 'None'
[0.290s] Level 5:colcon.colcon_core.verb:set package 'urdf_example' build argument 'catkin_skip_building_tests' from command line to 'False'
[0.290s] DEBUG:colcon.colcon_core.verb:Building package 'urdf_example' with the following arguments: {'ament_cmake_args': None, 'build_base': '/home/wilsonlo/dev_ws/build/urdf_example', 'catkin_cmake_args': None, 'catkin_skip_building_tests': False, 'cmake_args': None, 'cmake_clean_cache': False, 'cmake_clean_first': False, 'cmake_force_configure': False, 'cmake_target': None, 'cmake_target_skip_unavailable': False, 'install_base': '/home/wilsonlo/dev_ws/install/urdf_example', 'merge_install': False, 'path': '/home/wilsonlo/dev_ws/src/urdf_example', 'symlink_install': True, 'test_result_base': None}
[0.290s] Level 5:colcon.colcon_core.verb:set package 'serial_motor_demo' build argument 'cmake_args' from command line to 'None'
[0.290s] Level 5:colcon.colcon_core.verb:set package 'serial_motor_demo' build argument 'cmake_target' from command line to 'None'
[0.290s] Level 5:colcon.colcon_core.verb:set package 'serial_motor_demo' build argument 'cmake_target_skip_unavailable' from command line to 'False'
[0.290s] Level 5:colcon.colcon_core.verb:set package 'serial_motor_demo' build argument 'cmake_clean_cache' from command line to 'False'
[0.290s] Level 5:colcon.colcon_core.verb:set package 'serial_motor_demo' build argument 'cmake_clean_first' from command line to 'False'
[0.290s] Level 5:colcon.colcon_core.verb:set package 'serial_motor_demo' build argument 'cmake_force_configure' from command line to 'False'
[0.290s] Level 5:colcon.colcon_core.verb:set package 'serial_motor_demo' build argument 'ament_cmake_args' from command line to 'None'
[0.290s] Level 5:colcon.colcon_core.verb:set package 'serial_motor_demo' build argument 'catkin_cmake_args' from command line to 'None'
[0.290s] Level 5:colcon.colcon_core.verb:set package 'serial_motor_demo' build argument 'catkin_skip_building_tests' from command line to 'False'
[0.291s] DEBUG:colcon.colcon_core.verb:Building package 'serial_motor_demo' with the following arguments: {'ament_cmake_args': None, 'build_base': '/home/wilsonlo/dev_ws/build/serial_motor_demo', 'catkin_cmake_args': None, 'catkin_skip_building_tests': False, 'cmake_args': None, 'cmake_clean_cache': False, 'cmake_clean_first': False, 'cmake_force_configure': False, 'cmake_target': None, 'cmake_target_skip_unavailable': False, 'install_base': '/home/wilsonlo/dev_ws/install/serial_motor_demo', 'merge_install': False, 'path': '/home/wilsonlo/dev_ws/src/serial_motor_demo/serial_motor_demo', 'symlink_install': True, 'test_result_base': None}
[0.291s] INFO:colcon.colcon_core.executor:Executing jobs using 'parallel' executor
[0.291s] DEBUG:colcon.colcon_parallel_executor.executor.parallel:run_until_complete
[0.292s] INFO:colcon.colcon_ros.task.ament_cmake.build:Building ROS package in '/home/wilsonlo/dev_ws/src/serial_motor_demo/serial_motor_demo_msgs' with build type 'ament_cmake'
[0.292s] INFO:colcon.colcon_cmake.task.cmake.build:Building CMake package in '/home/wilsonlo/dev_ws/src/serial_motor_demo/serial_motor_demo_msgs'
[0.293s] INFO:colcon.colcon_core.plugin_system:Skipping extension 'colcon_core.shell.bat': Not used on non-Windows systems
[0.294s] INFO:colcon.colcon_core.shell:Skip shell extension 'powershell' for command environment: Not usable outside of PowerShell
[0.294s] DEBUG:colcon.colcon_core.shell:Skip shell extension 'dsv' for command environment
[0.298s] INFO:colcon.colcon_ros.task.ament_cmake.build:Building ROS package in '/home/wilsonlo/dev_ws/src/articubot_one' with build type 'ament_cmake'
[0.298s] INFO:colcon.colcon_cmake.task.cmake.build:Building CMake package in '/home/wilsonlo/dev_ws/src/articubot_one'
[0.298s] INFO:colcon.colcon_core.shell:Skip shell extension 'powershell' for command environment: Not usable outside of PowerShell
[0.298s] DEBUG:colcon.colcon_core.shell:Skip shell extension 'dsv' for command environment
[0.302s] INFO:colcon.colcon_ros.task.ament_cmake.build:Building ROS package in '/home/wilsonlo/dev_ws/src/dd_bot' with build type 'ament_cmake'
[0.302s] INFO:colcon.colcon_cmake.task.cmake.build:Building CMake package in '/home/wilsonlo/dev_ws/src/dd_bot'
[0.303s] INFO:colcon.colcon_core.shell:Skip shell extension 'powershell' for command environment: Not usable outside of PowerShell
[0.303s] DEBUG:colcon.colcon_core.shell:Skip shell extension 'dsv' for command environment
[0.308s] INFO:colcon.colcon_ros.task.ament_cmake.build:Building ROS package in '/home/wilsonlo/dev_ws/src/my_package' with build type 'ament_cmake'
[0.308s] INFO:colcon.colcon_cmake.task.cmake.build:Building CMake package in '/home/wilsonlo/dev_ws/src/my_package'
[0.308s] INFO:colcon.colcon_core.shell:Skip shell extension 'powershell' for command environment: Not usable outside of PowerShell
[0.308s] DEBUG:colcon.colcon_core.shell:Skip shell extension 'dsv' for command environment
[0.314s] INFO:colcon.colcon_ros.task.ament_cmake.build:Building ROS package in '/home/wilsonlo/dev_ws/src/urdf_example' with build type 'ament_cmake'
[0.314s] INFO:colcon.colcon_cmake.task.cmake.build:Building CMake package in '/home/wilsonlo/dev_ws/src/urdf_example'
[0.314s] INFO:colcon.colcon_core.shell:Skip shell extension 'powershell' for command environment: Not usable outside of PowerShell
[0.314s] DEBUG:colcon.colcon_core.shell:Skip shell extension 'dsv' for command environment
[0.322s] DEBUG:colcon.colcon_core.event_handler.log_command:Invoking command in '/home/wilsonlo/dev_ws/build/serial_motor_demo_msgs': CMAKE_PREFIX_PATH=${CMAKE_PREFIX_PATH}:/home/wilsonlo/dev_ws/install/serial_motor_demo:/opt/ros/jazzy DEBUGINFOD_URLS=https://debuginfod.ubuntu.com /usr/bin/cmake /home/wilsonlo/dev_ws/src/serial_motor_demo/serial_motor_demo_msgs -DAMENT_CMAKE_SYMLINK_INSTALL=1 -DCMAKE_INSTALL_PREFIX=/home/wilsonlo/dev_ws/install/serial_motor_demo_msgs
[0.326s] DEBUG:colcon.colcon_core.event_handler.log_command:Invoking command in '/home/wilsonlo/dev_ws/build/articubot_one': CMAKE_PREFIX_PATH=${CMAKE_PREFIX_PATH}:/home/wilsonlo/dev_ws/install/serial_motor_demo:/opt/ros/jazzy DEBUGINFOD_URLS=https://debuginfod.ubuntu.com /usr/bin/cmake --build /home/wilsonlo/dev_ws/build/articubot_one -- -j8 -l8
[0.329s] DEBUG:colcon.colcon_core.event_handler.log_command:Invoking command in '/home/wilsonlo/dev_ws/build/dd_bot': CMAKE_PREFIX_PATH=${CMAKE_PREFIX_PATH}:/home/wilsonlo/dev_ws/install/serial_motor_demo:/opt/ros/jazzy DEBUGINFOD_URLS=https://debuginfod.ubuntu.com /usr/bin/cmake --build /home/wilsonlo/dev_ws/build/dd_bot -- -j8 -l8
[0.331s] DEBUG:colcon.colcon_core.event_handler.log_command:Invoking command in '/home/wilsonlo/dev_ws/build/my_package': CMAKE_PREFIX_PATH=${CMAKE_PREFIX_PATH}:/home/wilsonlo/dev_ws/install/serial_motor_demo:/opt/ros/jazzy DEBUGINFOD_URLS=https://debuginfod.ubuntu.com /usr/bin/cmake --build /home/wilsonlo/dev_ws/build/my_package -- -j8 -l8
[0.337s] DEBUG:colcon.colcon_core.event_handler.log_command:Invoking command in '/home/wilsonlo/dev_ws/build/urdf_example': CMAKE_PREFIX_PATH=${CMAKE_PREFIX_PATH}:/home/wilsonlo/dev_ws/install/serial_motor_demo:/opt/ros/jazzy DEBUGINFOD_URLS=https://debuginfod.ubuntu.com /usr/bin/cmake --build /home/wilsonlo/dev_ws/build/urdf_example -- -j8 -l8
[0.375s] DEBUG:colcon.colcon_core.event_handler.log_command:Invoked command in '/home/wilsonlo/dev_ws/build/articubot_one' returned '0': CMAKE_PREFIX_PATH=${CMAKE_PREFIX_PATH}:/home/wilsonlo/dev_ws/install/serial_motor_demo:/opt/ros/jazzy DEBUGINFOD_URLS=https://debuginfod.ubuntu.com /usr/bin/cmake --build /home/wilsonlo/dev_ws/build/articubot_one -- -j8 -l8
[0.385s] DEBUG:colcon.colcon_core.event_handler.log_command:Invoking command in '/home/wilsonlo/dev_ws/build/articubot_one': CMAKE_PREFIX_PATH=${CMAKE_PREFIX_PATH}:/home/wilsonlo/dev_ws/install/serial_motor_demo:/opt/ros/jazzy DEBUGINFOD_URLS=https://debuginfod.ubuntu.com /usr/bin/cmake --install /home/wilsonlo/dev_ws/build/articubot_one
[0.386s] DEBUG:colcon.colcon_core.event_handler.log_command:Invoked command in '/home/wilsonlo/dev_ws/build/dd_bot' returned '0': CMAKE_PREFIX_PATH=${CMAKE_PREFIX_PATH}:/home/wilsonlo/dev_ws/install/serial_motor_demo:/opt/ros/jazzy DEBUGINFOD_URLS=https://debuginfod.ubuntu.com /usr/bin/cmake --build /home/wilsonlo/dev_ws/build/dd_bot -- -j8 -l8
[0.387s] DEBUG:colcon.colcon_core.event_handler.log_command:Invoking command in '/home/wilsonlo/dev_ws/build/dd_bot': CMAKE_PREFIX_PATH=${CMAKE_PREFIX_PATH}:/home/wilsonlo/dev_ws/install/serial_motor_demo:/opt/ros/jazzy DEBUGINFOD_URLS=https://debuginfod.ubuntu.com /usr/bin/cmake --install /home/wilsonlo/dev_ws/build/dd_bot
[0.388s] DEBUG:colcon.colcon_core.event_handler.log_command:Invoked command in '/home/wilsonlo/dev_ws/build/urdf_example' returned '0': CMAKE_PREFIX_PATH=${CMAKE_PREFIX_PATH}:/home/wilsonlo/dev_ws/install/serial_motor_demo:/opt/ros/jazzy DEBUGINFOD_URLS=https://debuginfod.ubuntu.com /usr/bin/cmake --build /home/wilsonlo/dev_ws/build/urdf_example -- -j8 -l8
[0.389s] DEBUG:colcon.colcon_core.event_handler.log_command:Invoking command in '/home/wilsonlo/dev_ws/build/urdf_example': CMAKE_PREFIX_PATH=${CMAKE_PREFIX_PATH}:/home/wilsonlo/dev_ws/install/serial_motor_demo:/opt/ros/jazzy DEBUGINFOD_URLS=https://debuginfod.ubuntu.com /usr/bin/cmake --install /home/wilsonlo/dev_ws/build/urdf_example
[0.390s] DEBUG:colcon.colcon_core.event_handler.log_command:Invoked command in '/home/wilsonlo/dev_ws/build/my_package' returned '0': CMAKE_PREFIX_PATH=${CMAKE_PREFIX_PATH}:/home/wilsonlo/dev_ws/install/serial_motor_demo:/opt/ros/jazzy DEBUGINFOD_URLS=https://debuginfod.ubuntu.com /usr/bin/cmake --build /home/wilsonlo/dev_ws/build/my_package -- -j8 -l8
[0.391s] DEBUG:colcon.colcon_core.event_handler.log_command:Invoking command in '/home/wilsonlo/dev_ws/build/my_package': CMAKE_PREFIX_PATH=${CMAKE_PREFIX_PATH}:/home/wilsonlo/dev_ws/install/serial_motor_demo:/opt/ros/jazzy DEBUGINFOD_URLS=https://debuginfod.ubuntu.com /usr/bin/cmake --install /home/wilsonlo/dev_ws/build/my_package
[0.416s] Level 1:colcon.colcon_core.environment:create_environment_scripts_only(articubot_one)
[0.417s] DEBUG:colcon.colcon_core.event_handler.log_command:Invoked command in '/home/wilsonlo/dev_ws/build/articubot_one' returned '0': CMAKE_PREFIX_PATH=${CMAKE_PREFIX_PATH}:/home/wilsonlo/dev_ws/install/serial_motor_demo:/opt/ros/jazzy DEBUGINFOD_URLS=https://debuginfod.ubuntu.com /usr/bin/cmake --install /home/wilsonlo/dev_ws/build/articubot_one
[0.421s] Level 1:colcon.colcon_core.environment:checking '/home/wilsonlo/dev_ws/install/articubot_one' for CMake module files
[0.422s] Level 1:colcon.colcon_core.environment:checking '/home/wilsonlo/dev_ws/install/articubot_one' for CMake config files
[0.423s] Level 1:colcon.colcon_core.shell:create_environment_hook('articubot_one', 'cmake_prefix_path')
[0.423s] INFO:colcon.colcon_core.shell:Creating environment hook '/home/wilsonlo/dev_ws/install/articubot_one/share/articubot_one/hook/cmake_prefix_path.ps1'
[0.424s] INFO:colcon.colcon_core.shell:Creating environment descriptor '/home/wilsonlo/dev_ws/install/articubot_one/share/articubot_one/hook/cmake_prefix_path.dsv'
[0.424s] INFO:colcon.colcon_core.shell:Creating environment hook '/home/wilsonlo/dev_ws/install/articubot_one/share/articubot_one/hook/cmake_prefix_path.sh'
[0.425s] Level 1:colcon.colcon_core.environment:checking '/home/wilsonlo/dev_ws/install/articubot_one/bin'
[0.425s] Level 1:colcon.colcon_core.environment:checking '/home/wilsonlo/dev_ws/install/articubot_one/lib/pkgconfig/articubot_one.pc'
[0.425s] Level 1:colcon.colcon_core.environment:checking '/home/wilsonlo/dev_ws/install/articubot_one/lib/python3.12/site-packages'
[0.425s] Level 1:colcon.colcon_core.environment:checking '/home/wilsonlo/dev_ws/install/articubot_one/bin'
[0.426s] INFO:colcon.colcon_core.shell:Creating package script '/home/wilsonlo/dev_ws/install/articubot_one/share/articubot_one/package.ps1'
[0.426s] INFO:colcon.colcon_core.shell:Creating package descriptor '/home/wilsonlo/dev_ws/install/articubot_one/share/articubot_one/package.dsv'
[0.427s] INFO:colcon.colcon_core.shell:Creating package script '/home/wilsonlo/dev_ws/install/articubot_one/share/articubot_one/package.sh'
[0.428s] INFO:colcon.colcon_core.shell:Creating package script '/home/wilsonlo/dev_ws/install/articubot_one/share/articubot_one/package.bash'
[0.428s] INFO:colcon.colcon_core.shell:Creating package script '/home/wilsonlo/dev_ws/install/articubot_one/share/articubot_one/package.zsh'
[0.429s] Level 1:colcon.colcon_core.environment:create_file_with_runtime_dependencies(/home/wilsonlo/dev_ws/install/articubot_one/share/colcon-core/packages/articubot_one)
[0.430s] Level 1:colcon.colcon_core.environment:create_environment_scripts_only(articubot_one)
[0.430s] Level 1:colcon.colcon_core.environment:checking '/home/wilsonlo/dev_ws/install/articubot_one' for CMake module files
[0.431s] Level 1:colcon.colcon_core.environment:checking '/home/wilsonlo/dev_ws/install/articubot_one' for CMake config files
[0.431s] Level 1:colcon.colcon_core.shell:create_environment_hook('articubot_one', 'cmake_prefix_path')
[0.431s] INFO:colcon.colcon_core.shell:Creating environment hook '/home/wilsonlo/dev_ws/install/articubot_one/share/articubot_one/hook/cmake_prefix_path.ps1'
[0.432s] INFO:colcon.colcon_core.shell:Creating environment descriptor '/home/wilsonlo/dev_ws/install/articubot_one/share/articubot_one/hook/cmake_prefix_path.dsv'
[0.432s] INFO:colcon.colcon_core.shell:Creating environment hook '/home/wilsonlo/dev_ws/install/articubot_one/share/articubot_one/hook/cmake_prefix_path.sh'
[0.433s] Level 1:colcon.colcon_core.environment:checking '/home/wilsonlo/dev_ws/install/articubot_one/bin'
[0.433s] Level 1:colcon.colcon_core.environment:checking '/home/wilsonlo/dev_ws/install/articubot_one/lib/pkgconfig/articubot_one.pc'
[0.433s] Level 1:colcon.colcon_core.environment:checking '/home/wilsonlo/dev_ws/install/articubot_one/lib/python3.12/site-packages'
[0.434s] Level 1:colcon.colcon_core.environment:checking '/home/wilsonlo/dev_ws/install/articubot_one/bin'
[0.434s] INFO:colcon.colcon_core.shell:Creating package script '/home/wilsonlo/dev_ws/install/articubot_one/share/articubot_one/package.ps1'
[0.434s] INFO:colcon.colcon_core.shell:Creating package descriptor '/home/wilsonlo/dev_ws/install/articubot_one/share/articubot_one/package.dsv'
[0.435s] INFO:colcon.colcon_core.shell:Creating package script '/home/wilsonlo/dev_ws/install/articubot_one/share/articubot_one/package.sh'
[0.435s] INFO:colcon.colcon_core.shell:Creating package script '/home/wilsonlo/dev_ws/install/articubot_one/share/articubot_one/package.bash'
[0.436s] INFO:colcon.colcon_core.shell:Creating package script '/home/wilsonlo/dev_ws/install/articubot_one/share/articubot_one/package.zsh'
[0.436s] Level 1:colcon.colcon_core.environment:create_file_with_runtime_dependencies(/home/wilsonlo/dev_ws/install/articubot_one/share/colcon-core/packages/articubot_one)
[0.438s] Level 1:colcon.colcon_core.environment:create_environment_scripts_only(urdf_example)
[0.438s] Level 1:colcon.colcon_core.environment:checking '/home/wilsonlo/dev_ws/install/urdf_example' for CMake module files
[0.439s] DEBUG:colcon.colcon_core.event_handler.log_command:Invoked command in '/home/wilsonlo/dev_ws/build/urdf_example' returned '0': CMAKE_PREFIX_PATH=${CMAKE_PREFIX_PATH}:/home/wilsonlo/dev_ws/install/serial_motor_demo:/opt/ros/jazzy DEBUGINFOD_URLS=https://debuginfod.ubuntu.com /usr/bin/cmake --install /home/wilsonlo/dev_ws/build/urdf_example
[0.439s] Level 1:colcon.colcon_core.environment:checking '/home/wilsonlo/dev_ws/install/urdf_example' for CMake config files
[0.440s] Level 1:colcon.colcon_core.shell:create_environment_hook('urdf_example', 'cmake_prefix_path')
[0.440s] INFO:colcon.colcon_core.shell:Creating environment hook '/home/wilsonlo/dev_ws/install/urdf_example/share/urdf_example/hook/cmake_prefix_path.ps1'
[0.441s] INFO:colcon.colcon_core.shell:Creating environment descriptor '/home/wilsonlo/dev_ws/install/urdf_example/share/urdf_example/hook/cmake_prefix_path.dsv'
[0.441s] INFO:colcon.colcon_core.shell:Creating environment hook '/home/wilsonlo/dev_ws/install/urdf_example/share/urdf_example/hook/cmake_prefix_path.sh'
[0.442s] Level 1:colcon.colcon_core.environment:checking '/home/wilsonlo/dev_ws/install/urdf_example/bin'
[0.442s] Level 1:colcon.colcon_core.environment:checking '/home/wilsonlo/dev_ws/install/urdf_example/lib/pkgconfig/urdf_example.pc'
[0.442s] Level 1:colcon.colcon_core.environment:checking '/home/wilsonlo/dev_ws/install/urdf_example/lib/python3.12/site-packages'
[0.442s] Level 1:colcon.colcon_core.environment:checking '/home/wilsonlo/dev_ws/install/urdf_example/bin'
[0.443s] INFO:colcon.colcon_core.shell:Creating package script '/home/wilsonlo/dev_ws/install/urdf_example/share/urdf_example/package.ps1'
[0.443s] INFO:colcon.colcon_core.shell:Creating package descriptor '/home/wilsonlo/dev_ws/install/urdf_example/share/urdf_example/package.dsv'
[0.444s] INFO:colcon.colcon_core.shell:Creating package script '/home/wilsonlo/dev_ws/install/urdf_example/share/urdf_example/package.sh'
[0.444s] INFO:colcon.colcon_core.shell:Creating package script '/home/wilsonlo/dev_ws/install/urdf_example/share/urdf_example/package.bash'
[0.445s] INFO:colcon.colcon_core.shell:Creating package script '/home/wilsonlo/dev_ws/install/urdf_example/share/urdf_example/package.zsh'
[0.445s] Level 1:colcon.colcon_core.environment:create_file_with_runtime_dependencies(/home/wilsonlo/dev_ws/install/urdf_example/share/colcon-core/packages/urdf_example)
[0.446s] Level 1:colcon.colcon_core.environment:create_environment_scripts_only(urdf_example)
[0.446s] Level 1:colcon.colcon_core.environment:checking '/home/wilsonlo/dev_ws/install/urdf_example' for CMake module files
[0.447s] Level 1:colcon.colcon_core.environment:checking '/home/wilsonlo/dev_ws/install/urdf_example' for CMake config files
[0.447s] Level 1:colcon.colcon_core.shell:create_environment_hook('urdf_example', 'cmake_prefix_path')
[0.447s] INFO:colcon.colcon_core.shell:Creating environment hook '/home/wilsonlo/dev_ws/install/urdf_example/share/urdf_example/hook/cmake_prefix_path.ps1'
[0.448s] INFO:colcon.colcon_core.shell:Creating environment descriptor '/home/wilsonlo/dev_ws/install/urdf_example/share/urdf_example/hook/cmake_prefix_path.dsv'
[0.448s] INFO:colcon.colcon_core.shell:Creating environment hook '/home/wilsonlo/dev_ws/install/urdf_example/share/urdf_example/hook/cmake_prefix_path.sh'
[0.449s] Level 1:colcon.colcon_core.environment:checking '/home/wilsonlo/dev_ws/install/urdf_example/bin'
[0.449s] Level 1:colcon.colcon_core.environment:checking '/home/wilsonlo/dev_ws/install/urdf_example/lib/pkgconfig/urdf_example.pc'
[0.449s] Level 1:colcon.colcon_core.environment:checking '/home/wilsonlo/dev_ws/install/urdf_example/lib/python3.12/site-packages'
[0.449s] Level 1:colcon.colcon_core.environment:checking '/home/wilsonlo/dev_ws/install/urdf_example/bin'
[0.450s] INFO:colcon.colcon_core.shell:Creating package script '/home/wilsonlo/dev_ws/install/urdf_example/share/urdf_example/package.ps1'
[0.450s] INFO:colcon.colcon_core.shell:Creating package descriptor '/home/wilsonlo/dev_ws/install/urdf_example/share/urdf_example/package.dsv'
[0.451s] INFO:colcon.colcon_core.shell:Creating package script '/home/wilsonlo/dev_ws/install/urdf_example/share/urdf_example/package.sh'
[0.452s] INFO:colcon.colcon_core.shell:Creating package script '/home/wilsonlo/dev_ws/install/urdf_example/share/urdf_example/package.bash'
[0.452s] INFO:colcon.colcon_core.shell:Creating package script '/home/wilsonlo/dev_ws/install/urdf_example/share/urdf_example/package.zsh'
[0.453s] Level 1:colcon.colcon_core.environment:create_file_with_runtime_dependencies(/home/wilsonlo/dev_ws/install/urdf_example/share/colcon-core/packages/urdf_example)
[0.453s] Level 1:colcon.colcon_core.environment:create_environment_scripts_only(my_package)
[0.453s] Level 1:colcon.colcon_core.environment:checking '/home/wilsonlo/dev_ws/install/my_package' for CMake module files
[0.454s] DEBUG:colcon.colcon_core.event_handler.log_command:Invoked command in '/home/wilsonlo/dev_ws/build/my_package' returned '0': CMAKE_PREFIX_PATH=${CMAKE_PREFIX_PATH}:/home/wilsonlo/dev_ws/install/serial_motor_demo:/opt/ros/jazzy DEBUGINFOD_URLS=https://debuginfod.ubuntu.com /usr/bin/cmake --install /home/wilsonlo/dev_ws/build/my_package
[0.454s] Level 1:colcon.colcon_core.environment:checking '/home/wilsonlo/dev_ws/install/my_package' for CMake config files
[0.455s] Level 1:colcon.colcon_core.shell:create_environment_hook('my_package', 'cmake_prefix_path')
[0.455s] INFO:colcon.colcon_core.shell:Creating environment hook '/home/wilsonlo/dev_ws/install/my_package/share/my_package/hook/cmake_prefix_path.ps1'
[0.455s] INFO:colcon.colcon_core.shell:Creating environment descriptor '/home/wilsonlo/dev_ws/install/my_package/share/my_package/hook/cmake_prefix_path.dsv'
[0.456s] INFO:colcon.colcon_core.shell:Creating environment hook '/home/wilsonlo/dev_ws/install/my_package/share/my_package/hook/cmake_prefix_path.sh'
[0.456s] Level 1:colcon.colcon_core.environment:checking '/home/wilsonlo/dev_ws/install/my_package/bin'
[0.456s] Level 1:colcon.colcon_core.environment:checking '/home/wilsonlo/dev_ws/install/my_package/lib/pkgconfig/my_package.pc'
[0.456s] Level 1:colcon.colcon_core.environment:checking '/home/wilsonlo/dev_ws/install/my_package/lib/python3.12/site-packages'
[0.457s] Level 1:colcon.colcon_core.environment:checking '/home/wilsonlo/dev_ws/install/my_package/bin'
[0.457s] INFO:colcon.colcon_core.shell:Creating package script '/home/wilsonlo/dev_ws/install/my_package/share/my_package/package.ps1'
[0.457s] INFO:colcon.colcon_core.shell:Creating package descriptor '/home/wilsonlo/dev_ws/install/my_package/share/my_package/package.dsv'
[0.458s] INFO:colcon.colcon_core.shell:Creating package script '/home/wilsonlo/dev_ws/install/my_package/share/my_package/package.sh'
[0.459s] INFO:colcon.colcon_core.shell:Creating package script '/home/wilsonlo/dev_ws/install/my_package/share/my_package/package.bash'
[0.459s] INFO:colcon.colcon_core.shell:Creating package script '/home/wilsonlo/dev_ws/install/my_package/share/my_package/package.zsh'
[0.459s] Level 1:colcon.colcon_core.environment:create_file_with_runtime_dependencies(/home/wilsonlo/dev_ws/install/my_package/share/colcon-core/packages/my_package)
[0.460s] Level 1:colcon.colcon_core.environment:create_environment_scripts_only(my_package)
[0.460s] Level 1:colcon.colcon_core.environment:checking '/home/wilsonlo/dev_ws/install/my_package' for CMake module files
[0.461s] Level 1:colcon.colcon_core.environment:checking '/home/wilsonlo/dev_ws/install/my_package' for CMake config files
[0.461s] Level 1:colcon.colcon_core.shell:create_environment_hook('my_package', 'cmake_prefix_path')
[0.461s] INFO:colcon.colcon_core.shell:Creating environment hook '/home/wilsonlo/dev_ws/install/my_package/share/my_package/hook/cmake_prefix_path.ps1'
[0.462s] INFO:colcon.colcon_core.shell:Creating environment descriptor '/home/wilsonlo/dev_ws/install/my_package/share/my_package/hook/cmake_prefix_path.dsv'
[0.462s] INFO:colcon.colcon_core.shell:Creating environment hook '/home/wilsonlo/dev_ws/install/my_package/share/my_package/hook/cmake_prefix_path.sh'
[0.462s] Level 1:colcon.colcon_core.environment:checking '/home/wilsonlo/dev_ws/install/my_package/bin'
[0.463s] Level 1:colcon.colcon_core.environment:checking '/home/wilsonlo/dev_ws/install/my_package/lib/pkgconfig/my_package.pc'
[0.463s] Level 1:colcon.colcon_core.environment:checking '/home/wilsonlo/dev_ws/install/my_package/lib/python3.12/site-packages'
[0.463s] Level 1:colcon.colcon_core.environment:checking '/home/wilsonlo/dev_ws/install/my_package/bin'
[0.463s] INFO:colcon.colcon_core.shell:Creating package script '/home/wilsonlo/dev_ws/install/my_package/share/my_package/package.ps1'
[0.464s] INFO:colcon.colcon_core.shell:Creating package descriptor '/home/wilsonlo/dev_ws/install/my_package/share/my_package/package.dsv'
[0.464s] INFO:colcon.colcon_core.shell:Creating package script '/home/wilsonlo/dev_ws/install/my_package/share/my_package/package.sh'
[0.465s] INFO:colcon.colcon_core.shell:Creating package script '/home/wilsonlo/dev_ws/install/my_package/share/my_package/package.bash'
[0.465s] INFO:colcon.colcon_core.shell:Creating package script '/home/wilsonlo/dev_ws/install/my_package/share/my_package/package.zsh'
[0.466s] Level 1:colcon.colcon_core.environment:create_file_with_runtime_dependencies(/home/wilsonlo/dev_ws/install/my_package/share/colcon-core/packages/my_package)
[0.466s] Level 1:colcon.colcon_core.environment:create_environment_scripts_only(dd_bot)
[0.467s] Level 1:colcon.colcon_core.environment:checking '/home/wilsonlo/dev_ws/install/dd_bot' for CMake module files
[0.467s] DEBUG:colcon.colcon_core.event_handler.log_command:Invoked command in '/home/wilsonlo/dev_ws/build/dd_bot' returned '0': CMAKE_PREFIX_PATH=${CMAKE_PREFIX_PATH}:/home/wilsonlo/dev_ws/install/serial_motor_demo:/opt/ros/jazzy DEBUGINFOD_URLS=https://debuginfod.ubuntu.com /usr/bin/cmake --install /home/wilsonlo/dev_ws/build/dd_bot
[0.468s] Level 1:colcon.colcon_core.environment:checking '/home/wilsonlo/dev_ws/install/dd_bot' for CMake config files
[0.468s] Level 1:colcon.colcon_core.shell:create_environment_hook('dd_bot', 'cmake_prefix_path')
[0.469s] INFO:colcon.colcon_core.shell:Creating environment hook '/home/wilsonlo/dev_ws/install/dd_bot/share/dd_bot/hook/cmake_prefix_path.ps1'
[0.470s] INFO:colcon.colcon_core.shell:Creating environment descriptor '/home/wilsonlo/dev_ws/install/dd_bot/share/dd_bot/hook/cmake_prefix_path.dsv'
[0.470s] INFO:colcon.colcon_core.shell:Creating environment hook '/home/wilsonlo/dev_ws/install/dd_bot/share/dd_bot/hook/cmake_prefix_path.sh'
[0.471s] Level 1:colcon.colcon_core.environment:checking '/home/wilsonlo/dev_ws/install/dd_bot/bin'
[0.471s] Level 1:colcon.colcon_core.environment:checking '/home/wilsonlo/dev_ws/install/dd_bot/lib/pkgconfig/dd_bot.pc'
[0.472s] Level 1:colcon.colcon_core.environment:checking '/home/wilsonlo/dev_ws/install/dd_bot/lib/python3.12/site-packages'
[0.472s] Level 1:colcon.colcon_core.environment:checking '/home/wilsonlo/dev_ws/install/dd_bot/bin'
[0.472s] INFO:colcon.colcon_core.shell:Creating package script '/home/wilsonlo/dev_ws/install/dd_bot/share/dd_bot/package.ps1'
[0.473s] INFO:colcon.colcon_core.shell:Creating package descriptor '/home/wilsonlo/dev_ws/install/dd_bot/share/dd_bot/package.dsv'
[0.473s] INFO:colcon.colcon_core.shell:Creating package script '/home/wilsonlo/dev_ws/install/dd_bot/share/dd_bot/package.sh'
[0.474s] INFO:colcon.colcon_core.shell:Creating package script '/home/wilsonlo/dev_ws/install/dd_bot/share/dd_bot/package.bash'
[0.474s] INFO:colcon.colcon_core.shell:Creating package script '/home/wilsonlo/dev_ws/install/dd_bot/share/dd_bot/package.zsh'
[0.475s] Level 1:colcon.colcon_core.environment:create_file_with_runtime_dependencies(/home/wilsonlo/dev_ws/install/dd_bot/share/colcon-core/packages/dd_bot)
[0.475s] Level 1:colcon.colcon_core.environment:create_environment_scripts_only(dd_bot)
[0.476s] Level 1:colcon.colcon_core.environment:checking '/home/wilsonlo/dev_ws/install/dd_bot' for CMake module files
[0.476s] Level 1:colcon.colcon_core.environment:checking '/home/wilsonlo/dev_ws/install/dd_bot' for CMake config files
[0.477s] Level 1:colcon.colcon_core.shell:create_environment_hook('dd_bot', 'cmake_prefix_path')
[0.477s] INFO:colcon.colcon_core.shell:Creating environment hook '/home/wilsonlo/dev_ws/install/dd_bot/share/dd_bot/hook/cmake_prefix_path.ps1'
[0.477s] INFO:colcon.colcon_core.shell:Creating environment descriptor '/home/wilsonlo/dev_ws/install/dd_bot/share/dd_bot/hook/cmake_prefix_path.dsv'
[0.478s] INFO:colcon.colcon_core.shell:Creating environment hook '/home/wilsonlo/dev_ws/install/dd_bot/share/dd_bot/hook/cmake_prefix_path.sh'
[0.478s] Level 1:colcon.colcon_core.environment:checking '/home/wilsonlo/dev_ws/install/dd_bot/bin'
[0.478s] Level 1:colcon.colcon_core.environment:checking '/home/wilsonlo/dev_ws/install/dd_bot/lib/pkgconfig/dd_bot.pc'
[0.479s] Level 1:colcon.colcon_core.environment:checking '/home/wilsonlo/dev_ws/install/dd_bot/lib/python3.12/site-packages'
[0.479s] Level 1:colcon.colcon_core.environment:checking '/home/wilsonlo/dev_ws/install/dd_bot/bin'
[0.479s] INFO:colcon.colcon_core.shell:Creating package script '/home/wilsonlo/dev_ws/install/dd_bot/share/dd_bot/package.ps1'
[0.480s] INFO:colcon.colcon_core.shell:Creating package descriptor '/home/wilsonlo/dev_ws/install/dd_bot/share/dd_bot/package.dsv'
[0.480s] INFO:colcon.colcon_core.shell:Creating package script '/home/wilsonlo/dev_ws/install/dd_bot/share/dd_bot/package.sh'
[0.481s] INFO:colcon.colcon_core.shell:Creating package script '/home/wilsonlo/dev_ws/install/dd_bot/share/dd_bot/package.bash'
[0.481s] INFO:colcon.colcon_core.shell:Creating package script '/home/wilsonlo/dev_ws/install/dd_bot/share/dd_bot/package.zsh'
[0.481s] Level 1:colcon.colcon_core.environment:create_file_with_runtime_dependencies(/home/wilsonlo/dev_ws/install/dd_bot/share/colcon-core/packages/dd_bot)
[3.339s] DEBUG:colcon.colcon_core.event_handler.log_command:Invoked command in '/home/wilsonlo/dev_ws/build/serial_motor_demo_msgs' returned '0': CMAKE_PREFIX_PATH=${CMAKE_PREFIX_PATH}:/home/wilsonlo/dev_ws/install/serial_motor_demo:/opt/ros/jazzy DEBUGINFOD_URLS=https://debuginfod.ubuntu.com /usr/bin/cmake /home/wilsonlo/dev_ws/src/serial_motor_demo/serial_motor_demo_msgs -DAMENT_CMAKE_SYMLINK_INSTALL=1 -DCMAKE_INSTALL_PREFIX=/home/wilsonlo/dev_ws/install/serial_motor_demo_msgs
[3.340s] DEBUG:colcon.colcon_core.event_handler.log_command:Invoking command in '/home/wilsonlo/dev_ws/build/serial_motor_demo_msgs': CMAKE_PREFIX_PATH=${CMAKE_PREFIX_PATH}:/home/wilsonlo/dev_ws/install/serial_motor_demo:/opt/ros/jazzy DEBUGINFOD_URLS=https://debuginfod.ubuntu.com /usr/bin/cmake --build /home/wilsonlo/dev_ws/build/serial_motor_demo_msgs -- -j8 -l8
[7.507s] DEBUG:colcon.colcon_core.event_handler.log_command:Invoked command in '/home/wilsonlo/dev_ws/build/serial_motor_demo_msgs' returned '0': CMAKE_PREFIX_PATH=${CMAKE_PREFIX_PATH}:/home/wilsonlo/dev_ws/install/serial_motor_demo:/opt/ros/jazzy DEBUGINFOD_URLS=https://debuginfod.ubuntu.com /usr/bin/cmake --build /home/wilsonlo/dev_ws/build/serial_motor_demo_msgs -- -j8 -l8
[7.508s] DEBUG:colcon.colcon_core.event_handler.log_command:Invoking command in '/home/wilsonlo/dev_ws/build/serial_motor_demo_msgs': CMAKE_PREFIX_PATH=${CMAKE_PREFIX_PATH}:/home/wilsonlo/dev_ws/install/serial_motor_demo:/opt/ros/jazzy DEBUGINFOD_URLS=https://debuginfod.ubuntu.com /usr/bin/cmake --install /home/wilsonlo/dev_ws/build/serial_motor_demo_msgs
[8.388s] Level 1:colcon.colcon_core.environment:create_environment_scripts_only(serial_motor_demo_msgs)
[8.388s] Level 1:colcon.colcon_core.environment:checking '/home/wilsonlo/dev_ws/install/serial_motor_demo_msgs' for CMake module files
[8.389s] DEBUG:colcon.colcon_core.event_handler.log_command:Invoked command in '/home/wilsonlo/dev_ws/build/serial_motor_demo_msgs' returned '0': CMAKE_PREFIX_PATH=${CMAKE_PREFIX_PATH}:/home/wilsonlo/dev_ws/install/serial_motor_demo:/opt/ros/jazzy DEBUGINFOD_URLS=https://debuginfod.ubuntu.com /usr/bin/cmake --install /home/wilsonlo/dev_ws/build/serial_motor_demo_msgs
[8.389s] Level 1:colcon.colcon_core.environment:checking '/home/wilsonlo/dev_ws/install/serial_motor_demo_msgs' for CMake config files
[8.390s] Level 1:colcon.colcon_core.shell:create_environment_hook('serial_motor_demo_msgs', 'cmake_prefix_path')
[8.390s] INFO:colcon.colcon_core.shell:Creating environment hook '/home/wilsonlo/dev_ws/install/serial_motor_demo_msgs/share/serial_motor_demo_msgs/hook/cmake_prefix_path.ps1'
[8.390s] INFO:colcon.colcon_core.shell:Creating environment descriptor '/home/wilsonlo/dev_ws/install/serial_motor_demo_msgs/share/serial_motor_demo_msgs/hook/cmake_prefix_path.dsv'
[8.391s] INFO:colcon.colcon_core.shell:Creating environment hook '/home/wilsonlo/dev_ws/install/serial_motor_demo_msgs/share/serial_motor_demo_msgs/hook/cmake_prefix_path.sh'
[8.391s] Level 1:colcon.colcon_core.environment:checking '/home/wilsonlo/dev_ws/install/serial_motor_demo_msgs/lib'
[8.391s] Level 1:colcon.colcon_core.shell:create_environment_hook('serial_motor_demo_msgs', 'ld_library_path_lib')
[8.392s] INFO:colcon.colcon_core.shell:Creating environment hook '/home/wilsonlo/dev_ws/install/serial_motor_demo_msgs/share/serial_motor_demo_msgs/hook/ld_library_path_lib.ps1'
[8.392s] INFO:colcon.colcon_core.shell:Creating environment descriptor '/home/wilsonlo/dev_ws/install/serial_motor_demo_msgs/share/serial_motor_demo_msgs/hook/ld_library_path_lib.dsv'
[8.392s] INFO:colcon.colcon_core.shell:Creating environment hook '/home/wilsonlo/dev_ws/install/serial_motor_demo_msgs/share/serial_motor_demo_msgs/hook/ld_library_path_lib.sh'
[8.392s] Level 1:colcon.colcon_core.environment:checking '/home/wilsonlo/dev_ws/install/serial_motor_demo_msgs/bin'
[8.392s] Level 1:colcon.colcon_core.environment:checking '/home/wilsonlo/dev_ws/install/serial_motor_demo_msgs/lib/pkgconfig/serial_motor_demo_msgs.pc'
[8.393s] Level 1:colcon.colcon_core.environment:checking '/home/wilsonlo/dev_ws/install/serial_motor_demo_msgs/lib/python3.12/site-packages'
[8.393s] Level 1:colcon.colcon_core.shell:create_environment_hook('serial_motor_demo_msgs', 'pythonpath')
[8.393s] INFO:colcon.colcon_core.shell:Creating environment hook '/home/wilsonlo/dev_ws/install/serial_motor_demo_msgs/share/serial_motor_demo_msgs/hook/pythonpath.ps1'
[8.393s] INFO:colcon.colcon_core.shell:Creating environment descriptor '/home/wilsonlo/dev_ws/install/serial_motor_demo_msgs/share/serial_motor_demo_msgs/hook/pythonpath.dsv'
[8.394s] INFO:colcon.colcon_core.shell:Creating environment hook '/home/wilsonlo/dev_ws/install/serial_motor_demo_msgs/share/serial_motor_demo_msgs/hook/pythonpath.sh'
[8.394s] Level 1:colcon.colcon_core.environment:checking '/home/wilsonlo/dev_ws/install/serial_motor_demo_msgs/bin'
[8.394s] INFO:colcon.colcon_core.shell:Creating package script '/home/wilsonlo/dev_ws/install/serial_motor_demo_msgs/share/serial_motor_demo_msgs/package.ps1'
[8.395s] INFO:colcon.colcon_core.shell:Creating package descriptor '/home/wilsonlo/dev_ws/install/serial_motor_demo_msgs/share/serial_motor_demo_msgs/package.dsv'
[8.395s] INFO:colcon.colcon_core.shell:Creating package script '/home/wilsonlo/dev_ws/install/serial_motor_demo_msgs/share/serial_motor_demo_msgs/package.sh'
[8.395s] INFO:colcon.colcon_core.shell:Creating package script '/home/wilsonlo/dev_ws/install/serial_motor_demo_msgs/share/serial_motor_demo_msgs/package.bash'
[8.396s] INFO:colcon.colcon_core.shell:Creating package script '/home/wilsonlo/dev_ws/install/serial_motor_demo_msgs/share/serial_motor_demo_msgs/package.zsh'
[8.396s] Level 1:colcon.colcon_core.environment:create_file_with_runtime_dependencies(/home/wilsonlo/dev_ws/install/serial_motor_demo_msgs/share/colcon-core/packages/serial_motor_demo_msgs)
[8.397s] Level 1:colcon.colcon_core.environment:create_environment_scripts_only(serial_motor_demo_msgs)
[8.397s] Level 1:colcon.colcon_core.environment:checking '/home/wilsonlo/dev_ws/install/serial_motor_demo_msgs' for CMake module files
[8.398s] Level 1:colcon.colcon_core.environment:checking '/home/wilsonlo/dev_ws/install/serial_motor_demo_msgs' for CMake config files
[8.399s] Level 1:colcon.colcon_core.shell:create_environment_hook('serial_motor_demo_msgs', 'cmake_prefix_path')
[8.399s] INFO:colcon.colcon_core.shell:Creating environment hook '/home/wilsonlo/dev_ws/install/serial_motor_demo_msgs/share/serial_motor_demo_msgs/hook/cmake_prefix_path.ps1'
[8.399s] INFO:colcon.colcon_core.shell:Creating environment descriptor '/home/wilsonlo/dev_ws/install/serial_motor_demo_msgs/share/serial_motor_demo_msgs/hook/cmake_prefix_path.dsv'
[8.399s] INFO:colcon.colcon_core.shell:Creating environment hook '/home/wilsonlo/dev_ws/install/serial_motor_demo_msgs/share/serial_motor_demo_msgs/hook/cmake_prefix_path.sh'
[8.400s] Level 1:colcon.colcon_core.environment:checking '/home/wilsonlo/dev_ws/install/serial_motor_demo_msgs/lib'
[8.400s] Level 1:colcon.colcon_core.shell:create_environment_hook('serial_motor_demo_msgs', 'ld_library_path_lib')
[8.400s] INFO:colcon.colcon_core.shell:Creating environment hook '/home/wilsonlo/dev_ws/install/serial_motor_demo_msgs/share/serial_motor_demo_msgs/hook/ld_library_path_lib.ps1'
[8.400s] INFO:colcon.colcon_core.shell:Creating environment descriptor '/home/wilsonlo/dev_ws/install/serial_motor_demo_msgs/share/serial_motor_demo_msgs/hook/ld_library_path_lib.dsv'
[8.401s] INFO:colcon.colcon_core.shell:Creating environment hook '/home/wilsonlo/dev_ws/install/serial_motor_demo_msgs/share/serial_motor_demo_msgs/hook/ld_library_path_lib.sh'
[8.401s] Level 1:colcon.colcon_core.environment:checking '/home/wilsonlo/dev_ws/install/serial_motor_demo_msgs/bin'
[8.401s] Level 1:colcon.colcon_core.environment:checking '/home/wilsonlo/dev_ws/install/serial_motor_demo_msgs/lib/pkgconfig/serial_motor_demo_msgs.pc'
[8.401s] Level 1:colcon.colcon_core.environment:checking '/home/wilsonlo/dev_ws/install/serial_motor_demo_msgs/lib/python3.12/site-packages'
[8.401s] Level 1:colcon.colcon_core.shell:create_environment_hook('serial_motor_demo_msgs', 'pythonpath')
[8.402s] INFO:colcon.colcon_core.shell:Creating environment hook '/home/wilsonlo/dev_ws/install/serial_motor_demo_msgs/share/serial_motor_demo_msgs/hook/pythonpath.ps1'
[8.402s] INFO:colcon.colcon_core.shell:Creating environment descriptor '/home/wilsonlo/dev_ws/install/serial_motor_demo_msgs/share/serial_motor_demo_msgs/hook/pythonpath.dsv'
[8.402s] INFO:colcon.colcon_core.shell:Creating environment hook '/home/wilsonlo/dev_ws/install/serial_motor_demo_msgs/share/serial_motor_demo_msgs/hook/pythonpath.sh'
[8.403s] Level 1:colcon.colcon_core.environment:checking '/home/wilsonlo/dev_ws/install/serial_motor_demo_msgs/bin'
[8.403s] INFO:colcon.colcon_core.shell:Creating package script '/home/wilsonlo/dev_ws/install/serial_motor_demo_msgs/share/serial_motor_demo_msgs/package.ps1'
[8.403s] INFO:colcon.colcon_core.shell:Creating package descriptor '/home/wilsonlo/dev_ws/install/serial_motor_demo_msgs/share/serial_motor_demo_msgs/package.dsv'
[8.404s] INFO:colcon.colcon_core.shell:Creating package script '/home/wilsonlo/dev_ws/install/serial_motor_demo_msgs/share/serial_motor_demo_msgs/package.sh'
[8.404s] INFO:colcon.colcon_core.shell:Creating package script '/home/wilsonlo/dev_ws/install/serial_motor_demo_msgs/share/serial_motor_demo_msgs/package.bash'
[8.405s] INFO:colcon.colcon_core.shell:Creating package script '/home/wilsonlo/dev_ws/install/serial_motor_demo_msgs/share/serial_motor_demo_msgs/package.zsh'
[8.405s] Level 1:colcon.colcon_core.environment:create_file_with_runtime_dependencies(/home/wilsonlo/dev_ws/install/serial_motor_demo_msgs/share/colcon-core/packages/serial_motor_demo_msgs)
[8.405s] INFO:colcon.colcon_ros.task.ament_python.build:Building ROS package in '/home/wilsonlo/dev_ws/src/serial_motor_demo/serial_motor_demo' with build type 'ament_python'
[8.405s] Level 1:colcon.colcon_core.shell:create_environment_hook('serial_motor_demo', 'ament_prefix_path')
[8.405s] INFO:colcon.colcon_core.shell:Creating environment hook '/home/wilsonlo/dev_ws/install/serial_motor_demo/share/serial_motor_demo/hook/ament_prefix_path.ps1'
[8.406s] INFO:colcon.colcon_core.shell:Creating environment descriptor '/home/wilsonlo/dev_ws/install/serial_motor_demo/share/serial_motor_demo/hook/ament_prefix_path.dsv'
[8.406s] INFO:colcon.colcon_core.shell:Creating environment hook '/home/wilsonlo/dev_ws/install/serial_motor_demo/share/serial_motor_demo/hook/ament_prefix_path.sh'
[8.407s] INFO:colcon.colcon_core.shell:Skip shell extension 'powershell' for command environment: Not usable outside of PowerShell
[8.407s] DEBUG:colcon.colcon_core.shell:Skip shell extension 'dsv' for command environment
[8.651s] INFO:colcon.colcon_core.task.python.build:Building Python package in '/home/wilsonlo/dev_ws/src/serial_motor_demo/serial_motor_demo'
[9.204s] INFO:colcon.colcon_core.shell:Skip shell extension 'powershell' for command environment: Not usable outside of PowerShell
[9.204s] DEBUG:colcon.colcon_core.shell:Skip shell extension 'dsv' for command environment
[9.855s] DEBUG:colcon.colcon_core.event_handler.log_command:Invoking command in '/home/wilsonlo/dev_ws/build/serial_motor_demo': CMAKE_PREFIX_PATH=/home/wilsonlo/dev_ws/install/serial_motor_demo_msgs:/home/wilsonlo/dev_ws/install/urdf_example:/home/wilsonlo/dev_ws/install/my_package:/home/wilsonlo/dev_ws/install/dd_bot:/home/wilsonlo/dev_ws/install/articubot_one:/opt/ros/jazzy/opt/gz_sim_vendor:/opt/ros/jazzy/opt/gz_sensors_vendor:/opt/ros/jazzy/opt/gz_physics_vendor:/opt/ros/jazzy/opt/sdformat_vendor:/opt/ros/jazzy/opt/gz_gui_vendor:/opt/ros/jazzy/opt/gz_transport_vendor:/opt/ros/jazzy/opt/gz_rendering_vendor:/opt/ros/jazzy/opt/gz_plugin_vendor:/opt/ros/jazzy/opt/gz_fuel_tools_vendor:/opt/ros/jazzy/opt/gz_msgs_vendor:/opt/ros/jazzy/opt/gz_common_vendor:/opt/ros/jazzy/opt/gz_math_vendor:/opt/ros/jazzy/opt/gz_utils_vendor:/opt/ros/jazzy/opt/gz_tools_vendor:/opt/ros/jazzy/opt/gz_ogre_next_vendor:/opt/ros/jazzy/opt/gz_dartsim_vendor:/opt/ros/jazzy/opt/gz_cmake_vendor DEBUGINFOD_URLS=https://debuginfod.ubuntu.com PYTHONPATH=/home/wilsonlo/dev_ws/build/serial_motor_demo/prefix_override:/usr/lib/python3/dist-packages/colcon_core/task/python/colcon_distutils_commands:/home/wilsonlo/dev_ws/install/serial_motor_demo/lib/python3.12/site-packages:/home/wilsonlo/dev_ws/install/serial_motor_demo_msgs/lib/python3.12/site-packages:/home/wilsonlo/dev_ws/install/serial_motor_demo/lib/python3.12/site-packages:/opt/ros/jazzy/lib/python3.12/site-packages /usr/bin/python3 -W ignore:setup.py install is deprecated -W ignore:easy_install command is deprecated setup.py develop --editable --build-directory /home/wilsonlo/dev_ws/build/serial_motor_demo/build --no-deps symlink_data
[10.668s] Level 1:colcon.colcon_core.shell:create_environment_hook('serial_motor_demo', 'pythonpath_develop')
[10.668s] INFO:colcon.colcon_core.shell:Creating environment hook '/home/wilsonlo/dev_ws/build/serial_motor_demo/share/serial_motor_demo/hook/pythonpath_develop.ps1'
[10.669s] DEBUG:colcon.colcon_core.event_handler.log_command:Invoked command in '/home/wilsonlo/dev_ws/build/serial_motor_demo' returned '0': CMAKE_PREFIX_PATH=/home/wilsonlo/dev_ws/install/serial_motor_demo_msgs:/home/wilsonlo/dev_ws/install/urdf_example:/home/wilsonlo/dev_ws/install/my_package:/home/wilsonlo/dev_ws/install/dd_bot:/home/wilsonlo/dev_ws/install/articubot_one:/opt/ros/jazzy/opt/gz_sim_vendor:/opt/ros/jazzy/opt/gz_sensors_vendor:/opt/ros/jazzy/opt/gz_physics_vendor:/opt/ros/jazzy/opt/sdformat_vendor:/opt/ros/jazzy/opt/gz_gui_vendor:/opt/ros/jazzy/opt/gz_transport_vendor:/opt/ros/jazzy/opt/gz_rendering_vendor:/opt/ros/jazzy/opt/gz_plugin_vendor:/opt/ros/jazzy/opt/gz_fuel_tools_vendor:/opt/ros/jazzy/opt/gz_msgs_vendor:/opt/ros/jazzy/opt/gz_common_vendor:/opt/ros/jazzy/opt/gz_math_vendor:/opt/ros/jazzy/opt/gz_utils_vendor:/opt/ros/jazzy/opt/gz_tools_vendor:/opt/ros/jazzy/opt/gz_ogre_next_vendor:/opt/ros/jazzy/opt/gz_dartsim_vendor:/opt/ros/jazzy/opt/gz_cmake_vendor DEBUGINFOD_URLS=https://debuginfod.ubuntu.com PYTHONPATH=/home/wilsonlo/dev_ws/build/serial_motor_demo/prefix_override:/usr/lib/python3/dist-packages/colcon_core/task/python/colcon_distutils_commands:/home/wilsonlo/dev_ws/install/serial_motor_demo/lib/python3.12/site-packages:/home/wilsonlo/dev_ws/install/serial_motor_demo_msgs/lib/python3.12/site-packages:/home/wilsonlo/dev_ws/install/serial_motor_demo/lib/python3.12/site-packages:/opt/ros/jazzy/lib/python3.12/site-packages /usr/bin/python3 -W ignore:setup.py install is deprecated -W ignore:easy_install command is deprecated setup.py develop --editable --build-directory /home/wilsonlo/dev_ws/build/serial_motor_demo/build --no-deps symlink_data
[10.669s] INFO:colcon.colcon_core.shell:Creating environment descriptor '/home/wilsonlo/dev_ws/build/serial_motor_demo/share/serial_motor_demo/hook/pythonpath_develop.dsv'
[10.670s] INFO:colcon.colcon_core.shell:Creating environment hook '/home/wilsonlo/dev_ws/build/serial_motor_demo/share/serial_motor_demo/hook/pythonpath_develop.sh'
[10.670s] Level 1:colcon.colcon_core.environment:checking '/home/wilsonlo/dev_ws/install/serial_motor_demo' for CMake module files
[10.671s] Level 1:colcon.colcon_core.environment:checking '/home/wilsonlo/dev_ws/install/serial_motor_demo' for CMake config files
[10.671s] Level 1:colcon.colcon_core.environment:checking '/home/wilsonlo/dev_ws/install/serial_motor_demo/lib'
[10.671s] Level 1:colcon.colcon_core.environment:checking '/home/wilsonlo/dev_ws/install/serial_motor_demo/bin'
[10.671s] Level 1:colcon.colcon_core.environment:checking '/home/wilsonlo/dev_ws/install/serial_motor_demo/lib/pkgconfig/serial_motor_demo.pc'
[10.671s] Level 1:colcon.colcon_core.environment:checking '/home/wilsonlo/dev_ws/install/serial_motor_demo/lib/python3.12/site-packages'
[10.671s] Level 1:colcon.colcon_core.shell:create_environment_hook('serial_motor_demo', 'pythonpath')
[10.672s] INFO:colcon.colcon_core.shell:Creating environment hook '/home/wilsonlo/dev_ws/install/serial_motor_demo/share/serial_motor_demo/hook/pythonpath.ps1'
[10.672s] INFO:colcon.colcon_core.shell:Creating environment descriptor '/home/wilsonlo/dev_ws/install/serial_motor_demo/share/serial_motor_demo/hook/pythonpath.dsv'
[10.672s] INFO:colcon.colcon_core.shell:Creating environment hook '/home/wilsonlo/dev_ws/install/serial_motor_demo/share/serial_motor_demo/hook/pythonpath.sh'
[10.673s] Level 1:colcon.colcon_core.environment:checking '/home/wilsonlo/dev_ws/install/serial_motor_demo/bin'
[10.673s] Level 1:colcon.colcon_core.environment:create_environment_scripts_only(serial_motor_demo)
[10.673s] INFO:colcon.colcon_core.shell:Creating package script '/home/wilsonlo/dev_ws/install/serial_motor_demo/share/serial_motor_demo/package.ps1'
[10.673s] INFO:colcon.colcon_core.shell:Creating package descriptor '/home/wilsonlo/dev_ws/install/serial_motor_demo/share/serial_motor_demo/package.dsv'
[10.674s] INFO:colcon.colcon_core.shell:Creating package script '/home/wilsonlo/dev_ws/install/serial_motor_demo/share/serial_motor_demo/package.sh'
[10.674s] INFO:colcon.colcon_core.shell:Creating package script '/home/wilsonlo/dev_ws/install/serial_motor_demo/share/serial_motor_demo/package.bash'
[10.674s] INFO:colcon.colcon_core.shell:Creating package script '/home/wilsonlo/dev_ws/install/serial_motor_demo/share/serial_motor_demo/package.zsh'
[10.675s] Level 1:colcon.colcon_core.environment:create_file_with_runtime_dependencies(/home/wilsonlo/dev_ws/install/serial_motor_demo/share/colcon-core/packages/serial_motor_demo)
[10.675s] DEBUG:colcon.colcon_parallel_executor.executor.parallel:closing loop
[10.675s] DEBUG:colcon.colcon_parallel_executor.executor.parallel:loop closed
[10.675s] DEBUG:colcon.colcon_parallel_executor.executor.parallel:run_until_complete finished with '0'
[10.675s] DEBUG:colcon.colcon_core.event_reactor:joining thread
[10.692s] INFO:colcon.colcon_core.plugin_system:Skipping extension 'colcon_notification.desktop_notification.terminal_notifier': Not used on non-Darwin systems
[10.692s] INFO:colcon.colcon_core.plugin_system:Skipping extension 'colcon_notification.desktop_notification.win32': Not used on non-Windows systems
[10.692s] INFO:colcon.colcon_notification.desktop_notification:Sending desktop notification using 'notify2'
[10.710s] DEBUG:colcon.colcon_core.event_reactor:joined thread
[10.711s] INFO:colcon.colcon_core.shell:Creating prefix script '/home/wilsonlo/dev_ws/install/local_setup.ps1'
[10.712s] INFO:colcon.colcon_core.shell:Creating prefix util module '/home/wilsonlo/dev_ws/install/_local_setup_util_ps1.py'
[10.713s] INFO:colcon.colcon_core.shell:Creating prefix chain script '/home/wilsonlo/dev_ws/install/setup.ps1'
[10.714s] INFO:colcon.colcon_core.shell:Creating prefix script '/home/wilsonlo/dev_ws/install/local_setup.sh'
[10.715s] INFO:colcon.colcon_core.shell:Creating prefix util module '/home/wilsonlo/dev_ws/install/_local_setup_util_sh.py'
[10.716s] INFO:colcon.colcon_core.shell:Creating prefix chain script '/home/wilsonlo/dev_ws/install/setup.sh'
[10.717s] INFO:colcon.colcon_core.shell:Creating prefix script '/home/wilsonlo/dev_ws/install/local_setup.bash'
[10.718s] INFO:colcon.colcon_core.shell:Creating prefix chain script '/home/wilsonlo/dev_ws/install/setup.bash'
[10.719s] INFO:colcon.colcon_core.shell:Creating prefix script '/home/wilsonlo/dev_ws/install/local_setup.zsh'
[10.720s] INFO:colcon.colcon_core.shell:Creating prefix chain script '/home/wilsonlo/dev_ws/install/setup.zsh'
