[2.537s] Invoking command in '/home/wilsonlo/dev_ws/build/articubot_one': CMAKE_PREFIX_PATH=${CMAKE_PREFIX_PATH}:/home/wilsonlo/dev_ws/install/serial_motor_demo:/opt/ros/jazzy DEBUGINFOD_URLS=https://debuginfod.ubuntu.com /usr/bin/cmake --build /home/wilsonlo/dev_ws/build/articubot_one -- -j8 -l8
[22.462s] -- Found ament_cmake: 2.5.3 (/opt/ros/jazzy/share/ament_cmake/cmake)
[25.183s] -- Override CMake install command with custom implementation using symlinks instead of copying resources
[25.710s] -- Found ament_lint_auto: 0.17.2 (/opt/ros/jazzy/share/ament_lint_auto/cmake)
[26.046s] -- Added test 'copyright' to check source files copyright and LICENSE
[26.058s] -- Added test 'flake8' to check Python code syntax and style conventions
[26.058s] -- Configured 'flake8' exclude dirs and/or files: 
[26.060s] -- Added test 'lint_cmake' to check CMake code style
[26.062s] -- Added test 'pep257' to check Python code against some of the docstring style conventions in PEP 257
[26.068s] -- Added test 'xmllint' to check XML markup files
[26.127s] -- Configuring done (12.7s)
[30.128s] -- Generating done (3.3s)
[30.135s] -- Build files have been written to: /home/wilsonlo/dev_ws/build/articubot_one
[30.198s] Invoked command in '/home/wilsonlo/dev_ws/build/articubot_one' returned '0': CMAKE_PREFIX_PATH=${CMAKE_PREFIX_PATH}:/home/wilsonlo/dev_ws/install/serial_motor_demo:/opt/ros/jazzy DEBUGINFOD_URLS=https://debuginfod.ubuntu.com /usr/bin/cmake --build /home/wilsonlo/dev_ws/build/articubot_one -- -j8 -l8
[30.264s] Invoking command in '/home/wilsonlo/dev_ws/build/articubot_one': CMAKE_PREFIX_PATH=${CMAKE_PREFIX_PATH}:/home/wilsonlo/dev_ws/install/serial_motor_demo:/opt/ros/jazzy DEBUGINFOD_URLS=https://debuginfod.ubuntu.com /usr/bin/cmake --install /home/wilsonlo/dev_ws/build/articubot_one
[30.280s] -- Install configuration: ""
[30.281s] -- Execute custom install script
[30.282s] -- Up-to-date symlink: /home/wilsonlo/dev_ws/install/articubot_one/share/articubot_one/config/ball_tracker_params_robot.yaml
[30.282s] -- Up-to-date symlink: /home/wilsonlo/dev_ws/install/articubot_one/share/articubot_one/config/ball_tracker_params_sim.yaml
[30.283s] -- Up-to-date symlink: /home/wilsonlo/dev_ws/install/articubot_one/share/articubot_one/config/drive_bot.rviz
[30.284s] -- Up-to-date symlink: /home/wilsonlo/dev_ws/install/articubot_one/share/articubot_one/config/empty.yaml
[30.284s] -- Up-to-date symlink: /home/wilsonlo/dev_ws/install/articubot_one/share/articubot_one/config/gaz_ros2_ctl_use_sim.yaml
[30.284s] -- Up-to-date symlink: /home/wilsonlo/dev_ws/install/articubot_one/share/articubot_one/config/gz_bridge.yaml
[30.285s] -- Up-to-date symlink: /home/wilsonlo/dev_ws/install/articubot_one/share/articubot_one/config/joystick.yaml
[30.285s] -- Up-to-date symlink: /home/wilsonlo/dev_ws/install/articubot_one/share/articubot_one/config/main.rviz
[30.285s] -- Up-to-date symlink: /home/wilsonlo/dev_ws/install/articubot_one/share/articubot_one/config/map.rviz
[30.285s] -- Up-to-date symlink: /home/wilsonlo/dev_ws/install/articubot_one/share/articubot_one/config/mapper_params_online_async.yaml
[30.286s] -- Up-to-date symlink: /home/wilsonlo/dev_ws/install/articubot_one/share/articubot_one/config/my_controllers.yaml
[30.286s] -- Up-to-date symlink: /home/wilsonlo/dev_ws/install/articubot_one/share/articubot_one/config/nav2_params.yaml
[30.286s] -- Up-to-date symlink: /home/wilsonlo/dev_ws/install/articubot_one/share/articubot_one/config/twist_mux.yaml
[30.286s] -- Up-to-date symlink: /home/wilsonlo/dev_ws/install/articubot_one/share/articubot_one/config/view_bot.rviz
[30.286s] -- Up-to-date symlink: /home/wilsonlo/dev_ws/install/articubot_one/share/articubot_one/description/camera.xacro
[30.287s] -- Up-to-date symlink: /home/wilsonlo/dev_ws/install/articubot_one/share/articubot_one/description/depth_camera.xacro
[30.287s] -- Up-to-date symlink: /home/wilsonlo/dev_ws/install/articubot_one/share/articubot_one/description/face.xacro
[30.287s] -- Up-to-date symlink: /home/wilsonlo/dev_ws/install/articubot_one/share/articubot_one/description/gazebo_control.xacro
[30.287s] -- Up-to-date symlink: /home/wilsonlo/dev_ws/install/articubot_one/share/articubot_one/description/inertial_macros.xacro
[30.288s] -- Up-to-date symlink: /home/wilsonlo/dev_ws/install/articubot_one/share/articubot_one/description/lidar.xacro
[30.288s] -- Up-to-date symlink: /home/wilsonlo/dev_ws/install/articubot_one/share/articubot_one/description/robot.urdf.xacro
[30.288s] -- Up-to-date symlink: /home/wilsonlo/dev_ws/install/articubot_one/share/articubot_one/description/robot_core.xacro
[30.288s] -- Up-to-date symlink: /home/wilsonlo/dev_ws/install/articubot_one/share/articubot_one/description/ros2_control.xacro
[30.288s] -- Up-to-date symlink: /home/wilsonlo/dev_ws/install/articubot_one/share/articubot_one/launch/ball_tracker.launch.py
[30.289s] -- Up-to-date symlink: /home/wilsonlo/dev_ws/install/articubot_one/share/articubot_one/launch/camera.launch.py
[30.289s] -- Up-to-date symlink: /home/wilsonlo/dev_ws/install/articubot_one/share/articubot_one/launch/joystick.launch.py
[30.289s] -- Up-to-date symlink: /home/wilsonlo/dev_ws/install/articubot_one/share/articubot_one/launch/launch_robot.launch.py
[30.289s] -- Up-to-date symlink: /home/wilsonlo/dev_ws/install/articubot_one/share/articubot_one/launch/launch_sim.launch.py
[30.290s] -- Up-to-date symlink: /home/wilsonlo/dev_ws/install/articubot_one/share/articubot_one/launch/localization_launch.py
[30.290s] -- Up-to-date symlink: /home/wilsonlo/dev_ws/install/articubot_one/share/articubot_one/launch/navigation_launch.py
[30.290s] -- Up-to-date symlink: /home/wilsonlo/dev_ws/install/articubot_one/share/articubot_one/launch/online_async_launch.py
[30.290s] -- Up-to-date symlink: /home/wilsonlo/dev_ws/install/articubot_one/share/articubot_one/launch/rplidar.launch.py
[30.290s] -- Up-to-date symlink: /home/wilsonlo/dev_ws/install/articubot_one/share/articubot_one/launch/rsp.launch.py
[30.291s] -- Up-to-date symlink: /home/wilsonlo/dev_ws/install/articubot_one/share/articubot_one/worlds/empty.world
[30.291s] -- Up-to-date symlink: /home/wilsonlo/dev_ws/install/articubot_one/share/articubot_one/worlds/obstacles.world
[30.291s] -- Up-to-date symlink: /home/wilsonlo/dev_ws/install/articubot_one/share/ament_index/resource_index/package_run_dependencies/articubot_one
[30.291s] -- Up-to-date symlink: /home/wilsonlo/dev_ws/install/articubot_one/share/ament_index/resource_index/parent_prefix_path/articubot_one
[30.291s] -- Up-to-date symlink: /home/wilsonlo/dev_ws/install/articubot_one/share/articubot_one/environment/ament_prefix_path.sh
[30.291s] -- Up-to-date symlink: /home/wilsonlo/dev_ws/install/articubot_one/share/articubot_one/environment/ament_prefix_path.dsv
[30.292s] -- Up-to-date symlink: /home/wilsonlo/dev_ws/install/articubot_one/share/articubot_one/environment/path.sh
[30.292s] -- Up-to-date symlink: /home/wilsonlo/dev_ws/install/articubot_one/share/articubot_one/environment/path.dsv
[30.292s] -- Up-to-date symlink: /home/wilsonlo/dev_ws/install/articubot_one/share/articubot_one/local_setup.bash
[30.292s] -- Up-to-date symlink: /home/wilsonlo/dev_ws/install/articubot_one/share/articubot_one/local_setup.sh
[30.292s] -- Up-to-date symlink: /home/wilsonlo/dev_ws/install/articubot_one/share/articubot_one/local_setup.zsh
[30.293s] -- Up-to-date symlink: /home/wilsonlo/dev_ws/install/articubot_one/share/articubot_one/local_setup.dsv
[30.293s] -- Symlinking: /home/wilsonlo/dev_ws/install/articubot_one/share/articubot_one/package.dsv
[30.302s] -- Up-to-date symlink: /home/wilsonlo/dev_ws/install/articubot_one/share/ament_index/resource_index/packages/articubot_one
[30.302s] -- Up-to-date symlink: /home/wilsonlo/dev_ws/install/articubot_one/share/articubot_one/cmake/articubot_oneConfig.cmake
[30.302s] -- Up-to-date symlink: /home/wilsonlo/dev_ws/install/articubot_one/share/articubot_one/cmake/articubot_oneConfig-version.cmake
[30.303s] -- Up-to-date symlink: /home/wilsonlo/dev_ws/install/articubot_one/share/articubot_one/package.xml
[30.752s] Invoked command in '/home/wilsonlo/dev_ws/build/articubot_one' returned '0': CMAKE_PREFIX_PATH=${CMAKE_PREFIX_PATH}:/home/wilsonlo/dev_ws/install/serial_motor_demo:/opt/ros/jazzy DEBUGINFOD_URLS=https://debuginfod.ubuntu.com /usr/bin/cmake --install /home/wilsonlo/dev_ws/build/articubot_one
